[2024-12-14T16:27:15.675+0000] {local_task_job_runner.py:123} INFO - ::group::Pre task execution logs
[2024-12-14T16:27:15.690+0000] {taskinstance.py:2613} INFO - Dependencies all met for dep_context=non-requeueable deps ti=<TaskInstance: car_price_prediction.predict manual__2024-12-14T16:26:18.985516+00:00 [queued]>
[2024-12-14T16:27:15.696+0000] {taskinstance.py:2613} INFO - Dependencies all met for dep_context=requeueable deps ti=<TaskInstance: car_price_prediction.predict manual__2024-12-14T16:26:18.985516+00:00 [queued]>
[2024-12-14T16:27:15.697+0000] {taskinstance.py:2866} INFO - Starting attempt 1 of 2
[2024-12-14T16:27:15.709+0000] {taskinstance.py:2889} INFO - Executing <Task(PythonOperator): predict> on 2024-12-14 16:26:18.985516+00:00
[2024-12-14T16:27:15.715+0000] {warnings.py:112} WARNING - /home/***/.local/lib/python3.12/site-packages/***/task/task_runner/standard_task_runner.py:70: DeprecationWarning: This process (pid=93) is multi-threaded, use of fork() may lead to deadlocks in the child.
  pid = os.fork()

[2024-12-14T16:27:15.717+0000] {standard_task_runner.py:72} INFO - Started process 106 to run task
[2024-12-14T16:27:15.717+0000] {standard_task_runner.py:104} INFO - Running: ['***', 'tasks', 'run', 'car_price_prediction', 'predict', 'manual__2024-12-14T16:26:18.985516+00:00', '--job-id', '1968', '--raw', '--subdir', 'DAGS_FOLDER/hw_dag.py', '--cfg-path', '/tmp/tmprebny1z8']
[2024-12-14T16:27:15.718+0000] {standard_task_runner.py:105} INFO - Job 1968: Subtask predict
[2024-12-14T16:27:15.756+0000] {task_command.py:467} INFO - Running <TaskInstance: car_price_prediction.predict manual__2024-12-14T16:26:18.985516+00:00 [running]> on host 02e3dafc6842
[2024-12-14T16:27:15.820+0000] {taskinstance.py:3132} INFO - Exporting env vars: AIRFLOW_CTX_DAG_OWNER='***' AIRFLOW_CTX_DAG_ID='car_price_prediction' AIRFLOW_CTX_TASK_ID='predict' AIRFLOW_CTX_EXECUTION_DATE='2024-12-14T16:26:18.985516+00:00' AIRFLOW_CTX_TRY_NUMBER='1' AIRFLOW_CTX_DAG_RUN_ID='manual__2024-12-14T16:26:18.985516+00:00'
[2024-12-14T16:27:15.821+0000] {logging_mixin.py:190} INFO - Task instance is in running state
[2024-12-14T16:27:15.822+0000] {logging_mixin.py:190} INFO -  Previous state of the Task instance: queued
[2024-12-14T16:27:15.822+0000] {logging_mixin.py:190} INFO - Current task name:predict state:running start_date:2024-12-14 16:27:15.691069+00:00
[2024-12-14T16:27:15.823+0000] {logging_mixin.py:190} INFO - Dag name:car_price_prediction and current dag run status:running
[2024-12-14T16:27:15.823+0000] {taskinstance.py:731} INFO - ::endgroup::
[2024-12-14T16:27:15.827+0000] {logging_mixin.py:190} INFO - Loading the latest model...
[2024-12-14T16:27:15.831+0000] {logging_mixin.py:190} INFO - Loading the latest model: /opt/***/plugins/data/models/cars_pipe_202412141627.pkl
[2024-12-14T16:27:15.840+0000] {logging_mixin.py:190} INFO - Model successfully loaded: Pipeline
[2024-12-14T16:27:15.840+0000] {logging_mixin.py:190} INFO - Loading test data...
[2024-12-14T16:27:15.903+0000] {logging_mixin.py:190} INFO - Test data loaded: 5 rows
[2024-12-14T16:27:15.903+0000] {logging_mixin.py:190} INFO - Performing predictions...
[2024-12-14T16:27:15.932+0000] {logging_mixin.py:190} INFO - Predictions completed.
[2024-12-14T16:27:15.933+0000] {logging_mixin.py:190} INFO - Saving predictions...
[2024-12-14T16:27:15.944+0000] {logging_mixin.py:190} INFO - Predictions have been saved to /opt/***/plugins/data/predictions/predictions.csv
[2024-12-14T16:27:15.945+0000] {python.py:240} INFO - Done. Returned value was: None
[2024-12-14T16:27:15.953+0000] {taskinstance.py:340} INFO - ::group::Post task execution logs
[2024-12-14T16:27:15.954+0000] {taskinstance.py:352} INFO - Marking task as SUCCESS. dag_id=car_price_prediction, task_id=predict, run_id=manual__2024-12-14T16:26:18.985516+00:00, execution_date=20241214T162618, start_date=20241214T162715, end_date=20241214T162715
[2024-12-14T16:27:15.962+0000] {logging_mixin.py:190} INFO - Task instance in success state
[2024-12-14T16:27:15.963+0000] {logging_mixin.py:190} INFO -  Previous state of the Task instance: running
[2024-12-14T16:27:15.963+0000] {logging_mixin.py:190} INFO - Dag name:car_price_prediction queued_at:2024-12-14 16:26:18.997661+00:00
[2024-12-14T16:27:15.964+0000] {logging_mixin.py:190} INFO - Task hostname:02e3dafc6842 operator:PythonOperator
[2024-12-14T16:27:16.011+0000] {local_task_job_runner.py:266} INFO - Task exited with return code 0
[2024-12-14T16:27:16.025+0000] {taskinstance.py:3895} INFO - 0 downstream tasks scheduled from follow-on schedule check
[2024-12-14T16:27:16.027+0000] {local_task_job_runner.py:245} INFO - ::endgroup::
