[2024-12-10T17:36:25.303+0000] {local_task_job_runner.py:123} INFO - ::group::Pre task execution logs
[2024-12-10T17:36:25.321+0000] {taskinstance.py:2613} INFO - Dependencies all met for dep_context=non-requeueable deps ti=<TaskInstance: car_price_prediction.pipeline scheduled__2024-12-09T15:00:00+00:00 [queued]>
[2024-12-10T17:36:25.331+0000] {taskinstance.py:2613} INFO - Dependencies all met for dep_context=requeueable deps ti=<TaskInstance: car_price_prediction.pipeline scheduled__2024-12-09T15:00:00+00:00 [queued]>
[2024-12-10T17:36:25.332+0000] {taskinstance.py:2866} INFO - Starting attempt 1 of 2
[2024-12-10T17:36:25.349+0000] {taskinstance.py:2889} INFO - Executing <Task(PythonOperator): pipeline> on 2024-12-09 15:00:00+00:00
[2024-12-10T17:36:25.356+0000] {warnings.py:112} WARNING - /home/***/.local/lib/python3.12/site-packages/***/task/task_runner/standard_task_runner.py:70: DeprecationWarning: This process (pid=411) is multi-threaded, use of fork() may lead to deadlocks in the child.
  pid = os.fork()

[2024-12-10T17:36:25.358+0000] {standard_task_runner.py:72} INFO - Started process 424 to run task
[2024-12-10T17:36:25.358+0000] {standard_task_runner.py:104} INFO - Running: ['***', 'tasks', 'run', 'car_price_prediction', 'pipeline', 'scheduled__2024-12-09T15:00:00+00:00', '--job-id', '1899', '--raw', '--subdir', 'DAGS_FOLDER/hw_dag.py', '--cfg-path', '/tmp/tmpfr8iuqbr']
[2024-12-10T17:36:25.360+0000] {standard_task_runner.py:105} INFO - Job 1899: Subtask pipeline
[2024-12-10T17:36:25.411+0000] {task_command.py:467} INFO - Running <TaskInstance: car_price_prediction.pipeline scheduled__2024-12-09T15:00:00+00:00 [running]> on host 4b38f6471eac
[2024-12-10T17:36:25.505+0000] {taskinstance.py:3132} INFO - Exporting env vars: AIRFLOW_CTX_DAG_OWNER='***' AIRFLOW_CTX_DAG_ID='car_price_prediction' AIRFLOW_CTX_TASK_ID='pipeline' AIRFLOW_CTX_EXECUTION_DATE='2024-12-09T15:00:00+00:00' AIRFLOW_CTX_TRY_NUMBER='1' AIRFLOW_CTX_DAG_RUN_ID='scheduled__2024-12-09T15:00:00+00:00'
[2024-12-10T17:36:25.507+0000] {logging_mixin.py:190} INFO - Task instance is in running state
[2024-12-10T17:36:25.507+0000] {logging_mixin.py:190} INFO -  Previous state of the Task instance: queued
[2024-12-10T17:36:25.508+0000] {logging_mixin.py:190} INFO - Current task name:pipeline state:running start_date:2024-12-10 17:36:25.321693+00:00
[2024-12-10T17:36:25.508+0000] {logging_mixin.py:190} INFO - Dag name:car_price_prediction and current dag run status:running
[2024-12-10T17:36:25.509+0000] {taskinstance.py:731} INFO - ::endgroup::
[2024-12-10T17:36:28.215+0000] {pipeline.py:116} INFO - model: LogisticRegression, acc_mean: 0.7591, acc_std: 0.0075
[2024-12-10T17:37:00.443+0000] {pipeline.py:116} INFO - model: RandomForestClassifier, acc_mean: 0.7801, acc_std: 0.0028
[2024-12-10T17:37:11.764+0000] {pipeline.py:116} INFO - model: SVC, acc_mean: 0.7871, acc_std: 0.0042
[2024-12-10T17:37:11.764+0000] {pipeline.py:121} INFO - best model: SVC, accuracy: 0.7871
[2024-12-10T17:37:15.702+0000] {pipeline.py:129} INFO - Model is saved as /opt/***/plugins/data/models/cars_pipe_202412101737.pkl
[2024-12-10T17:37:15.706+0000] {python.py:240} INFO - Done. Returned value was: None
[2024-12-10T17:37:15.716+0000] {taskinstance.py:340} INFO - ::group::Post task execution logs
[2024-12-10T17:37:15.717+0000] {taskinstance.py:352} INFO - Marking task as SUCCESS. dag_id=car_price_prediction, task_id=pipeline, run_id=scheduled__2024-12-09T15:00:00+00:00, execution_date=20241209T150000, start_date=20241210T173625, end_date=20241210T173715
[2024-12-10T17:37:15.727+0000] {logging_mixin.py:190} INFO - Task instance in success state
[2024-12-10T17:37:15.727+0000] {logging_mixin.py:190} INFO -  Previous state of the Task instance: running
[2024-12-10T17:37:15.728+0000] {logging_mixin.py:190} INFO - Dag name:car_price_prediction queued_at:2024-12-10 17:36:18.324725+00:00
[2024-12-10T17:37:15.728+0000] {logging_mixin.py:190} INFO - Task hostname:4b38f6471eac operator:PythonOperator
[2024-12-10T17:37:15.759+0000] {local_task_job_runner.py:266} INFO - Task exited with return code 0
[2024-12-10T17:37:15.776+0000] {taskinstance.py:3895} INFO - 1 downstream tasks scheduled from follow-on schedule check
[2024-12-10T17:37:15.778+0000] {local_task_job_runner.py:245} INFO - ::endgroup::
