[2024-12-10T14:01:59.927+0000] {local_task_job_runner.py:123} INFO - ::group::Pre task execution logs
[2024-12-10T14:01:59.943+0000] {taskinstance.py:2613} INFO - Dependencies all met for dep_context=non-requeueable deps ti=<TaskInstance: car_price_prediction.predict manual__2024-12-10T14:01:04.349921+00:00 [queued]>
[2024-12-10T14:01:59.951+0000] {taskinstance.py:2613} INFO - Dependencies all met for dep_context=requeueable deps ti=<TaskInstance: car_price_prediction.predict manual__2024-12-10T14:01:04.349921+00:00 [queued]>
[2024-12-10T14:01:59.952+0000] {taskinstance.py:2866} INFO - Starting attempt 1 of 2
[2024-12-10T14:01:59.965+0000] {taskinstance.py:2889} INFO - Executing <Task(PythonOperator): predict> on 2024-12-10 14:01:04.349921+00:00
[2024-12-10T14:01:59.972+0000] {warnings.py:112} WARNING - /home/***/.local/lib/python3.12/site-packages/***/task/task_runner/standard_task_runner.py:70: DeprecationWarning: This process (pid=107) is multi-threaded, use of fork() may lead to deadlocks in the child.
  pid = os.fork()

[2024-12-10T14:01:59.975+0000] {standard_task_runner.py:72} INFO - Started process 120 to run task
[2024-12-10T14:01:59.975+0000] {standard_task_runner.py:104} INFO - Running: ['***', 'tasks', 'run', 'car_price_prediction', 'predict', 'manual__2024-12-10T14:01:04.349921+00:00', '--job-id', '1889', '--raw', '--subdir', 'DAGS_FOLDER/hw_dag.py', '--cfg-path', '/tmp/tmpo2zcpgal']
[2024-12-10T14:01:59.976+0000] {standard_task_runner.py:105} INFO - Job 1889: Subtask predict
[2024-12-10T14:02:00.025+0000] {task_command.py:467} INFO - Running <TaskInstance: car_price_prediction.predict manual__2024-12-10T14:01:04.349921+00:00 [running]> on host 4b38f6471eac
[2024-12-10T14:02:00.101+0000] {taskinstance.py:3132} INFO - Exporting env vars: AIRFLOW_CTX_DAG_OWNER='***' AIRFLOW_CTX_DAG_ID='car_price_prediction' AIRFLOW_CTX_TASK_ID='predict' AIRFLOW_CTX_EXECUTION_DATE='2024-12-10T14:01:04.349921+00:00' AIRFLOW_CTX_TRY_NUMBER='1' AIRFLOW_CTX_DAG_RUN_ID='manual__2024-12-10T14:01:04.349921+00:00'
[2024-12-10T14:02:00.102+0000] {logging_mixin.py:190} INFO - Task instance is in running state
[2024-12-10T14:02:00.103+0000] {logging_mixin.py:190} INFO -  Previous state of the Task instance: queued
[2024-12-10T14:02:00.104+0000] {logging_mixin.py:190} INFO - Current task name:predict state:running start_date:2024-12-10 14:01:59.944574+00:00
[2024-12-10T14:02:00.104+0000] {logging_mixin.py:190} INFO - Dag name:car_price_prediction and current dag run status:running
[2024-12-10T14:02:00.105+0000] {taskinstance.py:731} INFO - ::endgroup::
[2024-12-10T14:02:00.106+0000] {logging_mixin.py:190} INFO - Loading the model...
[2024-12-10T14:02:00.122+0000] {warnings.py:112} WARNING - /home/***/.local/lib/python3.12/site-packages/sklearn/base.py:380: InconsistentVersionWarning: Trying to unpickle estimator FunctionTransformer from version 1.5.1 when using version 1.6.0. This might lead to breaking code or invalid results. Use at your own risk. For more info please refer to:
https://scikit-learn.org/stable/model_persistence.html#security-maintainability-limitations
  warnings.warn(

[2024-12-10T14:02:00.123+0000] {warnings.py:112} WARNING - /home/***/.local/lib/python3.12/site-packages/sklearn/base.py:380: InconsistentVersionWarning: Trying to unpickle estimator SimpleImputer from version 1.5.1 when using version 1.6.0. This might lead to breaking code or invalid results. Use at your own risk. For more info please refer to:
https://scikit-learn.org/stable/model_persistence.html#security-maintainability-limitations
  warnings.warn(

[2024-12-10T14:02:00.123+0000] {warnings.py:112} WARNING - /home/***/.local/lib/python3.12/site-packages/sklearn/base.py:380: InconsistentVersionWarning: Trying to unpickle estimator StandardScaler from version 1.5.1 when using version 1.6.0. This might lead to breaking code or invalid results. Use at your own risk. For more info please refer to:
https://scikit-learn.org/stable/model_persistence.html#security-maintainability-limitations
  warnings.warn(

[2024-12-10T14:02:00.124+0000] {warnings.py:112} WARNING - /home/***/.local/lib/python3.12/site-packages/sklearn/base.py:380: InconsistentVersionWarning: Trying to unpickle estimator Pipeline from version 1.5.1 when using version 1.6.0. This might lead to breaking code or invalid results. Use at your own risk. For more info please refer to:
https://scikit-learn.org/stable/model_persistence.html#security-maintainability-limitations
  warnings.warn(

[2024-12-10T14:02:00.125+0000] {warnings.py:112} WARNING - /home/***/.local/lib/python3.12/site-packages/sklearn/base.py:380: InconsistentVersionWarning: Trying to unpickle estimator OneHotEncoder from version 1.5.1 when using version 1.6.0. This might lead to breaking code or invalid results. Use at your own risk. For more info please refer to:
https://scikit-learn.org/stable/model_persistence.html#security-maintainability-limitations
  warnings.warn(

[2024-12-10T14:02:00.127+0000] {warnings.py:112} WARNING - /home/***/.local/lib/python3.12/site-packages/sklearn/base.py:380: InconsistentVersionWarning: Trying to unpickle estimator ColumnTransformer from version 1.5.1 when using version 1.6.0. This might lead to breaking code or invalid results. Use at your own risk. For more info please refer to:
https://scikit-learn.org/stable/model_persistence.html#security-maintainability-limitations
  warnings.warn(

[2024-12-10T14:02:00.134+0000] {warnings.py:112} WARNING - /home/***/.local/lib/python3.12/site-packages/sklearn/base.py:380: InconsistentVersionWarning: Trying to unpickle estimator SVC from version 1.5.1 when using version 1.6.0. This might lead to breaking code or invalid results. Use at your own risk. For more info please refer to:
https://scikit-learn.org/stable/model_persistence.html#security-maintainability-limitations
  warnings.warn(

[2024-12-10T14:02:00.135+0000] {logging_mixin.py:190} INFO - Model successfully loaded: Pipeline
[2024-12-10T14:02:00.136+0000] {logging_mixin.py:190} INFO - Loading test data...
[2024-12-10T14:02:00.211+0000] {logging_mixin.py:190} INFO - Test data loaded: 5 rows
[2024-12-10T14:02:00.212+0000] {logging_mixin.py:190} INFO - Performing predictions...
[2024-12-10T14:02:00.218+0000] {taskinstance.py:3311} ERROR - Task failed with exception
Traceback (most recent call last):
  File "/home/airflow/.local/lib/python3.12/site-packages/airflow/models/taskinstance.py", line 767, in _execute_task
    result = _execute_callable(context=context, **execute_callable_kwargs)
             ^^^^^^^^^^^^^^^^^^^^^^^^^^^^^^^^^^^^^^^^^^^^^^^^^^^^^^^^^^^^^
  File "/home/airflow/.local/lib/python3.12/site-packages/airflow/models/taskinstance.py", line 733, in _execute_callable
    return ExecutionCallableRunner(
           ^^^^^^^^^^^^^^^^^^^^^^^^
  File "/home/airflow/.local/lib/python3.12/site-packages/airflow/utils/operator_helpers.py", line 252, in run
    return self.func(*args, **kwargs)
           ^^^^^^^^^^^^^^^^^^^^^^^^^^
  File "/home/airflow/.local/lib/python3.12/site-packages/airflow/models/baseoperator.py", line 417, in wrapper
    return func(self, *args, **kwargs)
           ^^^^^^^^^^^^^^^^^^^^^^^^^^^
  File "/home/airflow/.local/lib/python3.12/site-packages/airflow/operators/python.py", line 238, in execute
    return_value = self.execute_callable()
                   ^^^^^^^^^^^^^^^^^^^^^^^
  File "/home/airflow/.local/lib/python3.12/site-packages/airflow/operators/python.py", line 256, in execute_callable
    return runner.run(*self.op_args, **self.op_kwargs)
           ^^^^^^^^^^^^^^^^^^^^^^^^^^^^^^^^^^^^^^^^^^^
  File "/home/airflow/.local/lib/python3.12/site-packages/airflow/utils/operator_helpers.py", line 252, in run
    return self.func(*args, **kwargs)
           ^^^^^^^^^^^^^^^^^^^^^^^^^^
  File "/opt/airflow/plugins/modules/predict.py", line 53, in predict
    test_data['price_category'] = model.predict(test_data)
                                  ^^^^^^^^^^^^^^^^^^^^^^^^
  File "/home/airflow/.local/lib/python3.12/site-packages/sklearn/pipeline.py", line 785, in predict
    Xt = transform.transform(Xt)
         ^^^^^^^^^^^^^^^^^^^^^^^
  File "/home/airflow/.local/lib/python3.12/site-packages/sklearn/pipeline.py", line 1090, in transform
    Xt = transform.transform(Xt, **routed_params[name].transform)
         ^^^^^^^^^^^^^^^^^^^^^^^^^^^^^^^^^^^^^^^^^^^^^^^^^^^^^^^^
  File "/home/airflow/.local/lib/python3.12/site-packages/sklearn/utils/_set_output.py", line 319, in wrapped
    data_to_wrap = f(self, X, *args, **kwargs)
                   ^^^^^^^^^^^^^^^^^^^^^^^^^^^
  File "/home/airflow/.local/lib/python3.12/site-packages/sklearn/preprocessing/_function_transformer.py", line 260, in transform
    out = self._transform(X, func=self.func, kw_args=self.kw_args)
          ^^^^^^^^^^^^^^^^^^^^^^^^^^^^^^^^^^^^^^^^^^^^^^^^^^^^^^^^
  File "/home/airflow/.local/lib/python3.12/site-packages/sklearn/preprocessing/_function_transformer.py", line 387, in _transform
    return func(X, **(kw_args if kw_args else {}))
           ^^^^^^^^^^^^^^^^^^^^^^^^^^^^^^^^^^^^^^^
  File "C:\Users\nicks\airflow_hw\modules\pipeline.py", line 64, in create_features
  File "/home/airflow/.local/lib/python3.12/site-packages/pandas/core/series.py", line 4764, in apply
    ).apply()
      ^^^^^^^
  File "/home/airflow/.local/lib/python3.12/site-packages/pandas/core/apply.py", line 1209, in apply
    return self.apply_standard()
           ^^^^^^^^^^^^^^^^^^^^^
  File "/home/airflow/.local/lib/python3.12/site-packages/pandas/core/apply.py", line 1289, in apply_standard
    mapped = obj._map_values(
             ^^^^^^^^^^^^^^^^
  File "/home/airflow/.local/lib/python3.12/site-packages/pandas/core/base.py", line 921, in _map_values
    return algorithms.map_array(arr, mapper, na_action=na_action, convert=convert)
           ^^^^^^^^^^^^^^^^^^^^^^^^^^^^^^^^^^^^^^^^^^^^^^^^^^^^^^^^^^^^^^^^^^^^^^^
  File "/home/airflow/.local/lib/python3.12/site-packages/pandas/core/algorithms.py", line 1814, in map_array
    return lib.map_infer(values, mapper, convert=convert)
           ^^^^^^^^^^^^^^^^^^^^^^^^^^^^^^^^^^^^^^^^^^^^^^
  File "lib.pyx", line 2926, in pandas._libs.lib.map_infer
  File "C:\Users\nicks\airflow_hw\modules\pipeline.py", line 58, in short_model
NameError: name 'pd' is not defined
[2024-12-10T14:02:00.239+0000] {logging_mixin.py:190} INFO - Task instance in failure state
[2024-12-10T14:02:00.239+0000] {logging_mixin.py:190} INFO - Task start:2024-12-10 14:01:59.944574+00:00 end:2024-12-10 14:02:00.238715+00:00 duration:0.294141
[2024-12-10T14:02:00.240+0000] {logging_mixin.py:190} INFO - Task:<Task(PythonOperator): predict> dag:<DAG: car_price_prediction> dagrun:<DagRun car_price_prediction @ 2024-12-10 14:01:04.349921+00:00: manual__2024-12-10T14:01:04.349921+00:00, state:running, queued_at: 2024-12-10 14:01:04.368970+00:00. externally triggered: True>
[2024-12-10T14:02:00.241+0000] {logging_mixin.py:190} INFO - Failure caused by name 'pd' is not defined
[2024-12-10T14:02:00.241+0000] {taskinstance.py:1225} INFO - Marking task as UP_FOR_RETRY. dag_id=car_price_prediction, task_id=predict, run_id=manual__2024-12-10T14:01:04.349921+00:00, execution_date=20241210T140104, start_date=20241210T140159, end_date=20241210T140200
[2024-12-10T14:02:00.255+0000] {taskinstance.py:340} INFO - ::group::Post task execution logs
[2024-12-10T14:02:00.256+0000] {standard_task_runner.py:124} ERROR - Failed to execute job 1889 for task predict (name 'pd' is not defined; 120)
Traceback (most recent call last):
  File "/home/airflow/.local/lib/python3.12/site-packages/airflow/task/task_runner/standard_task_runner.py", line 117, in _start_by_fork
    ret = args.func(args, dag=self.dag)
          ^^^^^^^^^^^^^^^^^^^^^^^^^^^^^
  File "/home/airflow/.local/lib/python3.12/site-packages/airflow/cli/cli_config.py", line 49, in command
    return func(*args, **kwargs)
           ^^^^^^^^^^^^^^^^^^^^^
  File "/home/airflow/.local/lib/python3.12/site-packages/airflow/utils/cli.py", line 116, in wrapper
    return f(*args, **kwargs)
           ^^^^^^^^^^^^^^^^^^
  File "/home/airflow/.local/lib/python3.12/site-packages/airflow/cli/commands/task_command.py", line 483, in task_run
    task_return_code = _run_task_by_selected_method(args, _dag, ti)
                       ^^^^^^^^^^^^^^^^^^^^^^^^^^^^^^^^^^^^^^^^^^^^
  File "/home/airflow/.local/lib/python3.12/site-packages/airflow/cli/commands/task_command.py", line 256, in _run_task_by_selected_method
    return _run_raw_task(args, ti)
           ^^^^^^^^^^^^^^^^^^^^^^^
  File "/home/airflow/.local/lib/python3.12/site-packages/airflow/cli/commands/task_command.py", line 341, in _run_raw_task
    return ti._run_raw_task(
           ^^^^^^^^^^^^^^^^^
  File "/home/airflow/.local/lib/python3.12/site-packages/airflow/utils/session.py", line 97, in wrapper
    return func(*args, session=session, **kwargs)
           ^^^^^^^^^^^^^^^^^^^^^^^^^^^^^^^^^^^^^^
  File "/home/airflow/.local/lib/python3.12/site-packages/airflow/models/taskinstance.py", line 3005, in _run_raw_task
    return _run_raw_task(
           ^^^^^^^^^^^^^^
  File "/home/airflow/.local/lib/python3.12/site-packages/airflow/models/taskinstance.py", line 273, in _run_raw_task
    TaskInstance._execute_task_with_callbacks(
  File "/home/airflow/.local/lib/python3.12/site-packages/airflow/models/taskinstance.py", line 3159, in _execute_task_with_callbacks
    result = self._execute_task(context, task_orig)
             ^^^^^^^^^^^^^^^^^^^^^^^^^^^^^^^^^^^^^^
  File "/home/airflow/.local/lib/python3.12/site-packages/airflow/models/taskinstance.py", line 3183, in _execute_task
    return _execute_task(self, context, task_orig)
           ^^^^^^^^^^^^^^^^^^^^^^^^^^^^^^^^^^^^^^^
  File "/home/airflow/.local/lib/python3.12/site-packages/airflow/models/taskinstance.py", line 767, in _execute_task
    result = _execute_callable(context=context, **execute_callable_kwargs)
             ^^^^^^^^^^^^^^^^^^^^^^^^^^^^^^^^^^^^^^^^^^^^^^^^^^^^^^^^^^^^^
  File "/home/airflow/.local/lib/python3.12/site-packages/airflow/models/taskinstance.py", line 733, in _execute_callable
    return ExecutionCallableRunner(
           ^^^^^^^^^^^^^^^^^^^^^^^^
  File "/home/airflow/.local/lib/python3.12/site-packages/airflow/utils/operator_helpers.py", line 252, in run
    return self.func(*args, **kwargs)
           ^^^^^^^^^^^^^^^^^^^^^^^^^^
  File "/home/airflow/.local/lib/python3.12/site-packages/airflow/models/baseoperator.py", line 417, in wrapper
    return func(self, *args, **kwargs)
           ^^^^^^^^^^^^^^^^^^^^^^^^^^^
  File "/home/airflow/.local/lib/python3.12/site-packages/airflow/operators/python.py", line 238, in execute
    return_value = self.execute_callable()
                   ^^^^^^^^^^^^^^^^^^^^^^^
  File "/home/airflow/.local/lib/python3.12/site-packages/airflow/operators/python.py", line 256, in execute_callable
    return runner.run(*self.op_args, **self.op_kwargs)
           ^^^^^^^^^^^^^^^^^^^^^^^^^^^^^^^^^^^^^^^^^^^
  File "/home/airflow/.local/lib/python3.12/site-packages/airflow/utils/operator_helpers.py", line 252, in run
    return self.func(*args, **kwargs)
           ^^^^^^^^^^^^^^^^^^^^^^^^^^
  File "/opt/airflow/plugins/modules/predict.py", line 53, in predict
    test_data['price_category'] = model.predict(test_data)
                                  ^^^^^^^^^^^^^^^^^^^^^^^^
  File "/home/airflow/.local/lib/python3.12/site-packages/sklearn/pipeline.py", line 785, in predict
    Xt = transform.transform(Xt)
         ^^^^^^^^^^^^^^^^^^^^^^^
  File "/home/airflow/.local/lib/python3.12/site-packages/sklearn/pipeline.py", line 1090, in transform
    Xt = transform.transform(Xt, **routed_params[name].transform)
         ^^^^^^^^^^^^^^^^^^^^^^^^^^^^^^^^^^^^^^^^^^^^^^^^^^^^^^^^
  File "/home/airflow/.local/lib/python3.12/site-packages/sklearn/utils/_set_output.py", line 319, in wrapped
    data_to_wrap = f(self, X, *args, **kwargs)
                   ^^^^^^^^^^^^^^^^^^^^^^^^^^^
  File "/home/airflow/.local/lib/python3.12/site-packages/sklearn/preprocessing/_function_transformer.py", line 260, in transform
    out = self._transform(X, func=self.func, kw_args=self.kw_args)
          ^^^^^^^^^^^^^^^^^^^^^^^^^^^^^^^^^^^^^^^^^^^^^^^^^^^^^^^^
  File "/home/airflow/.local/lib/python3.12/site-packages/sklearn/preprocessing/_function_transformer.py", line 387, in _transform
    return func(X, **(kw_args if kw_args else {}))
           ^^^^^^^^^^^^^^^^^^^^^^^^^^^^^^^^^^^^^^^
  File "C:\Users\nicks\airflow_hw\modules\pipeline.py", line 64, in create_features
  File "/home/airflow/.local/lib/python3.12/site-packages/pandas/core/series.py", line 4764, in apply
    ).apply()
      ^^^^^^^
  File "/home/airflow/.local/lib/python3.12/site-packages/pandas/core/apply.py", line 1209, in apply
    return self.apply_standard()
           ^^^^^^^^^^^^^^^^^^^^^
  File "/home/airflow/.local/lib/python3.12/site-packages/pandas/core/apply.py", line 1289, in apply_standard
    mapped = obj._map_values(
             ^^^^^^^^^^^^^^^^
  File "/home/airflow/.local/lib/python3.12/site-packages/pandas/core/base.py", line 921, in _map_values
    return algorithms.map_array(arr, mapper, na_action=na_action, convert=convert)
           ^^^^^^^^^^^^^^^^^^^^^^^^^^^^^^^^^^^^^^^^^^^^^^^^^^^^^^^^^^^^^^^^^^^^^^^
  File "/home/airflow/.local/lib/python3.12/site-packages/pandas/core/algorithms.py", line 1814, in map_array
    return lib.map_infer(values, mapper, convert=convert)
           ^^^^^^^^^^^^^^^^^^^^^^^^^^^^^^^^^^^^^^^^^^^^^^
  File "lib.pyx", line 2926, in pandas._libs.lib.map_infer
  File "C:\Users\nicks\airflow_hw\modules\pipeline.py", line 58, in short_model
NameError: name 'pd' is not defined
[2024-12-10T14:02:00.278+0000] {local_task_job_runner.py:266} INFO - Task exited with return code 1
[2024-12-10T14:02:00.298+0000] {taskinstance.py:3895} INFO - 0 downstream tasks scheduled from follow-on schedule check
[2024-12-10T14:02:00.301+0000] {local_task_job_runner.py:245} INFO - ::endgroup::
