[2024-12-10T14:32:03.446+0000] {local_task_job_runner.py:123} INFO - ::group::Pre task execution logs
[2024-12-10T14:32:03.462+0000] {taskinstance.py:2613} INFO - Dependencies all met for dep_context=non-requeueable deps ti=<TaskInstance: car_price_prediction.pipeline manual__2024-12-10T14:31:59.660667+00:00 [queued]>
[2024-12-10T14:32:03.469+0000] {taskinstance.py:2613} INFO - Dependencies all met for dep_context=requeueable deps ti=<TaskInstance: car_price_prediction.pipeline manual__2024-12-10T14:31:59.660667+00:00 [queued]>
[2024-12-10T14:32:03.470+0000] {taskinstance.py:2866} INFO - Starting attempt 1 of 2
[2024-12-10T14:32:03.484+0000] {taskinstance.py:2889} INFO - Executing <Task(PythonOperator): pipeline> on 2024-12-10 14:31:59.660667+00:00
[2024-12-10T14:32:03.491+0000] {warnings.py:112} WARNING - /home/***/.local/lib/python3.12/site-packages/***/task/task_runner/standard_task_runner.py:70: DeprecationWarning: This process (pid=71) is multi-threaded, use of fork() may lead to deadlocks in the child.
  pid = os.fork()

[2024-12-10T14:32:03.493+0000] {standard_task_runner.py:72} INFO - Started process 84 to run task
[2024-12-10T14:32:03.493+0000] {standard_task_runner.py:104} INFO - Running: ['***', 'tasks', 'run', 'car_price_prediction', 'pipeline', 'manual__2024-12-10T14:31:59.660667+00:00', '--job-id', '1896', '--raw', '--subdir', 'DAGS_FOLDER/hw_dag.py', '--cfg-path', '/tmp/tmpivo1e4sq']
[2024-12-10T14:32:03.494+0000] {standard_task_runner.py:105} INFO - Job 1896: Subtask pipeline
[2024-12-10T14:32:03.536+0000] {task_command.py:467} INFO - Running <TaskInstance: car_price_prediction.pipeline manual__2024-12-10T14:31:59.660667+00:00 [running]> on host 4b38f6471eac
[2024-12-10T14:32:03.609+0000] {taskinstance.py:3132} INFO - Exporting env vars: AIRFLOW_CTX_DAG_OWNER='***' AIRFLOW_CTX_DAG_ID='car_price_prediction' AIRFLOW_CTX_TASK_ID='pipeline' AIRFLOW_CTX_EXECUTION_DATE='2024-12-10T14:31:59.660667+00:00' AIRFLOW_CTX_TRY_NUMBER='1' AIRFLOW_CTX_DAG_RUN_ID='manual__2024-12-10T14:31:59.660667+00:00'
[2024-12-10T14:32:03.611+0000] {logging_mixin.py:190} INFO - Task instance is in running state
[2024-12-10T14:32:03.611+0000] {logging_mixin.py:190} INFO -  Previous state of the Task instance: queued
[2024-12-10T14:32:03.612+0000] {logging_mixin.py:190} INFO - Current task name:pipeline state:running start_date:2024-12-10 14:32:03.462996+00:00
[2024-12-10T14:32:03.612+0000] {logging_mixin.py:190} INFO - Dag name:car_price_prediction and current dag run status:running
[2024-12-10T14:32:03.613+0000] {taskinstance.py:731} INFO - ::endgroup::
[2024-12-10T14:32:04.140+0000] {pipeline.py:116} INFO - model: LogisticRegression, acc_mean: 0.7591, acc_std: 0.0075
[2024-12-10T14:32:36.517+0000] {pipeline.py:116} INFO - model: RandomForestClassifier, acc_mean: 0.7801, acc_std: 0.0028
[2024-12-10T14:32:48.668+0000] {pipeline.py:116} INFO - model: SVC, acc_mean: 0.7871, acc_std: 0.0042
[2024-12-10T14:32:48.669+0000] {pipeline.py:121} INFO - best model: SVC, accuracy: 0.7871
[2024-12-10T14:32:52.510+0000] {pipeline.py:129} INFO - Model is saved as /opt/***/plugins/data/models/cars_pipe_202412101432.pkl
[2024-12-10T14:32:52.514+0000] {python.py:240} INFO - Done. Returned value was: None
[2024-12-10T14:32:52.525+0000] {taskinstance.py:340} INFO - ::group::Post task execution logs
[2024-12-10T14:32:52.525+0000] {taskinstance.py:352} INFO - Marking task as SUCCESS. dag_id=car_price_prediction, task_id=pipeline, run_id=manual__2024-12-10T14:31:59.660667+00:00, execution_date=20241210T143159, start_date=20241210T143203, end_date=20241210T143252
[2024-12-10T14:32:52.538+0000] {logging_mixin.py:190} INFO - Task instance in success state
[2024-12-10T14:32:52.538+0000] {logging_mixin.py:190} INFO -  Previous state of the Task instance: running
[2024-12-10T14:32:52.539+0000] {logging_mixin.py:190} INFO - Dag name:car_price_prediction queued_at:2024-12-10 14:31:59.681546+00:00
[2024-12-10T14:32:52.539+0000] {logging_mixin.py:190} INFO - Task hostname:4b38f6471eac operator:PythonOperator
[2024-12-10T14:32:52.593+0000] {local_task_job_runner.py:266} INFO - Task exited with return code 0
[2024-12-10T14:32:52.615+0000] {taskinstance.py:3895} INFO - 1 downstream tasks scheduled from follow-on schedule check
[2024-12-10T14:32:52.618+0000] {local_task_job_runner.py:245} INFO - ::endgroup::
