[2024-12-13T17:30:36.689+0000] {processor.py:186} INFO - Started process (PID=112) to work on /home/airflow/.local/lib/python3.12/site-packages/airflow/example_dags/example_xcom.py
[2024-12-13T17:30:36.690+0000] {processor.py:914} INFO - Processing file /home/airflow/.local/lib/python3.12/site-packages/airflow/example_dags/example_xcom.py for tasks to queue
[2024-12-13T17:30:36.692+0000] {logging_mixin.py:190} INFO - [2024-12-13T17:30:36.692+0000] {dagbag.py:588} INFO - Filling up the DagBag from /home/airflow/.local/lib/python3.12/site-packages/airflow/example_dags/example_xcom.py
[2024-12-13T17:30:36.703+0000] {processor.py:925} INFO - DAG(s) 'example_xcom' retrieved from /home/airflow/.local/lib/python3.12/site-packages/airflow/example_dags/example_xcom.py
[2024-12-13T17:30:36.724+0000] {logging_mixin.py:190} INFO - [2024-12-13T17:30:36.724+0000] {dag.py:3239} INFO - Sync 1 DAGs
[2024-12-13T17:30:36.749+0000] {logging_mixin.py:190} INFO - [2024-12-13T17:30:36.748+0000] {dag.py:4180} INFO - Setting next_dagrun for example_xcom to 2021-01-01 00:00:00+00:00, run_after=2021-01-01 00:00:00+00:00
[2024-12-13T17:30:36.767+0000] {processor.py:208} INFO - Processing /home/airflow/.local/lib/python3.12/site-packages/airflow/example_dags/example_xcom.py took 0.084 seconds
[2024-12-13T17:31:07.887+0000] {processor.py:186} INFO - Started process (PID=175) to work on /home/airflow/.local/lib/python3.12/site-packages/airflow/example_dags/example_xcom.py
[2024-12-13T17:31:07.888+0000] {processor.py:914} INFO - Processing file /home/airflow/.local/lib/python3.12/site-packages/airflow/example_dags/example_xcom.py for tasks to queue
[2024-12-13T17:31:07.891+0000] {logging_mixin.py:190} INFO - [2024-12-13T17:31:07.890+0000] {dagbag.py:588} INFO - Filling up the DagBag from /home/airflow/.local/lib/python3.12/site-packages/airflow/example_dags/example_xcom.py
[2024-12-13T17:31:07.904+0000] {processor.py:925} INFO - DAG(s) 'example_xcom' retrieved from /home/airflow/.local/lib/python3.12/site-packages/airflow/example_dags/example_xcom.py
[2024-12-13T17:31:07.925+0000] {logging_mixin.py:190} INFO - [2024-12-13T17:31:07.925+0000] {dag.py:3239} INFO - Sync 1 DAGs
[2024-12-13T17:31:07.946+0000] {logging_mixin.py:190} INFO - [2024-12-13T17:31:07.946+0000] {dag.py:4180} INFO - Setting next_dagrun for example_xcom to 2021-01-01 00:00:00+00:00, run_after=2021-01-01 00:00:00+00:00
[2024-12-13T17:31:07.965+0000] {processor.py:208} INFO - Processing /home/airflow/.local/lib/python3.12/site-packages/airflow/example_dags/example_xcom.py took 0.084 seconds
[2024-12-13T17:31:39.265+0000] {processor.py:186} INFO - Started process (PID=238) to work on /home/airflow/.local/lib/python3.12/site-packages/airflow/example_dags/example_xcom.py
[2024-12-13T17:31:39.266+0000] {processor.py:914} INFO - Processing file /home/airflow/.local/lib/python3.12/site-packages/airflow/example_dags/example_xcom.py for tasks to queue
[2024-12-13T17:31:39.268+0000] {logging_mixin.py:190} INFO - [2024-12-13T17:31:39.268+0000] {dagbag.py:588} INFO - Filling up the DagBag from /home/airflow/.local/lib/python3.12/site-packages/airflow/example_dags/example_xcom.py
[2024-12-13T17:31:39.278+0000] {processor.py:925} INFO - DAG(s) 'example_xcom' retrieved from /home/airflow/.local/lib/python3.12/site-packages/airflow/example_dags/example_xcom.py
[2024-12-13T17:31:39.297+0000] {logging_mixin.py:190} INFO - [2024-12-13T17:31:39.297+0000] {dag.py:3239} INFO - Sync 1 DAGs
[2024-12-13T17:31:39.315+0000] {logging_mixin.py:190} INFO - [2024-12-13T17:31:39.315+0000] {dag.py:4180} INFO - Setting next_dagrun for example_xcom to 2021-01-01 00:00:00+00:00, run_after=2021-01-01 00:00:00+00:00
[2024-12-13T17:31:39.332+0000] {processor.py:208} INFO - Processing /home/airflow/.local/lib/python3.12/site-packages/airflow/example_dags/example_xcom.py took 0.071 seconds
[2024-12-13T17:32:10.561+0000] {processor.py:186} INFO - Started process (PID=301) to work on /home/airflow/.local/lib/python3.12/site-packages/airflow/example_dags/example_xcom.py
[2024-12-13T17:32:10.562+0000] {processor.py:914} INFO - Processing file /home/airflow/.local/lib/python3.12/site-packages/airflow/example_dags/example_xcom.py for tasks to queue
[2024-12-13T17:32:10.565+0000] {logging_mixin.py:190} INFO - [2024-12-13T17:32:10.564+0000] {dagbag.py:588} INFO - Filling up the DagBag from /home/airflow/.local/lib/python3.12/site-packages/airflow/example_dags/example_xcom.py
[2024-12-13T17:32:10.574+0000] {processor.py:925} INFO - DAG(s) 'example_xcom' retrieved from /home/airflow/.local/lib/python3.12/site-packages/airflow/example_dags/example_xcom.py
[2024-12-13T17:32:10.594+0000] {logging_mixin.py:190} INFO - [2024-12-13T17:32:10.594+0000] {dag.py:3239} INFO - Sync 1 DAGs
[2024-12-13T17:32:10.616+0000] {logging_mixin.py:190} INFO - [2024-12-13T17:32:10.615+0000] {dag.py:4180} INFO - Setting next_dagrun for example_xcom to 2021-01-01 00:00:00+00:00, run_after=2021-01-01 00:00:00+00:00
[2024-12-13T17:32:10.636+0000] {processor.py:208} INFO - Processing /home/airflow/.local/lib/python3.12/site-packages/airflow/example_dags/example_xcom.py took 0.081 seconds
[2024-12-13T17:32:41.578+0000] {processor.py:186} INFO - Started process (PID=364) to work on /home/airflow/.local/lib/python3.12/site-packages/airflow/example_dags/example_xcom.py
[2024-12-13T17:32:41.579+0000] {processor.py:914} INFO - Processing file /home/airflow/.local/lib/python3.12/site-packages/airflow/example_dags/example_xcom.py for tasks to queue
[2024-12-13T17:32:41.581+0000] {logging_mixin.py:190} INFO - [2024-12-13T17:32:41.581+0000] {dagbag.py:588} INFO - Filling up the DagBag from /home/airflow/.local/lib/python3.12/site-packages/airflow/example_dags/example_xcom.py
[2024-12-13T17:32:41.590+0000] {processor.py:925} INFO - DAG(s) 'example_xcom' retrieved from /home/airflow/.local/lib/python3.12/site-packages/airflow/example_dags/example_xcom.py
[2024-12-13T17:32:41.609+0000] {logging_mixin.py:190} INFO - [2024-12-13T17:32:41.608+0000] {dag.py:3239} INFO - Sync 1 DAGs
[2024-12-13T17:32:41.629+0000] {logging_mixin.py:190} INFO - [2024-12-13T17:32:41.629+0000] {dag.py:4180} INFO - Setting next_dagrun for example_xcom to 2021-01-01 00:00:00+00:00, run_after=2021-01-01 00:00:00+00:00
[2024-12-13T17:32:41.645+0000] {processor.py:208} INFO - Processing /home/airflow/.local/lib/python3.12/site-packages/airflow/example_dags/example_xcom.py took 0.072 seconds
[2024-12-13T17:33:12.664+0000] {processor.py:186} INFO - Started process (PID=427) to work on /home/airflow/.local/lib/python3.12/site-packages/airflow/example_dags/example_xcom.py
[2024-12-13T17:33:12.665+0000] {processor.py:914} INFO - Processing file /home/airflow/.local/lib/python3.12/site-packages/airflow/example_dags/example_xcom.py for tasks to queue
[2024-12-13T17:33:12.667+0000] {logging_mixin.py:190} INFO - [2024-12-13T17:33:12.667+0000] {dagbag.py:588} INFO - Filling up the DagBag from /home/airflow/.local/lib/python3.12/site-packages/airflow/example_dags/example_xcom.py
[2024-12-13T17:33:12.676+0000] {processor.py:925} INFO - DAG(s) 'example_xcom' retrieved from /home/airflow/.local/lib/python3.12/site-packages/airflow/example_dags/example_xcom.py
[2024-12-13T17:33:12.695+0000] {logging_mixin.py:190} INFO - [2024-12-13T17:33:12.694+0000] {dag.py:3239} INFO - Sync 1 DAGs
[2024-12-13T17:33:12.718+0000] {logging_mixin.py:190} INFO - [2024-12-13T17:33:12.718+0000] {dag.py:4180} INFO - Setting next_dagrun for example_xcom to 2021-01-01 00:00:00+00:00, run_after=2021-01-01 00:00:00+00:00
[2024-12-13T17:33:12.737+0000] {processor.py:208} INFO - Processing /home/airflow/.local/lib/python3.12/site-packages/airflow/example_dags/example_xcom.py took 0.082 seconds
[2024-12-13T17:33:43.364+0000] {processor.py:186} INFO - Started process (PID=490) to work on /home/airflow/.local/lib/python3.12/site-packages/airflow/example_dags/example_xcom.py
[2024-12-13T17:33:43.365+0000] {processor.py:914} INFO - Processing file /home/airflow/.local/lib/python3.12/site-packages/airflow/example_dags/example_xcom.py for tasks to queue
[2024-12-13T17:33:43.367+0000] {logging_mixin.py:190} INFO - [2024-12-13T17:33:43.367+0000] {dagbag.py:588} INFO - Filling up the DagBag from /home/airflow/.local/lib/python3.12/site-packages/airflow/example_dags/example_xcom.py
[2024-12-13T17:33:43.375+0000] {processor.py:925} INFO - DAG(s) 'example_xcom' retrieved from /home/airflow/.local/lib/python3.12/site-packages/airflow/example_dags/example_xcom.py
[2024-12-13T17:33:43.394+0000] {logging_mixin.py:190} INFO - [2024-12-13T17:33:43.394+0000] {dag.py:3239} INFO - Sync 1 DAGs
[2024-12-13T17:33:43.415+0000] {logging_mixin.py:190} INFO - [2024-12-13T17:33:43.415+0000] {dag.py:4180} INFO - Setting next_dagrun for example_xcom to 2021-01-01 00:00:00+00:00, run_after=2021-01-01 00:00:00+00:00
[2024-12-13T17:33:43.430+0000] {processor.py:208} INFO - Processing /home/airflow/.local/lib/python3.12/site-packages/airflow/example_dags/example_xcom.py took 0.071 seconds
[2024-12-13T17:34:14.299+0000] {processor.py:186} INFO - Started process (PID=553) to work on /home/airflow/.local/lib/python3.12/site-packages/airflow/example_dags/example_xcom.py
[2024-12-13T17:34:14.300+0000] {processor.py:914} INFO - Processing file /home/airflow/.local/lib/python3.12/site-packages/airflow/example_dags/example_xcom.py for tasks to queue
[2024-12-13T17:34:14.302+0000] {logging_mixin.py:190} INFO - [2024-12-13T17:34:14.302+0000] {dagbag.py:588} INFO - Filling up the DagBag from /home/airflow/.local/lib/python3.12/site-packages/airflow/example_dags/example_xcom.py
[2024-12-13T17:34:14.310+0000] {processor.py:925} INFO - DAG(s) 'example_xcom' retrieved from /home/airflow/.local/lib/python3.12/site-packages/airflow/example_dags/example_xcom.py
[2024-12-13T17:34:14.329+0000] {logging_mixin.py:190} INFO - [2024-12-13T17:34:14.329+0000] {dag.py:3239} INFO - Sync 1 DAGs
[2024-12-13T17:34:14.348+0000] {logging_mixin.py:190} INFO - [2024-12-13T17:34:14.348+0000] {dag.py:4180} INFO - Setting next_dagrun for example_xcom to 2021-01-01 00:00:00+00:00, run_after=2021-01-01 00:00:00+00:00
[2024-12-13T17:34:14.363+0000] {processor.py:208} INFO - Processing /home/airflow/.local/lib/python3.12/site-packages/airflow/example_dags/example_xcom.py took 0.070 seconds
[2024-12-13T17:34:45.121+0000] {processor.py:186} INFO - Started process (PID=629) to work on /home/airflow/.local/lib/python3.12/site-packages/airflow/example_dags/example_xcom.py
[2024-12-13T17:34:45.122+0000] {processor.py:914} INFO - Processing file /home/airflow/.local/lib/python3.12/site-packages/airflow/example_dags/example_xcom.py for tasks to queue
[2024-12-13T17:34:45.125+0000] {logging_mixin.py:190} INFO - [2024-12-13T17:34:45.124+0000] {dagbag.py:588} INFO - Filling up the DagBag from /home/airflow/.local/lib/python3.12/site-packages/airflow/example_dags/example_xcom.py
[2024-12-13T17:34:45.133+0000] {processor.py:925} INFO - DAG(s) 'example_xcom' retrieved from /home/airflow/.local/lib/python3.12/site-packages/airflow/example_dags/example_xcom.py
[2024-12-13T17:34:45.153+0000] {logging_mixin.py:190} INFO - [2024-12-13T17:34:45.152+0000] {dag.py:3239} INFO - Sync 1 DAGs
[2024-12-13T17:34:45.173+0000] {logging_mixin.py:190} INFO - [2024-12-13T17:34:45.173+0000] {dag.py:4180} INFO - Setting next_dagrun for example_xcom to 2021-01-01 00:00:00+00:00, run_after=2021-01-01 00:00:00+00:00
[2024-12-13T17:34:45.191+0000] {processor.py:208} INFO - Processing /home/airflow/.local/lib/python3.12/site-packages/airflow/example_dags/example_xcom.py took 0.075 seconds
[2024-12-13T17:35:16.899+0000] {processor.py:186} INFO - Started process (PID=711) to work on /home/airflow/.local/lib/python3.12/site-packages/airflow/example_dags/example_xcom.py
[2024-12-13T17:35:16.900+0000] {processor.py:914} INFO - Processing file /home/airflow/.local/lib/python3.12/site-packages/airflow/example_dags/example_xcom.py for tasks to queue
[2024-12-13T17:35:16.902+0000] {logging_mixin.py:190} INFO - [2024-12-13T17:35:16.902+0000] {dagbag.py:588} INFO - Filling up the DagBag from /home/airflow/.local/lib/python3.12/site-packages/airflow/example_dags/example_xcom.py
[2024-12-13T17:35:16.911+0000] {processor.py:925} INFO - DAG(s) 'example_xcom' retrieved from /home/airflow/.local/lib/python3.12/site-packages/airflow/example_dags/example_xcom.py
[2024-12-13T17:35:16.930+0000] {logging_mixin.py:190} INFO - [2024-12-13T17:35:16.930+0000] {dag.py:3239} INFO - Sync 1 DAGs
[2024-12-13T17:35:16.950+0000] {logging_mixin.py:190} INFO - [2024-12-13T17:35:16.950+0000] {dag.py:4180} INFO - Setting next_dagrun for example_xcom to 2021-01-01 00:00:00+00:00, run_after=2021-01-01 00:00:00+00:00
[2024-12-13T17:35:16.967+0000] {processor.py:208} INFO - Processing /home/airflow/.local/lib/python3.12/site-packages/airflow/example_dags/example_xcom.py took 0.077 seconds
[2024-12-13T17:35:48.452+0000] {processor.py:186} INFO - Started process (PID=775) to work on /home/airflow/.local/lib/python3.12/site-packages/airflow/example_dags/example_xcom.py
[2024-12-13T17:35:48.454+0000] {processor.py:914} INFO - Processing file /home/airflow/.local/lib/python3.12/site-packages/airflow/example_dags/example_xcom.py for tasks to queue
[2024-12-13T17:35:48.456+0000] {logging_mixin.py:190} INFO - [2024-12-13T17:35:48.456+0000] {dagbag.py:588} INFO - Filling up the DagBag from /home/airflow/.local/lib/python3.12/site-packages/airflow/example_dags/example_xcom.py
[2024-12-13T17:35:48.465+0000] {processor.py:925} INFO - DAG(s) 'example_xcom' retrieved from /home/airflow/.local/lib/python3.12/site-packages/airflow/example_dags/example_xcom.py
[2024-12-13T17:35:48.483+0000] {logging_mixin.py:190} INFO - [2024-12-13T17:35:48.483+0000] {dag.py:3239} INFO - Sync 1 DAGs
[2024-12-13T17:35:48.503+0000] {logging_mixin.py:190} INFO - [2024-12-13T17:35:48.502+0000] {dag.py:4180} INFO - Setting next_dagrun for example_xcom to 2021-01-01 00:00:00+00:00, run_after=2021-01-01 00:00:00+00:00
[2024-12-13T17:35:48.519+0000] {processor.py:208} INFO - Processing /home/airflow/.local/lib/python3.12/site-packages/airflow/example_dags/example_xcom.py took 0.075 seconds
[2024-12-13T17:36:19.913+0000] {processor.py:186} INFO - Started process (PID=839) to work on /home/airflow/.local/lib/python3.12/site-packages/airflow/example_dags/example_xcom.py
[2024-12-13T17:36:19.914+0000] {processor.py:914} INFO - Processing file /home/airflow/.local/lib/python3.12/site-packages/airflow/example_dags/example_xcom.py for tasks to queue
[2024-12-13T17:36:19.916+0000] {logging_mixin.py:190} INFO - [2024-12-13T17:36:19.916+0000] {dagbag.py:588} INFO - Filling up the DagBag from /home/airflow/.local/lib/python3.12/site-packages/airflow/example_dags/example_xcom.py
[2024-12-13T17:36:19.925+0000] {processor.py:925} INFO - DAG(s) 'example_xcom' retrieved from /home/airflow/.local/lib/python3.12/site-packages/airflow/example_dags/example_xcom.py
[2024-12-13T17:36:19.946+0000] {logging_mixin.py:190} INFO - [2024-12-13T17:36:19.946+0000] {dag.py:3239} INFO - Sync 1 DAGs
[2024-12-13T17:36:19.967+0000] {logging_mixin.py:190} INFO - [2024-12-13T17:36:19.967+0000] {dag.py:4180} INFO - Setting next_dagrun for example_xcom to 2021-01-01 00:00:00+00:00, run_after=2021-01-01 00:00:00+00:00
[2024-12-13T17:36:19.984+0000] {processor.py:208} INFO - Processing /home/airflow/.local/lib/python3.12/site-packages/airflow/example_dags/example_xcom.py took 0.080 seconds
[2024-12-13T17:36:50.726+0000] {processor.py:186} INFO - Started process (PID=914) to work on /home/airflow/.local/lib/python3.12/site-packages/airflow/example_dags/example_xcom.py
[2024-12-13T17:36:50.727+0000] {processor.py:914} INFO - Processing file /home/airflow/.local/lib/python3.12/site-packages/airflow/example_dags/example_xcom.py for tasks to queue
[2024-12-13T17:36:50.729+0000] {logging_mixin.py:190} INFO - [2024-12-13T17:36:50.729+0000] {dagbag.py:588} INFO - Filling up the DagBag from /home/airflow/.local/lib/python3.12/site-packages/airflow/example_dags/example_xcom.py
[2024-12-13T17:36:50.737+0000] {processor.py:925} INFO - DAG(s) 'example_xcom' retrieved from /home/airflow/.local/lib/python3.12/site-packages/airflow/example_dags/example_xcom.py
[2024-12-13T17:36:50.757+0000] {logging_mixin.py:190} INFO - [2024-12-13T17:36:50.756+0000] {dag.py:3239} INFO - Sync 1 DAGs
[2024-12-13T17:36:50.778+0000] {logging_mixin.py:190} INFO - [2024-12-13T17:36:50.777+0000] {dag.py:4180} INFO - Setting next_dagrun for example_xcom to 2021-01-01 00:00:00+00:00, run_after=2021-01-01 00:00:00+00:00
[2024-12-13T17:36:50.794+0000] {processor.py:208} INFO - Processing /home/airflow/.local/lib/python3.12/site-packages/airflow/example_dags/example_xcom.py took 0.077 seconds
[2024-12-13T17:37:21.405+0000] {processor.py:186} INFO - Started process (PID=989) to work on /home/airflow/.local/lib/python3.12/site-packages/airflow/example_dags/example_xcom.py
[2024-12-13T17:37:21.406+0000] {processor.py:914} INFO - Processing file /home/airflow/.local/lib/python3.12/site-packages/airflow/example_dags/example_xcom.py for tasks to queue
[2024-12-13T17:37:21.409+0000] {logging_mixin.py:190} INFO - [2024-12-13T17:37:21.408+0000] {dagbag.py:588} INFO - Filling up the DagBag from /home/airflow/.local/lib/python3.12/site-packages/airflow/example_dags/example_xcom.py
[2024-12-13T17:37:21.417+0000] {processor.py:925} INFO - DAG(s) 'example_xcom' retrieved from /home/airflow/.local/lib/python3.12/site-packages/airflow/example_dags/example_xcom.py
[2024-12-13T17:37:21.437+0000] {logging_mixin.py:190} INFO - [2024-12-13T17:37:21.437+0000] {dag.py:3239} INFO - Sync 1 DAGs
[2024-12-13T17:37:21.458+0000] {logging_mixin.py:190} INFO - [2024-12-13T17:37:21.458+0000] {dag.py:4180} INFO - Setting next_dagrun for example_xcom to 2021-01-01 00:00:00+00:00, run_after=2021-01-01 00:00:00+00:00
[2024-12-13T17:37:21.475+0000] {processor.py:208} INFO - Processing /home/airflow/.local/lib/python3.12/site-packages/airflow/example_dags/example_xcom.py took 0.079 seconds
