[2024-12-13T17:30:30.926+0000] {processor.py:186} INFO - Started process (PID=70) to work on /home/airflow/.local/lib/python3.12/site-packages/airflow/example_dags/example_bash_decorator.py
[2024-12-13T17:30:30.927+0000] {processor.py:914} INFO - Processing file /home/airflow/.local/lib/python3.12/site-packages/airflow/example_dags/example_bash_decorator.py for tasks to queue
[2024-12-13T17:30:30.930+0000] {logging_mixin.py:190} INFO - [2024-12-13T17:30:30.930+0000] {dagbag.py:588} INFO - Filling up the DagBag from /home/airflow/.local/lib/python3.12/site-packages/airflow/example_dags/example_bash_decorator.py
[2024-12-13T17:30:30.968+0000] {processor.py:925} INFO - DAG(s) 'example_bash_decorator' retrieved from /home/airflow/.local/lib/python3.12/site-packages/airflow/example_dags/example_bash_decorator.py
[2024-12-13T17:30:31.233+0000] {logging_mixin.py:190} INFO - [2024-12-13T17:30:31.233+0000] {dag.py:3239} INFO - Sync 1 DAGs
[2024-12-13T17:30:31.250+0000] {logging_mixin.py:190} INFO - [2024-12-13T17:30:31.250+0000] {dag.py:4180} INFO - Setting next_dagrun for example_bash_decorator to None, run_after=None
[2024-12-13T17:30:31.278+0000] {processor.py:208} INFO - Processing /home/airflow/.local/lib/python3.12/site-packages/airflow/example_dags/example_bash_decorator.py took 0.363 seconds
[2024-12-13T17:31:01.837+0000] {processor.py:186} INFO - Started process (PID=134) to work on /home/airflow/.local/lib/python3.12/site-packages/airflow/example_dags/example_bash_decorator.py
[2024-12-13T17:31:01.838+0000] {processor.py:914} INFO - Processing file /home/airflow/.local/lib/python3.12/site-packages/airflow/example_dags/example_bash_decorator.py for tasks to queue
[2024-12-13T17:31:01.840+0000] {logging_mixin.py:190} INFO - [2024-12-13T17:31:01.839+0000] {dagbag.py:588} INFO - Filling up the DagBag from /home/airflow/.local/lib/python3.12/site-packages/airflow/example_dags/example_bash_decorator.py
[2024-12-13T17:31:01.854+0000] {processor.py:925} INFO - DAG(s) 'example_bash_decorator' retrieved from /home/airflow/.local/lib/python3.12/site-packages/airflow/example_dags/example_bash_decorator.py
[2024-12-13T17:31:01.876+0000] {logging_mixin.py:190} INFO - [2024-12-13T17:31:01.876+0000] {dag.py:3239} INFO - Sync 1 DAGs
[2024-12-13T17:31:01.890+0000] {logging_mixin.py:190} INFO - [2024-12-13T17:31:01.890+0000] {dag.py:4180} INFO - Setting next_dagrun for example_bash_decorator to None, run_after=None
[2024-12-13T17:31:01.909+0000] {processor.py:208} INFO - Processing /home/airflow/.local/lib/python3.12/site-packages/airflow/example_dags/example_bash_decorator.py took 0.078 seconds
[2024-12-13T17:31:32.074+0000] {processor.py:186} INFO - Started process (PID=197) to work on /home/airflow/.local/lib/python3.12/site-packages/airflow/example_dags/example_bash_decorator.py
[2024-12-13T17:31:32.074+0000] {processor.py:914} INFO - Processing file /home/airflow/.local/lib/python3.12/site-packages/airflow/example_dags/example_bash_decorator.py for tasks to queue
[2024-12-13T17:31:32.077+0000] {logging_mixin.py:190} INFO - [2024-12-13T17:31:32.077+0000] {dagbag.py:588} INFO - Filling up the DagBag from /home/airflow/.local/lib/python3.12/site-packages/airflow/example_dags/example_bash_decorator.py
[2024-12-13T17:31:32.090+0000] {processor.py:925} INFO - DAG(s) 'example_bash_decorator' retrieved from /home/airflow/.local/lib/python3.12/site-packages/airflow/example_dags/example_bash_decorator.py
[2024-12-13T17:31:32.112+0000] {logging_mixin.py:190} INFO - [2024-12-13T17:31:32.112+0000] {dag.py:3239} INFO - Sync 1 DAGs
[2024-12-13T17:31:32.126+0000] {logging_mixin.py:190} INFO - [2024-12-13T17:31:32.125+0000] {dag.py:4180} INFO - Setting next_dagrun for example_bash_decorator to None, run_after=None
[2024-12-13T17:31:32.144+0000] {processor.py:208} INFO - Processing /home/airflow/.local/lib/python3.12/site-packages/airflow/example_dags/example_bash_decorator.py took 0.076 seconds
[2024-12-13T17:32:02.261+0000] {processor.py:186} INFO - Started process (PID=260) to work on /home/airflow/.local/lib/python3.12/site-packages/airflow/example_dags/example_bash_decorator.py
[2024-12-13T17:32:02.262+0000] {processor.py:914} INFO - Processing file /home/airflow/.local/lib/python3.12/site-packages/airflow/example_dags/example_bash_decorator.py for tasks to queue
[2024-12-13T17:32:02.264+0000] {logging_mixin.py:190} INFO - [2024-12-13T17:32:02.264+0000] {dagbag.py:588} INFO - Filling up the DagBag from /home/airflow/.local/lib/python3.12/site-packages/airflow/example_dags/example_bash_decorator.py
[2024-12-13T17:32:02.278+0000] {processor.py:925} INFO - DAG(s) 'example_bash_decorator' retrieved from /home/airflow/.local/lib/python3.12/site-packages/airflow/example_dags/example_bash_decorator.py
[2024-12-13T17:32:02.299+0000] {logging_mixin.py:190} INFO - [2024-12-13T17:32:02.299+0000] {dag.py:3239} INFO - Sync 1 DAGs
[2024-12-13T17:32:02.312+0000] {logging_mixin.py:190} INFO - [2024-12-13T17:32:02.312+0000] {dag.py:4180} INFO - Setting next_dagrun for example_bash_decorator to None, run_after=None
[2024-12-13T17:32:02.328+0000] {processor.py:208} INFO - Processing /home/airflow/.local/lib/python3.12/site-packages/airflow/example_dags/example_bash_decorator.py took 0.072 seconds
[2024-12-13T17:32:32.510+0000] {processor.py:186} INFO - Started process (PID=323) to work on /home/airflow/.local/lib/python3.12/site-packages/airflow/example_dags/example_bash_decorator.py
[2024-12-13T17:32:32.511+0000] {processor.py:914} INFO - Processing file /home/airflow/.local/lib/python3.12/site-packages/airflow/example_dags/example_bash_decorator.py for tasks to queue
[2024-12-13T17:32:32.513+0000] {logging_mixin.py:190} INFO - [2024-12-13T17:32:32.513+0000] {dagbag.py:588} INFO - Filling up the DagBag from /home/airflow/.local/lib/python3.12/site-packages/airflow/example_dags/example_bash_decorator.py
[2024-12-13T17:32:32.527+0000] {processor.py:925} INFO - DAG(s) 'example_bash_decorator' retrieved from /home/airflow/.local/lib/python3.12/site-packages/airflow/example_dags/example_bash_decorator.py
[2024-12-13T17:32:32.548+0000] {logging_mixin.py:190} INFO - [2024-12-13T17:32:32.548+0000] {dag.py:3239} INFO - Sync 1 DAGs
[2024-12-13T17:32:32.561+0000] {logging_mixin.py:190} INFO - [2024-12-13T17:32:32.561+0000] {dag.py:4180} INFO - Setting next_dagrun for example_bash_decorator to None, run_after=None
[2024-12-13T17:32:32.578+0000] {processor.py:208} INFO - Processing /home/airflow/.local/lib/python3.12/site-packages/airflow/example_dags/example_bash_decorator.py took 0.076 seconds
[2024-12-13T17:33:03.162+0000] {processor.py:186} INFO - Started process (PID=386) to work on /home/airflow/.local/lib/python3.12/site-packages/airflow/example_dags/example_bash_decorator.py
[2024-12-13T17:33:03.163+0000] {processor.py:914} INFO - Processing file /home/airflow/.local/lib/python3.12/site-packages/airflow/example_dags/example_bash_decorator.py for tasks to queue
[2024-12-13T17:33:03.165+0000] {logging_mixin.py:190} INFO - [2024-12-13T17:33:03.165+0000] {dagbag.py:588} INFO - Filling up the DagBag from /home/airflow/.local/lib/python3.12/site-packages/airflow/example_dags/example_bash_decorator.py
[2024-12-13T17:33:03.180+0000] {processor.py:925} INFO - DAG(s) 'example_bash_decorator' retrieved from /home/airflow/.local/lib/python3.12/site-packages/airflow/example_dags/example_bash_decorator.py
[2024-12-13T17:33:03.203+0000] {logging_mixin.py:190} INFO - [2024-12-13T17:33:03.203+0000] {dag.py:3239} INFO - Sync 1 DAGs
[2024-12-13T17:33:03.219+0000] {logging_mixin.py:190} INFO - [2024-12-13T17:33:03.219+0000] {dag.py:4180} INFO - Setting next_dagrun for example_bash_decorator to None, run_after=None
[2024-12-13T17:33:03.235+0000] {processor.py:208} INFO - Processing /home/airflow/.local/lib/python3.12/site-packages/airflow/example_dags/example_bash_decorator.py took 0.080 seconds
[2024-12-13T17:33:33.342+0000] {processor.py:186} INFO - Started process (PID=449) to work on /home/airflow/.local/lib/python3.12/site-packages/airflow/example_dags/example_bash_decorator.py
[2024-12-13T17:33:33.343+0000] {processor.py:914} INFO - Processing file /home/airflow/.local/lib/python3.12/site-packages/airflow/example_dags/example_bash_decorator.py for tasks to queue
[2024-12-13T17:33:33.345+0000] {logging_mixin.py:190} INFO - [2024-12-13T17:33:33.345+0000] {dagbag.py:588} INFO - Filling up the DagBag from /home/airflow/.local/lib/python3.12/site-packages/airflow/example_dags/example_bash_decorator.py
[2024-12-13T17:33:33.359+0000] {processor.py:925} INFO - DAG(s) 'example_bash_decorator' retrieved from /home/airflow/.local/lib/python3.12/site-packages/airflow/example_dags/example_bash_decorator.py
[2024-12-13T17:33:33.381+0000] {logging_mixin.py:190} INFO - [2024-12-13T17:33:33.381+0000] {dag.py:3239} INFO - Sync 1 DAGs
[2024-12-13T17:33:33.394+0000] {logging_mixin.py:190} INFO - [2024-12-13T17:33:33.394+0000] {dag.py:4180} INFO - Setting next_dagrun for example_bash_decorator to None, run_after=None
[2024-12-13T17:33:33.410+0000] {processor.py:208} INFO - Processing /home/airflow/.local/lib/python3.12/site-packages/airflow/example_dags/example_bash_decorator.py took 0.075 seconds
[2024-12-13T17:34:04.023+0000] {processor.py:186} INFO - Started process (PID=512) to work on /home/airflow/.local/lib/python3.12/site-packages/airflow/example_dags/example_bash_decorator.py
[2024-12-13T17:34:04.024+0000] {processor.py:914} INFO - Processing file /home/airflow/.local/lib/python3.12/site-packages/airflow/example_dags/example_bash_decorator.py for tasks to queue
[2024-12-13T17:34:04.026+0000] {logging_mixin.py:190} INFO - [2024-12-13T17:34:04.026+0000] {dagbag.py:588} INFO - Filling up the DagBag from /home/airflow/.local/lib/python3.12/site-packages/airflow/example_dags/example_bash_decorator.py
[2024-12-13T17:34:04.041+0000] {processor.py:925} INFO - DAG(s) 'example_bash_decorator' retrieved from /home/airflow/.local/lib/python3.12/site-packages/airflow/example_dags/example_bash_decorator.py
[2024-12-13T17:34:04.065+0000] {logging_mixin.py:190} INFO - [2024-12-13T17:34:04.065+0000] {dag.py:3239} INFO - Sync 1 DAGs
[2024-12-13T17:34:04.080+0000] {logging_mixin.py:190} INFO - [2024-12-13T17:34:04.080+0000] {dag.py:4180} INFO - Setting next_dagrun for example_bash_decorator to None, run_after=None
[2024-12-13T17:34:04.099+0000] {processor.py:208} INFO - Processing /home/airflow/.local/lib/python3.12/site-packages/airflow/example_dags/example_bash_decorator.py took 0.082 seconds
[2024-12-13T17:34:34.323+0000] {processor.py:186} INFO - Started process (PID=588) to work on /home/airflow/.local/lib/python3.12/site-packages/airflow/example_dags/example_bash_decorator.py
[2024-12-13T17:34:34.324+0000] {processor.py:914} INFO - Processing file /home/airflow/.local/lib/python3.12/site-packages/airflow/example_dags/example_bash_decorator.py for tasks to queue
[2024-12-13T17:34:34.326+0000] {logging_mixin.py:190} INFO - [2024-12-13T17:34:34.326+0000] {dagbag.py:588} INFO - Filling up the DagBag from /home/airflow/.local/lib/python3.12/site-packages/airflow/example_dags/example_bash_decorator.py
[2024-12-13T17:34:34.339+0000] {processor.py:925} INFO - DAG(s) 'example_bash_decorator' retrieved from /home/airflow/.local/lib/python3.12/site-packages/airflow/example_dags/example_bash_decorator.py
[2024-12-13T17:34:34.360+0000] {logging_mixin.py:190} INFO - [2024-12-13T17:34:34.360+0000] {dag.py:3239} INFO - Sync 1 DAGs
[2024-12-13T17:34:34.374+0000] {logging_mixin.py:190} INFO - [2024-12-13T17:34:34.373+0000] {dag.py:4180} INFO - Setting next_dagrun for example_bash_decorator to None, run_after=None
[2024-12-13T17:34:34.389+0000] {processor.py:208} INFO - Processing /home/airflow/.local/lib/python3.12/site-packages/airflow/example_dags/example_bash_decorator.py took 0.072 seconds
[2024-12-13T17:35:04.680+0000] {processor.py:186} INFO - Started process (PID=670) to work on /home/airflow/.local/lib/python3.12/site-packages/airflow/example_dags/example_bash_decorator.py
[2024-12-13T17:35:04.681+0000] {processor.py:914} INFO - Processing file /home/airflow/.local/lib/python3.12/site-packages/airflow/example_dags/example_bash_decorator.py for tasks to queue
[2024-12-13T17:35:04.684+0000] {logging_mixin.py:190} INFO - [2024-12-13T17:35:04.683+0000] {dagbag.py:588} INFO - Filling up the DagBag from /home/airflow/.local/lib/python3.12/site-packages/airflow/example_dags/example_bash_decorator.py
[2024-12-13T17:35:04.696+0000] {processor.py:925} INFO - DAG(s) 'example_bash_decorator' retrieved from /home/airflow/.local/lib/python3.12/site-packages/airflow/example_dags/example_bash_decorator.py
[2024-12-13T17:35:04.718+0000] {logging_mixin.py:190} INFO - [2024-12-13T17:35:04.718+0000] {dag.py:3239} INFO - Sync 1 DAGs
[2024-12-13T17:35:04.731+0000] {logging_mixin.py:190} INFO - [2024-12-13T17:35:04.731+0000] {dag.py:4180} INFO - Setting next_dagrun for example_bash_decorator to None, run_after=None
[2024-12-13T17:35:04.745+0000] {processor.py:208} INFO - Processing /home/airflow/.local/lib/python3.12/site-packages/airflow/example_dags/example_bash_decorator.py took 0.074 seconds
[2024-12-13T17:35:35.222+0000] {processor.py:186} INFO - Started process (PID=734) to work on /home/airflow/.local/lib/python3.12/site-packages/airflow/example_dags/example_bash_decorator.py
[2024-12-13T17:35:35.223+0000] {processor.py:914} INFO - Processing file /home/airflow/.local/lib/python3.12/site-packages/airflow/example_dags/example_bash_decorator.py for tasks to queue
[2024-12-13T17:35:35.225+0000] {logging_mixin.py:190} INFO - [2024-12-13T17:35:35.225+0000] {dagbag.py:588} INFO - Filling up the DagBag from /home/airflow/.local/lib/python3.12/site-packages/airflow/example_dags/example_bash_decorator.py
[2024-12-13T17:35:35.239+0000] {processor.py:925} INFO - DAG(s) 'example_bash_decorator' retrieved from /home/airflow/.local/lib/python3.12/site-packages/airflow/example_dags/example_bash_decorator.py
[2024-12-13T17:35:35.265+0000] {logging_mixin.py:190} INFO - [2024-12-13T17:35:35.265+0000] {dag.py:3239} INFO - Sync 1 DAGs
[2024-12-13T17:35:35.280+0000] {logging_mixin.py:190} INFO - [2024-12-13T17:35:35.280+0000] {dag.py:4180} INFO - Setting next_dagrun for example_bash_decorator to None, run_after=None
[2024-12-13T17:35:35.300+0000] {processor.py:208} INFO - Processing /home/airflow/.local/lib/python3.12/site-packages/airflow/example_dags/example_bash_decorator.py took 0.089 seconds
[2024-12-13T17:36:05.618+0000] {processor.py:186} INFO - Started process (PID=798) to work on /home/airflow/.local/lib/python3.12/site-packages/airflow/example_dags/example_bash_decorator.py
[2024-12-13T17:36:05.619+0000] {processor.py:914} INFO - Processing file /home/airflow/.local/lib/python3.12/site-packages/airflow/example_dags/example_bash_decorator.py for tasks to queue
[2024-12-13T17:36:05.621+0000] {logging_mixin.py:190} INFO - [2024-12-13T17:36:05.621+0000] {dagbag.py:588} INFO - Filling up the DagBag from /home/airflow/.local/lib/python3.12/site-packages/airflow/example_dags/example_bash_decorator.py
[2024-12-13T17:36:05.634+0000] {processor.py:925} INFO - DAG(s) 'example_bash_decorator' retrieved from /home/airflow/.local/lib/python3.12/site-packages/airflow/example_dags/example_bash_decorator.py
[2024-12-13T17:36:05.655+0000] {logging_mixin.py:190} INFO - [2024-12-13T17:36:05.655+0000] {dag.py:3239} INFO - Sync 1 DAGs
[2024-12-13T17:36:05.671+0000] {logging_mixin.py:190} INFO - [2024-12-13T17:36:05.671+0000] {dag.py:4180} INFO - Setting next_dagrun for example_bash_decorator to None, run_after=None
[2024-12-13T17:36:05.687+0000] {processor.py:208} INFO - Processing /home/airflow/.local/lib/python3.12/site-packages/airflow/example_dags/example_bash_decorator.py took 0.078 seconds
[2024-12-13T17:36:36.194+0000] {processor.py:186} INFO - Started process (PID=873) to work on /home/airflow/.local/lib/python3.12/site-packages/airflow/example_dags/example_bash_decorator.py
[2024-12-13T17:36:36.195+0000] {processor.py:914} INFO - Processing file /home/airflow/.local/lib/python3.12/site-packages/airflow/example_dags/example_bash_decorator.py for tasks to queue
[2024-12-13T17:36:36.197+0000] {logging_mixin.py:190} INFO - [2024-12-13T17:36:36.197+0000] {dagbag.py:588} INFO - Filling up the DagBag from /home/airflow/.local/lib/python3.12/site-packages/airflow/example_dags/example_bash_decorator.py
[2024-12-13T17:36:36.216+0000] {processor.py:925} INFO - DAG(s) 'example_bash_decorator' retrieved from /home/airflow/.local/lib/python3.12/site-packages/airflow/example_dags/example_bash_decorator.py
[2024-12-13T17:36:36.247+0000] {logging_mixin.py:190} INFO - [2024-12-13T17:36:36.246+0000] {dag.py:3239} INFO - Sync 1 DAGs
[2024-12-13T17:36:36.267+0000] {logging_mixin.py:190} INFO - [2024-12-13T17:36:36.267+0000] {dag.py:4180} INFO - Setting next_dagrun for example_bash_decorator to None, run_after=None
[2024-12-13T17:36:36.287+0000] {processor.py:208} INFO - Processing /home/airflow/.local/lib/python3.12/site-packages/airflow/example_dags/example_bash_decorator.py took 0.104 seconds
[2024-12-13T17:37:06.662+0000] {processor.py:186} INFO - Started process (PID=948) to work on /home/airflow/.local/lib/python3.12/site-packages/airflow/example_dags/example_bash_decorator.py
[2024-12-13T17:37:06.663+0000] {processor.py:914} INFO - Processing file /home/airflow/.local/lib/python3.12/site-packages/airflow/example_dags/example_bash_decorator.py for tasks to queue
[2024-12-13T17:37:06.665+0000] {logging_mixin.py:190} INFO - [2024-12-13T17:37:06.665+0000] {dagbag.py:588} INFO - Filling up the DagBag from /home/airflow/.local/lib/python3.12/site-packages/airflow/example_dags/example_bash_decorator.py
[2024-12-13T17:37:06.678+0000] {processor.py:925} INFO - DAG(s) 'example_bash_decorator' retrieved from /home/airflow/.local/lib/python3.12/site-packages/airflow/example_dags/example_bash_decorator.py
[2024-12-13T17:37:06.704+0000] {logging_mixin.py:190} INFO - [2024-12-13T17:37:06.703+0000] {dag.py:3239} INFO - Sync 1 DAGs
[2024-12-13T17:37:06.717+0000] {logging_mixin.py:190} INFO - [2024-12-13T17:37:06.717+0000] {dag.py:4180} INFO - Setting next_dagrun for example_bash_decorator to None, run_after=None
[2024-12-13T17:37:06.732+0000] {processor.py:208} INFO - Processing /home/airflow/.local/lib/python3.12/site-packages/airflow/example_dags/example_bash_decorator.py took 0.079 seconds
