[2024-12-13T17:30:37.172+0000] {processor.py:186} INFO - Started process (PID=121) to work on /home/airflow/.local/lib/python3.12/site-packages/airflow/example_dags/example_dataset_alias_with_no_taskflow.py
[2024-12-13T17:30:37.173+0000] {processor.py:914} INFO - Processing file /home/airflow/.local/lib/python3.12/site-packages/airflow/example_dags/example_dataset_alias_with_no_taskflow.py for tasks to queue
[2024-12-13T17:30:37.175+0000] {logging_mixin.py:190} INFO - [2024-12-13T17:30:37.175+0000] {dagbag.py:588} INFO - Filling up the DagBag from /home/airflow/.local/lib/python3.12/site-packages/airflow/example_dags/example_dataset_alias_with_no_taskflow.py
[2024-12-13T17:30:37.806+0000] {processor.py:925} INFO - DAG(s) 'dataset_alias_example_alias_producer_with_no_taskflow', 'dataset_s3_bucket_producer_with_no_taskflow', 'dataset_s3_bucket_consumer_with_no_taskflow', 'dataset_alias_example_alias_consumer_with_no_taskflow' retrieved from /home/airflow/.local/lib/python3.12/site-packages/airflow/example_dags/example_dataset_alias_with_no_taskflow.py
[2024-12-13T17:30:37.827+0000] {logging_mixin.py:190} INFO - [2024-12-13T17:30:37.827+0000] {dag.py:3239} INFO - Sync 4 DAGs
[2024-12-13T17:30:37.851+0000] {logging_mixin.py:190} INFO - [2024-12-13T17:30:37.850+0000] {dag.py:4180} INFO - Setting next_dagrun for dataset_alias_example_alias_consumer_with_no_taskflow to None, run_after=None
[2024-12-13T17:30:37.854+0000] {logging_mixin.py:190} INFO - [2024-12-13T17:30:37.854+0000] {dag.py:4180} INFO - Setting next_dagrun for dataset_alias_example_alias_producer_with_no_taskflow to None, run_after=None
[2024-12-13T17:30:37.856+0000] {logging_mixin.py:190} INFO - [2024-12-13T17:30:37.855+0000] {dag.py:4180} INFO - Setting next_dagrun for dataset_s3_bucket_consumer_with_no_taskflow to None, run_after=None
[2024-12-13T17:30:37.857+0000] {logging_mixin.py:190} INFO - [2024-12-13T17:30:37.857+0000] {dag.py:4180} INFO - Setting next_dagrun for dataset_s3_bucket_producer_with_no_taskflow to None, run_after=None
[2024-12-13T17:30:37.878+0000] {processor.py:208} INFO - Processing /home/airflow/.local/lib/python3.12/site-packages/airflow/example_dags/example_dataset_alias_with_no_taskflow.py took 0.712 seconds
[2024-12-13T17:31:08.707+0000] {processor.py:186} INFO - Started process (PID=190) to work on /home/airflow/.local/lib/python3.12/site-packages/airflow/example_dags/example_dataset_alias_with_no_taskflow.py
[2024-12-13T17:31:08.708+0000] {processor.py:914} INFO - Processing file /home/airflow/.local/lib/python3.12/site-packages/airflow/example_dags/example_dataset_alias_with_no_taskflow.py for tasks to queue
[2024-12-13T17:31:08.710+0000] {logging_mixin.py:190} INFO - [2024-12-13T17:31:08.710+0000] {dagbag.py:588} INFO - Filling up the DagBag from /home/airflow/.local/lib/python3.12/site-packages/airflow/example_dags/example_dataset_alias_with_no_taskflow.py
[2024-12-13T17:31:09.295+0000] {processor.py:925} INFO - DAG(s) 'dataset_s3_bucket_producer_with_no_taskflow', 'dataset_alias_example_alias_consumer_with_no_taskflow', 'dataset_alias_example_alias_producer_with_no_taskflow', 'dataset_s3_bucket_consumer_with_no_taskflow' retrieved from /home/airflow/.local/lib/python3.12/site-packages/airflow/example_dags/example_dataset_alias_with_no_taskflow.py
[2024-12-13T17:31:09.316+0000] {logging_mixin.py:190} INFO - [2024-12-13T17:31:09.315+0000] {dag.py:3239} INFO - Sync 4 DAGs
[2024-12-13T17:31:09.338+0000] {logging_mixin.py:190} INFO - [2024-12-13T17:31:09.337+0000] {dag.py:4180} INFO - Setting next_dagrun for dataset_alias_example_alias_consumer_with_no_taskflow to None, run_after=None
[2024-12-13T17:31:09.340+0000] {logging_mixin.py:190} INFO - [2024-12-13T17:31:09.340+0000] {dag.py:4180} INFO - Setting next_dagrun for dataset_alias_example_alias_producer_with_no_taskflow to None, run_after=None
[2024-12-13T17:31:09.341+0000] {logging_mixin.py:190} INFO - [2024-12-13T17:31:09.341+0000] {dag.py:4180} INFO - Setting next_dagrun for dataset_s3_bucket_consumer_with_no_taskflow to None, run_after=None
[2024-12-13T17:31:09.343+0000] {logging_mixin.py:190} INFO - [2024-12-13T17:31:09.342+0000] {dag.py:4180} INFO - Setting next_dagrun for dataset_s3_bucket_producer_with_no_taskflow to None, run_after=None
[2024-12-13T17:31:09.361+0000] {processor.py:208} INFO - Processing /home/airflow/.local/lib/python3.12/site-packages/airflow/example_dags/example_dataset_alias_with_no_taskflow.py took 0.659 seconds
[2024-12-13T17:31:40.037+0000] {processor.py:186} INFO - Started process (PID=253) to work on /home/airflow/.local/lib/python3.12/site-packages/airflow/example_dags/example_dataset_alias_with_no_taskflow.py
[2024-12-13T17:31:40.038+0000] {processor.py:914} INFO - Processing file /home/airflow/.local/lib/python3.12/site-packages/airflow/example_dags/example_dataset_alias_with_no_taskflow.py for tasks to queue
[2024-12-13T17:31:40.041+0000] {logging_mixin.py:190} INFO - [2024-12-13T17:31:40.040+0000] {dagbag.py:588} INFO - Filling up the DagBag from /home/airflow/.local/lib/python3.12/site-packages/airflow/example_dags/example_dataset_alias_with_no_taskflow.py
[2024-12-13T17:31:40.600+0000] {processor.py:925} INFO - DAG(s) 'dataset_s3_bucket_producer_with_no_taskflow', 'dataset_alias_example_alias_producer_with_no_taskflow', 'dataset_alias_example_alias_consumer_with_no_taskflow', 'dataset_s3_bucket_consumer_with_no_taskflow' retrieved from /home/airflow/.local/lib/python3.12/site-packages/airflow/example_dags/example_dataset_alias_with_no_taskflow.py
[2024-12-13T17:31:40.624+0000] {logging_mixin.py:190} INFO - [2024-12-13T17:31:40.624+0000] {dag.py:3239} INFO - Sync 4 DAGs
[2024-12-13T17:31:40.650+0000] {logging_mixin.py:190} INFO - [2024-12-13T17:31:40.649+0000] {dag.py:4180} INFO - Setting next_dagrun for dataset_alias_example_alias_consumer_with_no_taskflow to None, run_after=None
[2024-12-13T17:31:40.652+0000] {logging_mixin.py:190} INFO - [2024-12-13T17:31:40.652+0000] {dag.py:4180} INFO - Setting next_dagrun for dataset_alias_example_alias_producer_with_no_taskflow to None, run_after=None
[2024-12-13T17:31:40.654+0000] {logging_mixin.py:190} INFO - [2024-12-13T17:31:40.654+0000] {dag.py:4180} INFO - Setting next_dagrun for dataset_s3_bucket_consumer_with_no_taskflow to None, run_after=None
[2024-12-13T17:31:40.656+0000] {logging_mixin.py:190} INFO - [2024-12-13T17:31:40.656+0000] {dag.py:4180} INFO - Setting next_dagrun for dataset_s3_bucket_producer_with_no_taskflow to None, run_after=None
[2024-12-13T17:31:40.677+0000] {processor.py:208} INFO - Processing /home/airflow/.local/lib/python3.12/site-packages/airflow/example_dags/example_dataset_alias_with_no_taskflow.py took 0.646 seconds
[2024-12-13T17:32:11.407+0000] {processor.py:186} INFO - Started process (PID=316) to work on /home/airflow/.local/lib/python3.12/site-packages/airflow/example_dags/example_dataset_alias_with_no_taskflow.py
[2024-12-13T17:32:11.408+0000] {processor.py:914} INFO - Processing file /home/airflow/.local/lib/python3.12/site-packages/airflow/example_dags/example_dataset_alias_with_no_taskflow.py for tasks to queue
[2024-12-13T17:32:11.410+0000] {logging_mixin.py:190} INFO - [2024-12-13T17:32:11.410+0000] {dagbag.py:588} INFO - Filling up the DagBag from /home/airflow/.local/lib/python3.12/site-packages/airflow/example_dags/example_dataset_alias_with_no_taskflow.py
[2024-12-13T17:32:11.928+0000] {processor.py:925} INFO - DAG(s) 'dataset_alias_example_alias_consumer_with_no_taskflow', 'dataset_s3_bucket_consumer_with_no_taskflow', 'dataset_alias_example_alias_producer_with_no_taskflow', 'dataset_s3_bucket_producer_with_no_taskflow' retrieved from /home/airflow/.local/lib/python3.12/site-packages/airflow/example_dags/example_dataset_alias_with_no_taskflow.py
[2024-12-13T17:32:11.948+0000] {logging_mixin.py:190} INFO - [2024-12-13T17:32:11.948+0000] {dag.py:3239} INFO - Sync 4 DAGs
[2024-12-13T17:32:11.967+0000] {logging_mixin.py:190} INFO - [2024-12-13T17:32:11.967+0000] {dag.py:4180} INFO - Setting next_dagrun for dataset_alias_example_alias_consumer_with_no_taskflow to None, run_after=None
[2024-12-13T17:32:11.970+0000] {logging_mixin.py:190} INFO - [2024-12-13T17:32:11.969+0000] {dag.py:4180} INFO - Setting next_dagrun for dataset_alias_example_alias_producer_with_no_taskflow to None, run_after=None
[2024-12-13T17:32:11.971+0000] {logging_mixin.py:190} INFO - [2024-12-13T17:32:11.971+0000] {dag.py:4180} INFO - Setting next_dagrun for dataset_s3_bucket_consumer_with_no_taskflow to None, run_after=None
[2024-12-13T17:32:11.973+0000] {logging_mixin.py:190} INFO - [2024-12-13T17:32:11.973+0000] {dag.py:4180} INFO - Setting next_dagrun for dataset_s3_bucket_producer_with_no_taskflow to None, run_after=None
[2024-12-13T17:32:11.990+0000] {processor.py:208} INFO - Processing /home/airflow/.local/lib/python3.12/site-packages/airflow/example_dags/example_dataset_alias_with_no_taskflow.py took 0.589 seconds
[2024-12-13T17:32:42.217+0000] {processor.py:186} INFO - Started process (PID=374) to work on /home/airflow/.local/lib/python3.12/site-packages/airflow/example_dags/example_dataset_alias_with_no_taskflow.py
[2024-12-13T17:32:42.218+0000] {processor.py:914} INFO - Processing file /home/airflow/.local/lib/python3.12/site-packages/airflow/example_dags/example_dataset_alias_with_no_taskflow.py for tasks to queue
[2024-12-13T17:32:42.221+0000] {logging_mixin.py:190} INFO - [2024-12-13T17:32:42.221+0000] {dagbag.py:588} INFO - Filling up the DagBag from /home/airflow/.local/lib/python3.12/site-packages/airflow/example_dags/example_dataset_alias_with_no_taskflow.py
[2024-12-13T17:32:42.730+0000] {processor.py:925} INFO - DAG(s) 'dataset_alias_example_alias_producer_with_no_taskflow', 'dataset_s3_bucket_consumer_with_no_taskflow', 'dataset_alias_example_alias_consumer_with_no_taskflow', 'dataset_s3_bucket_producer_with_no_taskflow' retrieved from /home/airflow/.local/lib/python3.12/site-packages/airflow/example_dags/example_dataset_alias_with_no_taskflow.py
[2024-12-13T17:32:42.749+0000] {logging_mixin.py:190} INFO - [2024-12-13T17:32:42.749+0000] {dag.py:3239} INFO - Sync 4 DAGs
[2024-12-13T17:32:42.769+0000] {logging_mixin.py:190} INFO - [2024-12-13T17:32:42.768+0000] {dag.py:4180} INFO - Setting next_dagrun for dataset_alias_example_alias_consumer_with_no_taskflow to None, run_after=None
[2024-12-13T17:32:42.771+0000] {logging_mixin.py:190} INFO - [2024-12-13T17:32:42.771+0000] {dag.py:4180} INFO - Setting next_dagrun for dataset_alias_example_alias_producer_with_no_taskflow to None, run_after=None
[2024-12-13T17:32:42.772+0000] {logging_mixin.py:190} INFO - [2024-12-13T17:32:42.772+0000] {dag.py:4180} INFO - Setting next_dagrun for dataset_s3_bucket_consumer_with_no_taskflow to None, run_after=None
[2024-12-13T17:32:42.774+0000] {logging_mixin.py:190} INFO - [2024-12-13T17:32:42.774+0000] {dag.py:4180} INFO - Setting next_dagrun for dataset_s3_bucket_producer_with_no_taskflow to None, run_after=None
[2024-12-13T17:32:42.792+0000] {processor.py:208} INFO - Processing /home/airflow/.local/lib/python3.12/site-packages/airflow/example_dags/example_dataset_alias_with_no_taskflow.py took 0.580 seconds
[2024-12-13T17:33:13.404+0000] {processor.py:186} INFO - Started process (PID=437) to work on /home/airflow/.local/lib/python3.12/site-packages/airflow/example_dags/example_dataset_alias_with_no_taskflow.py
[2024-12-13T17:33:13.405+0000] {processor.py:914} INFO - Processing file /home/airflow/.local/lib/python3.12/site-packages/airflow/example_dags/example_dataset_alias_with_no_taskflow.py for tasks to queue
[2024-12-13T17:33:13.408+0000] {logging_mixin.py:190} INFO - [2024-12-13T17:33:13.407+0000] {dagbag.py:588} INFO - Filling up the DagBag from /home/airflow/.local/lib/python3.12/site-packages/airflow/example_dags/example_dataset_alias_with_no_taskflow.py
[2024-12-13T17:33:13.973+0000] {processor.py:925} INFO - DAG(s) 'dataset_s3_bucket_producer_with_no_taskflow', 'dataset_s3_bucket_consumer_with_no_taskflow', 'dataset_alias_example_alias_producer_with_no_taskflow', 'dataset_alias_example_alias_consumer_with_no_taskflow' retrieved from /home/airflow/.local/lib/python3.12/site-packages/airflow/example_dags/example_dataset_alias_with_no_taskflow.py
[2024-12-13T17:33:13.997+0000] {logging_mixin.py:190} INFO - [2024-12-13T17:33:13.996+0000] {dag.py:3239} INFO - Sync 4 DAGs
[2024-12-13T17:33:14.020+0000] {logging_mixin.py:190} INFO - [2024-12-13T17:33:14.020+0000] {dag.py:4180} INFO - Setting next_dagrun for dataset_alias_example_alias_consumer_with_no_taskflow to None, run_after=None
[2024-12-13T17:33:14.023+0000] {logging_mixin.py:190} INFO - [2024-12-13T17:33:14.023+0000] {dag.py:4180} INFO - Setting next_dagrun for dataset_alias_example_alias_producer_with_no_taskflow to None, run_after=None
[2024-12-13T17:33:14.024+0000] {logging_mixin.py:190} INFO - [2024-12-13T17:33:14.024+0000] {dag.py:4180} INFO - Setting next_dagrun for dataset_s3_bucket_consumer_with_no_taskflow to None, run_after=None
[2024-12-13T17:33:14.026+0000] {logging_mixin.py:190} INFO - [2024-12-13T17:33:14.025+0000] {dag.py:4180} INFO - Setting next_dagrun for dataset_s3_bucket_producer_with_no_taskflow to None, run_after=None
[2024-12-13T17:33:14.044+0000] {processor.py:208} INFO - Processing /home/airflow/.local/lib/python3.12/site-packages/airflow/example_dags/example_dataset_alias_with_no_taskflow.py took 0.646 seconds
[2024-12-13T17:33:44.088+0000] {processor.py:186} INFO - Started process (PID=505) to work on /home/airflow/.local/lib/python3.12/site-packages/airflow/example_dags/example_dataset_alias_with_no_taskflow.py
[2024-12-13T17:33:44.089+0000] {processor.py:914} INFO - Processing file /home/airflow/.local/lib/python3.12/site-packages/airflow/example_dags/example_dataset_alias_with_no_taskflow.py for tasks to queue
[2024-12-13T17:33:44.092+0000] {logging_mixin.py:190} INFO - [2024-12-13T17:33:44.091+0000] {dagbag.py:588} INFO - Filling up the DagBag from /home/airflow/.local/lib/python3.12/site-packages/airflow/example_dags/example_dataset_alias_with_no_taskflow.py
[2024-12-13T17:33:44.640+0000] {processor.py:925} INFO - DAG(s) 'dataset_s3_bucket_consumer_with_no_taskflow', 'dataset_alias_example_alias_consumer_with_no_taskflow', 'dataset_alias_example_alias_producer_with_no_taskflow', 'dataset_s3_bucket_producer_with_no_taskflow' retrieved from /home/airflow/.local/lib/python3.12/site-packages/airflow/example_dags/example_dataset_alias_with_no_taskflow.py
[2024-12-13T17:33:44.659+0000] {logging_mixin.py:190} INFO - [2024-12-13T17:33:44.659+0000] {dag.py:3239} INFO - Sync 4 DAGs
[2024-12-13T17:33:44.680+0000] {logging_mixin.py:190} INFO - [2024-12-13T17:33:44.680+0000] {dag.py:4180} INFO - Setting next_dagrun for dataset_alias_example_alias_consumer_with_no_taskflow to None, run_after=None
[2024-12-13T17:33:44.683+0000] {logging_mixin.py:190} INFO - [2024-12-13T17:33:44.683+0000] {dag.py:4180} INFO - Setting next_dagrun for dataset_alias_example_alias_producer_with_no_taskflow to None, run_after=None
[2024-12-13T17:33:44.684+0000] {logging_mixin.py:190} INFO - [2024-12-13T17:33:44.684+0000] {dag.py:4180} INFO - Setting next_dagrun for dataset_s3_bucket_consumer_with_no_taskflow to None, run_after=None
[2024-12-13T17:33:44.685+0000] {logging_mixin.py:190} INFO - [2024-12-13T17:33:44.685+0000] {dag.py:4180} INFO - Setting next_dagrun for dataset_s3_bucket_producer_with_no_taskflow to None, run_after=None
[2024-12-13T17:33:44.706+0000] {processor.py:208} INFO - Processing /home/airflow/.local/lib/python3.12/site-packages/airflow/example_dags/example_dataset_alias_with_no_taskflow.py took 0.623 seconds
[2024-12-13T17:34:14.987+0000] {processor.py:186} INFO - Started process (PID=568) to work on /home/airflow/.local/lib/python3.12/site-packages/airflow/example_dags/example_dataset_alias_with_no_taskflow.py
[2024-12-13T17:34:14.988+0000] {processor.py:914} INFO - Processing file /home/airflow/.local/lib/python3.12/site-packages/airflow/example_dags/example_dataset_alias_with_no_taskflow.py for tasks to queue
[2024-12-13T17:34:14.990+0000] {logging_mixin.py:190} INFO - [2024-12-13T17:34:14.990+0000] {dagbag.py:588} INFO - Filling up the DagBag from /home/airflow/.local/lib/python3.12/site-packages/airflow/example_dags/example_dataset_alias_with_no_taskflow.py
[2024-12-13T17:34:15.531+0000] {processor.py:925} INFO - DAG(s) 'dataset_s3_bucket_consumer_with_no_taskflow', 'dataset_s3_bucket_producer_with_no_taskflow', 'dataset_alias_example_alias_consumer_with_no_taskflow', 'dataset_alias_example_alias_producer_with_no_taskflow' retrieved from /home/airflow/.local/lib/python3.12/site-packages/airflow/example_dags/example_dataset_alias_with_no_taskflow.py
[2024-12-13T17:34:15.551+0000] {logging_mixin.py:190} INFO - [2024-12-13T17:34:15.550+0000] {dag.py:3239} INFO - Sync 4 DAGs
[2024-12-13T17:34:15.571+0000] {logging_mixin.py:190} INFO - [2024-12-13T17:34:15.570+0000] {dag.py:4180} INFO - Setting next_dagrun for dataset_alias_example_alias_consumer_with_no_taskflow to None, run_after=None
[2024-12-13T17:34:15.573+0000] {logging_mixin.py:190} INFO - [2024-12-13T17:34:15.573+0000] {dag.py:4180} INFO - Setting next_dagrun for dataset_alias_example_alias_producer_with_no_taskflow to None, run_after=None
[2024-12-13T17:34:15.575+0000] {logging_mixin.py:190} INFO - [2024-12-13T17:34:15.575+0000] {dag.py:4180} INFO - Setting next_dagrun for dataset_s3_bucket_consumer_with_no_taskflow to None, run_after=None
[2024-12-13T17:34:15.576+0000] {logging_mixin.py:190} INFO - [2024-12-13T17:34:15.576+0000] {dag.py:4180} INFO - Setting next_dagrun for dataset_s3_bucket_producer_with_no_taskflow to None, run_after=None
[2024-12-13T17:34:15.596+0000] {processor.py:208} INFO - Processing /home/airflow/.local/lib/python3.12/site-packages/airflow/example_dags/example_dataset_alias_with_no_taskflow.py took 0.615 seconds
[2024-12-13T17:34:45.888+0000] {processor.py:186} INFO - Started process (PID=638) to work on /home/airflow/.local/lib/python3.12/site-packages/airflow/example_dags/example_dataset_alias_with_no_taskflow.py
[2024-12-13T17:34:45.889+0000] {processor.py:914} INFO - Processing file /home/airflow/.local/lib/python3.12/site-packages/airflow/example_dags/example_dataset_alias_with_no_taskflow.py for tasks to queue
[2024-12-13T17:34:45.891+0000] {logging_mixin.py:190} INFO - [2024-12-13T17:34:45.891+0000] {dagbag.py:588} INFO - Filling up the DagBag from /home/airflow/.local/lib/python3.12/site-packages/airflow/example_dags/example_dataset_alias_with_no_taskflow.py
[2024-12-13T17:34:46.458+0000] {processor.py:925} INFO - DAG(s) 'dataset_s3_bucket_producer_with_no_taskflow', 'dataset_alias_example_alias_producer_with_no_taskflow', 'dataset_s3_bucket_consumer_with_no_taskflow', 'dataset_alias_example_alias_consumer_with_no_taskflow' retrieved from /home/airflow/.local/lib/python3.12/site-packages/airflow/example_dags/example_dataset_alias_with_no_taskflow.py
[2024-12-13T17:34:46.477+0000] {logging_mixin.py:190} INFO - [2024-12-13T17:34:46.476+0000] {dag.py:3239} INFO - Sync 4 DAGs
[2024-12-13T17:34:46.495+0000] {logging_mixin.py:190} INFO - [2024-12-13T17:34:46.495+0000] {dag.py:4180} INFO - Setting next_dagrun for dataset_alias_example_alias_consumer_with_no_taskflow to None, run_after=None
[2024-12-13T17:34:46.498+0000] {logging_mixin.py:190} INFO - [2024-12-13T17:34:46.498+0000] {dag.py:4180} INFO - Setting next_dagrun for dataset_alias_example_alias_producer_with_no_taskflow to None, run_after=None
[2024-12-13T17:34:46.499+0000] {logging_mixin.py:190} INFO - [2024-12-13T17:34:46.499+0000] {dag.py:4180} INFO - Setting next_dagrun for dataset_s3_bucket_consumer_with_no_taskflow to None, run_after=None
[2024-12-13T17:34:46.501+0000] {logging_mixin.py:190} INFO - [2024-12-13T17:34:46.500+0000] {dag.py:4180} INFO - Setting next_dagrun for dataset_s3_bucket_producer_with_no_taskflow to None, run_after=None
[2024-12-13T17:34:46.518+0000] {processor.py:208} INFO - Processing /home/airflow/.local/lib/python3.12/site-packages/airflow/example_dags/example_dataset_alias_with_no_taskflow.py took 0.638 seconds
[2024-12-13T17:35:17.331+0000] {processor.py:186} INFO - Started process (PID=720) to work on /home/airflow/.local/lib/python3.12/site-packages/airflow/example_dags/example_dataset_alias_with_no_taskflow.py
[2024-12-13T17:35:17.332+0000] {processor.py:914} INFO - Processing file /home/airflow/.local/lib/python3.12/site-packages/airflow/example_dags/example_dataset_alias_with_no_taskflow.py for tasks to queue
[2024-12-13T17:35:17.335+0000] {logging_mixin.py:190} INFO - [2024-12-13T17:35:17.335+0000] {dagbag.py:588} INFO - Filling up the DagBag from /home/airflow/.local/lib/python3.12/site-packages/airflow/example_dags/example_dataset_alias_with_no_taskflow.py
[2024-12-13T17:35:17.885+0000] {processor.py:925} INFO - DAG(s) 'dataset_alias_example_alias_producer_with_no_taskflow', 'dataset_s3_bucket_producer_with_no_taskflow', 'dataset_alias_example_alias_consumer_with_no_taskflow', 'dataset_s3_bucket_consumer_with_no_taskflow' retrieved from /home/airflow/.local/lib/python3.12/site-packages/airflow/example_dags/example_dataset_alias_with_no_taskflow.py
[2024-12-13T17:35:17.904+0000] {logging_mixin.py:190} INFO - [2024-12-13T17:35:17.903+0000] {dag.py:3239} INFO - Sync 4 DAGs
[2024-12-13T17:35:17.923+0000] {logging_mixin.py:190} INFO - [2024-12-13T17:35:17.923+0000] {dag.py:4180} INFO - Setting next_dagrun for dataset_alias_example_alias_consumer_with_no_taskflow to None, run_after=None
[2024-12-13T17:35:17.926+0000] {logging_mixin.py:190} INFO - [2024-12-13T17:35:17.926+0000] {dag.py:4180} INFO - Setting next_dagrun for dataset_alias_example_alias_producer_with_no_taskflow to None, run_after=None
[2024-12-13T17:35:17.927+0000] {logging_mixin.py:190} INFO - [2024-12-13T17:35:17.927+0000] {dag.py:4180} INFO - Setting next_dagrun for dataset_s3_bucket_consumer_with_no_taskflow to None, run_after=None
[2024-12-13T17:35:17.929+0000] {logging_mixin.py:190} INFO - [2024-12-13T17:35:17.928+0000] {dag.py:4180} INFO - Setting next_dagrun for dataset_s3_bucket_producer_with_no_taskflow to None, run_after=None
[2024-12-13T17:35:17.947+0000] {processor.py:208} INFO - Processing /home/airflow/.local/lib/python3.12/site-packages/airflow/example_dags/example_dataset_alias_with_no_taskflow.py took 0.624 seconds
[2024-12-13T17:35:48.981+0000] {processor.py:186} INFO - Started process (PID=784) to work on /home/airflow/.local/lib/python3.12/site-packages/airflow/example_dags/example_dataset_alias_with_no_taskflow.py
[2024-12-13T17:35:48.982+0000] {processor.py:914} INFO - Processing file /home/airflow/.local/lib/python3.12/site-packages/airflow/example_dags/example_dataset_alias_with_no_taskflow.py for tasks to queue
[2024-12-13T17:35:48.984+0000] {logging_mixin.py:190} INFO - [2024-12-13T17:35:48.984+0000] {dagbag.py:588} INFO - Filling up the DagBag from /home/airflow/.local/lib/python3.12/site-packages/airflow/example_dags/example_dataset_alias_with_no_taskflow.py
[2024-12-13T17:35:49.515+0000] {processor.py:925} INFO - DAG(s) 'dataset_s3_bucket_producer_with_no_taskflow', 'dataset_alias_example_alias_producer_with_no_taskflow', 'dataset_alias_example_alias_consumer_with_no_taskflow', 'dataset_s3_bucket_consumer_with_no_taskflow' retrieved from /home/airflow/.local/lib/python3.12/site-packages/airflow/example_dags/example_dataset_alias_with_no_taskflow.py
[2024-12-13T17:35:49.536+0000] {logging_mixin.py:190} INFO - [2024-12-13T17:35:49.536+0000] {dag.py:3239} INFO - Sync 4 DAGs
[2024-12-13T17:35:49.563+0000] {logging_mixin.py:190} INFO - [2024-12-13T17:35:49.563+0000] {dag.py:4180} INFO - Setting next_dagrun for dataset_alias_example_alias_consumer_with_no_taskflow to None, run_after=None
[2024-12-13T17:35:49.567+0000] {logging_mixin.py:190} INFO - [2024-12-13T17:35:49.567+0000] {dag.py:4180} INFO - Setting next_dagrun for dataset_alias_example_alias_producer_with_no_taskflow to None, run_after=None
[2024-12-13T17:35:49.570+0000] {logging_mixin.py:190} INFO - [2024-12-13T17:35:49.569+0000] {dag.py:4180} INFO - Setting next_dagrun for dataset_s3_bucket_consumer_with_no_taskflow to None, run_after=None
[2024-12-13T17:35:49.571+0000] {logging_mixin.py:190} INFO - [2024-12-13T17:35:49.571+0000] {dag.py:4180} INFO - Setting next_dagrun for dataset_s3_bucket_producer_with_no_taskflow to None, run_after=None
[2024-12-13T17:35:49.595+0000] {processor.py:208} INFO - Processing /home/airflow/.local/lib/python3.12/site-packages/airflow/example_dags/example_dataset_alias_with_no_taskflow.py took 0.624 seconds
[2024-12-13T17:36:20.409+0000] {processor.py:186} INFO - Started process (PID=848) to work on /home/airflow/.local/lib/python3.12/site-packages/airflow/example_dags/example_dataset_alias_with_no_taskflow.py
[2024-12-13T17:36:20.411+0000] {processor.py:914} INFO - Processing file /home/airflow/.local/lib/python3.12/site-packages/airflow/example_dags/example_dataset_alias_with_no_taskflow.py for tasks to queue
[2024-12-13T17:36:20.413+0000] {logging_mixin.py:190} INFO - [2024-12-13T17:36:20.412+0000] {dagbag.py:588} INFO - Filling up the DagBag from /home/airflow/.local/lib/python3.12/site-packages/airflow/example_dags/example_dataset_alias_with_no_taskflow.py
[2024-12-13T17:36:20.957+0000] {processor.py:925} INFO - DAG(s) 'dataset_s3_bucket_consumer_with_no_taskflow', 'dataset_s3_bucket_producer_with_no_taskflow', 'dataset_alias_example_alias_producer_with_no_taskflow', 'dataset_alias_example_alias_consumer_with_no_taskflow' retrieved from /home/airflow/.local/lib/python3.12/site-packages/airflow/example_dags/example_dataset_alias_with_no_taskflow.py
[2024-12-13T17:36:20.976+0000] {logging_mixin.py:190} INFO - [2024-12-13T17:36:20.976+0000] {dag.py:3239} INFO - Sync 4 DAGs
[2024-12-13T17:36:20.996+0000] {logging_mixin.py:190} INFO - [2024-12-13T17:36:20.996+0000] {dag.py:4180} INFO - Setting next_dagrun for dataset_alias_example_alias_consumer_with_no_taskflow to None, run_after=None
[2024-12-13T17:36:20.998+0000] {logging_mixin.py:190} INFO - [2024-12-13T17:36:20.998+0000] {dag.py:4180} INFO - Setting next_dagrun for dataset_alias_example_alias_producer_with_no_taskflow to None, run_after=None
[2024-12-13T17:36:21.000+0000] {logging_mixin.py:190} INFO - [2024-12-13T17:36:21.000+0000] {dag.py:4180} INFO - Setting next_dagrun for dataset_s3_bucket_consumer_with_no_taskflow to None, run_after=None
[2024-12-13T17:36:21.001+0000] {logging_mixin.py:190} INFO - [2024-12-13T17:36:21.001+0000] {dag.py:4180} INFO - Setting next_dagrun for dataset_s3_bucket_producer_with_no_taskflow to None, run_after=None
[2024-12-13T17:36:21.019+0000] {processor.py:208} INFO - Processing /home/airflow/.local/lib/python3.12/site-packages/airflow/example_dags/example_dataset_alias_with_no_taskflow.py took 0.621 seconds
[2024-12-13T17:36:51.400+0000] {processor.py:186} INFO - Started process (PID=929) to work on /home/airflow/.local/lib/python3.12/site-packages/airflow/example_dags/example_dataset_alias_with_no_taskflow.py
[2024-12-13T17:36:51.401+0000] {processor.py:914} INFO - Processing file /home/airflow/.local/lib/python3.12/site-packages/airflow/example_dags/example_dataset_alias_with_no_taskflow.py for tasks to queue
[2024-12-13T17:36:51.403+0000] {logging_mixin.py:190} INFO - [2024-12-13T17:36:51.403+0000] {dagbag.py:588} INFO - Filling up the DagBag from /home/airflow/.local/lib/python3.12/site-packages/airflow/example_dags/example_dataset_alias_with_no_taskflow.py
[2024-12-13T17:36:51.924+0000] {processor.py:925} INFO - DAG(s) 'dataset_s3_bucket_producer_with_no_taskflow', 'dataset_s3_bucket_consumer_with_no_taskflow', 'dataset_alias_example_alias_consumer_with_no_taskflow', 'dataset_alias_example_alias_producer_with_no_taskflow' retrieved from /home/airflow/.local/lib/python3.12/site-packages/airflow/example_dags/example_dataset_alias_with_no_taskflow.py
[2024-12-13T17:36:51.943+0000] {logging_mixin.py:190} INFO - [2024-12-13T17:36:51.942+0000] {dag.py:3239} INFO - Sync 4 DAGs
[2024-12-13T17:36:51.964+0000] {logging_mixin.py:190} INFO - [2024-12-13T17:36:51.963+0000] {dag.py:4180} INFO - Setting next_dagrun for dataset_alias_example_alias_consumer_with_no_taskflow to None, run_after=None
[2024-12-13T17:36:51.967+0000] {logging_mixin.py:190} INFO - [2024-12-13T17:36:51.966+0000] {dag.py:4180} INFO - Setting next_dagrun for dataset_alias_example_alias_producer_with_no_taskflow to None, run_after=None
[2024-12-13T17:36:51.968+0000] {logging_mixin.py:190} INFO - [2024-12-13T17:36:51.968+0000] {dag.py:4180} INFO - Setting next_dagrun for dataset_s3_bucket_consumer_with_no_taskflow to None, run_after=None
[2024-12-13T17:36:51.969+0000] {logging_mixin.py:190} INFO - [2024-12-13T17:36:51.969+0000] {dag.py:4180} INFO - Setting next_dagrun for dataset_s3_bucket_producer_with_no_taskflow to None, run_after=None
[2024-12-13T17:36:51.988+0000] {processor.py:208} INFO - Processing /home/airflow/.local/lib/python3.12/site-packages/airflow/example_dags/example_dataset_alias_with_no_taskflow.py took 0.598 seconds
[2024-12-13T17:37:22.411+0000] {processor.py:186} INFO - Started process (PID=1001) to work on /home/airflow/.local/lib/python3.12/site-packages/airflow/example_dags/example_dataset_alias_with_no_taskflow.py
[2024-12-13T17:37:22.412+0000] {processor.py:914} INFO - Processing file /home/airflow/.local/lib/python3.12/site-packages/airflow/example_dags/example_dataset_alias_with_no_taskflow.py for tasks to queue
[2024-12-13T17:37:22.415+0000] {logging_mixin.py:190} INFO - [2024-12-13T17:37:22.414+0000] {dagbag.py:588} INFO - Filling up the DagBag from /home/airflow/.local/lib/python3.12/site-packages/airflow/example_dags/example_dataset_alias_with_no_taskflow.py
[2024-12-13T17:37:22.940+0000] {processor.py:925} INFO - DAG(s) 'dataset_alias_example_alias_consumer_with_no_taskflow', 'dataset_s3_bucket_consumer_with_no_taskflow', 'dataset_s3_bucket_producer_with_no_taskflow', 'dataset_alias_example_alias_producer_with_no_taskflow' retrieved from /home/airflow/.local/lib/python3.12/site-packages/airflow/example_dags/example_dataset_alias_with_no_taskflow.py
[2024-12-13T17:37:22.957+0000] {logging_mixin.py:190} INFO - [2024-12-13T17:37:22.956+0000] {dag.py:3239} INFO - Sync 4 DAGs
[2024-12-13T17:37:22.990+0000] {logging_mixin.py:190} INFO - [2024-12-13T17:37:22.990+0000] {dag.py:4180} INFO - Setting next_dagrun for dataset_alias_example_alias_consumer_with_no_taskflow to None, run_after=None
[2024-12-13T17:37:22.996+0000] {logging_mixin.py:190} INFO - [2024-12-13T17:37:22.995+0000] {dag.py:4180} INFO - Setting next_dagrun for dataset_alias_example_alias_producer_with_no_taskflow to None, run_after=None
[2024-12-13T17:37:22.998+0000] {logging_mixin.py:190} INFO - [2024-12-13T17:37:22.998+0000] {dag.py:4180} INFO - Setting next_dagrun for dataset_s3_bucket_consumer_with_no_taskflow to None, run_after=None
[2024-12-13T17:37:23.002+0000] {logging_mixin.py:190} INFO - [2024-12-13T17:37:23.001+0000] {dag.py:4180} INFO - Setting next_dagrun for dataset_s3_bucket_producer_with_no_taskflow to None, run_after=None
[2024-12-13T17:37:23.034+0000] {processor.py:208} INFO - Processing /home/airflow/.local/lib/python3.12/site-packages/airflow/example_dags/example_dataset_alias_with_no_taskflow.py took 0.632 seconds
