[2024-12-13T17:30:36.849+0000] {processor.py:186} INFO - Started process (PID=115) to work on /home/airflow/.local/lib/python3.12/site-packages/airflow/example_dags/example_nested_branch_dag.py
[2024-12-13T17:30:36.850+0000] {processor.py:914} INFO - Processing file /home/airflow/.local/lib/python3.12/site-packages/airflow/example_dags/example_nested_branch_dag.py for tasks to queue
[2024-12-13T17:30:36.853+0000] {logging_mixin.py:190} INFO - [2024-12-13T17:30:36.853+0000] {dagbag.py:588} INFO - Filling up the DagBag from /home/airflow/.local/lib/python3.12/site-packages/airflow/example_dags/example_nested_branch_dag.py
[2024-12-13T17:30:36.867+0000] {processor.py:925} INFO - DAG(s) 'example_nested_branch_dag' retrieved from /home/airflow/.local/lib/python3.12/site-packages/airflow/example_dags/example_nested_branch_dag.py
[2024-12-13T17:30:36.889+0000] {logging_mixin.py:190} INFO - [2024-12-13T17:30:36.889+0000] {dag.py:3239} INFO - Sync 1 DAGs
[2024-12-13T17:30:36.917+0000] {logging_mixin.py:190} INFO - [2024-12-13T17:30:36.916+0000] {dag.py:4180} INFO - Setting next_dagrun for example_nested_branch_dag to 2024-12-12 00:00:00+00:00, run_after=2024-12-13 00:00:00+00:00
[2024-12-13T17:30:36.937+0000] {processor.py:208} INFO - Processing /home/airflow/.local/lib/python3.12/site-packages/airflow/example_dags/example_nested_branch_dag.py took 0.094 seconds
[2024-12-13T17:31:08.013+0000] {processor.py:186} INFO - Started process (PID=178) to work on /home/airflow/.local/lib/python3.12/site-packages/airflow/example_dags/example_nested_branch_dag.py
[2024-12-13T17:31:08.014+0000] {processor.py:914} INFO - Processing file /home/airflow/.local/lib/python3.12/site-packages/airflow/example_dags/example_nested_branch_dag.py for tasks to queue
[2024-12-13T17:31:08.017+0000] {logging_mixin.py:190} INFO - [2024-12-13T17:31:08.017+0000] {dagbag.py:588} INFO - Filling up the DagBag from /home/airflow/.local/lib/python3.12/site-packages/airflow/example_dags/example_nested_branch_dag.py
[2024-12-13T17:31:08.030+0000] {processor.py:925} INFO - DAG(s) 'example_nested_branch_dag' retrieved from /home/airflow/.local/lib/python3.12/site-packages/airflow/example_dags/example_nested_branch_dag.py
[2024-12-13T17:31:08.051+0000] {logging_mixin.py:190} INFO - [2024-12-13T17:31:08.050+0000] {dag.py:3239} INFO - Sync 1 DAGs
[2024-12-13T17:31:08.073+0000] {logging_mixin.py:190} INFO - [2024-12-13T17:31:08.073+0000] {dag.py:4180} INFO - Setting next_dagrun for example_nested_branch_dag to 2024-12-12 00:00:00+00:00, run_after=2024-12-13 00:00:00+00:00
[2024-12-13T17:31:08.093+0000] {processor.py:208} INFO - Processing /home/airflow/.local/lib/python3.12/site-packages/airflow/example_dags/example_nested_branch_dag.py took 0.085 seconds
[2024-12-13T17:31:39.363+0000] {processor.py:186} INFO - Started process (PID=241) to work on /home/airflow/.local/lib/python3.12/site-packages/airflow/example_dags/example_nested_branch_dag.py
[2024-12-13T17:31:39.364+0000] {processor.py:914} INFO - Processing file /home/airflow/.local/lib/python3.12/site-packages/airflow/example_dags/example_nested_branch_dag.py for tasks to queue
[2024-12-13T17:31:39.366+0000] {logging_mixin.py:190} INFO - [2024-12-13T17:31:39.366+0000] {dagbag.py:588} INFO - Filling up the DagBag from /home/airflow/.local/lib/python3.12/site-packages/airflow/example_dags/example_nested_branch_dag.py
[2024-12-13T17:31:39.376+0000] {processor.py:925} INFO - DAG(s) 'example_nested_branch_dag' retrieved from /home/airflow/.local/lib/python3.12/site-packages/airflow/example_dags/example_nested_branch_dag.py
[2024-12-13T17:31:39.395+0000] {logging_mixin.py:190} INFO - [2024-12-13T17:31:39.395+0000] {dag.py:3239} INFO - Sync 1 DAGs
[2024-12-13T17:31:39.415+0000] {logging_mixin.py:190} INFO - [2024-12-13T17:31:39.415+0000] {dag.py:4180} INFO - Setting next_dagrun for example_nested_branch_dag to 2024-12-12 00:00:00+00:00, run_after=2024-12-13 00:00:00+00:00
[2024-12-13T17:31:39.430+0000] {processor.py:208} INFO - Processing /home/airflow/.local/lib/python3.12/site-packages/airflow/example_dags/example_nested_branch_dag.py took 0.072 seconds
[2024-12-13T17:32:10.698+0000] {processor.py:186} INFO - Started process (PID=304) to work on /home/airflow/.local/lib/python3.12/site-packages/airflow/example_dags/example_nested_branch_dag.py
[2024-12-13T17:32:10.699+0000] {processor.py:914} INFO - Processing file /home/airflow/.local/lib/python3.12/site-packages/airflow/example_dags/example_nested_branch_dag.py for tasks to queue
[2024-12-13T17:32:10.702+0000] {logging_mixin.py:190} INFO - [2024-12-13T17:32:10.701+0000] {dagbag.py:588} INFO - Filling up the DagBag from /home/airflow/.local/lib/python3.12/site-packages/airflow/example_dags/example_nested_branch_dag.py
[2024-12-13T17:32:10.714+0000] {processor.py:925} INFO - DAG(s) 'example_nested_branch_dag' retrieved from /home/airflow/.local/lib/python3.12/site-packages/airflow/example_dags/example_nested_branch_dag.py
[2024-12-13T17:32:10.735+0000] {logging_mixin.py:190} INFO - [2024-12-13T17:32:10.734+0000] {dag.py:3239} INFO - Sync 1 DAGs
[2024-12-13T17:32:10.759+0000] {logging_mixin.py:190} INFO - [2024-12-13T17:32:10.759+0000] {dag.py:4180} INFO - Setting next_dagrun for example_nested_branch_dag to 2024-12-12 00:00:00+00:00, run_after=2024-12-13 00:00:00+00:00
[2024-12-13T17:32:10.779+0000] {processor.py:208} INFO - Processing /home/airflow/.local/lib/python3.12/site-packages/airflow/example_dags/example_nested_branch_dag.py took 0.087 seconds
[2024-12-13T17:32:41.811+0000] {processor.py:186} INFO - Started process (PID=367) to work on /home/airflow/.local/lib/python3.12/site-packages/airflow/example_dags/example_nested_branch_dag.py
[2024-12-13T17:32:41.812+0000] {processor.py:914} INFO - Processing file /home/airflow/.local/lib/python3.12/site-packages/airflow/example_dags/example_nested_branch_dag.py for tasks to queue
[2024-12-13T17:32:41.815+0000] {logging_mixin.py:190} INFO - [2024-12-13T17:32:41.814+0000] {dagbag.py:588} INFO - Filling up the DagBag from /home/airflow/.local/lib/python3.12/site-packages/airflow/example_dags/example_nested_branch_dag.py
[2024-12-13T17:32:41.825+0000] {processor.py:925} INFO - DAG(s) 'example_nested_branch_dag' retrieved from /home/airflow/.local/lib/python3.12/site-packages/airflow/example_dags/example_nested_branch_dag.py
[2024-12-13T17:32:41.847+0000] {logging_mixin.py:190} INFO - [2024-12-13T17:32:41.846+0000] {dag.py:3239} INFO - Sync 1 DAGs
[2024-12-13T17:32:41.869+0000] {logging_mixin.py:190} INFO - [2024-12-13T17:32:41.869+0000] {dag.py:4180} INFO - Setting next_dagrun for example_nested_branch_dag to 2024-12-12 00:00:00+00:00, run_after=2024-12-13 00:00:00+00:00
[2024-12-13T17:32:41.886+0000] {processor.py:208} INFO - Processing /home/airflow/.local/lib/python3.12/site-packages/airflow/example_dags/example_nested_branch_dag.py took 0.080 seconds
[2024-12-13T17:33:12.901+0000] {processor.py:186} INFO - Started process (PID=430) to work on /home/airflow/.local/lib/python3.12/site-packages/airflow/example_dags/example_nested_branch_dag.py
[2024-12-13T17:33:12.902+0000] {processor.py:914} INFO - Processing file /home/airflow/.local/lib/python3.12/site-packages/airflow/example_dags/example_nested_branch_dag.py for tasks to queue
[2024-12-13T17:33:12.905+0000] {logging_mixin.py:190} INFO - [2024-12-13T17:33:12.905+0000] {dagbag.py:588} INFO - Filling up the DagBag from /home/airflow/.local/lib/python3.12/site-packages/airflow/example_dags/example_nested_branch_dag.py
[2024-12-13T17:33:12.916+0000] {processor.py:925} INFO - DAG(s) 'example_nested_branch_dag' retrieved from /home/airflow/.local/lib/python3.12/site-packages/airflow/example_dags/example_nested_branch_dag.py
[2024-12-13T17:33:12.937+0000] {logging_mixin.py:190} INFO - [2024-12-13T17:33:12.937+0000] {dag.py:3239} INFO - Sync 1 DAGs
[2024-12-13T17:33:12.961+0000] {logging_mixin.py:190} INFO - [2024-12-13T17:33:12.961+0000] {dag.py:4180} INFO - Setting next_dagrun for example_nested_branch_dag to 2024-12-12 00:00:00+00:00, run_after=2024-12-13 00:00:00+00:00
[2024-12-13T17:33:12.978+0000] {processor.py:208} INFO - Processing /home/airflow/.local/lib/python3.12/site-packages/airflow/example_dags/example_nested_branch_dag.py took 0.082 seconds
[2024-12-13T17:33:43.517+0000] {processor.py:186} INFO - Started process (PID=493) to work on /home/airflow/.local/lib/python3.12/site-packages/airflow/example_dags/example_nested_branch_dag.py
[2024-12-13T17:33:43.518+0000] {processor.py:914} INFO - Processing file /home/airflow/.local/lib/python3.12/site-packages/airflow/example_dags/example_nested_branch_dag.py for tasks to queue
[2024-12-13T17:33:43.520+0000] {logging_mixin.py:190} INFO - [2024-12-13T17:33:43.520+0000] {dagbag.py:588} INFO - Filling up the DagBag from /home/airflow/.local/lib/python3.12/site-packages/airflow/example_dags/example_nested_branch_dag.py
[2024-12-13T17:33:43.531+0000] {processor.py:925} INFO - DAG(s) 'example_nested_branch_dag' retrieved from /home/airflow/.local/lib/python3.12/site-packages/airflow/example_dags/example_nested_branch_dag.py
[2024-12-13T17:33:43.551+0000] {logging_mixin.py:190} INFO - [2024-12-13T17:33:43.550+0000] {dag.py:3239} INFO - Sync 1 DAGs
[2024-12-13T17:33:43.580+0000] {logging_mixin.py:190} INFO - [2024-12-13T17:33:43.580+0000] {dag.py:4180} INFO - Setting next_dagrun for example_nested_branch_dag to 2024-12-12 00:00:00+00:00, run_after=2024-12-13 00:00:00+00:00
[2024-12-13T17:33:43.599+0000] {processor.py:208} INFO - Processing /home/airflow/.local/lib/python3.12/site-packages/airflow/example_dags/example_nested_branch_dag.py took 0.087 seconds
[2024-12-13T17:34:14.481+0000] {processor.py:186} INFO - Started process (PID=556) to work on /home/airflow/.local/lib/python3.12/site-packages/airflow/example_dags/example_nested_branch_dag.py
[2024-12-13T17:34:14.482+0000] {processor.py:914} INFO - Processing file /home/airflow/.local/lib/python3.12/site-packages/airflow/example_dags/example_nested_branch_dag.py for tasks to queue
[2024-12-13T17:34:14.484+0000] {logging_mixin.py:190} INFO - [2024-12-13T17:34:14.484+0000] {dagbag.py:588} INFO - Filling up the DagBag from /home/airflow/.local/lib/python3.12/site-packages/airflow/example_dags/example_nested_branch_dag.py
[2024-12-13T17:34:14.495+0000] {processor.py:925} INFO - DAG(s) 'example_nested_branch_dag' retrieved from /home/airflow/.local/lib/python3.12/site-packages/airflow/example_dags/example_nested_branch_dag.py
[2024-12-13T17:34:14.516+0000] {logging_mixin.py:190} INFO - [2024-12-13T17:34:14.516+0000] {dag.py:3239} INFO - Sync 1 DAGs
[2024-12-13T17:34:14.539+0000] {logging_mixin.py:190} INFO - [2024-12-13T17:34:14.539+0000] {dag.py:4180} INFO - Setting next_dagrun for example_nested_branch_dag to 2024-12-12 00:00:00+00:00, run_after=2024-12-13 00:00:00+00:00
[2024-12-13T17:34:14.566+0000] {processor.py:208} INFO - Processing /home/airflow/.local/lib/python3.12/site-packages/airflow/example_dags/example_nested_branch_dag.py took 0.091 seconds
[2024-12-13T17:34:45.412+0000] {processor.py:186} INFO - Started process (PID=632) to work on /home/airflow/.local/lib/python3.12/site-packages/airflow/example_dags/example_nested_branch_dag.py
[2024-12-13T17:34:45.413+0000] {processor.py:914} INFO - Processing file /home/airflow/.local/lib/python3.12/site-packages/airflow/example_dags/example_nested_branch_dag.py for tasks to queue
[2024-12-13T17:34:45.415+0000] {logging_mixin.py:190} INFO - [2024-12-13T17:34:45.415+0000] {dagbag.py:588} INFO - Filling up the DagBag from /home/airflow/.local/lib/python3.12/site-packages/airflow/example_dags/example_nested_branch_dag.py
[2024-12-13T17:34:45.425+0000] {processor.py:925} INFO - DAG(s) 'example_nested_branch_dag' retrieved from /home/airflow/.local/lib/python3.12/site-packages/airflow/example_dags/example_nested_branch_dag.py
[2024-12-13T17:34:45.445+0000] {logging_mixin.py:190} INFO - [2024-12-13T17:34:45.445+0000] {dag.py:3239} INFO - Sync 1 DAGs
[2024-12-13T17:34:45.466+0000] {logging_mixin.py:190} INFO - [2024-12-13T17:34:45.466+0000] {dag.py:4180} INFO - Setting next_dagrun for example_nested_branch_dag to 2024-12-12 00:00:00+00:00, run_after=2024-12-13 00:00:00+00:00
[2024-12-13T17:34:45.481+0000] {processor.py:208} INFO - Processing /home/airflow/.local/lib/python3.12/site-packages/airflow/example_dags/example_nested_branch_dag.py took 0.075 seconds
[2024-12-13T17:35:17.035+0000] {processor.py:186} INFO - Started process (PID=714) to work on /home/airflow/.local/lib/python3.12/site-packages/airflow/example_dags/example_nested_branch_dag.py
[2024-12-13T17:35:17.036+0000] {processor.py:914} INFO - Processing file /home/airflow/.local/lib/python3.12/site-packages/airflow/example_dags/example_nested_branch_dag.py for tasks to queue
[2024-12-13T17:35:17.038+0000] {logging_mixin.py:190} INFO - [2024-12-13T17:35:17.038+0000] {dagbag.py:588} INFO - Filling up the DagBag from /home/airflow/.local/lib/python3.12/site-packages/airflow/example_dags/example_nested_branch_dag.py
[2024-12-13T17:35:17.048+0000] {processor.py:925} INFO - DAG(s) 'example_nested_branch_dag' retrieved from /home/airflow/.local/lib/python3.12/site-packages/airflow/example_dags/example_nested_branch_dag.py
[2024-12-13T17:35:17.068+0000] {logging_mixin.py:190} INFO - [2024-12-13T17:35:17.068+0000] {dag.py:3239} INFO - Sync 1 DAGs
[2024-12-13T17:35:17.089+0000] {logging_mixin.py:190} INFO - [2024-12-13T17:35:17.088+0000] {dag.py:4180} INFO - Setting next_dagrun for example_nested_branch_dag to 2024-12-12 00:00:00+00:00, run_after=2024-12-13 00:00:00+00:00
[2024-12-13T17:35:17.105+0000] {processor.py:208} INFO - Processing /home/airflow/.local/lib/python3.12/site-packages/airflow/example_dags/example_nested_branch_dag.py took 0.080 seconds
[2024-12-13T17:35:48.647+0000] {processor.py:186} INFO - Started process (PID=778) to work on /home/airflow/.local/lib/python3.12/site-packages/airflow/example_dags/example_nested_branch_dag.py
[2024-12-13T17:35:48.648+0000] {processor.py:914} INFO - Processing file /home/airflow/.local/lib/python3.12/site-packages/airflow/example_dags/example_nested_branch_dag.py for tasks to queue
[2024-12-13T17:35:48.651+0000] {logging_mixin.py:190} INFO - [2024-12-13T17:35:48.650+0000] {dagbag.py:588} INFO - Filling up the DagBag from /home/airflow/.local/lib/python3.12/site-packages/airflow/example_dags/example_nested_branch_dag.py
[2024-12-13T17:35:48.663+0000] {processor.py:925} INFO - DAG(s) 'example_nested_branch_dag' retrieved from /home/airflow/.local/lib/python3.12/site-packages/airflow/example_dags/example_nested_branch_dag.py
[2024-12-13T17:35:48.685+0000] {logging_mixin.py:190} INFO - [2024-12-13T17:35:48.684+0000] {dag.py:3239} INFO - Sync 1 DAGs
[2024-12-13T17:35:48.708+0000] {logging_mixin.py:190} INFO - [2024-12-13T17:35:48.708+0000] {dag.py:4180} INFO - Setting next_dagrun for example_nested_branch_dag to 2024-12-12 00:00:00+00:00, run_after=2024-12-13 00:00:00+00:00
[2024-12-13T17:35:48.727+0000] {processor.py:208} INFO - Processing /home/airflow/.local/lib/python3.12/site-packages/airflow/example_dags/example_nested_branch_dag.py took 0.092 seconds
[2024-12-13T17:36:20.095+0000] {processor.py:186} INFO - Started process (PID=842) to work on /home/airflow/.local/lib/python3.12/site-packages/airflow/example_dags/example_nested_branch_dag.py
[2024-12-13T17:36:20.096+0000] {processor.py:914} INFO - Processing file /home/airflow/.local/lib/python3.12/site-packages/airflow/example_dags/example_nested_branch_dag.py for tasks to queue
[2024-12-13T17:36:20.098+0000] {logging_mixin.py:190} INFO - [2024-12-13T17:36:20.098+0000] {dagbag.py:588} INFO - Filling up the DagBag from /home/airflow/.local/lib/python3.12/site-packages/airflow/example_dags/example_nested_branch_dag.py
[2024-12-13T17:36:20.110+0000] {processor.py:925} INFO - DAG(s) 'example_nested_branch_dag' retrieved from /home/airflow/.local/lib/python3.12/site-packages/airflow/example_dags/example_nested_branch_dag.py
[2024-12-13T17:36:20.131+0000] {logging_mixin.py:190} INFO - [2024-12-13T17:36:20.131+0000] {dag.py:3239} INFO - Sync 1 DAGs
[2024-12-13T17:36:20.153+0000] {logging_mixin.py:190} INFO - [2024-12-13T17:36:20.153+0000] {dag.py:4180} INFO - Setting next_dagrun for example_nested_branch_dag to 2024-12-12 00:00:00+00:00, run_after=2024-12-13 00:00:00+00:00
[2024-12-13T17:36:20.170+0000] {processor.py:208} INFO - Processing /home/airflow/.local/lib/python3.12/site-packages/airflow/example_dags/example_nested_branch_dag.py took 0.085 seconds
[2024-12-13T17:36:50.887+0000] {processor.py:186} INFO - Started process (PID=917) to work on /home/airflow/.local/lib/python3.12/site-packages/airflow/example_dags/example_nested_branch_dag.py
[2024-12-13T17:36:50.888+0000] {processor.py:914} INFO - Processing file /home/airflow/.local/lib/python3.12/site-packages/airflow/example_dags/example_nested_branch_dag.py for tasks to queue
[2024-12-13T17:36:50.891+0000] {logging_mixin.py:190} INFO - [2024-12-13T17:36:50.890+0000] {dagbag.py:588} INFO - Filling up the DagBag from /home/airflow/.local/lib/python3.12/site-packages/airflow/example_dags/example_nested_branch_dag.py
[2024-12-13T17:36:50.900+0000] {processor.py:925} INFO - DAG(s) 'example_nested_branch_dag' retrieved from /home/airflow/.local/lib/python3.12/site-packages/airflow/example_dags/example_nested_branch_dag.py
[2024-12-13T17:36:50.921+0000] {logging_mixin.py:190} INFO - [2024-12-13T17:36:50.920+0000] {dag.py:3239} INFO - Sync 1 DAGs
[2024-12-13T17:36:50.942+0000] {logging_mixin.py:190} INFO - [2024-12-13T17:36:50.942+0000] {dag.py:4180} INFO - Setting next_dagrun for example_nested_branch_dag to 2024-12-12 00:00:00+00:00, run_after=2024-12-13 00:00:00+00:00
[2024-12-13T17:36:50.957+0000] {processor.py:208} INFO - Processing /home/airflow/.local/lib/python3.12/site-packages/airflow/example_dags/example_nested_branch_dag.py took 0.079 seconds
[2024-12-13T17:37:21.742+0000] {processor.py:186} INFO - Started process (PID=992) to work on /home/airflow/.local/lib/python3.12/site-packages/airflow/example_dags/example_nested_branch_dag.py
[2024-12-13T17:37:21.743+0000] {processor.py:914} INFO - Processing file /home/airflow/.local/lib/python3.12/site-packages/airflow/example_dags/example_nested_branch_dag.py for tasks to queue
[2024-12-13T17:37:21.745+0000] {logging_mixin.py:190} INFO - [2024-12-13T17:37:21.745+0000] {dagbag.py:588} INFO - Filling up the DagBag from /home/airflow/.local/lib/python3.12/site-packages/airflow/example_dags/example_nested_branch_dag.py
[2024-12-13T17:37:21.755+0000] {processor.py:925} INFO - DAG(s) 'example_nested_branch_dag' retrieved from /home/airflow/.local/lib/python3.12/site-packages/airflow/example_dags/example_nested_branch_dag.py
[2024-12-13T17:37:21.777+0000] {logging_mixin.py:190} INFO - [2024-12-13T17:37:21.776+0000] {dag.py:3239} INFO - Sync 1 DAGs
[2024-12-13T17:37:21.803+0000] {logging_mixin.py:190} INFO - [2024-12-13T17:37:21.803+0000] {dag.py:4180} INFO - Setting next_dagrun for example_nested_branch_dag to 2024-12-12 00:00:00+00:00, run_after=2024-12-13 00:00:00+00:00
[2024-12-13T17:37:21.820+0000] {processor.py:208} INFO - Processing /home/airflow/.local/lib/python3.12/site-packages/airflow/example_dags/example_nested_branch_dag.py took 0.087 seconds
