[2024-12-13T17:30:31.668+0000] {processor.py:186} INFO - Started process (PID=76) to work on /home/airflow/.local/lib/python3.12/site-packages/airflow/example_dags/example_dag_decorator.py
[2024-12-13T17:30:31.669+0000] {processor.py:914} INFO - Processing file /home/airflow/.local/lib/python3.12/site-packages/airflow/example_dags/example_dag_decorator.py for tasks to queue
[2024-12-13T17:30:31.672+0000] {logging_mixin.py:190} INFO - [2024-12-13T17:30:31.671+0000] {dagbag.py:588} INFO - Filling up the DagBag from /home/airflow/.local/lib/python3.12/site-packages/airflow/example_dags/example_dag_decorator.py
[2024-12-13T17:30:31.684+0000] {processor.py:925} INFO - DAG(s) 'example_dag_decorator' retrieved from /home/airflow/.local/lib/python3.12/site-packages/airflow/example_dags/example_dag_decorator.py
[2024-12-13T17:30:31.801+0000] {logging_mixin.py:190} INFO - [2024-12-13T17:30:31.800+0000] {dag.py:3239} INFO - Sync 1 DAGs
[2024-12-13T17:30:31.813+0000] {logging_mixin.py:190} INFO - [2024-12-13T17:30:31.813+0000] {dag.py:4180} INFO - Setting next_dagrun for example_dag_decorator to None, run_after=None
[2024-12-13T17:30:31.833+0000] {processor.py:208} INFO - Processing /home/airflow/.local/lib/python3.12/site-packages/airflow/example_dags/example_dag_decorator.py took 0.173 seconds
[2024-12-13T17:31:02.138+0000] {processor.py:186} INFO - Started process (PID=140) to work on /home/airflow/.local/lib/python3.12/site-packages/airflow/example_dags/example_dag_decorator.py
[2024-12-13T17:31:02.139+0000] {processor.py:914} INFO - Processing file /home/airflow/.local/lib/python3.12/site-packages/airflow/example_dags/example_dag_decorator.py for tasks to queue
[2024-12-13T17:31:02.141+0000] {logging_mixin.py:190} INFO - [2024-12-13T17:31:02.140+0000] {dagbag.py:588} INFO - Filling up the DagBag from /home/airflow/.local/lib/python3.12/site-packages/airflow/example_dags/example_dag_decorator.py
[2024-12-13T17:31:02.151+0000] {processor.py:925} INFO - DAG(s) 'example_dag_decorator' retrieved from /home/airflow/.local/lib/python3.12/site-packages/airflow/example_dags/example_dag_decorator.py
[2024-12-13T17:31:02.259+0000] {logging_mixin.py:190} INFO - [2024-12-13T17:31:02.259+0000] {dag.py:3239} INFO - Sync 1 DAGs
[2024-12-13T17:31:02.270+0000] {logging_mixin.py:190} INFO - [2024-12-13T17:31:02.270+0000] {dag.py:4180} INFO - Setting next_dagrun for example_dag_decorator to None, run_after=None
[2024-12-13T17:31:02.286+0000] {processor.py:208} INFO - Processing /home/airflow/.local/lib/python3.12/site-packages/airflow/example_dags/example_dag_decorator.py took 0.154 seconds
[2024-12-13T17:31:32.407+0000] {processor.py:186} INFO - Started process (PID=203) to work on /home/airflow/.local/lib/python3.12/site-packages/airflow/example_dags/example_dag_decorator.py
[2024-12-13T17:31:32.408+0000] {processor.py:914} INFO - Processing file /home/airflow/.local/lib/python3.12/site-packages/airflow/example_dags/example_dag_decorator.py for tasks to queue
[2024-12-13T17:31:32.410+0000] {logging_mixin.py:190} INFO - [2024-12-13T17:31:32.410+0000] {dagbag.py:588} INFO - Filling up the DagBag from /home/airflow/.local/lib/python3.12/site-packages/airflow/example_dags/example_dag_decorator.py
[2024-12-13T17:31:32.420+0000] {processor.py:925} INFO - DAG(s) 'example_dag_decorator' retrieved from /home/airflow/.local/lib/python3.12/site-packages/airflow/example_dags/example_dag_decorator.py
[2024-12-13T17:31:32.530+0000] {logging_mixin.py:190} INFO - [2024-12-13T17:31:32.530+0000] {dag.py:3239} INFO - Sync 1 DAGs
[2024-12-13T17:31:32.541+0000] {logging_mixin.py:190} INFO - [2024-12-13T17:31:32.541+0000] {dag.py:4180} INFO - Setting next_dagrun for example_dag_decorator to None, run_after=None
[2024-12-13T17:31:32.557+0000] {processor.py:208} INFO - Processing /home/airflow/.local/lib/python3.12/site-packages/airflow/example_dags/example_dag_decorator.py took 0.156 seconds
[2024-12-13T17:32:02.744+0000] {processor.py:186} INFO - Started process (PID=266) to work on /home/airflow/.local/lib/python3.12/site-packages/airflow/example_dags/example_dag_decorator.py
[2024-12-13T17:32:02.745+0000] {processor.py:914} INFO - Processing file /home/airflow/.local/lib/python3.12/site-packages/airflow/example_dags/example_dag_decorator.py for tasks to queue
[2024-12-13T17:32:02.747+0000] {logging_mixin.py:190} INFO - [2024-12-13T17:32:02.747+0000] {dagbag.py:588} INFO - Filling up the DagBag from /home/airflow/.local/lib/python3.12/site-packages/airflow/example_dags/example_dag_decorator.py
[2024-12-13T17:32:02.758+0000] {processor.py:925} INFO - DAG(s) 'example_dag_decorator' retrieved from /home/airflow/.local/lib/python3.12/site-packages/airflow/example_dags/example_dag_decorator.py
[2024-12-13T17:32:02.864+0000] {logging_mixin.py:190} INFO - [2024-12-13T17:32:02.863+0000] {dag.py:3239} INFO - Sync 1 DAGs
[2024-12-13T17:32:02.875+0000] {logging_mixin.py:190} INFO - [2024-12-13T17:32:02.875+0000] {dag.py:4180} INFO - Setting next_dagrun for example_dag_decorator to None, run_after=None
[2024-12-13T17:32:02.892+0000] {processor.py:208} INFO - Processing /home/airflow/.local/lib/python3.12/site-packages/airflow/example_dags/example_dag_decorator.py took 0.153 seconds
[2024-12-13T17:32:32.997+0000] {processor.py:186} INFO - Started process (PID=330) to work on /home/airflow/.local/lib/python3.12/site-packages/airflow/example_dags/example_dag_decorator.py
[2024-12-13T17:32:32.998+0000] {processor.py:914} INFO - Processing file /home/airflow/.local/lib/python3.12/site-packages/airflow/example_dags/example_dag_decorator.py for tasks to queue
[2024-12-13T17:32:33.001+0000] {logging_mixin.py:190} INFO - [2024-12-13T17:32:33.000+0000] {dagbag.py:588} INFO - Filling up the DagBag from /home/airflow/.local/lib/python3.12/site-packages/airflow/example_dags/example_dag_decorator.py
[2024-12-13T17:32:33.011+0000] {processor.py:925} INFO - DAG(s) 'example_dag_decorator' retrieved from /home/airflow/.local/lib/python3.12/site-packages/airflow/example_dags/example_dag_decorator.py
[2024-12-13T17:32:33.115+0000] {logging_mixin.py:190} INFO - [2024-12-13T17:32:33.115+0000] {dag.py:3239} INFO - Sync 1 DAGs
[2024-12-13T17:32:33.127+0000] {logging_mixin.py:190} INFO - [2024-12-13T17:32:33.127+0000] {dag.py:4180} INFO - Setting next_dagrun for example_dag_decorator to None, run_after=None
[2024-12-13T17:32:33.144+0000] {processor.py:208} INFO - Processing /home/airflow/.local/lib/python3.12/site-packages/airflow/example_dags/example_dag_decorator.py took 0.151 seconds
[2024-12-13T17:33:03.513+0000] {processor.py:186} INFO - Started process (PID=393) to work on /home/airflow/.local/lib/python3.12/site-packages/airflow/example_dags/example_dag_decorator.py
[2024-12-13T17:33:03.514+0000] {processor.py:914} INFO - Processing file /home/airflow/.local/lib/python3.12/site-packages/airflow/example_dags/example_dag_decorator.py for tasks to queue
[2024-12-13T17:33:03.516+0000] {logging_mixin.py:190} INFO - [2024-12-13T17:33:03.515+0000] {dagbag.py:588} INFO - Filling up the DagBag from /home/airflow/.local/lib/python3.12/site-packages/airflow/example_dags/example_dag_decorator.py
[2024-12-13T17:33:03.527+0000] {processor.py:925} INFO - DAG(s) 'example_dag_decorator' retrieved from /home/airflow/.local/lib/python3.12/site-packages/airflow/example_dags/example_dag_decorator.py
[2024-12-13T17:33:03.631+0000] {logging_mixin.py:190} INFO - [2024-12-13T17:33:03.631+0000] {dag.py:3239} INFO - Sync 1 DAGs
[2024-12-13T17:33:03.641+0000] {logging_mixin.py:190} INFO - [2024-12-13T17:33:03.641+0000] {dag.py:4180} INFO - Setting next_dagrun for example_dag_decorator to None, run_after=None
[2024-12-13T17:33:03.658+0000] {processor.py:208} INFO - Processing /home/airflow/.local/lib/python3.12/site-packages/airflow/example_dags/example_dag_decorator.py took 0.151 seconds
[2024-12-13T17:33:33.691+0000] {processor.py:186} INFO - Started process (PID=456) to work on /home/airflow/.local/lib/python3.12/site-packages/airflow/example_dags/example_dag_decorator.py
[2024-12-13T17:33:33.692+0000] {processor.py:914} INFO - Processing file /home/airflow/.local/lib/python3.12/site-packages/airflow/example_dags/example_dag_decorator.py for tasks to queue
[2024-12-13T17:33:33.694+0000] {logging_mixin.py:190} INFO - [2024-12-13T17:33:33.693+0000] {dagbag.py:588} INFO - Filling up the DagBag from /home/airflow/.local/lib/python3.12/site-packages/airflow/example_dags/example_dag_decorator.py
[2024-12-13T17:33:33.704+0000] {processor.py:925} INFO - DAG(s) 'example_dag_decorator' retrieved from /home/airflow/.local/lib/python3.12/site-packages/airflow/example_dags/example_dag_decorator.py
[2024-12-13T17:33:33.802+0000] {logging_mixin.py:190} INFO - [2024-12-13T17:33:33.802+0000] {dag.py:3239} INFO - Sync 1 DAGs
[2024-12-13T17:33:33.813+0000] {logging_mixin.py:190} INFO - [2024-12-13T17:33:33.813+0000] {dag.py:4180} INFO - Setting next_dagrun for example_dag_decorator to None, run_after=None
[2024-12-13T17:33:33.828+0000] {processor.py:208} INFO - Processing /home/airflow/.local/lib/python3.12/site-packages/airflow/example_dags/example_dag_decorator.py took 0.143 seconds
[2024-12-13T17:34:04.346+0000] {processor.py:186} INFO - Started process (PID=518) to work on /home/airflow/.local/lib/python3.12/site-packages/airflow/example_dags/example_dag_decorator.py
[2024-12-13T17:34:04.347+0000] {processor.py:914} INFO - Processing file /home/airflow/.local/lib/python3.12/site-packages/airflow/example_dags/example_dag_decorator.py for tasks to queue
[2024-12-13T17:34:04.349+0000] {logging_mixin.py:190} INFO - [2024-12-13T17:34:04.349+0000] {dagbag.py:588} INFO - Filling up the DagBag from /home/airflow/.local/lib/python3.12/site-packages/airflow/example_dags/example_dag_decorator.py
[2024-12-13T17:34:04.360+0000] {processor.py:925} INFO - DAG(s) 'example_dag_decorator' retrieved from /home/airflow/.local/lib/python3.12/site-packages/airflow/example_dags/example_dag_decorator.py
[2024-12-13T17:34:04.465+0000] {logging_mixin.py:190} INFO - [2024-12-13T17:34:04.465+0000] {dag.py:3239} INFO - Sync 1 DAGs
[2024-12-13T17:34:04.476+0000] {logging_mixin.py:190} INFO - [2024-12-13T17:34:04.476+0000] {dag.py:4180} INFO - Setting next_dagrun for example_dag_decorator to None, run_after=None
[2024-12-13T17:34:04.492+0000] {processor.py:208} INFO - Processing /home/airflow/.local/lib/python3.12/site-packages/airflow/example_dags/example_dag_decorator.py took 0.151 seconds
[2024-12-13T17:34:34.617+0000] {processor.py:186} INFO - Started process (PID=594) to work on /home/airflow/.local/lib/python3.12/site-packages/airflow/example_dags/example_dag_decorator.py
[2024-12-13T17:34:34.618+0000] {processor.py:914} INFO - Processing file /home/airflow/.local/lib/python3.12/site-packages/airflow/example_dags/example_dag_decorator.py for tasks to queue
[2024-12-13T17:34:34.620+0000] {logging_mixin.py:190} INFO - [2024-12-13T17:34:34.620+0000] {dagbag.py:588} INFO - Filling up the DagBag from /home/airflow/.local/lib/python3.12/site-packages/airflow/example_dags/example_dag_decorator.py
[2024-12-13T17:34:34.631+0000] {processor.py:925} INFO - DAG(s) 'example_dag_decorator' retrieved from /home/airflow/.local/lib/python3.12/site-packages/airflow/example_dags/example_dag_decorator.py
[2024-12-13T17:34:34.734+0000] {logging_mixin.py:190} INFO - [2024-12-13T17:34:34.733+0000] {dag.py:3239} INFO - Sync 1 DAGs
[2024-12-13T17:34:34.745+0000] {logging_mixin.py:190} INFO - [2024-12-13T17:34:34.744+0000] {dag.py:4180} INFO - Setting next_dagrun for example_dag_decorator to None, run_after=None
[2024-12-13T17:34:34.761+0000] {processor.py:208} INFO - Processing /home/airflow/.local/lib/python3.12/site-packages/airflow/example_dags/example_dag_decorator.py took 0.151 seconds
[2024-12-13T17:35:04.980+0000] {processor.py:186} INFO - Started process (PID=676) to work on /home/airflow/.local/lib/python3.12/site-packages/airflow/example_dags/example_dag_decorator.py
[2024-12-13T17:35:04.981+0000] {processor.py:914} INFO - Processing file /home/airflow/.local/lib/python3.12/site-packages/airflow/example_dags/example_dag_decorator.py for tasks to queue
[2024-12-13T17:35:04.983+0000] {logging_mixin.py:190} INFO - [2024-12-13T17:35:04.983+0000] {dagbag.py:588} INFO - Filling up the DagBag from /home/airflow/.local/lib/python3.12/site-packages/airflow/example_dags/example_dag_decorator.py
[2024-12-13T17:35:04.994+0000] {processor.py:925} INFO - DAG(s) 'example_dag_decorator' retrieved from /home/airflow/.local/lib/python3.12/site-packages/airflow/example_dags/example_dag_decorator.py
[2024-12-13T17:35:05.098+0000] {logging_mixin.py:190} INFO - [2024-12-13T17:35:05.098+0000] {dag.py:3239} INFO - Sync 1 DAGs
[2024-12-13T17:35:05.109+0000] {logging_mixin.py:190} INFO - [2024-12-13T17:35:05.109+0000] {dag.py:4180} INFO - Setting next_dagrun for example_dag_decorator to None, run_after=None
[2024-12-13T17:35:05.126+0000] {processor.py:208} INFO - Processing /home/airflow/.local/lib/python3.12/site-packages/airflow/example_dags/example_dag_decorator.py took 0.154 seconds
[2024-12-13T17:35:35.569+0000] {processor.py:186} INFO - Started process (PID=740) to work on /home/airflow/.local/lib/python3.12/site-packages/airflow/example_dags/example_dag_decorator.py
[2024-12-13T17:35:35.571+0000] {processor.py:914} INFO - Processing file /home/airflow/.local/lib/python3.12/site-packages/airflow/example_dags/example_dag_decorator.py for tasks to queue
[2024-12-13T17:35:35.573+0000] {logging_mixin.py:190} INFO - [2024-12-13T17:35:35.573+0000] {dagbag.py:588} INFO - Filling up the DagBag from /home/airflow/.local/lib/python3.12/site-packages/airflow/example_dags/example_dag_decorator.py
[2024-12-13T17:35:35.585+0000] {processor.py:925} INFO - DAG(s) 'example_dag_decorator' retrieved from /home/airflow/.local/lib/python3.12/site-packages/airflow/example_dags/example_dag_decorator.py
[2024-12-13T17:35:35.704+0000] {logging_mixin.py:190} INFO - [2024-12-13T17:35:35.704+0000] {dag.py:3239} INFO - Sync 1 DAGs
[2024-12-13T17:35:35.719+0000] {logging_mixin.py:190} INFO - [2024-12-13T17:35:35.719+0000] {dag.py:4180} INFO - Setting next_dagrun for example_dag_decorator to None, run_after=None
[2024-12-13T17:35:35.739+0000] {processor.py:208} INFO - Processing /home/airflow/.local/lib/python3.12/site-packages/airflow/example_dags/example_dag_decorator.py took 0.181 seconds
[2024-12-13T17:36:05.923+0000] {processor.py:186} INFO - Started process (PID=804) to work on /home/airflow/.local/lib/python3.12/site-packages/airflow/example_dags/example_dag_decorator.py
[2024-12-13T17:36:05.924+0000] {processor.py:914} INFO - Processing file /home/airflow/.local/lib/python3.12/site-packages/airflow/example_dags/example_dag_decorator.py for tasks to queue
[2024-12-13T17:36:05.926+0000] {logging_mixin.py:190} INFO - [2024-12-13T17:36:05.926+0000] {dagbag.py:588} INFO - Filling up the DagBag from /home/airflow/.local/lib/python3.12/site-packages/airflow/example_dags/example_dag_decorator.py
[2024-12-13T17:36:05.937+0000] {processor.py:925} INFO - DAG(s) 'example_dag_decorator' retrieved from /home/airflow/.local/lib/python3.12/site-packages/airflow/example_dags/example_dag_decorator.py
[2024-12-13T17:36:05.959+0000] {logging_mixin.py:190} INFO - [2024-12-13T17:36:05.958+0000] {dag.py:3239} INFO - Sync 1 DAGs
[2024-12-13T17:36:05.971+0000] {logging_mixin.py:190} INFO - [2024-12-13T17:36:05.971+0000] {dag.py:4180} INFO - Setting next_dagrun for example_dag_decorator to None, run_after=None
[2024-12-13T17:36:05.989+0000] {processor.py:208} INFO - Processing /home/airflow/.local/lib/python3.12/site-packages/airflow/example_dags/example_dag_decorator.py took 0.075 seconds
[2024-12-13T17:36:36.576+0000] {processor.py:186} INFO - Started process (PID=879) to work on /home/airflow/.local/lib/python3.12/site-packages/airflow/example_dags/example_dag_decorator.py
[2024-12-13T17:36:36.577+0000] {processor.py:914} INFO - Processing file /home/airflow/.local/lib/python3.12/site-packages/airflow/example_dags/example_dag_decorator.py for tasks to queue
[2024-12-13T17:36:36.580+0000] {logging_mixin.py:190} INFO - [2024-12-13T17:36:36.580+0000] {dagbag.py:588} INFO - Filling up the DagBag from /home/airflow/.local/lib/python3.12/site-packages/airflow/example_dags/example_dag_decorator.py
[2024-12-13T17:36:36.594+0000] {processor.py:925} INFO - DAG(s) 'example_dag_decorator' retrieved from /home/airflow/.local/lib/python3.12/site-packages/airflow/example_dags/example_dag_decorator.py
[2024-12-13T17:36:36.626+0000] {logging_mixin.py:190} INFO - [2024-12-13T17:36:36.626+0000] {dag.py:3239} INFO - Sync 1 DAGs
[2024-12-13T17:36:36.650+0000] {logging_mixin.py:190} INFO - [2024-12-13T17:36:36.649+0000] {dag.py:4180} INFO - Setting next_dagrun for example_dag_decorator to None, run_after=None
[2024-12-13T17:36:36.675+0000] {processor.py:208} INFO - Processing /home/airflow/.local/lib/python3.12/site-packages/airflow/example_dags/example_dag_decorator.py took 0.112 seconds
[2024-12-13T17:37:06.997+0000] {processor.py:186} INFO - Started process (PID=954) to work on /home/airflow/.local/lib/python3.12/site-packages/airflow/example_dags/example_dag_decorator.py
[2024-12-13T17:37:06.998+0000] {processor.py:914} INFO - Processing file /home/airflow/.local/lib/python3.12/site-packages/airflow/example_dags/example_dag_decorator.py for tasks to queue
[2024-12-13T17:37:07.000+0000] {logging_mixin.py:190} INFO - [2024-12-13T17:37:07.000+0000] {dagbag.py:588} INFO - Filling up the DagBag from /home/airflow/.local/lib/python3.12/site-packages/airflow/example_dags/example_dag_decorator.py
[2024-12-13T17:37:07.011+0000] {processor.py:925} INFO - DAG(s) 'example_dag_decorator' retrieved from /home/airflow/.local/lib/python3.12/site-packages/airflow/example_dags/example_dag_decorator.py
[2024-12-13T17:37:07.033+0000] {logging_mixin.py:190} INFO - [2024-12-13T17:37:07.033+0000] {dag.py:3239} INFO - Sync 1 DAGs
[2024-12-13T17:37:07.048+0000] {logging_mixin.py:190} INFO - [2024-12-13T17:37:07.048+0000] {dag.py:4180} INFO - Setting next_dagrun for example_dag_decorator to None, run_after=None
[2024-12-13T17:37:07.065+0000] {processor.py:208} INFO - Processing /home/airflow/.local/lib/python3.12/site-packages/airflow/example_dags/example_dag_decorator.py took 0.077 seconds
