[2024-12-13T17:30:32.229+0000] {processor.py:186} INFO - Started process (PID=82) to work on /home/airflow/.local/lib/python3.12/site-packages/airflow/example_dags/example_branch_operator.py
[2024-12-13T17:30:32.230+0000] {processor.py:914} INFO - Processing file /home/airflow/.local/lib/python3.12/site-packages/airflow/example_dags/example_branch_operator.py for tasks to queue
[2024-12-13T17:30:32.232+0000] {logging_mixin.py:190} INFO - [2024-12-13T17:30:32.232+0000] {dagbag.py:588} INFO - Filling up the DagBag from /home/airflow/.local/lib/python3.12/site-packages/airflow/example_dags/example_branch_operator.py
[2024-12-13T17:30:32.251+0000] {processor.py:925} INFO - DAG(s) 'example_branch_operator' retrieved from /home/airflow/.local/lib/python3.12/site-packages/airflow/example_dags/example_branch_operator.py
[2024-12-13T17:30:32.369+0000] {logging_mixin.py:190} INFO - [2024-12-13T17:30:32.369+0000] {dag.py:3239} INFO - Sync 1 DAGs
[2024-12-13T17:30:32.391+0000] {logging_mixin.py:190} INFO - [2024-12-13T17:30:32.391+0000] {dag.py:4180} INFO - Setting next_dagrun for example_branch_operator to 2024-12-12 00:00:00+00:00, run_after=2024-12-13 00:00:00+00:00
[2024-12-13T17:30:32.407+0000] {processor.py:208} INFO - Processing /home/airflow/.local/lib/python3.12/site-packages/airflow/example_dags/example_branch_operator.py took 0.184 seconds
[2024-12-13T17:31:02.636+0000] {processor.py:186} INFO - Started process (PID=146) to work on /home/airflow/.local/lib/python3.12/site-packages/airflow/example_dags/example_branch_operator.py
[2024-12-13T17:31:02.637+0000] {processor.py:914} INFO - Processing file /home/airflow/.local/lib/python3.12/site-packages/airflow/example_dags/example_branch_operator.py for tasks to queue
[2024-12-13T17:31:02.639+0000] {logging_mixin.py:190} INFO - [2024-12-13T17:31:02.638+0000] {dagbag.py:588} INFO - Filling up the DagBag from /home/airflow/.local/lib/python3.12/site-packages/airflow/example_dags/example_branch_operator.py
[2024-12-13T17:31:02.656+0000] {processor.py:925} INFO - DAG(s) 'example_branch_operator' retrieved from /home/airflow/.local/lib/python3.12/site-packages/airflow/example_dags/example_branch_operator.py
[2024-12-13T17:31:02.687+0000] {logging_mixin.py:190} INFO - [2024-12-13T17:31:02.687+0000] {dag.py:3239} INFO - Sync 1 DAGs
[2024-12-13T17:31:02.714+0000] {logging_mixin.py:190} INFO - [2024-12-13T17:31:02.714+0000] {dag.py:4180} INFO - Setting next_dagrun for example_branch_operator to 2024-12-12 00:00:00+00:00, run_after=2024-12-13 00:00:00+00:00
[2024-12-13T17:31:02.734+0000] {processor.py:208} INFO - Processing /home/airflow/.local/lib/python3.12/site-packages/airflow/example_dags/example_branch_operator.py took 0.104 seconds
[2024-12-13T17:31:32.898+0000] {processor.py:186} INFO - Started process (PID=209) to work on /home/airflow/.local/lib/python3.12/site-packages/airflow/example_dags/example_branch_operator.py
[2024-12-13T17:31:32.899+0000] {processor.py:914} INFO - Processing file /home/airflow/.local/lib/python3.12/site-packages/airflow/example_dags/example_branch_operator.py for tasks to queue
[2024-12-13T17:31:32.902+0000] {logging_mixin.py:190} INFO - [2024-12-13T17:31:32.902+0000] {dagbag.py:588} INFO - Filling up the DagBag from /home/airflow/.local/lib/python3.12/site-packages/airflow/example_dags/example_branch_operator.py
[2024-12-13T17:31:32.922+0000] {processor.py:925} INFO - DAG(s) 'example_branch_operator' retrieved from /home/airflow/.local/lib/python3.12/site-packages/airflow/example_dags/example_branch_operator.py
[2024-12-13T17:31:32.954+0000] {logging_mixin.py:190} INFO - [2024-12-13T17:31:32.954+0000] {dag.py:3239} INFO - Sync 1 DAGs
[2024-12-13T17:31:32.976+0000] {logging_mixin.py:190} INFO - [2024-12-13T17:31:32.976+0000] {dag.py:4180} INFO - Setting next_dagrun for example_branch_operator to 2024-12-12 00:00:00+00:00, run_after=2024-12-13 00:00:00+00:00
[2024-12-13T17:31:32.996+0000] {processor.py:208} INFO - Processing /home/airflow/.local/lib/python3.12/site-packages/airflow/example_dags/example_branch_operator.py took 0.104 seconds
[2024-12-13T17:32:03.079+0000] {processor.py:186} INFO - Started process (PID=272) to work on /home/airflow/.local/lib/python3.12/site-packages/airflow/example_dags/example_branch_operator.py
[2024-12-13T17:32:03.081+0000] {processor.py:914} INFO - Processing file /home/airflow/.local/lib/python3.12/site-packages/airflow/example_dags/example_branch_operator.py for tasks to queue
[2024-12-13T17:32:03.083+0000] {logging_mixin.py:190} INFO - [2024-12-13T17:32:03.083+0000] {dagbag.py:588} INFO - Filling up the DagBag from /home/airflow/.local/lib/python3.12/site-packages/airflow/example_dags/example_branch_operator.py
[2024-12-13T17:32:03.100+0000] {processor.py:925} INFO - DAG(s) 'example_branch_operator' retrieved from /home/airflow/.local/lib/python3.12/site-packages/airflow/example_dags/example_branch_operator.py
[2024-12-13T17:32:03.125+0000] {logging_mixin.py:190} INFO - [2024-12-13T17:32:03.125+0000] {dag.py:3239} INFO - Sync 1 DAGs
[2024-12-13T17:32:03.146+0000] {logging_mixin.py:190} INFO - [2024-12-13T17:32:03.146+0000] {dag.py:4180} INFO - Setting next_dagrun for example_branch_operator to 2024-12-12 00:00:00+00:00, run_after=2024-12-13 00:00:00+00:00
[2024-12-13T17:32:03.163+0000] {processor.py:208} INFO - Processing /home/airflow/.local/lib/python3.12/site-packages/airflow/example_dags/example_branch_operator.py took 0.090 seconds
[2024-12-13T17:32:33.266+0000] {processor.py:186} INFO - Started process (PID=335) to work on /home/airflow/.local/lib/python3.12/site-packages/airflow/example_dags/example_branch_operator.py
[2024-12-13T17:32:33.267+0000] {processor.py:914} INFO - Processing file /home/airflow/.local/lib/python3.12/site-packages/airflow/example_dags/example_branch_operator.py for tasks to queue
[2024-12-13T17:32:33.269+0000] {logging_mixin.py:190} INFO - [2024-12-13T17:32:33.269+0000] {dagbag.py:588} INFO - Filling up the DagBag from /home/airflow/.local/lib/python3.12/site-packages/airflow/example_dags/example_branch_operator.py
[2024-12-13T17:32:33.290+0000] {processor.py:925} INFO - DAG(s) 'example_branch_operator' retrieved from /home/airflow/.local/lib/python3.12/site-packages/airflow/example_dags/example_branch_operator.py
[2024-12-13T17:32:33.322+0000] {logging_mixin.py:190} INFO - [2024-12-13T17:32:33.322+0000] {dag.py:3239} INFO - Sync 1 DAGs
[2024-12-13T17:32:33.346+0000] {logging_mixin.py:190} INFO - [2024-12-13T17:32:33.346+0000] {dag.py:4180} INFO - Setting next_dagrun for example_branch_operator to 2024-12-12 00:00:00+00:00, run_after=2024-12-13 00:00:00+00:00
[2024-12-13T17:32:33.362+0000] {processor.py:208} INFO - Processing /home/airflow/.local/lib/python3.12/site-packages/airflow/example_dags/example_branch_operator.py took 0.103 seconds
[2024-12-13T17:33:03.786+0000] {processor.py:186} INFO - Started process (PID=398) to work on /home/airflow/.local/lib/python3.12/site-packages/airflow/example_dags/example_branch_operator.py
[2024-12-13T17:33:03.787+0000] {processor.py:914} INFO - Processing file /home/airflow/.local/lib/python3.12/site-packages/airflow/example_dags/example_branch_operator.py for tasks to queue
[2024-12-13T17:33:03.789+0000] {logging_mixin.py:190} INFO - [2024-12-13T17:33:03.789+0000] {dagbag.py:588} INFO - Filling up the DagBag from /home/airflow/.local/lib/python3.12/site-packages/airflow/example_dags/example_branch_operator.py
[2024-12-13T17:33:03.806+0000] {processor.py:925} INFO - DAG(s) 'example_branch_operator' retrieved from /home/airflow/.local/lib/python3.12/site-packages/airflow/example_dags/example_branch_operator.py
[2024-12-13T17:33:03.837+0000] {logging_mixin.py:190} INFO - [2024-12-13T17:33:03.837+0000] {dag.py:3239} INFO - Sync 1 DAGs
[2024-12-13T17:33:03.861+0000] {logging_mixin.py:190} INFO - [2024-12-13T17:33:03.860+0000] {dag.py:4180} INFO - Setting next_dagrun for example_branch_operator to 2024-12-12 00:00:00+00:00, run_after=2024-12-13 00:00:00+00:00
[2024-12-13T17:33:03.877+0000] {processor.py:208} INFO - Processing /home/airflow/.local/lib/python3.12/site-packages/airflow/example_dags/example_branch_operator.py took 0.097 seconds
[2024-12-13T17:33:34.047+0000] {processor.py:186} INFO - Started process (PID=461) to work on /home/airflow/.local/lib/python3.12/site-packages/airflow/example_dags/example_branch_operator.py
[2024-12-13T17:33:34.048+0000] {processor.py:914} INFO - Processing file /home/airflow/.local/lib/python3.12/site-packages/airflow/example_dags/example_branch_operator.py for tasks to queue
[2024-12-13T17:33:34.050+0000] {logging_mixin.py:190} INFO - [2024-12-13T17:33:34.050+0000] {dagbag.py:588} INFO - Filling up the DagBag from /home/airflow/.local/lib/python3.12/site-packages/airflow/example_dags/example_branch_operator.py
[2024-12-13T17:33:34.067+0000] {processor.py:925} INFO - DAG(s) 'example_branch_operator' retrieved from /home/airflow/.local/lib/python3.12/site-packages/airflow/example_dags/example_branch_operator.py
[2024-12-13T17:33:34.095+0000] {logging_mixin.py:190} INFO - [2024-12-13T17:33:34.094+0000] {dag.py:3239} INFO - Sync 1 DAGs
[2024-12-13T17:33:34.115+0000] {logging_mixin.py:190} INFO - [2024-12-13T17:33:34.115+0000] {dag.py:4180} INFO - Setting next_dagrun for example_branch_operator to 2024-12-12 00:00:00+00:00, run_after=2024-12-13 00:00:00+00:00
[2024-12-13T17:33:34.131+0000] {processor.py:208} INFO - Processing /home/airflow/.local/lib/python3.12/site-packages/airflow/example_dags/example_branch_operator.py took 0.090 seconds
[2024-12-13T17:34:04.835+0000] {processor.py:186} INFO - Started process (PID=524) to work on /home/airflow/.local/lib/python3.12/site-packages/airflow/example_dags/example_branch_operator.py
[2024-12-13T17:34:04.836+0000] {processor.py:914} INFO - Processing file /home/airflow/.local/lib/python3.12/site-packages/airflow/example_dags/example_branch_operator.py for tasks to queue
[2024-12-13T17:34:04.838+0000] {logging_mixin.py:190} INFO - [2024-12-13T17:34:04.838+0000] {dagbag.py:588} INFO - Filling up the DagBag from /home/airflow/.local/lib/python3.12/site-packages/airflow/example_dags/example_branch_operator.py
[2024-12-13T17:34:04.855+0000] {processor.py:925} INFO - DAG(s) 'example_branch_operator' retrieved from /home/airflow/.local/lib/python3.12/site-packages/airflow/example_dags/example_branch_operator.py
[2024-12-13T17:34:04.884+0000] {logging_mixin.py:190} INFO - [2024-12-13T17:34:04.884+0000] {dag.py:3239} INFO - Sync 1 DAGs
[2024-12-13T17:34:04.905+0000] {logging_mixin.py:190} INFO - [2024-12-13T17:34:04.905+0000] {dag.py:4180} INFO - Setting next_dagrun for example_branch_operator to 2024-12-12 00:00:00+00:00, run_after=2024-12-13 00:00:00+00:00
[2024-12-13T17:34:04.921+0000] {processor.py:208} INFO - Processing /home/airflow/.local/lib/python3.12/site-packages/airflow/example_dags/example_branch_operator.py took 0.091 seconds
[2024-12-13T17:34:34.972+0000] {processor.py:186} INFO - Started process (PID=600) to work on /home/airflow/.local/lib/python3.12/site-packages/airflow/example_dags/example_branch_operator.py
[2024-12-13T17:34:34.972+0000] {processor.py:914} INFO - Processing file /home/airflow/.local/lib/python3.12/site-packages/airflow/example_dags/example_branch_operator.py for tasks to queue
[2024-12-13T17:34:34.975+0000] {logging_mixin.py:190} INFO - [2024-12-13T17:34:34.974+0000] {dagbag.py:588} INFO - Filling up the DagBag from /home/airflow/.local/lib/python3.12/site-packages/airflow/example_dags/example_branch_operator.py
[2024-12-13T17:34:34.991+0000] {processor.py:925} INFO - DAG(s) 'example_branch_operator' retrieved from /home/airflow/.local/lib/python3.12/site-packages/airflow/example_dags/example_branch_operator.py
[2024-12-13T17:34:35.016+0000] {logging_mixin.py:190} INFO - [2024-12-13T17:34:35.016+0000] {dag.py:3239} INFO - Sync 1 DAGs
[2024-12-13T17:34:35.037+0000] {logging_mixin.py:190} INFO - [2024-12-13T17:34:35.036+0000] {dag.py:4180} INFO - Setting next_dagrun for example_branch_operator to 2024-12-12 00:00:00+00:00, run_after=2024-12-13 00:00:00+00:00
[2024-12-13T17:34:35.052+0000] {processor.py:208} INFO - Processing /home/airflow/.local/lib/python3.12/site-packages/airflow/example_dags/example_branch_operator.py took 0.086 seconds
[2024-12-13T17:35:05.462+0000] {processor.py:186} INFO - Started process (PID=682) to work on /home/airflow/.local/lib/python3.12/site-packages/airflow/example_dags/example_branch_operator.py
[2024-12-13T17:35:05.463+0000] {processor.py:914} INFO - Processing file /home/airflow/.local/lib/python3.12/site-packages/airflow/example_dags/example_branch_operator.py for tasks to queue
[2024-12-13T17:35:05.466+0000] {logging_mixin.py:190} INFO - [2024-12-13T17:35:05.465+0000] {dagbag.py:588} INFO - Filling up the DagBag from /home/airflow/.local/lib/python3.12/site-packages/airflow/example_dags/example_branch_operator.py
[2024-12-13T17:35:05.482+0000] {processor.py:925} INFO - DAG(s) 'example_branch_operator' retrieved from /home/airflow/.local/lib/python3.12/site-packages/airflow/example_dags/example_branch_operator.py
[2024-12-13T17:35:05.511+0000] {logging_mixin.py:190} INFO - [2024-12-13T17:35:05.510+0000] {dag.py:3239} INFO - Sync 1 DAGs
[2024-12-13T17:35:05.532+0000] {logging_mixin.py:190} INFO - [2024-12-13T17:35:05.531+0000] {dag.py:4180} INFO - Setting next_dagrun for example_branch_operator to 2024-12-12 00:00:00+00:00, run_after=2024-12-13 00:00:00+00:00
[2024-12-13T17:35:05.548+0000] {processor.py:208} INFO - Processing /home/airflow/.local/lib/python3.12/site-packages/airflow/example_dags/example_branch_operator.py took 0.096 seconds
[2024-12-13T17:35:36.024+0000] {processor.py:186} INFO - Started process (PID=747) to work on /home/airflow/.local/lib/python3.12/site-packages/airflow/example_dags/example_branch_operator.py
[2024-12-13T17:35:36.025+0000] {processor.py:914} INFO - Processing file /home/airflow/.local/lib/python3.12/site-packages/airflow/example_dags/example_branch_operator.py for tasks to queue
[2024-12-13T17:35:36.029+0000] {logging_mixin.py:190} INFO - [2024-12-13T17:35:36.029+0000] {dagbag.py:588} INFO - Filling up the DagBag from /home/airflow/.local/lib/python3.12/site-packages/airflow/example_dags/example_branch_operator.py
[2024-12-13T17:35:36.047+0000] {processor.py:925} INFO - DAG(s) 'example_branch_operator' retrieved from /home/airflow/.local/lib/python3.12/site-packages/airflow/example_dags/example_branch_operator.py
[2024-12-13T17:35:36.079+0000] {logging_mixin.py:190} INFO - [2024-12-13T17:35:36.078+0000] {dag.py:3239} INFO - Sync 1 DAGs
[2024-12-13T17:35:36.106+0000] {logging_mixin.py:190} INFO - [2024-12-13T17:35:36.105+0000] {dag.py:4180} INFO - Setting next_dagrun for example_branch_operator to 2024-12-12 00:00:00+00:00, run_after=2024-12-13 00:00:00+00:00
[2024-12-13T17:35:36.125+0000] {processor.py:208} INFO - Processing /home/airflow/.local/lib/python3.12/site-packages/airflow/example_dags/example_branch_operator.py took 0.111 seconds
[2024-12-13T17:36:06.238+0000] {processor.py:186} INFO - Started process (PID=810) to work on /home/airflow/.local/lib/python3.12/site-packages/airflow/example_dags/example_branch_operator.py
[2024-12-13T17:36:06.239+0000] {processor.py:914} INFO - Processing file /home/airflow/.local/lib/python3.12/site-packages/airflow/example_dags/example_branch_operator.py for tasks to queue
[2024-12-13T17:36:06.242+0000] {logging_mixin.py:190} INFO - [2024-12-13T17:36:06.242+0000] {dagbag.py:588} INFO - Filling up the DagBag from /home/airflow/.local/lib/python3.12/site-packages/airflow/example_dags/example_branch_operator.py
[2024-12-13T17:36:06.259+0000] {processor.py:925} INFO - DAG(s) 'example_branch_operator' retrieved from /home/airflow/.local/lib/python3.12/site-packages/airflow/example_dags/example_branch_operator.py
[2024-12-13T17:36:06.287+0000] {logging_mixin.py:190} INFO - [2024-12-13T17:36:06.287+0000] {dag.py:3239} INFO - Sync 1 DAGs
[2024-12-13T17:36:06.309+0000] {logging_mixin.py:190} INFO - [2024-12-13T17:36:06.308+0000] {dag.py:4180} INFO - Setting next_dagrun for example_branch_operator to 2024-12-12 00:00:00+00:00, run_after=2024-12-13 00:00:00+00:00
[2024-12-13T17:36:06.325+0000] {processor.py:208} INFO - Processing /home/airflow/.local/lib/python3.12/site-packages/airflow/example_dags/example_branch_operator.py took 0.096 seconds
[2024-12-13T17:36:37.014+0000] {processor.py:186} INFO - Started process (PID=885) to work on /home/airflow/.local/lib/python3.12/site-packages/airflow/example_dags/example_branch_operator.py
[2024-12-13T17:36:37.015+0000] {processor.py:914} INFO - Processing file /home/airflow/.local/lib/python3.12/site-packages/airflow/example_dags/example_branch_operator.py for tasks to queue
[2024-12-13T17:36:37.019+0000] {logging_mixin.py:190} INFO - [2024-12-13T17:36:37.018+0000] {dagbag.py:588} INFO - Filling up the DagBag from /home/airflow/.local/lib/python3.12/site-packages/airflow/example_dags/example_branch_operator.py
[2024-12-13T17:36:37.046+0000] {processor.py:925} INFO - DAG(s) 'example_branch_operator' retrieved from /home/airflow/.local/lib/python3.12/site-packages/airflow/example_dags/example_branch_operator.py
[2024-12-13T17:36:37.077+0000] {logging_mixin.py:190} INFO - [2024-12-13T17:36:37.077+0000] {dag.py:3239} INFO - Sync 1 DAGs
[2024-12-13T17:36:37.105+0000] {logging_mixin.py:190} INFO - [2024-12-13T17:36:37.105+0000] {dag.py:4180} INFO - Setting next_dagrun for example_branch_operator to 2024-12-12 00:00:00+00:00, run_after=2024-12-13 00:00:00+00:00
[2024-12-13T17:36:37.127+0000] {processor.py:208} INFO - Processing /home/airflow/.local/lib/python3.12/site-packages/airflow/example_dags/example_branch_operator.py took 0.127 seconds
[2024-12-13T17:37:07.309+0000] {processor.py:186} INFO - Started process (PID=960) to work on /home/airflow/.local/lib/python3.12/site-packages/airflow/example_dags/example_branch_operator.py
[2024-12-13T17:37:07.310+0000] {processor.py:914} INFO - Processing file /home/airflow/.local/lib/python3.12/site-packages/airflow/example_dags/example_branch_operator.py for tasks to queue
[2024-12-13T17:37:07.312+0000] {logging_mixin.py:190} INFO - [2024-12-13T17:37:07.312+0000] {dagbag.py:588} INFO - Filling up the DagBag from /home/airflow/.local/lib/python3.12/site-packages/airflow/example_dags/example_branch_operator.py
[2024-12-13T17:37:07.329+0000] {processor.py:925} INFO - DAG(s) 'example_branch_operator' retrieved from /home/airflow/.local/lib/python3.12/site-packages/airflow/example_dags/example_branch_operator.py
[2024-12-13T17:37:07.355+0000] {logging_mixin.py:190} INFO - [2024-12-13T17:37:07.355+0000] {dag.py:3239} INFO - Sync 1 DAGs
[2024-12-13T17:37:07.376+0000] {logging_mixin.py:190} INFO - [2024-12-13T17:37:07.376+0000] {dag.py:4180} INFO - Setting next_dagrun for example_branch_operator to 2024-12-12 00:00:00+00:00, run_after=2024-12-13 00:00:00+00:00
[2024-12-13T17:37:07.392+0000] {processor.py:208} INFO - Processing /home/airflow/.local/lib/python3.12/site-packages/airflow/example_dags/example_branch_operator.py took 0.092 seconds
