[2024-12-13T17:30:30.692+0000] {processor.py:186} INFO - Started process (PID=67) to work on /home/airflow/.local/lib/python3.12/site-packages/airflow/example_dags/example_task_group.py
[2024-12-13T17:30:30.693+0000] {processor.py:914} INFO - Processing file /home/airflow/.local/lib/python3.12/site-packages/airflow/example_dags/example_task_group.py for tasks to queue
[2024-12-13T17:30:30.695+0000] {logging_mixin.py:190} INFO - [2024-12-13T17:30:30.695+0000] {dagbag.py:588} INFO - Filling up the DagBag from /home/airflow/.local/lib/python3.12/site-packages/airflow/example_dags/example_task_group.py
[2024-12-13T17:30:30.707+0000] {processor.py:925} INFO - DAG(s) 'example_task_group' retrieved from /home/airflow/.local/lib/python3.12/site-packages/airflow/example_dags/example_task_group.py
[2024-12-13T17:30:30.734+0000] {logging_mixin.py:190} INFO - [2024-12-13T17:30:30.733+0000] {dag.py:3239} INFO - Sync 1 DAGs
[2024-12-13T17:30:30.749+0000] {logging_mixin.py:190} INFO - [2024-12-13T17:30:30.749+0000] {dag.py:4180} INFO - Setting next_dagrun for example_task_group to None, run_after=None
[2024-12-13T17:30:30.770+0000] {processor.py:208} INFO - Processing /home/airflow/.local/lib/python3.12/site-packages/airflow/example_dags/example_task_group.py took 0.083 seconds
[2024-12-13T17:31:01.703+0000] {processor.py:186} INFO - Started process (PID=131) to work on /home/airflow/.local/lib/python3.12/site-packages/airflow/example_dags/example_task_group.py
[2024-12-13T17:31:01.704+0000] {processor.py:914} INFO - Processing file /home/airflow/.local/lib/python3.12/site-packages/airflow/example_dags/example_task_group.py for tasks to queue
[2024-12-13T17:31:01.706+0000] {logging_mixin.py:190} INFO - [2024-12-13T17:31:01.706+0000] {dagbag.py:588} INFO - Filling up the DagBag from /home/airflow/.local/lib/python3.12/site-packages/airflow/example_dags/example_task_group.py
[2024-12-13T17:31:01.715+0000] {processor.py:925} INFO - DAG(s) 'example_task_group' retrieved from /home/airflow/.local/lib/python3.12/site-packages/airflow/example_dags/example_task_group.py
[2024-12-13T17:31:01.735+0000] {logging_mixin.py:190} INFO - [2024-12-13T17:31:01.735+0000] {dag.py:3239} INFO - Sync 1 DAGs
[2024-12-13T17:31:01.749+0000] {logging_mixin.py:190} INFO - [2024-12-13T17:31:01.749+0000] {dag.py:4180} INFO - Setting next_dagrun for example_task_group to None, run_after=None
[2024-12-13T17:31:01.766+0000] {processor.py:208} INFO - Processing /home/airflow/.local/lib/python3.12/site-packages/airflow/example_dags/example_task_group.py took 0.068 seconds
[2024-12-13T17:31:31.820+0000] {processor.py:186} INFO - Started process (PID=194) to work on /home/airflow/.local/lib/python3.12/site-packages/airflow/example_dags/example_task_group.py
[2024-12-13T17:31:31.821+0000] {processor.py:914} INFO - Processing file /home/airflow/.local/lib/python3.12/site-packages/airflow/example_dags/example_task_group.py for tasks to queue
[2024-12-13T17:31:31.823+0000] {logging_mixin.py:190} INFO - [2024-12-13T17:31:31.823+0000] {dagbag.py:588} INFO - Filling up the DagBag from /home/airflow/.local/lib/python3.12/site-packages/airflow/example_dags/example_task_group.py
[2024-12-13T17:31:31.831+0000] {processor.py:925} INFO - DAG(s) 'example_task_group' retrieved from /home/airflow/.local/lib/python3.12/site-packages/airflow/example_dags/example_task_group.py
[2024-12-13T17:31:31.851+0000] {logging_mixin.py:190} INFO - [2024-12-13T17:31:31.851+0000] {dag.py:3239} INFO - Sync 1 DAGs
[2024-12-13T17:31:31.864+0000] {logging_mixin.py:190} INFO - [2024-12-13T17:31:31.864+0000] {dag.py:4180} INFO - Setting next_dagrun for example_task_group to None, run_after=None
[2024-12-13T17:31:31.881+0000] {processor.py:208} INFO - Processing /home/airflow/.local/lib/python3.12/site-packages/airflow/example_dags/example_task_group.py took 0.066 seconds
[2024-12-13T17:32:02.123+0000] {processor.py:186} INFO - Started process (PID=257) to work on /home/airflow/.local/lib/python3.12/site-packages/airflow/example_dags/example_task_group.py
[2024-12-13T17:32:02.124+0000] {processor.py:914} INFO - Processing file /home/airflow/.local/lib/python3.12/site-packages/airflow/example_dags/example_task_group.py for tasks to queue
[2024-12-13T17:32:02.129+0000] {logging_mixin.py:190} INFO - [2024-12-13T17:32:02.128+0000] {dagbag.py:588} INFO - Filling up the DagBag from /home/airflow/.local/lib/python3.12/site-packages/airflow/example_dags/example_task_group.py
[2024-12-13T17:32:02.139+0000] {processor.py:925} INFO - DAG(s) 'example_task_group' retrieved from /home/airflow/.local/lib/python3.12/site-packages/airflow/example_dags/example_task_group.py
[2024-12-13T17:32:02.167+0000] {logging_mixin.py:190} INFO - [2024-12-13T17:32:02.166+0000] {dag.py:3239} INFO - Sync 1 DAGs
[2024-12-13T17:32:02.180+0000] {logging_mixin.py:190} INFO - [2024-12-13T17:32:02.180+0000] {dag.py:4180} INFO - Setting next_dagrun for example_task_group to None, run_after=None
[2024-12-13T17:32:02.198+0000] {processor.py:208} INFO - Processing /home/airflow/.local/lib/python3.12/site-packages/airflow/example_dags/example_task_group.py took 0.083 seconds
[2024-12-13T17:32:32.372+0000] {processor.py:186} INFO - Started process (PID=320) to work on /home/airflow/.local/lib/python3.12/site-packages/airflow/example_dags/example_task_group.py
[2024-12-13T17:32:32.373+0000] {processor.py:914} INFO - Processing file /home/airflow/.local/lib/python3.12/site-packages/airflow/example_dags/example_task_group.py for tasks to queue
[2024-12-13T17:32:32.376+0000] {logging_mixin.py:190} INFO - [2024-12-13T17:32:32.376+0000] {dagbag.py:588} INFO - Filling up the DagBag from /home/airflow/.local/lib/python3.12/site-packages/airflow/example_dags/example_task_group.py
[2024-12-13T17:32:32.384+0000] {processor.py:925} INFO - DAG(s) 'example_task_group' retrieved from /home/airflow/.local/lib/python3.12/site-packages/airflow/example_dags/example_task_group.py
[2024-12-13T17:32:32.404+0000] {logging_mixin.py:190} INFO - [2024-12-13T17:32:32.404+0000] {dag.py:3239} INFO - Sync 1 DAGs
[2024-12-13T17:32:32.418+0000] {logging_mixin.py:190} INFO - [2024-12-13T17:32:32.418+0000] {dag.py:4180} INFO - Setting next_dagrun for example_task_group to None, run_after=None
[2024-12-13T17:32:32.434+0000] {processor.py:208} INFO - Processing /home/airflow/.local/lib/python3.12/site-packages/airflow/example_dags/example_task_group.py took 0.068 seconds
[2024-12-13T17:33:03.011+0000] {processor.py:186} INFO - Started process (PID=383) to work on /home/airflow/.local/lib/python3.12/site-packages/airflow/example_dags/example_task_group.py
[2024-12-13T17:33:03.012+0000] {processor.py:914} INFO - Processing file /home/airflow/.local/lib/python3.12/site-packages/airflow/example_dags/example_task_group.py for tasks to queue
[2024-12-13T17:33:03.016+0000] {logging_mixin.py:190} INFO - [2024-12-13T17:33:03.016+0000] {dagbag.py:588} INFO - Filling up the DagBag from /home/airflow/.local/lib/python3.12/site-packages/airflow/example_dags/example_task_group.py
[2024-12-13T17:33:03.025+0000] {processor.py:925} INFO - DAG(s) 'example_task_group' retrieved from /home/airflow/.local/lib/python3.12/site-packages/airflow/example_dags/example_task_group.py
[2024-12-13T17:33:03.048+0000] {logging_mixin.py:190} INFO - [2024-12-13T17:33:03.048+0000] {dag.py:3239} INFO - Sync 1 DAGs
[2024-12-13T17:33:03.062+0000] {logging_mixin.py:190} INFO - [2024-12-13T17:33:03.061+0000] {dag.py:4180} INFO - Setting next_dagrun for example_task_group to None, run_after=None
[2024-12-13T17:33:03.086+0000] {processor.py:208} INFO - Processing /home/airflow/.local/lib/python3.12/site-packages/airflow/example_dags/example_task_group.py took 0.080 seconds
[2024-12-13T17:33:33.205+0000] {processor.py:186} INFO - Started process (PID=446) to work on /home/airflow/.local/lib/python3.12/site-packages/airflow/example_dags/example_task_group.py
[2024-12-13T17:33:33.206+0000] {processor.py:914} INFO - Processing file /home/airflow/.local/lib/python3.12/site-packages/airflow/example_dags/example_task_group.py for tasks to queue
[2024-12-13T17:33:33.208+0000] {logging_mixin.py:190} INFO - [2024-12-13T17:33:33.208+0000] {dagbag.py:588} INFO - Filling up the DagBag from /home/airflow/.local/lib/python3.12/site-packages/airflow/example_dags/example_task_group.py
[2024-12-13T17:33:33.216+0000] {processor.py:925} INFO - DAG(s) 'example_task_group' retrieved from /home/airflow/.local/lib/python3.12/site-packages/airflow/example_dags/example_task_group.py
[2024-12-13T17:33:33.237+0000] {logging_mixin.py:190} INFO - [2024-12-13T17:33:33.237+0000] {dag.py:3239} INFO - Sync 1 DAGs
[2024-12-13T17:33:33.250+0000] {logging_mixin.py:190} INFO - [2024-12-13T17:33:33.249+0000] {dag.py:4180} INFO - Setting next_dagrun for example_task_group to None, run_after=None
[2024-12-13T17:33:33.265+0000] {processor.py:208} INFO - Processing /home/airflow/.local/lib/python3.12/site-packages/airflow/example_dags/example_task_group.py took 0.066 seconds
[2024-12-13T17:34:03.885+0000] {processor.py:186} INFO - Started process (PID=509) to work on /home/airflow/.local/lib/python3.12/site-packages/airflow/example_dags/example_task_group.py
[2024-12-13T17:34:03.886+0000] {processor.py:914} INFO - Processing file /home/airflow/.local/lib/python3.12/site-packages/airflow/example_dags/example_task_group.py for tasks to queue
[2024-12-13T17:34:03.889+0000] {logging_mixin.py:190} INFO - [2024-12-13T17:34:03.888+0000] {dagbag.py:588} INFO - Filling up the DagBag from /home/airflow/.local/lib/python3.12/site-packages/airflow/example_dags/example_task_group.py
[2024-12-13T17:34:03.896+0000] {processor.py:925} INFO - DAG(s) 'example_task_group' retrieved from /home/airflow/.local/lib/python3.12/site-packages/airflow/example_dags/example_task_group.py
[2024-12-13T17:34:03.916+0000] {logging_mixin.py:190} INFO - [2024-12-13T17:34:03.916+0000] {dag.py:3239} INFO - Sync 1 DAGs
[2024-12-13T17:34:03.929+0000] {logging_mixin.py:190} INFO - [2024-12-13T17:34:03.929+0000] {dag.py:4180} INFO - Setting next_dagrun for example_task_group to None, run_after=None
[2024-12-13T17:34:03.946+0000] {processor.py:208} INFO - Processing /home/airflow/.local/lib/python3.12/site-packages/airflow/example_dags/example_task_group.py took 0.066 seconds
[2024-12-13T17:34:34.189+0000] {processor.py:186} INFO - Started process (PID=585) to work on /home/airflow/.local/lib/python3.12/site-packages/airflow/example_dags/example_task_group.py
[2024-12-13T17:34:34.190+0000] {processor.py:914} INFO - Processing file /home/airflow/.local/lib/python3.12/site-packages/airflow/example_dags/example_task_group.py for tasks to queue
[2024-12-13T17:34:34.193+0000] {logging_mixin.py:190} INFO - [2024-12-13T17:34:34.193+0000] {dagbag.py:588} INFO - Filling up the DagBag from /home/airflow/.local/lib/python3.12/site-packages/airflow/example_dags/example_task_group.py
[2024-12-13T17:34:34.201+0000] {processor.py:925} INFO - DAG(s) 'example_task_group' retrieved from /home/airflow/.local/lib/python3.12/site-packages/airflow/example_dags/example_task_group.py
[2024-12-13T17:34:34.224+0000] {logging_mixin.py:190} INFO - [2024-12-13T17:34:34.223+0000] {dag.py:3239} INFO - Sync 1 DAGs
[2024-12-13T17:34:34.236+0000] {logging_mixin.py:190} INFO - [2024-12-13T17:34:34.236+0000] {dag.py:4180} INFO - Setting next_dagrun for example_task_group to None, run_after=None
[2024-12-13T17:34:34.252+0000] {processor.py:208} INFO - Processing /home/airflow/.local/lib/python3.12/site-packages/airflow/example_dags/example_task_group.py took 0.068 seconds
[2024-12-13T17:35:04.542+0000] {processor.py:186} INFO - Started process (PID=667) to work on /home/airflow/.local/lib/python3.12/site-packages/airflow/example_dags/example_task_group.py
[2024-12-13T17:35:04.543+0000] {processor.py:914} INFO - Processing file /home/airflow/.local/lib/python3.12/site-packages/airflow/example_dags/example_task_group.py for tasks to queue
[2024-12-13T17:35:04.545+0000] {logging_mixin.py:190} INFO - [2024-12-13T17:35:04.545+0000] {dagbag.py:588} INFO - Filling up the DagBag from /home/airflow/.local/lib/python3.12/site-packages/airflow/example_dags/example_task_group.py
[2024-12-13T17:35:04.554+0000] {processor.py:925} INFO - DAG(s) 'example_task_group' retrieved from /home/airflow/.local/lib/python3.12/site-packages/airflow/example_dags/example_task_group.py
[2024-12-13T17:35:04.573+0000] {logging_mixin.py:190} INFO - [2024-12-13T17:35:04.573+0000] {dag.py:3239} INFO - Sync 1 DAGs
[2024-12-13T17:35:04.586+0000] {logging_mixin.py:190} INFO - [2024-12-13T17:35:04.586+0000] {dag.py:4180} INFO - Setting next_dagrun for example_task_group to None, run_after=None
[2024-12-13T17:35:04.602+0000] {processor.py:208} INFO - Processing /home/airflow/.local/lib/python3.12/site-packages/airflow/example_dags/example_task_group.py took 0.070 seconds
[2024-12-13T17:35:35.065+0000] {processor.py:186} INFO - Started process (PID=731) to work on /home/airflow/.local/lib/python3.12/site-packages/airflow/example_dags/example_task_group.py
[2024-12-13T17:35:35.066+0000] {processor.py:914} INFO - Processing file /home/airflow/.local/lib/python3.12/site-packages/airflow/example_dags/example_task_group.py for tasks to queue
[2024-12-13T17:35:35.069+0000] {logging_mixin.py:190} INFO - [2024-12-13T17:35:35.068+0000] {dagbag.py:588} INFO - Filling up the DagBag from /home/airflow/.local/lib/python3.12/site-packages/airflow/example_dags/example_task_group.py
[2024-12-13T17:35:35.077+0000] {processor.py:925} INFO - DAG(s) 'example_task_group' retrieved from /home/airflow/.local/lib/python3.12/site-packages/airflow/example_dags/example_task_group.py
[2024-12-13T17:35:35.100+0000] {logging_mixin.py:190} INFO - [2024-12-13T17:35:35.100+0000] {dag.py:3239} INFO - Sync 1 DAGs
[2024-12-13T17:35:35.116+0000] {logging_mixin.py:190} INFO - [2024-12-13T17:35:35.116+0000] {dag.py:4180} INFO - Setting next_dagrun for example_task_group to None, run_after=None
[2024-12-13T17:35:35.137+0000] {processor.py:208} INFO - Processing /home/airflow/.local/lib/python3.12/site-packages/airflow/example_dags/example_task_group.py took 0.082 seconds
[2024-12-13T17:36:05.481+0000] {processor.py:186} INFO - Started process (PID=795) to work on /home/airflow/.local/lib/python3.12/site-packages/airflow/example_dags/example_task_group.py
[2024-12-13T17:36:05.482+0000] {processor.py:914} INFO - Processing file /home/airflow/.local/lib/python3.12/site-packages/airflow/example_dags/example_task_group.py for tasks to queue
[2024-12-13T17:36:05.485+0000] {logging_mixin.py:190} INFO - [2024-12-13T17:36:05.485+0000] {dagbag.py:588} INFO - Filling up the DagBag from /home/airflow/.local/lib/python3.12/site-packages/airflow/example_dags/example_task_group.py
[2024-12-13T17:36:05.493+0000] {processor.py:925} INFO - DAG(s) 'example_task_group' retrieved from /home/airflow/.local/lib/python3.12/site-packages/airflow/example_dags/example_task_group.py
[2024-12-13T17:36:05.512+0000] {logging_mixin.py:190} INFO - [2024-12-13T17:36:05.512+0000] {dag.py:3239} INFO - Sync 1 DAGs
[2024-12-13T17:36:05.525+0000] {logging_mixin.py:190} INFO - [2024-12-13T17:36:05.525+0000] {dag.py:4180} INFO - Setting next_dagrun for example_task_group to None, run_after=None
[2024-12-13T17:36:05.541+0000] {processor.py:208} INFO - Processing /home/airflow/.local/lib/python3.12/site-packages/airflow/example_dags/example_task_group.py took 0.068 seconds
[2024-12-13T17:36:36.000+0000] {processor.py:186} INFO - Started process (PID=870) to work on /home/airflow/.local/lib/python3.12/site-packages/airflow/example_dags/example_task_group.py
[2024-12-13T17:36:36.002+0000] {processor.py:914} INFO - Processing file /home/airflow/.local/lib/python3.12/site-packages/airflow/example_dags/example_task_group.py for tasks to queue
[2024-12-13T17:36:36.007+0000] {logging_mixin.py:190} INFO - [2024-12-13T17:36:36.006+0000] {dagbag.py:588} INFO - Filling up the DagBag from /home/airflow/.local/lib/python3.12/site-packages/airflow/example_dags/example_task_group.py
[2024-12-13T17:36:36.023+0000] {processor.py:925} INFO - DAG(s) 'example_task_group' retrieved from /home/airflow/.local/lib/python3.12/site-packages/airflow/example_dags/example_task_group.py
[2024-12-13T17:36:36.054+0000] {logging_mixin.py:190} INFO - [2024-12-13T17:36:36.053+0000] {dag.py:3239} INFO - Sync 1 DAGs
[2024-12-13T17:36:36.074+0000] {logging_mixin.py:190} INFO - [2024-12-13T17:36:36.074+0000] {dag.py:4180} INFO - Setting next_dagrun for example_task_group to None, run_after=None
[2024-12-13T17:36:36.098+0000] {processor.py:208} INFO - Processing /home/airflow/.local/lib/python3.12/site-packages/airflow/example_dags/example_task_group.py took 0.117 seconds
[2024-12-13T17:37:06.527+0000] {processor.py:186} INFO - Started process (PID=945) to work on /home/airflow/.local/lib/python3.12/site-packages/airflow/example_dags/example_task_group.py
[2024-12-13T17:37:06.528+0000] {processor.py:914} INFO - Processing file /home/airflow/.local/lib/python3.12/site-packages/airflow/example_dags/example_task_group.py for tasks to queue
[2024-12-13T17:37:06.530+0000] {logging_mixin.py:190} INFO - [2024-12-13T17:37:06.530+0000] {dagbag.py:588} INFO - Filling up the DagBag from /home/airflow/.local/lib/python3.12/site-packages/airflow/example_dags/example_task_group.py
[2024-12-13T17:37:06.537+0000] {processor.py:925} INFO - DAG(s) 'example_task_group' retrieved from /home/airflow/.local/lib/python3.12/site-packages/airflow/example_dags/example_task_group.py
[2024-12-13T17:37:06.560+0000] {logging_mixin.py:190} INFO - [2024-12-13T17:37:06.559+0000] {dag.py:3239} INFO - Sync 1 DAGs
[2024-12-13T17:37:06.572+0000] {logging_mixin.py:190} INFO - [2024-12-13T17:37:06.572+0000] {dag.py:4180} INFO - Setting next_dagrun for example_task_group to None, run_after=None
[2024-12-13T17:37:06.588+0000] {processor.py:208} INFO - Processing /home/airflow/.local/lib/python3.12/site-packages/airflow/example_dags/example_task_group.py took 0.072 seconds
