[2024-12-13T17:30:36.412+0000] {processor.py:186} INFO - Started process (PID=108) to work on /home/airflow/.local/lib/python3.12/site-packages/airflow/example_dags/example_task_group_decorator.py
[2024-12-13T17:30:36.413+0000] {processor.py:914} INFO - Processing file /home/airflow/.local/lib/python3.12/site-packages/airflow/example_dags/example_task_group_decorator.py for tasks to queue
[2024-12-13T17:30:36.417+0000] {logging_mixin.py:190} INFO - [2024-12-13T17:30:36.417+0000] {dagbag.py:588} INFO - Filling up the DagBag from /home/airflow/.local/lib/python3.12/site-packages/airflow/example_dags/example_task_group_decorator.py
[2024-12-13T17:30:36.439+0000] {processor.py:925} INFO - DAG(s) 'example_task_group_decorator' retrieved from /home/airflow/.local/lib/python3.12/site-packages/airflow/example_dags/example_task_group_decorator.py
[2024-12-13T17:30:36.475+0000] {logging_mixin.py:190} INFO - [2024-12-13T17:30:36.475+0000] {dag.py:3239} INFO - Sync 1 DAGs
[2024-12-13T17:30:36.498+0000] {logging_mixin.py:190} INFO - [2024-12-13T17:30:36.497+0000] {dag.py:4180} INFO - Setting next_dagrun for example_task_group_decorator to None, run_after=None
[2024-12-13T17:30:36.521+0000] {processor.py:208} INFO - Processing /home/airflow/.local/lib/python3.12/site-packages/airflow/example_dags/example_task_group_decorator.py took 0.116 seconds
[2024-12-13T17:31:07.684+0000] {processor.py:186} INFO - Started process (PID=171) to work on /home/airflow/.local/lib/python3.12/site-packages/airflow/example_dags/example_task_group_decorator.py
[2024-12-13T17:31:07.685+0000] {processor.py:914} INFO - Processing file /home/airflow/.local/lib/python3.12/site-packages/airflow/example_dags/example_task_group_decorator.py for tasks to queue
[2024-12-13T17:31:07.687+0000] {logging_mixin.py:190} INFO - [2024-12-13T17:31:07.686+0000] {dagbag.py:588} INFO - Filling up the DagBag from /home/airflow/.local/lib/python3.12/site-packages/airflow/example_dags/example_task_group_decorator.py
[2024-12-13T17:31:07.701+0000] {processor.py:925} INFO - DAG(s) 'example_task_group_decorator' retrieved from /home/airflow/.local/lib/python3.12/site-packages/airflow/example_dags/example_task_group_decorator.py
[2024-12-13T17:31:07.725+0000] {logging_mixin.py:190} INFO - [2024-12-13T17:31:07.725+0000] {dag.py:3239} INFO - Sync 1 DAGs
[2024-12-13T17:31:07.738+0000] {logging_mixin.py:190} INFO - [2024-12-13T17:31:07.738+0000] {dag.py:4180} INFO - Setting next_dagrun for example_task_group_decorator to None, run_after=None
[2024-12-13T17:31:07.758+0000] {processor.py:208} INFO - Processing /home/airflow/.local/lib/python3.12/site-packages/airflow/example_dags/example_task_group_decorator.py took 0.079 seconds
[2024-12-13T17:31:38.976+0000] {processor.py:186} INFO - Started process (PID=234) to work on /home/airflow/.local/lib/python3.12/site-packages/airflow/example_dags/example_task_group_decorator.py
[2024-12-13T17:31:38.977+0000] {processor.py:914} INFO - Processing file /home/airflow/.local/lib/python3.12/site-packages/airflow/example_dags/example_task_group_decorator.py for tasks to queue
[2024-12-13T17:31:38.979+0000] {logging_mixin.py:190} INFO - [2024-12-13T17:31:38.979+0000] {dagbag.py:588} INFO - Filling up the DagBag from /home/airflow/.local/lib/python3.12/site-packages/airflow/example_dags/example_task_group_decorator.py
[2024-12-13T17:31:38.995+0000] {processor.py:925} INFO - DAG(s) 'example_task_group_decorator' retrieved from /home/airflow/.local/lib/python3.12/site-packages/airflow/example_dags/example_task_group_decorator.py
[2024-12-13T17:31:39.019+0000] {logging_mixin.py:190} INFO - [2024-12-13T17:31:39.019+0000] {dag.py:3239} INFO - Sync 1 DAGs
[2024-12-13T17:31:39.031+0000] {logging_mixin.py:190} INFO - [2024-12-13T17:31:39.030+0000] {dag.py:4180} INFO - Setting next_dagrun for example_task_group_decorator to None, run_after=None
[2024-12-13T17:31:39.045+0000] {processor.py:208} INFO - Processing /home/airflow/.local/lib/python3.12/site-packages/airflow/example_dags/example_task_group_decorator.py took 0.074 seconds
[2024-12-13T17:32:10.339+0000] {processor.py:186} INFO - Started process (PID=297) to work on /home/airflow/.local/lib/python3.12/site-packages/airflow/example_dags/example_task_group_decorator.py
[2024-12-13T17:32:10.340+0000] {processor.py:914} INFO - Processing file /home/airflow/.local/lib/python3.12/site-packages/airflow/example_dags/example_task_group_decorator.py for tasks to queue
[2024-12-13T17:32:10.343+0000] {logging_mixin.py:190} INFO - [2024-12-13T17:32:10.342+0000] {dagbag.py:588} INFO - Filling up the DagBag from /home/airflow/.local/lib/python3.12/site-packages/airflow/example_dags/example_task_group_decorator.py
[2024-12-13T17:32:10.358+0000] {processor.py:925} INFO - DAG(s) 'example_task_group_decorator' retrieved from /home/airflow/.local/lib/python3.12/site-packages/airflow/example_dags/example_task_group_decorator.py
[2024-12-13T17:32:10.388+0000] {logging_mixin.py:190} INFO - [2024-12-13T17:32:10.387+0000] {dag.py:3239} INFO - Sync 1 DAGs
[2024-12-13T17:32:10.403+0000] {logging_mixin.py:190} INFO - [2024-12-13T17:32:10.403+0000] {dag.py:4180} INFO - Setting next_dagrun for example_task_group_decorator to None, run_after=None
[2024-12-13T17:32:10.422+0000] {processor.py:208} INFO - Processing /home/airflow/.local/lib/python3.12/site-packages/airflow/example_dags/example_task_group_decorator.py took 0.089 seconds
[2024-12-13T17:32:41.370+0000] {processor.py:186} INFO - Started process (PID=360) to work on /home/airflow/.local/lib/python3.12/site-packages/airflow/example_dags/example_task_group_decorator.py
[2024-12-13T17:32:41.371+0000] {processor.py:914} INFO - Processing file /home/airflow/.local/lib/python3.12/site-packages/airflow/example_dags/example_task_group_decorator.py for tasks to queue
[2024-12-13T17:32:41.374+0000] {logging_mixin.py:190} INFO - [2024-12-13T17:32:41.374+0000] {dagbag.py:588} INFO - Filling up the DagBag from /home/airflow/.local/lib/python3.12/site-packages/airflow/example_dags/example_task_group_decorator.py
[2024-12-13T17:32:41.389+0000] {processor.py:925} INFO - DAG(s) 'example_task_group_decorator' retrieved from /home/airflow/.local/lib/python3.12/site-packages/airflow/example_dags/example_task_group_decorator.py
[2024-12-13T17:32:41.415+0000] {logging_mixin.py:190} INFO - [2024-12-13T17:32:41.415+0000] {dag.py:3239} INFO - Sync 1 DAGs
[2024-12-13T17:32:41.429+0000] {logging_mixin.py:190} INFO - [2024-12-13T17:32:41.428+0000] {dag.py:4180} INFO - Setting next_dagrun for example_task_group_decorator to None, run_after=None
[2024-12-13T17:32:41.445+0000] {processor.py:208} INFO - Processing /home/airflow/.local/lib/python3.12/site-packages/airflow/example_dags/example_task_group_decorator.py took 0.080 seconds
[2024-12-13T17:33:12.410+0000] {processor.py:186} INFO - Started process (PID=423) to work on /home/airflow/.local/lib/python3.12/site-packages/airflow/example_dags/example_task_group_decorator.py
[2024-12-13T17:33:12.411+0000] {processor.py:914} INFO - Processing file /home/airflow/.local/lib/python3.12/site-packages/airflow/example_dags/example_task_group_decorator.py for tasks to queue
[2024-12-13T17:33:12.414+0000] {logging_mixin.py:190} INFO - [2024-12-13T17:33:12.414+0000] {dagbag.py:588} INFO - Filling up the DagBag from /home/airflow/.local/lib/python3.12/site-packages/airflow/example_dags/example_task_group_decorator.py
[2024-12-13T17:33:12.436+0000] {processor.py:925} INFO - DAG(s) 'example_task_group_decorator' retrieved from /home/airflow/.local/lib/python3.12/site-packages/airflow/example_dags/example_task_group_decorator.py
[2024-12-13T17:33:12.469+0000] {logging_mixin.py:190} INFO - [2024-12-13T17:33:12.468+0000] {dag.py:3239} INFO - Sync 1 DAGs
[2024-12-13T17:33:12.489+0000] {logging_mixin.py:190} INFO - [2024-12-13T17:33:12.488+0000] {dag.py:4180} INFO - Setting next_dagrun for example_task_group_decorator to None, run_after=None
[2024-12-13T17:33:12.509+0000] {processor.py:208} INFO - Processing /home/airflow/.local/lib/python3.12/site-packages/airflow/example_dags/example_task_group_decorator.py took 0.106 seconds
[2024-12-13T17:33:43.026+0000] {processor.py:186} INFO - Started process (PID=486) to work on /home/airflow/.local/lib/python3.12/site-packages/airflow/example_dags/example_task_group_decorator.py
[2024-12-13T17:33:43.027+0000] {processor.py:914} INFO - Processing file /home/airflow/.local/lib/python3.12/site-packages/airflow/example_dags/example_task_group_decorator.py for tasks to queue
[2024-12-13T17:33:43.030+0000] {logging_mixin.py:190} INFO - [2024-12-13T17:33:43.029+0000] {dagbag.py:588} INFO - Filling up the DagBag from /home/airflow/.local/lib/python3.12/site-packages/airflow/example_dags/example_task_group_decorator.py
[2024-12-13T17:33:43.044+0000] {processor.py:925} INFO - DAG(s) 'example_task_group_decorator' retrieved from /home/airflow/.local/lib/python3.12/site-packages/airflow/example_dags/example_task_group_decorator.py
[2024-12-13T17:33:43.074+0000] {logging_mixin.py:190} INFO - [2024-12-13T17:33:43.073+0000] {dag.py:3239} INFO - Sync 1 DAGs
[2024-12-13T17:33:43.087+0000] {logging_mixin.py:190} INFO - [2024-12-13T17:33:43.087+0000] {dag.py:4180} INFO - Setting next_dagrun for example_task_group_decorator to None, run_after=None
[2024-12-13T17:33:43.103+0000] {processor.py:208} INFO - Processing /home/airflow/.local/lib/python3.12/site-packages/airflow/example_dags/example_task_group_decorator.py took 0.083 seconds
[2024-12-13T17:34:13.927+0000] {processor.py:186} INFO - Started process (PID=549) to work on /home/airflow/.local/lib/python3.12/site-packages/airflow/example_dags/example_task_group_decorator.py
[2024-12-13T17:34:13.928+0000] {processor.py:914} INFO - Processing file /home/airflow/.local/lib/python3.12/site-packages/airflow/example_dags/example_task_group_decorator.py for tasks to queue
[2024-12-13T17:34:13.931+0000] {logging_mixin.py:190} INFO - [2024-12-13T17:34:13.930+0000] {dagbag.py:588} INFO - Filling up the DagBag from /home/airflow/.local/lib/python3.12/site-packages/airflow/example_dags/example_task_group_decorator.py
[2024-12-13T17:34:13.945+0000] {processor.py:925} INFO - DAG(s) 'example_task_group_decorator' retrieved from /home/airflow/.local/lib/python3.12/site-packages/airflow/example_dags/example_task_group_decorator.py
[2024-12-13T17:34:13.969+0000] {logging_mixin.py:190} INFO - [2024-12-13T17:34:13.969+0000] {dag.py:3239} INFO - Sync 1 DAGs
[2024-12-13T17:34:13.982+0000] {logging_mixin.py:190} INFO - [2024-12-13T17:34:13.982+0000] {dag.py:4180} INFO - Setting next_dagrun for example_task_group_decorator to None, run_after=None
[2024-12-13T17:34:13.997+0000] {processor.py:208} INFO - Processing /home/airflow/.local/lib/python3.12/site-packages/airflow/example_dags/example_task_group_decorator.py took 0.077 seconds
[2024-12-13T17:34:44.728+0000] {processor.py:186} INFO - Started process (PID=624) to work on /home/airflow/.local/lib/python3.12/site-packages/airflow/example_dags/example_task_group_decorator.py
[2024-12-13T17:34:44.729+0000] {processor.py:914} INFO - Processing file /home/airflow/.local/lib/python3.12/site-packages/airflow/example_dags/example_task_group_decorator.py for tasks to queue
[2024-12-13T17:34:44.731+0000] {logging_mixin.py:190} INFO - [2024-12-13T17:34:44.731+0000] {dagbag.py:588} INFO - Filling up the DagBag from /home/airflow/.local/lib/python3.12/site-packages/airflow/example_dags/example_task_group_decorator.py
[2024-12-13T17:34:44.746+0000] {processor.py:925} INFO - DAG(s) 'example_task_group_decorator' retrieved from /home/airflow/.local/lib/python3.12/site-packages/airflow/example_dags/example_task_group_decorator.py
[2024-12-13T17:34:44.770+0000] {logging_mixin.py:190} INFO - [2024-12-13T17:34:44.769+0000] {dag.py:3239} INFO - Sync 1 DAGs
[2024-12-13T17:34:44.782+0000] {logging_mixin.py:190} INFO - [2024-12-13T17:34:44.782+0000] {dag.py:4180} INFO - Setting next_dagrun for example_task_group_decorator to None, run_after=None
[2024-12-13T17:34:44.802+0000] {processor.py:208} INFO - Processing /home/airflow/.local/lib/python3.12/site-packages/airflow/example_dags/example_task_group_decorator.py took 0.080 seconds
[2024-12-13T17:35:16.694+0000] {processor.py:186} INFO - Started process (PID=707) to work on /home/airflow/.local/lib/python3.12/site-packages/airflow/example_dags/example_task_group_decorator.py
[2024-12-13T17:35:16.695+0000] {processor.py:914} INFO - Processing file /home/airflow/.local/lib/python3.12/site-packages/airflow/example_dags/example_task_group_decorator.py for tasks to queue
[2024-12-13T17:35:16.698+0000] {logging_mixin.py:190} INFO - [2024-12-13T17:35:16.698+0000] {dagbag.py:588} INFO - Filling up the DagBag from /home/airflow/.local/lib/python3.12/site-packages/airflow/example_dags/example_task_group_decorator.py
[2024-12-13T17:35:16.712+0000] {processor.py:925} INFO - DAG(s) 'example_task_group_decorator' retrieved from /home/airflow/.local/lib/python3.12/site-packages/airflow/example_dags/example_task_group_decorator.py
[2024-12-13T17:35:16.736+0000] {logging_mixin.py:190} INFO - [2024-12-13T17:35:16.736+0000] {dag.py:3239} INFO - Sync 1 DAGs
[2024-12-13T17:35:16.749+0000] {logging_mixin.py:190} INFO - [2024-12-13T17:35:16.749+0000] {dag.py:4180} INFO - Setting next_dagrun for example_task_group_decorator to None, run_after=None
[2024-12-13T17:35:16.765+0000] {processor.py:208} INFO - Processing /home/airflow/.local/lib/python3.12/site-packages/airflow/example_dags/example_task_group_decorator.py took 0.079 seconds
[2024-12-13T17:35:48.246+0000] {processor.py:186} INFO - Started process (PID=771) to work on /home/airflow/.local/lib/python3.12/site-packages/airflow/example_dags/example_task_group_decorator.py
[2024-12-13T17:35:48.247+0000] {processor.py:914} INFO - Processing file /home/airflow/.local/lib/python3.12/site-packages/airflow/example_dags/example_task_group_decorator.py for tasks to queue
[2024-12-13T17:35:48.250+0000] {logging_mixin.py:190} INFO - [2024-12-13T17:35:48.249+0000] {dagbag.py:588} INFO - Filling up the DagBag from /home/airflow/.local/lib/python3.12/site-packages/airflow/example_dags/example_task_group_decorator.py
[2024-12-13T17:35:48.266+0000] {processor.py:925} INFO - DAG(s) 'example_task_group_decorator' retrieved from /home/airflow/.local/lib/python3.12/site-packages/airflow/example_dags/example_task_group_decorator.py
[2024-12-13T17:35:48.290+0000] {logging_mixin.py:190} INFO - [2024-12-13T17:35:48.290+0000] {dag.py:3239} INFO - Sync 1 DAGs
[2024-12-13T17:35:48.303+0000] {logging_mixin.py:190} INFO - [2024-12-13T17:35:48.303+0000] {dag.py:4180} INFO - Setting next_dagrun for example_task_group_decorator to None, run_after=None
[2024-12-13T17:35:48.320+0000] {processor.py:208} INFO - Processing /home/airflow/.local/lib/python3.12/site-packages/airflow/example_dags/example_task_group_decorator.py took 0.082 seconds
[2024-12-13T17:36:19.698+0000] {processor.py:186} INFO - Started process (PID=835) to work on /home/airflow/.local/lib/python3.12/site-packages/airflow/example_dags/example_task_group_decorator.py
[2024-12-13T17:36:19.699+0000] {processor.py:914} INFO - Processing file /home/airflow/.local/lib/python3.12/site-packages/airflow/example_dags/example_task_group_decorator.py for tasks to queue
[2024-12-13T17:36:19.701+0000] {logging_mixin.py:190} INFO - [2024-12-13T17:36:19.701+0000] {dagbag.py:588} INFO - Filling up the DagBag from /home/airflow/.local/lib/python3.12/site-packages/airflow/example_dags/example_task_group_decorator.py
[2024-12-13T17:36:19.715+0000] {processor.py:925} INFO - DAG(s) 'example_task_group_decorator' retrieved from /home/airflow/.local/lib/python3.12/site-packages/airflow/example_dags/example_task_group_decorator.py
[2024-12-13T17:36:19.742+0000] {logging_mixin.py:190} INFO - [2024-12-13T17:36:19.741+0000] {dag.py:3239} INFO - Sync 1 DAGs
[2024-12-13T17:36:19.754+0000] {logging_mixin.py:190} INFO - [2024-12-13T17:36:19.754+0000] {dag.py:4180} INFO - Setting next_dagrun for example_task_group_decorator to None, run_after=None
[2024-12-13T17:36:19.771+0000] {processor.py:208} INFO - Processing /home/airflow/.local/lib/python3.12/site-packages/airflow/example_dags/example_task_group_decorator.py took 0.082 seconds
[2024-12-13T17:36:50.334+0000] {processor.py:186} INFO - Started process (PID=910) to work on /home/airflow/.local/lib/python3.12/site-packages/airflow/example_dags/example_task_group_decorator.py
[2024-12-13T17:36:50.335+0000] {processor.py:914} INFO - Processing file /home/airflow/.local/lib/python3.12/site-packages/airflow/example_dags/example_task_group_decorator.py for tasks to queue
[2024-12-13T17:36:50.337+0000] {logging_mixin.py:190} INFO - [2024-12-13T17:36:50.337+0000] {dagbag.py:588} INFO - Filling up the DagBag from /home/airflow/.local/lib/python3.12/site-packages/airflow/example_dags/example_task_group_decorator.py
[2024-12-13T17:36:50.351+0000] {processor.py:925} INFO - DAG(s) 'example_task_group_decorator' retrieved from /home/airflow/.local/lib/python3.12/site-packages/airflow/example_dags/example_task_group_decorator.py
[2024-12-13T17:36:50.377+0000] {logging_mixin.py:190} INFO - [2024-12-13T17:36:50.376+0000] {dag.py:3239} INFO - Sync 1 DAGs
[2024-12-13T17:36:50.390+0000] {logging_mixin.py:190} INFO - [2024-12-13T17:36:50.390+0000] {dag.py:4180} INFO - Setting next_dagrun for example_task_group_decorator to None, run_after=None
[2024-12-13T17:36:50.407+0000] {processor.py:208} INFO - Processing /home/airflow/.local/lib/python3.12/site-packages/airflow/example_dags/example_task_group_decorator.py took 0.082 seconds
[2024-12-13T17:37:21.006+0000] {processor.py:186} INFO - Started process (PID=984) to work on /home/airflow/.local/lib/python3.12/site-packages/airflow/example_dags/example_task_group_decorator.py
[2024-12-13T17:37:21.007+0000] {processor.py:914} INFO - Processing file /home/airflow/.local/lib/python3.12/site-packages/airflow/example_dags/example_task_group_decorator.py for tasks to queue
[2024-12-13T17:37:21.010+0000] {logging_mixin.py:190} INFO - [2024-12-13T17:37:21.009+0000] {dagbag.py:588} INFO - Filling up the DagBag from /home/airflow/.local/lib/python3.12/site-packages/airflow/example_dags/example_task_group_decorator.py
[2024-12-13T17:37:21.024+0000] {processor.py:925} INFO - DAG(s) 'example_task_group_decorator' retrieved from /home/airflow/.local/lib/python3.12/site-packages/airflow/example_dags/example_task_group_decorator.py
[2024-12-13T17:37:21.048+0000] {logging_mixin.py:190} INFO - [2024-12-13T17:37:21.048+0000] {dag.py:3239} INFO - Sync 1 DAGs
[2024-12-13T17:37:21.063+0000] {logging_mixin.py:190} INFO - [2024-12-13T17:37:21.063+0000] {dag.py:4180} INFO - Setting next_dagrun for example_task_group_decorator to None, run_after=None
[2024-12-13T17:37:21.081+0000] {processor.py:208} INFO - Processing /home/airflow/.local/lib/python3.12/site-packages/airflow/example_dags/example_task_group_decorator.py took 0.084 seconds
