[2024-12-13T17:30:32.453+0000] {processor.py:186} INFO - Started process (PID=86) to work on /home/airflow/.local/lib/python3.12/site-packages/airflow/example_dags/example_dataset_alias.py
[2024-12-13T17:30:32.454+0000] {processor.py:914} INFO - Processing file /home/airflow/.local/lib/python3.12/site-packages/airflow/example_dags/example_dataset_alias.py for tasks to queue
[2024-12-13T17:30:32.456+0000] {logging_mixin.py:190} INFO - [2024-12-13T17:30:32.456+0000] {dagbag.py:588} INFO - Filling up the DagBag from /home/airflow/.local/lib/python3.12/site-packages/airflow/example_dags/example_dataset_alias.py
[2024-12-13T17:30:33.952+0000] {processor.py:925} INFO - DAG(s) 'dataset_alias_example_alias_producer', 'dataset_alias_example_alias_consumer', 'dataset_s3_bucket_producer', 'dataset_s3_bucket_consumer' retrieved from /home/airflow/.local/lib/python3.12/site-packages/airflow/example_dags/example_dataset_alias.py
[2024-12-13T17:30:33.992+0000] {logging_mixin.py:190} INFO - [2024-12-13T17:30:33.991+0000] {dag.py:3239} INFO - Sync 4 DAGs
[2024-12-13T17:30:34.023+0000] {logging_mixin.py:190} INFO - [2024-12-13T17:30:34.023+0000] {dag.py:4180} INFO - Setting next_dagrun for dataset_alias_example_alias_consumer to None, run_after=None
[2024-12-13T17:30:34.028+0000] {logging_mixin.py:190} INFO - [2024-12-13T17:30:34.028+0000] {dag.py:4180} INFO - Setting next_dagrun for dataset_alias_example_alias_producer to None, run_after=None
[2024-12-13T17:30:34.030+0000] {logging_mixin.py:190} INFO - [2024-12-13T17:30:34.030+0000] {dag.py:4180} INFO - Setting next_dagrun for dataset_s3_bucket_consumer to None, run_after=None
[2024-12-13T17:30:34.032+0000] {logging_mixin.py:190} INFO - [2024-12-13T17:30:34.032+0000] {dag.py:4180} INFO - Setting next_dagrun for dataset_s3_bucket_producer to None, run_after=None
[2024-12-13T17:30:34.066+0000] {processor.py:208} INFO - Processing /home/airflow/.local/lib/python3.12/site-packages/airflow/example_dags/example_dataset_alias.py took 1.618 seconds
[2024-12-13T17:31:04.781+0000] {processor.py:186} INFO - Started process (PID=156) to work on /home/airflow/.local/lib/python3.12/site-packages/airflow/example_dags/example_dataset_alias.py
[2024-12-13T17:31:04.782+0000] {processor.py:914} INFO - Processing file /home/airflow/.local/lib/python3.12/site-packages/airflow/example_dags/example_dataset_alias.py for tasks to queue
[2024-12-13T17:31:04.785+0000] {logging_mixin.py:190} INFO - [2024-12-13T17:31:04.784+0000] {dagbag.py:588} INFO - Filling up the DagBag from /home/airflow/.local/lib/python3.12/site-packages/airflow/example_dags/example_dataset_alias.py
[2024-12-13T17:31:05.352+0000] {processor.py:925} INFO - DAG(s) 'dataset_alias_example_alias_producer', 'dataset_s3_bucket_producer', 'dataset_s3_bucket_consumer', 'dataset_alias_example_alias_consumer' retrieved from /home/airflow/.local/lib/python3.12/site-packages/airflow/example_dags/example_dataset_alias.py
[2024-12-13T17:31:05.370+0000] {logging_mixin.py:190} INFO - [2024-12-13T17:31:05.370+0000] {dag.py:3239} INFO - Sync 4 DAGs
[2024-12-13T17:31:05.390+0000] {logging_mixin.py:190} INFO - [2024-12-13T17:31:05.390+0000] {dag.py:4180} INFO - Setting next_dagrun for dataset_alias_example_alias_consumer to None, run_after=None
[2024-12-13T17:31:05.392+0000] {logging_mixin.py:190} INFO - [2024-12-13T17:31:05.392+0000] {dag.py:4180} INFO - Setting next_dagrun for dataset_alias_example_alias_producer to None, run_after=None
[2024-12-13T17:31:05.394+0000] {logging_mixin.py:190} INFO - [2024-12-13T17:31:05.394+0000] {dag.py:4180} INFO - Setting next_dagrun for dataset_s3_bucket_consumer to None, run_after=None
[2024-12-13T17:31:05.395+0000] {logging_mixin.py:190} INFO - [2024-12-13T17:31:05.395+0000] {dag.py:4180} INFO - Setting next_dagrun for dataset_s3_bucket_producer to None, run_after=None
[2024-12-13T17:31:05.414+0000] {processor.py:208} INFO - Processing /home/airflow/.local/lib/python3.12/site-packages/airflow/example_dags/example_dataset_alias.py took 0.638 seconds
[2024-12-13T17:31:36.051+0000] {processor.py:186} INFO - Started process (PID=219) to work on /home/airflow/.local/lib/python3.12/site-packages/airflow/example_dags/example_dataset_alias.py
[2024-12-13T17:31:36.053+0000] {processor.py:914} INFO - Processing file /home/airflow/.local/lib/python3.12/site-packages/airflow/example_dags/example_dataset_alias.py for tasks to queue
[2024-12-13T17:31:36.055+0000] {logging_mixin.py:190} INFO - [2024-12-13T17:31:36.055+0000] {dagbag.py:588} INFO - Filling up the DagBag from /home/airflow/.local/lib/python3.12/site-packages/airflow/example_dags/example_dataset_alias.py
[2024-12-13T17:31:36.598+0000] {processor.py:925} INFO - DAG(s) 'dataset_s3_bucket_producer', 'dataset_s3_bucket_consumer', 'dataset_alias_example_alias_producer', 'dataset_alias_example_alias_consumer' retrieved from /home/airflow/.local/lib/python3.12/site-packages/airflow/example_dags/example_dataset_alias.py
[2024-12-13T17:31:36.617+0000] {logging_mixin.py:190} INFO - [2024-12-13T17:31:36.616+0000] {dag.py:3239} INFO - Sync 4 DAGs
[2024-12-13T17:31:36.637+0000] {logging_mixin.py:190} INFO - [2024-12-13T17:31:36.637+0000] {dag.py:4180} INFO - Setting next_dagrun for dataset_alias_example_alias_consumer to None, run_after=None
[2024-12-13T17:31:36.640+0000] {logging_mixin.py:190} INFO - [2024-12-13T17:31:36.639+0000] {dag.py:4180} INFO - Setting next_dagrun for dataset_alias_example_alias_producer to None, run_after=None
[2024-12-13T17:31:36.641+0000] {logging_mixin.py:190} INFO - [2024-12-13T17:31:36.641+0000] {dag.py:4180} INFO - Setting next_dagrun for dataset_s3_bucket_consumer to None, run_after=None
[2024-12-13T17:31:36.643+0000] {logging_mixin.py:190} INFO - [2024-12-13T17:31:36.642+0000] {dag.py:4180} INFO - Setting next_dagrun for dataset_s3_bucket_producer to None, run_after=None
[2024-12-13T17:31:36.661+0000] {processor.py:208} INFO - Processing /home/airflow/.local/lib/python3.12/site-packages/airflow/example_dags/example_dataset_alias.py took 0.616 seconds
[2024-12-13T17:32:07.253+0000] {processor.py:186} INFO - Started process (PID=282) to work on /home/airflow/.local/lib/python3.12/site-packages/airflow/example_dags/example_dataset_alias.py
[2024-12-13T17:32:07.254+0000] {processor.py:914} INFO - Processing file /home/airflow/.local/lib/python3.12/site-packages/airflow/example_dags/example_dataset_alias.py for tasks to queue
[2024-12-13T17:32:07.257+0000] {logging_mixin.py:190} INFO - [2024-12-13T17:32:07.257+0000] {dagbag.py:588} INFO - Filling up the DagBag from /home/airflow/.local/lib/python3.12/site-packages/airflow/example_dags/example_dataset_alias.py
[2024-12-13T17:32:07.866+0000] {processor.py:925} INFO - DAG(s) 'dataset_s3_bucket_consumer', 'dataset_s3_bucket_producer', 'dataset_alias_example_alias_producer', 'dataset_alias_example_alias_consumer' retrieved from /home/airflow/.local/lib/python3.12/site-packages/airflow/example_dags/example_dataset_alias.py
[2024-12-13T17:32:07.886+0000] {logging_mixin.py:190} INFO - [2024-12-13T17:32:07.886+0000] {dag.py:3239} INFO - Sync 4 DAGs
[2024-12-13T17:32:07.906+0000] {logging_mixin.py:190} INFO - [2024-12-13T17:32:07.906+0000] {dag.py:4180} INFO - Setting next_dagrun for dataset_alias_example_alias_consumer to None, run_after=None
[2024-12-13T17:32:07.909+0000] {logging_mixin.py:190} INFO - [2024-12-13T17:32:07.909+0000] {dag.py:4180} INFO - Setting next_dagrun for dataset_alias_example_alias_producer to None, run_after=None
[2024-12-13T17:32:07.910+0000] {logging_mixin.py:190} INFO - [2024-12-13T17:32:07.910+0000] {dag.py:4180} INFO - Setting next_dagrun for dataset_s3_bucket_consumer to None, run_after=None
[2024-12-13T17:32:07.912+0000] {logging_mixin.py:190} INFO - [2024-12-13T17:32:07.911+0000] {dag.py:4180} INFO - Setting next_dagrun for dataset_s3_bucket_producer to None, run_after=None
[2024-12-13T17:32:07.932+0000] {processor.py:208} INFO - Processing /home/airflow/.local/lib/python3.12/site-packages/airflow/example_dags/example_dataset_alias.py took 0.684 seconds
[2024-12-13T17:32:38.457+0000] {processor.py:186} INFO - Started process (PID=345) to work on /home/airflow/.local/lib/python3.12/site-packages/airflow/example_dags/example_dataset_alias.py
[2024-12-13T17:32:38.458+0000] {processor.py:914} INFO - Processing file /home/airflow/.local/lib/python3.12/site-packages/airflow/example_dags/example_dataset_alias.py for tasks to queue
[2024-12-13T17:32:38.461+0000] {logging_mixin.py:190} INFO - [2024-12-13T17:32:38.460+0000] {dagbag.py:588} INFO - Filling up the DagBag from /home/airflow/.local/lib/python3.12/site-packages/airflow/example_dags/example_dataset_alias.py
[2024-12-13T17:32:39.005+0000] {processor.py:925} INFO - DAG(s) 'dataset_s3_bucket_producer', 'dataset_s3_bucket_consumer', 'dataset_alias_example_alias_producer', 'dataset_alias_example_alias_consumer' retrieved from /home/airflow/.local/lib/python3.12/site-packages/airflow/example_dags/example_dataset_alias.py
[2024-12-13T17:32:39.022+0000] {logging_mixin.py:190} INFO - [2024-12-13T17:32:39.022+0000] {dag.py:3239} INFO - Sync 4 DAGs
[2024-12-13T17:32:39.042+0000] {logging_mixin.py:190} INFO - [2024-12-13T17:32:39.042+0000] {dag.py:4180} INFO - Setting next_dagrun for dataset_alias_example_alias_consumer to None, run_after=None
[2024-12-13T17:32:39.044+0000] {logging_mixin.py:190} INFO - [2024-12-13T17:32:39.044+0000] {dag.py:4180} INFO - Setting next_dagrun for dataset_alias_example_alias_producer to None, run_after=None
[2024-12-13T17:32:39.046+0000] {logging_mixin.py:190} INFO - [2024-12-13T17:32:39.046+0000] {dag.py:4180} INFO - Setting next_dagrun for dataset_s3_bucket_consumer to None, run_after=None
[2024-12-13T17:32:39.047+0000] {logging_mixin.py:190} INFO - [2024-12-13T17:32:39.047+0000] {dag.py:4180} INFO - Setting next_dagrun for dataset_s3_bucket_producer to None, run_after=None
[2024-12-13T17:32:39.065+0000] {processor.py:208} INFO - Processing /home/airflow/.local/lib/python3.12/site-packages/airflow/example_dags/example_dataset_alias.py took 0.613 seconds
[2024-12-13T17:33:10.025+0000] {processor.py:186} INFO - Started process (PID=408) to work on /home/airflow/.local/lib/python3.12/site-packages/airflow/example_dags/example_dataset_alias.py
[2024-12-13T17:33:10.026+0000] {processor.py:914} INFO - Processing file /home/airflow/.local/lib/python3.12/site-packages/airflow/example_dags/example_dataset_alias.py for tasks to queue
[2024-12-13T17:33:10.029+0000] {logging_mixin.py:190} INFO - [2024-12-13T17:33:10.029+0000] {dagbag.py:588} INFO - Filling up the DagBag from /home/airflow/.local/lib/python3.12/site-packages/airflow/example_dags/example_dataset_alias.py
[2024-12-13T17:33:10.599+0000] {processor.py:925} INFO - DAG(s) 'dataset_alias_example_alias_producer', 'dataset_s3_bucket_consumer', 'dataset_alias_example_alias_consumer', 'dataset_s3_bucket_producer' retrieved from /home/airflow/.local/lib/python3.12/site-packages/airflow/example_dags/example_dataset_alias.py
[2024-12-13T17:33:10.617+0000] {logging_mixin.py:190} INFO - [2024-12-13T17:33:10.616+0000] {dag.py:3239} INFO - Sync 4 DAGs
[2024-12-13T17:33:10.637+0000] {logging_mixin.py:190} INFO - [2024-12-13T17:33:10.637+0000] {dag.py:4180} INFO - Setting next_dagrun for dataset_alias_example_alias_consumer to None, run_after=None
[2024-12-13T17:33:10.639+0000] {logging_mixin.py:190} INFO - [2024-12-13T17:33:10.639+0000] {dag.py:4180} INFO - Setting next_dagrun for dataset_alias_example_alias_producer to None, run_after=None
[2024-12-13T17:33:10.642+0000] {logging_mixin.py:190} INFO - [2024-12-13T17:33:10.642+0000] {dag.py:4180} INFO - Setting next_dagrun for dataset_s3_bucket_consumer to None, run_after=None
[2024-12-13T17:33:10.643+0000] {logging_mixin.py:190} INFO - [2024-12-13T17:33:10.643+0000] {dag.py:4180} INFO - Setting next_dagrun for dataset_s3_bucket_producer to None, run_after=None
[2024-12-13T17:33:10.662+0000] {processor.py:208} INFO - Processing /home/airflow/.local/lib/python3.12/site-packages/airflow/example_dags/example_dataset_alias.py took 0.641 seconds
[2024-12-13T17:33:41.297+0000] {processor.py:186} INFO - Started process (PID=471) to work on /home/airflow/.local/lib/python3.12/site-packages/airflow/example_dags/example_dataset_alias.py
[2024-12-13T17:33:41.298+0000] {processor.py:914} INFO - Processing file /home/airflow/.local/lib/python3.12/site-packages/airflow/example_dags/example_dataset_alias.py for tasks to queue
[2024-12-13T17:33:41.301+0000] {logging_mixin.py:190} INFO - [2024-12-13T17:33:41.301+0000] {dagbag.py:588} INFO - Filling up the DagBag from /home/airflow/.local/lib/python3.12/site-packages/airflow/example_dags/example_dataset_alias.py
[2024-12-13T17:33:41.861+0000] {processor.py:925} INFO - DAG(s) 'dataset_s3_bucket_producer', 'dataset_s3_bucket_consumer', 'dataset_alias_example_alias_producer', 'dataset_alias_example_alias_consumer' retrieved from /home/airflow/.local/lib/python3.12/site-packages/airflow/example_dags/example_dataset_alias.py
[2024-12-13T17:33:41.881+0000] {logging_mixin.py:190} INFO - [2024-12-13T17:33:41.880+0000] {dag.py:3239} INFO - Sync 4 DAGs
[2024-12-13T17:33:41.901+0000] {logging_mixin.py:190} INFO - [2024-12-13T17:33:41.901+0000] {dag.py:4180} INFO - Setting next_dagrun for dataset_alias_example_alias_consumer to None, run_after=None
[2024-12-13T17:33:41.904+0000] {logging_mixin.py:190} INFO - [2024-12-13T17:33:41.904+0000] {dag.py:4180} INFO - Setting next_dagrun for dataset_alias_example_alias_producer to None, run_after=None
[2024-12-13T17:33:41.905+0000] {logging_mixin.py:190} INFO - [2024-12-13T17:33:41.905+0000] {dag.py:4180} INFO - Setting next_dagrun for dataset_s3_bucket_consumer to None, run_after=None
[2024-12-13T17:33:41.907+0000] {logging_mixin.py:190} INFO - [2024-12-13T17:33:41.907+0000] {dag.py:4180} INFO - Setting next_dagrun for dataset_s3_bucket_producer to None, run_after=None
[2024-12-13T17:33:41.929+0000] {processor.py:208} INFO - Processing /home/airflow/.local/lib/python3.12/site-packages/airflow/example_dags/example_dataset_alias.py took 0.636 seconds
[2024-12-13T17:34:12.002+0000] {processor.py:186} INFO - Started process (PID=534) to work on /home/airflow/.local/lib/python3.12/site-packages/airflow/example_dags/example_dataset_alias.py
[2024-12-13T17:34:12.003+0000] {processor.py:914} INFO - Processing file /home/airflow/.local/lib/python3.12/site-packages/airflow/example_dags/example_dataset_alias.py for tasks to queue
[2024-12-13T17:34:12.006+0000] {logging_mixin.py:190} INFO - [2024-12-13T17:34:12.006+0000] {dagbag.py:588} INFO - Filling up the DagBag from /home/airflow/.local/lib/python3.12/site-packages/airflow/example_dags/example_dataset_alias.py
[2024-12-13T17:34:12.634+0000] {processor.py:925} INFO - DAG(s) 'dataset_alias_example_alias_consumer', 'dataset_alias_example_alias_producer', 'dataset_s3_bucket_producer', 'dataset_s3_bucket_consumer' retrieved from /home/airflow/.local/lib/python3.12/site-packages/airflow/example_dags/example_dataset_alias.py
[2024-12-13T17:34:12.655+0000] {logging_mixin.py:190} INFO - [2024-12-13T17:34:12.655+0000] {dag.py:3239} INFO - Sync 4 DAGs
[2024-12-13T17:34:12.678+0000] {logging_mixin.py:190} INFO - [2024-12-13T17:34:12.678+0000] {dag.py:4180} INFO - Setting next_dagrun for dataset_alias_example_alias_consumer to None, run_after=None
[2024-12-13T17:34:12.681+0000] {logging_mixin.py:190} INFO - [2024-12-13T17:34:12.681+0000] {dag.py:4180} INFO - Setting next_dagrun for dataset_alias_example_alias_producer to None, run_after=None
[2024-12-13T17:34:12.683+0000] {logging_mixin.py:190} INFO - [2024-12-13T17:34:12.683+0000] {dag.py:4180} INFO - Setting next_dagrun for dataset_s3_bucket_consumer to None, run_after=None
[2024-12-13T17:34:12.684+0000] {logging_mixin.py:190} INFO - [2024-12-13T17:34:12.684+0000] {dag.py:4180} INFO - Setting next_dagrun for dataset_s3_bucket_producer to None, run_after=None
[2024-12-13T17:34:12.706+0000] {processor.py:208} INFO - Processing /home/airflow/.local/lib/python3.12/site-packages/airflow/example_dags/example_dataset_alias.py took 0.710 seconds
[2024-12-13T17:34:43.158+0000] {processor.py:186} INFO - Started process (PID=610) to work on /home/airflow/.local/lib/python3.12/site-packages/airflow/example_dags/example_dataset_alias.py
[2024-12-13T17:34:43.159+0000] {processor.py:914} INFO - Processing file /home/airflow/.local/lib/python3.12/site-packages/airflow/example_dags/example_dataset_alias.py for tasks to queue
[2024-12-13T17:34:43.161+0000] {logging_mixin.py:190} INFO - [2024-12-13T17:34:43.161+0000] {dagbag.py:588} INFO - Filling up the DagBag from /home/airflow/.local/lib/python3.12/site-packages/airflow/example_dags/example_dataset_alias.py
[2024-12-13T17:34:43.741+0000] {processor.py:925} INFO - DAG(s) 'dataset_alias_example_alias_consumer', 'dataset_alias_example_alias_producer', 'dataset_s3_bucket_producer', 'dataset_s3_bucket_consumer' retrieved from /home/airflow/.local/lib/python3.12/site-packages/airflow/example_dags/example_dataset_alias.py
[2024-12-13T17:34:43.766+0000] {logging_mixin.py:190} INFO - [2024-12-13T17:34:43.766+0000] {dag.py:3239} INFO - Sync 4 DAGs
[2024-12-13T17:34:43.788+0000] {logging_mixin.py:190} INFO - [2024-12-13T17:34:43.788+0000] {dag.py:4180} INFO - Setting next_dagrun for dataset_alias_example_alias_consumer to None, run_after=None
[2024-12-13T17:34:43.791+0000] {logging_mixin.py:190} INFO - [2024-12-13T17:34:43.791+0000] {dag.py:4180} INFO - Setting next_dagrun for dataset_alias_example_alias_producer to None, run_after=None
[2024-12-13T17:34:43.793+0000] {logging_mixin.py:190} INFO - [2024-12-13T17:34:43.793+0000] {dag.py:4180} INFO - Setting next_dagrun for dataset_s3_bucket_consumer to None, run_after=None
[2024-12-13T17:34:43.795+0000] {logging_mixin.py:190} INFO - [2024-12-13T17:34:43.795+0000] {dag.py:4180} INFO - Setting next_dagrun for dataset_s3_bucket_producer to None, run_after=None
[2024-12-13T17:34:43.817+0000] {processor.py:208} INFO - Processing /home/airflow/.local/lib/python3.12/site-packages/airflow/example_dags/example_dataset_alias.py took 0.665 seconds
[2024-12-13T17:35:14.649+0000] {processor.py:186} INFO - Started process (PID=692) to work on /home/airflow/.local/lib/python3.12/site-packages/airflow/example_dags/example_dataset_alias.py
[2024-12-13T17:35:14.650+0000] {processor.py:914} INFO - Processing file /home/airflow/.local/lib/python3.12/site-packages/airflow/example_dags/example_dataset_alias.py for tasks to queue
[2024-12-13T17:35:14.652+0000] {logging_mixin.py:190} INFO - [2024-12-13T17:35:14.652+0000] {dagbag.py:588} INFO - Filling up the DagBag from /home/airflow/.local/lib/python3.12/site-packages/airflow/example_dags/example_dataset_alias.py
[2024-12-13T17:35:15.230+0000] {processor.py:925} INFO - DAG(s) 'dataset_s3_bucket_producer', 'dataset_alias_example_alias_consumer', 'dataset_alias_example_alias_producer', 'dataset_s3_bucket_consumer' retrieved from /home/airflow/.local/lib/python3.12/site-packages/airflow/example_dags/example_dataset_alias.py
[2024-12-13T17:35:15.251+0000] {logging_mixin.py:190} INFO - [2024-12-13T17:35:15.250+0000] {dag.py:3239} INFO - Sync 4 DAGs
[2024-12-13T17:35:15.271+0000] {logging_mixin.py:190} INFO - [2024-12-13T17:35:15.271+0000] {dag.py:4180} INFO - Setting next_dagrun for dataset_alias_example_alias_consumer to None, run_after=None
[2024-12-13T17:35:15.273+0000] {logging_mixin.py:190} INFO - [2024-12-13T17:35:15.273+0000] {dag.py:4180} INFO - Setting next_dagrun for dataset_alias_example_alias_producer to None, run_after=None
[2024-12-13T17:35:15.275+0000] {logging_mixin.py:190} INFO - [2024-12-13T17:35:15.275+0000] {dag.py:4180} INFO - Setting next_dagrun for dataset_s3_bucket_consumer to None, run_after=None
[2024-12-13T17:35:15.276+0000] {logging_mixin.py:190} INFO - [2024-12-13T17:35:15.276+0000] {dag.py:4180} INFO - Setting next_dagrun for dataset_s3_bucket_producer to None, run_after=None
[2024-12-13T17:35:15.295+0000] {processor.py:208} INFO - Processing /home/airflow/.local/lib/python3.12/site-packages/airflow/example_dags/example_dataset_alias.py took 0.655 seconds
[2024-12-13T17:35:46.239+0000] {processor.py:186} INFO - Started process (PID=756) to work on /home/airflow/.local/lib/python3.12/site-packages/airflow/example_dags/example_dataset_alias.py
[2024-12-13T17:35:46.240+0000] {processor.py:914} INFO - Processing file /home/airflow/.local/lib/python3.12/site-packages/airflow/example_dags/example_dataset_alias.py for tasks to queue
[2024-12-13T17:35:46.243+0000] {logging_mixin.py:190} INFO - [2024-12-13T17:35:46.242+0000] {dagbag.py:588} INFO - Filling up the DagBag from /home/airflow/.local/lib/python3.12/site-packages/airflow/example_dags/example_dataset_alias.py
[2024-12-13T17:35:46.769+0000] {processor.py:925} INFO - DAG(s) 'dataset_s3_bucket_producer', 'dataset_alias_example_alias_producer', 'dataset_alias_example_alias_consumer', 'dataset_s3_bucket_consumer' retrieved from /home/airflow/.local/lib/python3.12/site-packages/airflow/example_dags/example_dataset_alias.py
[2024-12-13T17:35:46.789+0000] {logging_mixin.py:190} INFO - [2024-12-13T17:35:46.789+0000] {dag.py:3239} INFO - Sync 4 DAGs
[2024-12-13T17:35:46.809+0000] {logging_mixin.py:190} INFO - [2024-12-13T17:35:46.809+0000] {dag.py:4180} INFO - Setting next_dagrun for dataset_alias_example_alias_consumer to None, run_after=None
[2024-12-13T17:35:46.811+0000] {logging_mixin.py:190} INFO - [2024-12-13T17:35:46.811+0000] {dag.py:4180} INFO - Setting next_dagrun for dataset_alias_example_alias_producer to None, run_after=None
[2024-12-13T17:35:46.813+0000] {logging_mixin.py:190} INFO - [2024-12-13T17:35:46.813+0000] {dag.py:4180} INFO - Setting next_dagrun for dataset_s3_bucket_consumer to None, run_after=None
[2024-12-13T17:35:46.814+0000] {logging_mixin.py:190} INFO - [2024-12-13T17:35:46.814+0000] {dag.py:4180} INFO - Setting next_dagrun for dataset_s3_bucket_producer to None, run_after=None
[2024-12-13T17:35:46.832+0000] {processor.py:208} INFO - Processing /home/airflow/.local/lib/python3.12/site-packages/airflow/example_dags/example_dataset_alias.py took 0.601 seconds
[2024-12-13T17:36:17.503+0000] {processor.py:186} INFO - Started process (PID=820) to work on /home/airflow/.local/lib/python3.12/site-packages/airflow/example_dags/example_dataset_alias.py
[2024-12-13T17:36:17.504+0000] {processor.py:914} INFO - Processing file /home/airflow/.local/lib/python3.12/site-packages/airflow/example_dags/example_dataset_alias.py for tasks to queue
[2024-12-13T17:36:17.506+0000] {logging_mixin.py:190} INFO - [2024-12-13T17:36:17.506+0000] {dagbag.py:588} INFO - Filling up the DagBag from /home/airflow/.local/lib/python3.12/site-packages/airflow/example_dags/example_dataset_alias.py
[2024-12-13T17:36:18.134+0000] {processor.py:925} INFO - DAG(s) 'dataset_s3_bucket_consumer', 'dataset_s3_bucket_producer', 'dataset_alias_example_alias_producer', 'dataset_alias_example_alias_consumer' retrieved from /home/airflow/.local/lib/python3.12/site-packages/airflow/example_dags/example_dataset_alias.py
[2024-12-13T17:36:18.160+0000] {logging_mixin.py:190} INFO - [2024-12-13T17:36:18.160+0000] {dag.py:3239} INFO - Sync 4 DAGs
[2024-12-13T17:36:18.182+0000] {logging_mixin.py:190} INFO - [2024-12-13T17:36:18.182+0000] {dag.py:4180} INFO - Setting next_dagrun for dataset_alias_example_alias_consumer to None, run_after=None
[2024-12-13T17:36:18.185+0000] {logging_mixin.py:190} INFO - [2024-12-13T17:36:18.185+0000] {dag.py:4180} INFO - Setting next_dagrun for dataset_alias_example_alias_producer to None, run_after=None
[2024-12-13T17:36:18.186+0000] {logging_mixin.py:190} INFO - [2024-12-13T17:36:18.186+0000] {dag.py:4180} INFO - Setting next_dagrun for dataset_s3_bucket_consumer to None, run_after=None
[2024-12-13T17:36:18.188+0000] {logging_mixin.py:190} INFO - [2024-12-13T17:36:18.188+0000] {dag.py:4180} INFO - Setting next_dagrun for dataset_s3_bucket_producer to None, run_after=None
[2024-12-13T17:36:18.209+0000] {processor.py:208} INFO - Processing /home/airflow/.local/lib/python3.12/site-packages/airflow/example_dags/example_dataset_alias.py took 0.715 seconds
[2024-12-13T17:36:48.283+0000] {processor.py:186} INFO - Started process (PID=894) to work on /home/airflow/.local/lib/python3.12/site-packages/airflow/example_dags/example_dataset_alias.py
[2024-12-13T17:36:48.285+0000] {processor.py:914} INFO - Processing file /home/airflow/.local/lib/python3.12/site-packages/airflow/example_dags/example_dataset_alias.py for tasks to queue
[2024-12-13T17:36:48.287+0000] {logging_mixin.py:190} INFO - [2024-12-13T17:36:48.287+0000] {dagbag.py:588} INFO - Filling up the DagBag from /home/airflow/.local/lib/python3.12/site-packages/airflow/example_dags/example_dataset_alias.py
[2024-12-13T17:36:48.852+0000] {processor.py:925} INFO - DAG(s) 'dataset_s3_bucket_producer', 'dataset_alias_example_alias_consumer', 'dataset_alias_example_alias_producer', 'dataset_s3_bucket_consumer' retrieved from /home/airflow/.local/lib/python3.12/site-packages/airflow/example_dags/example_dataset_alias.py
[2024-12-13T17:36:48.871+0000] {logging_mixin.py:190} INFO - [2024-12-13T17:36:48.871+0000] {dag.py:3239} INFO - Sync 4 DAGs
[2024-12-13T17:36:48.894+0000] {logging_mixin.py:190} INFO - [2024-12-13T17:36:48.894+0000] {dag.py:4180} INFO - Setting next_dagrun for dataset_alias_example_alias_consumer to None, run_after=None
[2024-12-13T17:36:48.897+0000] {logging_mixin.py:190} INFO - [2024-12-13T17:36:48.897+0000] {dag.py:4180} INFO - Setting next_dagrun for dataset_alias_example_alias_producer to None, run_after=None
[2024-12-13T17:36:48.898+0000] {logging_mixin.py:190} INFO - [2024-12-13T17:36:48.898+0000] {dag.py:4180} INFO - Setting next_dagrun for dataset_s3_bucket_consumer to None, run_after=None
[2024-12-13T17:36:48.900+0000] {logging_mixin.py:190} INFO - [2024-12-13T17:36:48.900+0000] {dag.py:4180} INFO - Setting next_dagrun for dataset_s3_bucket_producer to None, run_after=None
[2024-12-13T17:36:48.918+0000] {processor.py:208} INFO - Processing /home/airflow/.local/lib/python3.12/site-packages/airflow/example_dags/example_dataset_alias.py took 0.645 seconds
[2024-12-13T17:37:19.560+0000] {processor.py:186} INFO - Started process (PID=970) to work on /home/airflow/.local/lib/python3.12/site-packages/airflow/example_dags/example_dataset_alias.py
[2024-12-13T17:37:19.561+0000] {processor.py:914} INFO - Processing file /home/airflow/.local/lib/python3.12/site-packages/airflow/example_dags/example_dataset_alias.py for tasks to queue
[2024-12-13T17:37:19.564+0000] {logging_mixin.py:190} INFO - [2024-12-13T17:37:19.564+0000] {dagbag.py:588} INFO - Filling up the DagBag from /home/airflow/.local/lib/python3.12/site-packages/airflow/example_dags/example_dataset_alias.py
[2024-12-13T17:37:20.137+0000] {processor.py:925} INFO - DAG(s) 'dataset_s3_bucket_producer', 'dataset_alias_example_alias_consumer', 'dataset_alias_example_alias_producer', 'dataset_s3_bucket_consumer' retrieved from /home/airflow/.local/lib/python3.12/site-packages/airflow/example_dags/example_dataset_alias.py
[2024-12-13T17:37:20.156+0000] {logging_mixin.py:190} INFO - [2024-12-13T17:37:20.155+0000] {dag.py:3239} INFO - Sync 4 DAGs
[2024-12-13T17:37:20.178+0000] {logging_mixin.py:190} INFO - [2024-12-13T17:37:20.177+0000] {dag.py:4180} INFO - Setting next_dagrun for dataset_alias_example_alias_consumer to None, run_after=None
[2024-12-13T17:37:20.180+0000] {logging_mixin.py:190} INFO - [2024-12-13T17:37:20.180+0000] {dag.py:4180} INFO - Setting next_dagrun for dataset_alias_example_alias_producer to None, run_after=None
[2024-12-13T17:37:20.182+0000] {logging_mixin.py:190} INFO - [2024-12-13T17:37:20.181+0000] {dag.py:4180} INFO - Setting next_dagrun for dataset_s3_bucket_consumer to None, run_after=None
[2024-12-13T17:37:20.183+0000] {logging_mixin.py:190} INFO - [2024-12-13T17:37:20.183+0000] {dag.py:4180} INFO - Setting next_dagrun for dataset_s3_bucket_producer to None, run_after=None
[2024-12-13T17:37:20.201+0000] {processor.py:208} INFO - Processing /home/airflow/.local/lib/python3.12/site-packages/airflow/example_dags/example_dataset_alias.py took 0.650 seconds
