[2024-12-13T17:30:37.159+0000] {processor.py:186} INFO - Started process (PID=120) to work on /home/airflow/.local/lib/python3.12/site-packages/airflow/example_dags/example_sensor_decorator.py
[2024-12-13T17:30:37.160+0000] {processor.py:914} INFO - Processing file /home/airflow/.local/lib/python3.12/site-packages/airflow/example_dags/example_sensor_decorator.py for tasks to queue
[2024-12-13T17:30:37.162+0000] {logging_mixin.py:190} INFO - [2024-12-13T17:30:37.162+0000] {dagbag.py:588} INFO - Filling up the DagBag from /home/airflow/.local/lib/python3.12/site-packages/airflow/example_dags/example_sensor_decorator.py
[2024-12-13T17:30:37.170+0000] {processor.py:925} INFO - DAG(s) 'example_sensor_decorator' retrieved from /home/airflow/.local/lib/python3.12/site-packages/airflow/example_dags/example_sensor_decorator.py
[2024-12-13T17:30:37.188+0000] {logging_mixin.py:190} INFO - [2024-12-13T17:30:37.188+0000] {dag.py:3239} INFO - Sync 1 DAGs
[2024-12-13T17:30:37.203+0000] {logging_mixin.py:190} INFO - [2024-12-13T17:30:37.203+0000] {dag.py:4180} INFO - Setting next_dagrun for example_sensor_decorator to None, run_after=None
[2024-12-13T17:30:37.226+0000] {processor.py:208} INFO - Processing /home/airflow/.local/lib/python3.12/site-packages/airflow/example_dags/example_sensor_decorator.py took 0.072 seconds
[2024-12-13T17:31:08.445+0000] {processor.py:186} INFO - Started process (PID=183) to work on /home/airflow/.local/lib/python3.12/site-packages/airflow/example_dags/example_sensor_decorator.py
[2024-12-13T17:31:08.446+0000] {processor.py:914} INFO - Processing file /home/airflow/.local/lib/python3.12/site-packages/airflow/example_dags/example_sensor_decorator.py for tasks to queue
[2024-12-13T17:31:08.448+0000] {logging_mixin.py:190} INFO - [2024-12-13T17:31:08.448+0000] {dagbag.py:588} INFO - Filling up the DagBag from /home/airflow/.local/lib/python3.12/site-packages/airflow/example_dags/example_sensor_decorator.py
[2024-12-13T17:31:08.456+0000] {processor.py:925} INFO - DAG(s) 'example_sensor_decorator' retrieved from /home/airflow/.local/lib/python3.12/site-packages/airflow/example_dags/example_sensor_decorator.py
[2024-12-13T17:31:08.473+0000] {logging_mixin.py:190} INFO - [2024-12-13T17:31:08.473+0000] {dag.py:3239} INFO - Sync 1 DAGs
[2024-12-13T17:31:08.487+0000] {logging_mixin.py:190} INFO - [2024-12-13T17:31:08.487+0000] {dag.py:4180} INFO - Setting next_dagrun for example_sensor_decorator to None, run_after=None
[2024-12-13T17:31:08.505+0000] {processor.py:208} INFO - Processing /home/airflow/.local/lib/python3.12/site-packages/airflow/example_dags/example_sensor_decorator.py took 0.065 seconds
[2024-12-13T17:31:39.745+0000] {processor.py:186} INFO - Started process (PID=246) to work on /home/airflow/.local/lib/python3.12/site-packages/airflow/example_dags/example_sensor_decorator.py
[2024-12-13T17:31:39.746+0000] {processor.py:914} INFO - Processing file /home/airflow/.local/lib/python3.12/site-packages/airflow/example_dags/example_sensor_decorator.py for tasks to queue
[2024-12-13T17:31:39.748+0000] {logging_mixin.py:190} INFO - [2024-12-13T17:31:39.748+0000] {dagbag.py:588} INFO - Filling up the DagBag from /home/airflow/.local/lib/python3.12/site-packages/airflow/example_dags/example_sensor_decorator.py
[2024-12-13T17:31:39.755+0000] {processor.py:925} INFO - DAG(s) 'example_sensor_decorator' retrieved from /home/airflow/.local/lib/python3.12/site-packages/airflow/example_dags/example_sensor_decorator.py
[2024-12-13T17:31:39.775+0000] {logging_mixin.py:190} INFO - [2024-12-13T17:31:39.774+0000] {dag.py:3239} INFO - Sync 1 DAGs
[2024-12-13T17:31:39.789+0000] {logging_mixin.py:190} INFO - [2024-12-13T17:31:39.789+0000] {dag.py:4180} INFO - Setting next_dagrun for example_sensor_decorator to None, run_after=None
[2024-12-13T17:31:39.808+0000] {processor.py:208} INFO - Processing /home/airflow/.local/lib/python3.12/site-packages/airflow/example_dags/example_sensor_decorator.py took 0.068 seconds
[2024-12-13T17:32:11.024+0000] {processor.py:186} INFO - Started process (PID=309) to work on /home/airflow/.local/lib/python3.12/site-packages/airflow/example_dags/example_sensor_decorator.py
[2024-12-13T17:32:11.025+0000] {processor.py:914} INFO - Processing file /home/airflow/.local/lib/python3.12/site-packages/airflow/example_dags/example_sensor_decorator.py for tasks to queue
[2024-12-13T17:32:11.027+0000] {logging_mixin.py:190} INFO - [2024-12-13T17:32:11.027+0000] {dagbag.py:588} INFO - Filling up the DagBag from /home/airflow/.local/lib/python3.12/site-packages/airflow/example_dags/example_sensor_decorator.py
[2024-12-13T17:32:11.035+0000] {processor.py:925} INFO - DAG(s) 'example_sensor_decorator' retrieved from /home/airflow/.local/lib/python3.12/site-packages/airflow/example_dags/example_sensor_decorator.py
[2024-12-13T17:32:11.055+0000] {logging_mixin.py:190} INFO - [2024-12-13T17:32:11.055+0000] {dag.py:3239} INFO - Sync 1 DAGs
[2024-12-13T17:32:11.069+0000] {logging_mixin.py:190} INFO - [2024-12-13T17:32:11.069+0000] {dag.py:4180} INFO - Setting next_dagrun for example_sensor_decorator to None, run_after=None
[2024-12-13T17:32:11.087+0000] {processor.py:208} INFO - Processing /home/airflow/.local/lib/python3.12/site-packages/airflow/example_dags/example_sensor_decorator.py took 0.070 seconds
[2024-12-13T17:32:42.116+0000] {processor.py:186} INFO - Started process (PID=372) to work on /home/airflow/.local/lib/python3.12/site-packages/airflow/example_dags/example_sensor_decorator.py
[2024-12-13T17:32:42.117+0000] {processor.py:914} INFO - Processing file /home/airflow/.local/lib/python3.12/site-packages/airflow/example_dags/example_sensor_decorator.py for tasks to queue
[2024-12-13T17:32:42.119+0000] {logging_mixin.py:190} INFO - [2024-12-13T17:32:42.118+0000] {dagbag.py:588} INFO - Filling up the DagBag from /home/airflow/.local/lib/python3.12/site-packages/airflow/example_dags/example_sensor_decorator.py
[2024-12-13T17:32:42.128+0000] {processor.py:925} INFO - DAG(s) 'example_sensor_decorator' retrieved from /home/airflow/.local/lib/python3.12/site-packages/airflow/example_dags/example_sensor_decorator.py
[2024-12-13T17:32:42.147+0000] {logging_mixin.py:190} INFO - [2024-12-13T17:32:42.147+0000] {dag.py:3239} INFO - Sync 1 DAGs
[2024-12-13T17:32:42.161+0000] {logging_mixin.py:190} INFO - [2024-12-13T17:32:42.161+0000] {dag.py:4180} INFO - Setting next_dagrun for example_sensor_decorator to None, run_after=None
[2024-12-13T17:32:42.178+0000] {processor.py:208} INFO - Processing /home/airflow/.local/lib/python3.12/site-packages/airflow/example_dags/example_sensor_decorator.py took 0.069 seconds
[2024-12-13T17:33:13.202+0000] {processor.py:186} INFO - Started process (PID=435) to work on /home/airflow/.local/lib/python3.12/site-packages/airflow/example_dags/example_sensor_decorator.py
[2024-12-13T17:33:13.203+0000] {processor.py:914} INFO - Processing file /home/airflow/.local/lib/python3.12/site-packages/airflow/example_dags/example_sensor_decorator.py for tasks to queue
[2024-12-13T17:33:13.205+0000] {logging_mixin.py:190} INFO - [2024-12-13T17:33:13.205+0000] {dagbag.py:588} INFO - Filling up the DagBag from /home/airflow/.local/lib/python3.12/site-packages/airflow/example_dags/example_sensor_decorator.py
[2024-12-13T17:33:13.213+0000] {processor.py:925} INFO - DAG(s) 'example_sensor_decorator' retrieved from /home/airflow/.local/lib/python3.12/site-packages/airflow/example_dags/example_sensor_decorator.py
[2024-12-13T17:33:13.230+0000] {logging_mixin.py:190} INFO - [2024-12-13T17:33:13.230+0000] {dag.py:3239} INFO - Sync 1 DAGs
[2024-12-13T17:33:13.243+0000] {logging_mixin.py:190} INFO - [2024-12-13T17:33:13.243+0000] {dag.py:4180} INFO - Setting next_dagrun for example_sensor_decorator to None, run_after=None
[2024-12-13T17:33:13.260+0000] {processor.py:208} INFO - Processing /home/airflow/.local/lib/python3.12/site-packages/airflow/example_dags/example_sensor_decorator.py took 0.064 seconds
[2024-12-13T17:33:43.786+0000] {processor.py:186} INFO - Started process (PID=498) to work on /home/airflow/.local/lib/python3.12/site-packages/airflow/example_dags/example_sensor_decorator.py
[2024-12-13T17:33:43.787+0000] {processor.py:914} INFO - Processing file /home/airflow/.local/lib/python3.12/site-packages/airflow/example_dags/example_sensor_decorator.py for tasks to queue
[2024-12-13T17:33:43.789+0000] {logging_mixin.py:190} INFO - [2024-12-13T17:33:43.789+0000] {dagbag.py:588} INFO - Filling up the DagBag from /home/airflow/.local/lib/python3.12/site-packages/airflow/example_dags/example_sensor_decorator.py
[2024-12-13T17:33:43.797+0000] {processor.py:925} INFO - DAG(s) 'example_sensor_decorator' retrieved from /home/airflow/.local/lib/python3.12/site-packages/airflow/example_dags/example_sensor_decorator.py
[2024-12-13T17:33:43.815+0000] {logging_mixin.py:190} INFO - [2024-12-13T17:33:43.815+0000] {dag.py:3239} INFO - Sync 1 DAGs
[2024-12-13T17:33:43.828+0000] {logging_mixin.py:190} INFO - [2024-12-13T17:33:43.828+0000] {dag.py:4180} INFO - Setting next_dagrun for example_sensor_decorator to None, run_after=None
[2024-12-13T17:33:43.845+0000] {processor.py:208} INFO - Processing /home/airflow/.local/lib/python3.12/site-packages/airflow/example_dags/example_sensor_decorator.py took 0.065 seconds
[2024-12-13T17:34:14.761+0000] {processor.py:186} INFO - Started process (PID=561) to work on /home/airflow/.local/lib/python3.12/site-packages/airflow/example_dags/example_sensor_decorator.py
[2024-12-13T17:34:14.762+0000] {processor.py:914} INFO - Processing file /home/airflow/.local/lib/python3.12/site-packages/airflow/example_dags/example_sensor_decorator.py for tasks to queue
[2024-12-13T17:34:14.765+0000] {logging_mixin.py:190} INFO - [2024-12-13T17:34:14.764+0000] {dagbag.py:588} INFO - Filling up the DagBag from /home/airflow/.local/lib/python3.12/site-packages/airflow/example_dags/example_sensor_decorator.py
[2024-12-13T17:34:14.773+0000] {processor.py:925} INFO - DAG(s) 'example_sensor_decorator' retrieved from /home/airflow/.local/lib/python3.12/site-packages/airflow/example_dags/example_sensor_decorator.py
[2024-12-13T17:34:14.791+0000] {logging_mixin.py:190} INFO - [2024-12-13T17:34:14.791+0000] {dag.py:3239} INFO - Sync 1 DAGs
[2024-12-13T17:34:14.805+0000] {logging_mixin.py:190} INFO - [2024-12-13T17:34:14.804+0000] {dag.py:4180} INFO - Setting next_dagrun for example_sensor_decorator to None, run_after=None
[2024-12-13T17:34:14.822+0000] {processor.py:208} INFO - Processing /home/airflow/.local/lib/python3.12/site-packages/airflow/example_dags/example_sensor_decorator.py took 0.067 seconds
[2024-12-13T17:34:45.890+0000] {processor.py:186} INFO - Started process (PID=637) to work on /home/airflow/.local/lib/python3.12/site-packages/airflow/example_dags/example_sensor_decorator.py
[2024-12-13T17:34:45.891+0000] {processor.py:914} INFO - Processing file /home/airflow/.local/lib/python3.12/site-packages/airflow/example_dags/example_sensor_decorator.py for tasks to queue
[2024-12-13T17:34:45.894+0000] {logging_mixin.py:190} INFO - [2024-12-13T17:34:45.894+0000] {dagbag.py:588} INFO - Filling up the DagBag from /home/airflow/.local/lib/python3.12/site-packages/airflow/example_dags/example_sensor_decorator.py
[2024-12-13T17:34:45.909+0000] {processor.py:925} INFO - DAG(s) 'example_sensor_decorator' retrieved from /home/airflow/.local/lib/python3.12/site-packages/airflow/example_dags/example_sensor_decorator.py
[2024-12-13T17:34:45.942+0000] {logging_mixin.py:190} INFO - [2024-12-13T17:34:45.942+0000] {dag.py:3239} INFO - Sync 1 DAGs
[2024-12-13T17:34:45.962+0000] {logging_mixin.py:190} INFO - [2024-12-13T17:34:45.962+0000] {dag.py:4180} INFO - Setting next_dagrun for example_sensor_decorator to None, run_after=None
[2024-12-13T17:34:45.985+0000] {processor.py:208} INFO - Processing /home/airflow/.local/lib/python3.12/site-packages/airflow/example_dags/example_sensor_decorator.py took 0.104 seconds
[2024-12-13T17:35:17.313+0000] {processor.py:186} INFO - Started process (PID=719) to work on /home/airflow/.local/lib/python3.12/site-packages/airflow/example_dags/example_sensor_decorator.py
[2024-12-13T17:35:17.314+0000] {processor.py:914} INFO - Processing file /home/airflow/.local/lib/python3.12/site-packages/airflow/example_dags/example_sensor_decorator.py for tasks to queue
[2024-12-13T17:35:17.317+0000] {logging_mixin.py:190} INFO - [2024-12-13T17:35:17.316+0000] {dagbag.py:588} INFO - Filling up the DagBag from /home/airflow/.local/lib/python3.12/site-packages/airflow/example_dags/example_sensor_decorator.py
[2024-12-13T17:35:17.323+0000] {processor.py:925} INFO - DAG(s) 'example_sensor_decorator' retrieved from /home/airflow/.local/lib/python3.12/site-packages/airflow/example_dags/example_sensor_decorator.py
[2024-12-13T17:35:17.341+0000] {logging_mixin.py:190} INFO - [2024-12-13T17:35:17.341+0000] {dag.py:3239} INFO - Sync 1 DAGs
[2024-12-13T17:35:17.355+0000] {logging_mixin.py:190} INFO - [2024-12-13T17:35:17.355+0000] {dag.py:4180} INFO - Setting next_dagrun for example_sensor_decorator to None, run_after=None
[2024-12-13T17:35:17.371+0000] {processor.py:208} INFO - Processing /home/airflow/.local/lib/python3.12/site-packages/airflow/example_dags/example_sensor_decorator.py took 0.067 seconds
[2024-12-13T17:35:48.912+0000] {processor.py:186} INFO - Started process (PID=783) to work on /home/airflow/.local/lib/python3.12/site-packages/airflow/example_dags/example_sensor_decorator.py
[2024-12-13T17:35:48.913+0000] {processor.py:914} INFO - Processing file /home/airflow/.local/lib/python3.12/site-packages/airflow/example_dags/example_sensor_decorator.py for tasks to queue
[2024-12-13T17:35:48.916+0000] {logging_mixin.py:190} INFO - [2024-12-13T17:35:48.916+0000] {dagbag.py:588} INFO - Filling up the DagBag from /home/airflow/.local/lib/python3.12/site-packages/airflow/example_dags/example_sensor_decorator.py
[2024-12-13T17:35:48.928+0000] {processor.py:925} INFO - DAG(s) 'example_sensor_decorator' retrieved from /home/airflow/.local/lib/python3.12/site-packages/airflow/example_dags/example_sensor_decorator.py
[2024-12-13T17:35:48.948+0000] {logging_mixin.py:190} INFO - [2024-12-13T17:35:48.948+0000] {dag.py:3239} INFO - Sync 1 DAGs
[2024-12-13T17:35:48.963+0000] {logging_mixin.py:190} INFO - [2024-12-13T17:35:48.963+0000] {dag.py:4180} INFO - Setting next_dagrun for example_sensor_decorator to None, run_after=None
[2024-12-13T17:35:48.981+0000] {processor.py:208} INFO - Processing /home/airflow/.local/lib/python3.12/site-packages/airflow/example_dags/example_sensor_decorator.py took 0.085 seconds
[2024-12-13T17:36:20.355+0000] {processor.py:186} INFO - Started process (PID=847) to work on /home/airflow/.local/lib/python3.12/site-packages/airflow/example_dags/example_sensor_decorator.py
[2024-12-13T17:36:20.356+0000] {processor.py:914} INFO - Processing file /home/airflow/.local/lib/python3.12/site-packages/airflow/example_dags/example_sensor_decorator.py for tasks to queue
[2024-12-13T17:36:20.358+0000] {logging_mixin.py:190} INFO - [2024-12-13T17:36:20.358+0000] {dagbag.py:588} INFO - Filling up the DagBag from /home/airflow/.local/lib/python3.12/site-packages/airflow/example_dags/example_sensor_decorator.py
[2024-12-13T17:36:20.367+0000] {processor.py:925} INFO - DAG(s) 'example_sensor_decorator' retrieved from /home/airflow/.local/lib/python3.12/site-packages/airflow/example_dags/example_sensor_decorator.py
[2024-12-13T17:36:20.385+0000] {logging_mixin.py:190} INFO - [2024-12-13T17:36:20.385+0000] {dag.py:3239} INFO - Sync 1 DAGs
[2024-12-13T17:36:20.398+0000] {logging_mixin.py:190} INFO - [2024-12-13T17:36:20.398+0000] {dag.py:4180} INFO - Setting next_dagrun for example_sensor_decorator to None, run_after=None
[2024-12-13T17:36:20.414+0000] {processor.py:208} INFO - Processing /home/airflow/.local/lib/python3.12/site-packages/airflow/example_dags/example_sensor_decorator.py took 0.069 seconds
[2024-12-13T17:36:51.161+0000] {processor.py:186} INFO - Started process (PID=922) to work on /home/airflow/.local/lib/python3.12/site-packages/airflow/example_dags/example_sensor_decorator.py
[2024-12-13T17:36:51.162+0000] {processor.py:914} INFO - Processing file /home/airflow/.local/lib/python3.12/site-packages/airflow/example_dags/example_sensor_decorator.py for tasks to queue
[2024-12-13T17:36:51.164+0000] {logging_mixin.py:190} INFO - [2024-12-13T17:36:51.164+0000] {dagbag.py:588} INFO - Filling up the DagBag from /home/airflow/.local/lib/python3.12/site-packages/airflow/example_dags/example_sensor_decorator.py
[2024-12-13T17:36:51.172+0000] {processor.py:925} INFO - DAG(s) 'example_sensor_decorator' retrieved from /home/airflow/.local/lib/python3.12/site-packages/airflow/example_dags/example_sensor_decorator.py
[2024-12-13T17:36:51.190+0000] {logging_mixin.py:190} INFO - [2024-12-13T17:36:51.189+0000] {dag.py:3239} INFO - Sync 1 DAGs
[2024-12-13T17:36:51.203+0000] {logging_mixin.py:190} INFO - [2024-12-13T17:36:51.202+0000] {dag.py:4180} INFO - Setting next_dagrun for example_sensor_decorator to None, run_after=None
[2024-12-13T17:36:51.219+0000] {processor.py:208} INFO - Processing /home/airflow/.local/lib/python3.12/site-packages/airflow/example_dags/example_sensor_decorator.py took 0.068 seconds
[2024-12-13T17:37:22.206+0000] {processor.py:186} INFO - Started process (PID=997) to work on /home/airflow/.local/lib/python3.12/site-packages/airflow/example_dags/example_sensor_decorator.py
[2024-12-13T17:37:22.207+0000] {processor.py:914} INFO - Processing file /home/airflow/.local/lib/python3.12/site-packages/airflow/example_dags/example_sensor_decorator.py for tasks to queue
[2024-12-13T17:37:22.210+0000] {logging_mixin.py:190} INFO - [2024-12-13T17:37:22.209+0000] {dagbag.py:588} INFO - Filling up the DagBag from /home/airflow/.local/lib/python3.12/site-packages/airflow/example_dags/example_sensor_decorator.py
[2024-12-13T17:37:22.220+0000] {processor.py:925} INFO - DAG(s) 'example_sensor_decorator' retrieved from /home/airflow/.local/lib/python3.12/site-packages/airflow/example_dags/example_sensor_decorator.py
[2024-12-13T17:37:22.237+0000] {logging_mixin.py:190} INFO - [2024-12-13T17:37:22.237+0000] {dag.py:3239} INFO - Sync 1 DAGs
[2024-12-13T17:37:22.250+0000] {logging_mixin.py:190} INFO - [2024-12-13T17:37:22.250+0000] {dag.py:4180} INFO - Setting next_dagrun for example_sensor_decorator to None, run_after=None
[2024-12-13T17:37:22.266+0000] {processor.py:208} INFO - Processing /home/airflow/.local/lib/python3.12/site-packages/airflow/example_dags/example_sensor_decorator.py took 0.070 seconds
