[2024-12-13T17:30:37.070+0000] {processor.py:186} INFO - Started process (PID=119) to work on /home/airflow/.local/lib/python3.12/site-packages/airflow/example_dags/example_latest_only.py
[2024-12-13T17:30:37.071+0000] {processor.py:914} INFO - Processing file /home/airflow/.local/lib/python3.12/site-packages/airflow/example_dags/example_latest_only.py for tasks to queue
[2024-12-13T17:30:37.073+0000] {logging_mixin.py:190} INFO - [2024-12-13T17:30:37.072+0000] {dagbag.py:588} INFO - Filling up the DagBag from /home/airflow/.local/lib/python3.12/site-packages/airflow/example_dags/example_latest_only.py
[2024-12-13T17:30:37.080+0000] {processor.py:925} INFO - DAG(s) 'latest_only' retrieved from /home/airflow/.local/lib/python3.12/site-packages/airflow/example_dags/example_latest_only.py
[2024-12-13T17:30:37.100+0000] {logging_mixin.py:190} INFO - [2024-12-13T17:30:37.099+0000] {dag.py:3239} INFO - Sync 1 DAGs
[2024-12-13T17:30:37.122+0000] {logging_mixin.py:190} INFO - [2024-12-13T17:30:37.122+0000] {dag.py:4180} INFO - Setting next_dagrun for latest_only to 2024-12-13 12:00:00+00:00, run_after=2024-12-13 16:00:00+00:00
[2024-12-13T17:30:37.139+0000] {processor.py:208} INFO - Processing /home/airflow/.local/lib/python3.12/site-packages/airflow/example_dags/example_latest_only.py took 0.075 seconds
[2024-12-13T17:31:08.344+0000] {processor.py:186} INFO - Started process (PID=182) to work on /home/airflow/.local/lib/python3.12/site-packages/airflow/example_dags/example_latest_only.py
[2024-12-13T17:31:08.345+0000] {processor.py:914} INFO - Processing file /home/airflow/.local/lib/python3.12/site-packages/airflow/example_dags/example_latest_only.py for tasks to queue
[2024-12-13T17:31:08.347+0000] {logging_mixin.py:190} INFO - [2024-12-13T17:31:08.347+0000] {dagbag.py:588} INFO - Filling up the DagBag from /home/airflow/.local/lib/python3.12/site-packages/airflow/example_dags/example_latest_only.py
[2024-12-13T17:31:08.354+0000] {processor.py:925} INFO - DAG(s) 'latest_only' retrieved from /home/airflow/.local/lib/python3.12/site-packages/airflow/example_dags/example_latest_only.py
[2024-12-13T17:31:08.373+0000] {logging_mixin.py:190} INFO - [2024-12-13T17:31:08.373+0000] {dag.py:3239} INFO - Sync 1 DAGs
[2024-12-13T17:31:08.395+0000] {logging_mixin.py:190} INFO - [2024-12-13T17:31:08.394+0000] {dag.py:4180} INFO - Setting next_dagrun for latest_only to 2024-12-13 12:00:00+00:00, run_after=2024-12-13 16:00:00+00:00
[2024-12-13T17:31:08.411+0000] {processor.py:208} INFO - Processing /home/airflow/.local/lib/python3.12/site-packages/airflow/example_dags/example_latest_only.py took 0.073 seconds
[2024-12-13T17:31:39.650+0000] {processor.py:186} INFO - Started process (PID=245) to work on /home/airflow/.local/lib/python3.12/site-packages/airflow/example_dags/example_latest_only.py
[2024-12-13T17:31:39.651+0000] {processor.py:914} INFO - Processing file /home/airflow/.local/lib/python3.12/site-packages/airflow/example_dags/example_latest_only.py for tasks to queue
[2024-12-13T17:31:39.653+0000] {logging_mixin.py:190} INFO - [2024-12-13T17:31:39.653+0000] {dagbag.py:588} INFO - Filling up the DagBag from /home/airflow/.local/lib/python3.12/site-packages/airflow/example_dags/example_latest_only.py
[2024-12-13T17:31:39.660+0000] {processor.py:925} INFO - DAG(s) 'latest_only' retrieved from /home/airflow/.local/lib/python3.12/site-packages/airflow/example_dags/example_latest_only.py
[2024-12-13T17:31:39.677+0000] {logging_mixin.py:190} INFO - [2024-12-13T17:31:39.677+0000] {dag.py:3239} INFO - Sync 1 DAGs
[2024-12-13T17:31:39.698+0000] {logging_mixin.py:190} INFO - [2024-12-13T17:31:39.698+0000] {dag.py:4180} INFO - Setting next_dagrun for latest_only to 2024-12-13 12:00:00+00:00, run_after=2024-12-13 16:00:00+00:00
[2024-12-13T17:31:39.713+0000] {processor.py:208} INFO - Processing /home/airflow/.local/lib/python3.12/site-packages/airflow/example_dags/example_latest_only.py took 0.069 seconds
[2024-12-13T17:32:11.023+0000] {processor.py:186} INFO - Started process (PID=308) to work on /home/airflow/.local/lib/python3.12/site-packages/airflow/example_dags/example_latest_only.py
[2024-12-13T17:32:11.024+0000] {processor.py:914} INFO - Processing file /home/airflow/.local/lib/python3.12/site-packages/airflow/example_dags/example_latest_only.py for tasks to queue
[2024-12-13T17:32:11.027+0000] {logging_mixin.py:190} INFO - [2024-12-13T17:32:11.026+0000] {dagbag.py:588} INFO - Filling up the DagBag from /home/airflow/.local/lib/python3.12/site-packages/airflow/example_dags/example_latest_only.py
[2024-12-13T17:32:11.034+0000] {processor.py:925} INFO - DAG(s) 'latest_only' retrieved from /home/airflow/.local/lib/python3.12/site-packages/airflow/example_dags/example_latest_only.py
[2024-12-13T17:32:11.054+0000] {logging_mixin.py:190} INFO - [2024-12-13T17:32:11.053+0000] {dag.py:3239} INFO - Sync 1 DAGs
[2024-12-13T17:32:11.075+0000] {logging_mixin.py:190} INFO - [2024-12-13T17:32:11.075+0000] {dag.py:4180} INFO - Setting next_dagrun for latest_only to 2024-12-13 12:00:00+00:00, run_after=2024-12-13 16:00:00+00:00
[2024-12-13T17:32:11.092+0000] {processor.py:208} INFO - Processing /home/airflow/.local/lib/python3.12/site-packages/airflow/example_dags/example_latest_only.py took 0.075 seconds
[2024-12-13T17:32:42.011+0000] {processor.py:186} INFO - Started process (PID=371) to work on /home/airflow/.local/lib/python3.12/site-packages/airflow/example_dags/example_latest_only.py
[2024-12-13T17:32:42.012+0000] {processor.py:914} INFO - Processing file /home/airflow/.local/lib/python3.12/site-packages/airflow/example_dags/example_latest_only.py for tasks to queue
[2024-12-13T17:32:42.014+0000] {logging_mixin.py:190} INFO - [2024-12-13T17:32:42.014+0000] {dagbag.py:588} INFO - Filling up the DagBag from /home/airflow/.local/lib/python3.12/site-packages/airflow/example_dags/example_latest_only.py
[2024-12-13T17:32:42.021+0000] {processor.py:925} INFO - DAG(s) 'latest_only' retrieved from /home/airflow/.local/lib/python3.12/site-packages/airflow/example_dags/example_latest_only.py
[2024-12-13T17:32:42.039+0000] {logging_mixin.py:190} INFO - [2024-12-13T17:32:42.039+0000] {dag.py:3239} INFO - Sync 1 DAGs
[2024-12-13T17:32:42.059+0000] {logging_mixin.py:190} INFO - [2024-12-13T17:32:42.059+0000] {dag.py:4180} INFO - Setting next_dagrun for latest_only to 2024-12-13 12:00:00+00:00, run_after=2024-12-13 16:00:00+00:00
[2024-12-13T17:32:42.076+0000] {processor.py:208} INFO - Processing /home/airflow/.local/lib/python3.12/site-packages/airflow/example_dags/example_latest_only.py took 0.071 seconds
[2024-12-13T17:33:13.100+0000] {processor.py:186} INFO - Started process (PID=434) to work on /home/airflow/.local/lib/python3.12/site-packages/airflow/example_dags/example_latest_only.py
[2024-12-13T17:33:13.101+0000] {processor.py:914} INFO - Processing file /home/airflow/.local/lib/python3.12/site-packages/airflow/example_dags/example_latest_only.py for tasks to queue
[2024-12-13T17:33:13.104+0000] {logging_mixin.py:190} INFO - [2024-12-13T17:33:13.103+0000] {dagbag.py:588} INFO - Filling up the DagBag from /home/airflow/.local/lib/python3.12/site-packages/airflow/example_dags/example_latest_only.py
[2024-12-13T17:33:13.110+0000] {processor.py:925} INFO - DAG(s) 'latest_only' retrieved from /home/airflow/.local/lib/python3.12/site-packages/airflow/example_dags/example_latest_only.py
[2024-12-13T17:33:13.128+0000] {logging_mixin.py:190} INFO - [2024-12-13T17:33:13.128+0000] {dag.py:3239} INFO - Sync 1 DAGs
[2024-12-13T17:33:13.149+0000] {logging_mixin.py:190} INFO - [2024-12-13T17:33:13.149+0000] {dag.py:4180} INFO - Setting next_dagrun for latest_only to 2024-12-13 12:00:00+00:00, run_after=2024-12-13 16:00:00+00:00
[2024-12-13T17:33:13.165+0000] {processor.py:208} INFO - Processing /home/airflow/.local/lib/python3.12/site-packages/airflow/example_dags/example_latest_only.py took 0.070 seconds
[2024-12-13T17:33:43.719+0000] {processor.py:186} INFO - Started process (PID=497) to work on /home/airflow/.local/lib/python3.12/site-packages/airflow/example_dags/example_latest_only.py
[2024-12-13T17:33:43.720+0000] {processor.py:914} INFO - Processing file /home/airflow/.local/lib/python3.12/site-packages/airflow/example_dags/example_latest_only.py for tasks to queue
[2024-12-13T17:33:43.722+0000] {logging_mixin.py:190} INFO - [2024-12-13T17:33:43.722+0000] {dagbag.py:588} INFO - Filling up the DagBag from /home/airflow/.local/lib/python3.12/site-packages/airflow/example_dags/example_latest_only.py
[2024-12-13T17:33:43.728+0000] {processor.py:925} INFO - DAG(s) 'latest_only' retrieved from /home/airflow/.local/lib/python3.12/site-packages/airflow/example_dags/example_latest_only.py
[2024-12-13T17:33:43.750+0000] {logging_mixin.py:190} INFO - [2024-12-13T17:33:43.749+0000] {dag.py:3239} INFO - Sync 1 DAGs
[2024-12-13T17:33:43.774+0000] {logging_mixin.py:190} INFO - [2024-12-13T17:33:43.774+0000] {dag.py:4180} INFO - Setting next_dagrun for latest_only to 2024-12-13 12:00:00+00:00, run_after=2024-12-13 16:00:00+00:00
[2024-12-13T17:33:43.790+0000] {processor.py:208} INFO - Processing /home/airflow/.local/lib/python3.12/site-packages/airflow/example_dags/example_latest_only.py took 0.076 seconds
[2024-12-13T17:34:14.688+0000] {processor.py:186} INFO - Started process (PID=560) to work on /home/airflow/.local/lib/python3.12/site-packages/airflow/example_dags/example_latest_only.py
[2024-12-13T17:34:14.689+0000] {processor.py:914} INFO - Processing file /home/airflow/.local/lib/python3.12/site-packages/airflow/example_dags/example_latest_only.py for tasks to queue
[2024-12-13T17:34:14.691+0000] {logging_mixin.py:190} INFO - [2024-12-13T17:34:14.691+0000] {dagbag.py:588} INFO - Filling up the DagBag from /home/airflow/.local/lib/python3.12/site-packages/airflow/example_dags/example_latest_only.py
[2024-12-13T17:34:14.697+0000] {processor.py:925} INFO - DAG(s) 'latest_only' retrieved from /home/airflow/.local/lib/python3.12/site-packages/airflow/example_dags/example_latest_only.py
[2024-12-13T17:34:14.715+0000] {logging_mixin.py:190} INFO - [2024-12-13T17:34:14.715+0000] {dag.py:3239} INFO - Sync 1 DAGs
[2024-12-13T17:34:14.735+0000] {logging_mixin.py:190} INFO - [2024-12-13T17:34:14.735+0000] {dag.py:4180} INFO - Setting next_dagrun for latest_only to 2024-12-13 12:00:00+00:00, run_after=2024-12-13 16:00:00+00:00
[2024-12-13T17:34:14.753+0000] {processor.py:208} INFO - Processing /home/airflow/.local/lib/python3.12/site-packages/airflow/example_dags/example_latest_only.py took 0.071 seconds
[2024-12-13T17:34:45.750+0000] {processor.py:186} INFO - Started process (PID=636) to work on /home/airflow/.local/lib/python3.12/site-packages/airflow/example_dags/example_latest_only.py
[2024-12-13T17:34:45.751+0000] {processor.py:914} INFO - Processing file /home/airflow/.local/lib/python3.12/site-packages/airflow/example_dags/example_latest_only.py for tasks to queue
[2024-12-13T17:34:45.754+0000] {logging_mixin.py:190} INFO - [2024-12-13T17:34:45.754+0000] {dagbag.py:588} INFO - Filling up the DagBag from /home/airflow/.local/lib/python3.12/site-packages/airflow/example_dags/example_latest_only.py
[2024-12-13T17:34:45.761+0000] {processor.py:925} INFO - DAG(s) 'latest_only' retrieved from /home/airflow/.local/lib/python3.12/site-packages/airflow/example_dags/example_latest_only.py
[2024-12-13T17:34:45.782+0000] {logging_mixin.py:190} INFO - [2024-12-13T17:34:45.781+0000] {dag.py:3239} INFO - Sync 1 DAGs
[2024-12-13T17:34:45.810+0000] {logging_mixin.py:190} INFO - [2024-12-13T17:34:45.810+0000] {dag.py:4180} INFO - Setting next_dagrun for latest_only to 2024-12-13 12:00:00+00:00, run_after=2024-12-13 16:00:00+00:00
[2024-12-13T17:34:45.835+0000] {processor.py:208} INFO - Processing /home/airflow/.local/lib/python3.12/site-packages/airflow/example_dags/example_latest_only.py took 0.091 seconds
[2024-12-13T17:35:17.233+0000] {processor.py:186} INFO - Started process (PID=718) to work on /home/airflow/.local/lib/python3.12/site-packages/airflow/example_dags/example_latest_only.py
[2024-12-13T17:35:17.234+0000] {processor.py:914} INFO - Processing file /home/airflow/.local/lib/python3.12/site-packages/airflow/example_dags/example_latest_only.py for tasks to queue
[2024-12-13T17:35:17.237+0000] {logging_mixin.py:190} INFO - [2024-12-13T17:35:17.236+0000] {dagbag.py:588} INFO - Filling up the DagBag from /home/airflow/.local/lib/python3.12/site-packages/airflow/example_dags/example_latest_only.py
[2024-12-13T17:35:17.243+0000] {processor.py:925} INFO - DAG(s) 'latest_only' retrieved from /home/airflow/.local/lib/python3.12/site-packages/airflow/example_dags/example_latest_only.py
[2024-12-13T17:35:17.260+0000] {logging_mixin.py:190} INFO - [2024-12-13T17:35:17.260+0000] {dag.py:3239} INFO - Sync 1 DAGs
[2024-12-13T17:35:17.280+0000] {logging_mixin.py:190} INFO - [2024-12-13T17:35:17.280+0000] {dag.py:4180} INFO - Setting next_dagrun for latest_only to 2024-12-13 12:00:00+00:00, run_after=2024-12-13 16:00:00+00:00
[2024-12-13T17:35:17.296+0000] {processor.py:208} INFO - Processing /home/airflow/.local/lib/python3.12/site-packages/airflow/example_dags/example_latest_only.py took 0.072 seconds
[2024-12-13T17:35:48.855+0000] {processor.py:186} INFO - Started process (PID=782) to work on /home/airflow/.local/lib/python3.12/site-packages/airflow/example_dags/example_latest_only.py
[2024-12-13T17:35:48.856+0000] {processor.py:914} INFO - Processing file /home/airflow/.local/lib/python3.12/site-packages/airflow/example_dags/example_latest_only.py for tasks to queue
[2024-12-13T17:35:48.858+0000] {logging_mixin.py:190} INFO - [2024-12-13T17:35:48.858+0000] {dagbag.py:588} INFO - Filling up the DagBag from /home/airflow/.local/lib/python3.12/site-packages/airflow/example_dags/example_latest_only.py
[2024-12-13T17:35:48.865+0000] {processor.py:925} INFO - DAG(s) 'latest_only' retrieved from /home/airflow/.local/lib/python3.12/site-packages/airflow/example_dags/example_latest_only.py
[2024-12-13T17:35:48.885+0000] {logging_mixin.py:190} INFO - [2024-12-13T17:35:48.884+0000] {dag.py:3239} INFO - Sync 1 DAGs
[2024-12-13T17:35:48.924+0000] {logging_mixin.py:190} INFO - [2024-12-13T17:35:48.924+0000] {dag.py:4180} INFO - Setting next_dagrun for latest_only to 2024-12-13 12:00:00+00:00, run_after=2024-12-13 16:00:00+00:00
[2024-12-13T17:35:48.945+0000] {processor.py:208} INFO - Processing /home/airflow/.local/lib/python3.12/site-packages/airflow/example_dags/example_latest_only.py took 0.100 seconds
[2024-12-13T17:36:20.304+0000] {processor.py:186} INFO - Started process (PID=846) to work on /home/airflow/.local/lib/python3.12/site-packages/airflow/example_dags/example_latest_only.py
[2024-12-13T17:36:20.305+0000] {processor.py:914} INFO - Processing file /home/airflow/.local/lib/python3.12/site-packages/airflow/example_dags/example_latest_only.py for tasks to queue
[2024-12-13T17:36:20.307+0000] {logging_mixin.py:190} INFO - [2024-12-13T17:36:20.307+0000] {dagbag.py:588} INFO - Filling up the DagBag from /home/airflow/.local/lib/python3.12/site-packages/airflow/example_dags/example_latest_only.py
[2024-12-13T17:36:20.314+0000] {processor.py:925} INFO - DAG(s) 'latest_only' retrieved from /home/airflow/.local/lib/python3.12/site-packages/airflow/example_dags/example_latest_only.py
[2024-12-13T17:36:20.333+0000] {logging_mixin.py:190} INFO - [2024-12-13T17:36:20.333+0000] {dag.py:3239} INFO - Sync 1 DAGs
[2024-12-13T17:36:20.354+0000] {logging_mixin.py:190} INFO - [2024-12-13T17:36:20.354+0000] {dag.py:4180} INFO - Setting next_dagrun for latest_only to 2024-12-13 12:00:00+00:00, run_after=2024-12-13 16:00:00+00:00
[2024-12-13T17:36:20.374+0000] {processor.py:208} INFO - Processing /home/airflow/.local/lib/python3.12/site-packages/airflow/example_dags/example_latest_only.py took 0.079 seconds
[2024-12-13T17:36:51.087+0000] {processor.py:186} INFO - Started process (PID=921) to work on /home/airflow/.local/lib/python3.12/site-packages/airflow/example_dags/example_latest_only.py
[2024-12-13T17:36:51.088+0000] {processor.py:914} INFO - Processing file /home/airflow/.local/lib/python3.12/site-packages/airflow/example_dags/example_latest_only.py for tasks to queue
[2024-12-13T17:36:51.090+0000] {logging_mixin.py:190} INFO - [2024-12-13T17:36:51.090+0000] {dagbag.py:588} INFO - Filling up the DagBag from /home/airflow/.local/lib/python3.12/site-packages/airflow/example_dags/example_latest_only.py
[2024-12-13T17:36:51.096+0000] {processor.py:925} INFO - DAG(s) 'latest_only' retrieved from /home/airflow/.local/lib/python3.12/site-packages/airflow/example_dags/example_latest_only.py
[2024-12-13T17:36:51.116+0000] {logging_mixin.py:190} INFO - [2024-12-13T17:36:51.116+0000] {dag.py:3239} INFO - Sync 1 DAGs
[2024-12-13T17:36:51.137+0000] {logging_mixin.py:190} INFO - [2024-12-13T17:36:51.137+0000] {dag.py:4180} INFO - Setting next_dagrun for latest_only to 2024-12-13 12:00:00+00:00, run_after=2024-12-13 16:00:00+00:00
[2024-12-13T17:36:51.155+0000] {processor.py:208} INFO - Processing /home/airflow/.local/lib/python3.12/site-packages/airflow/example_dags/example_latest_only.py took 0.078 seconds
[2024-12-13T17:37:22.125+0000] {processor.py:186} INFO - Started process (PID=996) to work on /home/airflow/.local/lib/python3.12/site-packages/airflow/example_dags/example_latest_only.py
[2024-12-13T17:37:22.127+0000] {processor.py:914} INFO - Processing file /home/airflow/.local/lib/python3.12/site-packages/airflow/example_dags/example_latest_only.py for tasks to queue
[2024-12-13T17:37:22.130+0000] {logging_mixin.py:190} INFO - [2024-12-13T17:37:22.130+0000] {dagbag.py:588} INFO - Filling up the DagBag from /home/airflow/.local/lib/python3.12/site-packages/airflow/example_dags/example_latest_only.py
[2024-12-13T17:37:22.138+0000] {processor.py:925} INFO - DAG(s) 'latest_only' retrieved from /home/airflow/.local/lib/python3.12/site-packages/airflow/example_dags/example_latest_only.py
[2024-12-13T17:37:22.159+0000] {logging_mixin.py:190} INFO - [2024-12-13T17:37:22.158+0000] {dag.py:3239} INFO - Sync 1 DAGs
[2024-12-13T17:37:22.187+0000] {logging_mixin.py:190} INFO - [2024-12-13T17:37:22.186+0000] {dag.py:4180} INFO - Setting next_dagrun for latest_only to 2024-12-13 12:00:00+00:00, run_after=2024-12-13 16:00:00+00:00
[2024-12-13T17:37:22.205+0000] {processor.py:208} INFO - Processing /home/airflow/.local/lib/python3.12/site-packages/airflow/example_dags/example_latest_only.py took 0.090 seconds
