[2024-12-13T17:30:34.641+0000] {processor.py:186} INFO - Started process (PID=100) to work on /home/airflow/.local/lib/python3.12/site-packages/airflow/example_dags/example_datasets.py
[2024-12-13T17:30:34.642+0000] {processor.py:914} INFO - Processing file /home/airflow/.local/lib/python3.12/site-packages/airflow/example_dags/example_datasets.py for tasks to queue
[2024-12-13T17:30:34.645+0000] {logging_mixin.py:190} INFO - [2024-12-13T17:30:34.644+0000] {dagbag.py:588} INFO - Filling up the DagBag from /home/airflow/.local/lib/python3.12/site-packages/airflow/example_dags/example_datasets.py
[2024-12-13T17:30:35.639+0000] {processor.py:925} INFO - DAG(s) 'dataset_consumes_1', 'dataset_produces_2', 'dataset_consumes_1_never_scheduled', 'dataset_consumes_unknown_never_scheduled', 'consume_1_or_2_with_dataset_expressions', 'consume_1_and_2_with_dataset_expressions', 'dataset_consumes_1_and_2', 'dataset_produces_1', 'conditional_dataset_and_time_based_timetable', 'consume_1_or_both_2_and_3_with_dataset_expressions' retrieved from /home/airflow/.local/lib/python3.12/site-packages/airflow/example_dags/example_datasets.py
[2024-12-13T17:30:35.713+0000] {logging_mixin.py:190} INFO - [2024-12-13T17:30:35.713+0000] {dag.py:3239} INFO - Sync 10 DAGs
[2024-12-13T17:30:35.767+0000] {logging_mixin.py:190} INFO - [2024-12-13T17:30:35.766+0000] {dag.py:4180} INFO - Setting next_dagrun for conditional_dataset_and_time_based_timetable to 2024-12-11 01:00:00+00:00, run_after=2024-12-11 01:00:00+00:00
[2024-12-13T17:30:35.774+0000] {logging_mixin.py:190} INFO - [2024-12-13T17:30:35.774+0000] {dag.py:4180} INFO - Setting next_dagrun for consume_1_and_2_with_dataset_expressions to None, run_after=None
[2024-12-13T17:30:35.777+0000] {logging_mixin.py:190} INFO - [2024-12-13T17:30:35.777+0000] {dag.py:4180} INFO - Setting next_dagrun for consume_1_or_2_with_dataset_expressions to None, run_after=None
[2024-12-13T17:30:35.780+0000] {logging_mixin.py:190} INFO - [2024-12-13T17:30:35.780+0000] {dag.py:4180} INFO - Setting next_dagrun for consume_1_or_both_2_and_3_with_dataset_expressions to None, run_after=None
[2024-12-13T17:30:35.783+0000] {logging_mixin.py:190} INFO - [2024-12-13T17:30:35.783+0000] {dag.py:4180} INFO - Setting next_dagrun for dataset_consumes_1 to None, run_after=None
[2024-12-13T17:30:35.786+0000] {logging_mixin.py:190} INFO - [2024-12-13T17:30:35.786+0000] {dag.py:4180} INFO - Setting next_dagrun for dataset_consumes_1_and_2 to None, run_after=None
[2024-12-13T17:30:35.789+0000] {logging_mixin.py:190} INFO - [2024-12-13T17:30:35.789+0000] {dag.py:4180} INFO - Setting next_dagrun for dataset_consumes_1_never_scheduled to None, run_after=None
[2024-12-13T17:30:35.793+0000] {logging_mixin.py:190} INFO - [2024-12-13T17:30:35.793+0000] {dag.py:4180} INFO - Setting next_dagrun for dataset_consumes_unknown_never_scheduled to None, run_after=None
[2024-12-13T17:30:35.799+0000] {logging_mixin.py:190} INFO - [2024-12-13T17:30:35.798+0000] {dag.py:4180} INFO - Setting next_dagrun for dataset_produces_1 to 2024-12-12 00:00:00+00:00, run_after=2024-12-13 00:00:00+00:00
[2024-12-13T17:30:35.804+0000] {logging_mixin.py:190} INFO - [2024-12-13T17:30:35.804+0000] {dag.py:4180} INFO - Setting next_dagrun for dataset_produces_2 to None, run_after=None
[2024-12-13T17:30:35.867+0000] {processor.py:208} INFO - Processing /home/airflow/.local/lib/python3.12/site-packages/airflow/example_dags/example_datasets.py took 1.233 seconds
[2024-12-13T17:31:06.675+0000] {processor.py:186} INFO - Started process (PID=163) to work on /home/airflow/.local/lib/python3.12/site-packages/airflow/example_dags/example_datasets.py
[2024-12-13T17:31:06.676+0000] {processor.py:914} INFO - Processing file /home/airflow/.local/lib/python3.12/site-packages/airflow/example_dags/example_datasets.py for tasks to queue
[2024-12-13T17:31:06.678+0000] {logging_mixin.py:190} INFO - [2024-12-13T17:31:06.678+0000] {dagbag.py:588} INFO - Filling up the DagBag from /home/airflow/.local/lib/python3.12/site-packages/airflow/example_dags/example_datasets.py
[2024-12-13T17:31:07.259+0000] {processor.py:925} INFO - DAG(s) 'dataset_produces_1', 'dataset_consumes_unknown_never_scheduled', 'dataset_produces_2', 'dataset_consumes_1', 'consume_1_or_both_2_and_3_with_dataset_expressions', 'dataset_consumes_1_and_2', 'consume_1_or_2_with_dataset_expressions', 'consume_1_and_2_with_dataset_expressions', 'conditional_dataset_and_time_based_timetable', 'dataset_consumes_1_never_scheduled' retrieved from /home/airflow/.local/lib/python3.12/site-packages/airflow/example_dags/example_datasets.py
[2024-12-13T17:31:07.300+0000] {logging_mixin.py:190} INFO - [2024-12-13T17:31:07.300+0000] {dag.py:3239} INFO - Sync 10 DAGs
[2024-12-13T17:31:07.322+0000] {logging_mixin.py:190} INFO - [2024-12-13T17:31:07.322+0000] {dag.py:4180} INFO - Setting next_dagrun for conditional_dataset_and_time_based_timetable to 2024-12-11 01:00:00+00:00, run_after=2024-12-11 01:00:00+00:00
[2024-12-13T17:31:07.326+0000] {logging_mixin.py:190} INFO - [2024-12-13T17:31:07.326+0000] {dag.py:4180} INFO - Setting next_dagrun for consume_1_and_2_with_dataset_expressions to None, run_after=None
[2024-12-13T17:31:07.329+0000] {logging_mixin.py:190} INFO - [2024-12-13T17:31:07.329+0000] {dag.py:4180} INFO - Setting next_dagrun for consume_1_or_2_with_dataset_expressions to None, run_after=None
[2024-12-13T17:31:07.331+0000] {logging_mixin.py:190} INFO - [2024-12-13T17:31:07.331+0000] {dag.py:4180} INFO - Setting next_dagrun for consume_1_or_both_2_and_3_with_dataset_expressions to None, run_after=None
[2024-12-13T17:31:07.332+0000] {logging_mixin.py:190} INFO - [2024-12-13T17:31:07.332+0000] {dag.py:4180} INFO - Setting next_dagrun for dataset_consumes_1 to None, run_after=None
[2024-12-13T17:31:07.334+0000] {logging_mixin.py:190} INFO - [2024-12-13T17:31:07.334+0000] {dag.py:4180} INFO - Setting next_dagrun for dataset_consumes_1_and_2 to None, run_after=None
[2024-12-13T17:31:07.336+0000] {logging_mixin.py:190} INFO - [2024-12-13T17:31:07.335+0000] {dag.py:4180} INFO - Setting next_dagrun for dataset_consumes_1_never_scheduled to None, run_after=None
[2024-12-13T17:31:07.337+0000] {logging_mixin.py:190} INFO - [2024-12-13T17:31:07.337+0000] {dag.py:4180} INFO - Setting next_dagrun for dataset_consumes_unknown_never_scheduled to None, run_after=None
[2024-12-13T17:31:07.340+0000] {logging_mixin.py:190} INFO - [2024-12-13T17:31:07.340+0000] {dag.py:4180} INFO - Setting next_dagrun for dataset_produces_1 to 2024-12-12 00:00:00+00:00, run_after=2024-12-13 00:00:00+00:00
[2024-12-13T17:31:07.341+0000] {logging_mixin.py:190} INFO - [2024-12-13T17:31:07.341+0000] {dag.py:4180} INFO - Setting next_dagrun for dataset_produces_2 to None, run_after=None
[2024-12-13T17:31:07.371+0000] {processor.py:208} INFO - Processing /home/airflow/.local/lib/python3.12/site-packages/airflow/example_dags/example_datasets.py took 0.702 seconds
[2024-12-13T17:31:37.995+0000] {processor.py:186} INFO - Started process (PID=226) to work on /home/airflow/.local/lib/python3.12/site-packages/airflow/example_dags/example_datasets.py
[2024-12-13T17:31:37.996+0000] {processor.py:914} INFO - Processing file /home/airflow/.local/lib/python3.12/site-packages/airflow/example_dags/example_datasets.py for tasks to queue
[2024-12-13T17:31:37.998+0000] {logging_mixin.py:190} INFO - [2024-12-13T17:31:37.998+0000] {dagbag.py:588} INFO - Filling up the DagBag from /home/airflow/.local/lib/python3.12/site-packages/airflow/example_dags/example_datasets.py
[2024-12-13T17:31:38.542+0000] {processor.py:925} INFO - DAG(s) 'dataset_consumes_unknown_never_scheduled', 'dataset_consumes_1', 'consume_1_or_2_with_dataset_expressions', 'consume_1_or_both_2_and_3_with_dataset_expressions', 'dataset_produces_2', 'dataset_produces_1', 'conditional_dataset_and_time_based_timetable', 'dataset_consumes_1_and_2', 'dataset_consumes_1_never_scheduled', 'consume_1_and_2_with_dataset_expressions' retrieved from /home/airflow/.local/lib/python3.12/site-packages/airflow/example_dags/example_datasets.py
[2024-12-13T17:31:38.581+0000] {logging_mixin.py:190} INFO - [2024-12-13T17:31:38.580+0000] {dag.py:3239} INFO - Sync 10 DAGs
[2024-12-13T17:31:38.605+0000] {logging_mixin.py:190} INFO - [2024-12-13T17:31:38.604+0000] {dag.py:4180} INFO - Setting next_dagrun for conditional_dataset_and_time_based_timetable to 2024-12-11 01:00:00+00:00, run_after=2024-12-11 01:00:00+00:00
[2024-12-13T17:31:38.608+0000] {logging_mixin.py:190} INFO - [2024-12-13T17:31:38.608+0000] {dag.py:4180} INFO - Setting next_dagrun for consume_1_and_2_with_dataset_expressions to None, run_after=None
[2024-12-13T17:31:38.610+0000] {logging_mixin.py:190} INFO - [2024-12-13T17:31:38.609+0000] {dag.py:4180} INFO - Setting next_dagrun for consume_1_or_2_with_dataset_expressions to None, run_after=None
[2024-12-13T17:31:38.611+0000] {logging_mixin.py:190} INFO - [2024-12-13T17:31:38.611+0000] {dag.py:4180} INFO - Setting next_dagrun for consume_1_or_both_2_and_3_with_dataset_expressions to None, run_after=None
[2024-12-13T17:31:38.612+0000] {logging_mixin.py:190} INFO - [2024-12-13T17:31:38.612+0000] {dag.py:4180} INFO - Setting next_dagrun for dataset_consumes_1 to None, run_after=None
[2024-12-13T17:31:38.614+0000] {logging_mixin.py:190} INFO - [2024-12-13T17:31:38.613+0000] {dag.py:4180} INFO - Setting next_dagrun for dataset_consumes_1_and_2 to None, run_after=None
[2024-12-13T17:31:38.615+0000] {logging_mixin.py:190} INFO - [2024-12-13T17:31:38.615+0000] {dag.py:4180} INFO - Setting next_dagrun for dataset_consumes_1_never_scheduled to None, run_after=None
[2024-12-13T17:31:38.616+0000] {logging_mixin.py:190} INFO - [2024-12-13T17:31:38.616+0000] {dag.py:4180} INFO - Setting next_dagrun for dataset_consumes_unknown_never_scheduled to None, run_after=None
[2024-12-13T17:31:38.618+0000] {logging_mixin.py:190} INFO - [2024-12-13T17:31:38.618+0000] {dag.py:4180} INFO - Setting next_dagrun for dataset_produces_1 to 2024-12-12 00:00:00+00:00, run_after=2024-12-13 00:00:00+00:00
[2024-12-13T17:31:38.620+0000] {logging_mixin.py:190} INFO - [2024-12-13T17:31:38.620+0000] {dag.py:4180} INFO - Setting next_dagrun for dataset_produces_2 to None, run_after=None
[2024-12-13T17:31:38.650+0000] {processor.py:208} INFO - Processing /home/airflow/.local/lib/python3.12/site-packages/airflow/example_dags/example_datasets.py took 0.661 seconds
[2024-12-13T17:32:09.206+0000] {processor.py:186} INFO - Started process (PID=289) to work on /home/airflow/.local/lib/python3.12/site-packages/airflow/example_dags/example_datasets.py
[2024-12-13T17:32:09.208+0000] {processor.py:914} INFO - Processing file /home/airflow/.local/lib/python3.12/site-packages/airflow/example_dags/example_datasets.py for tasks to queue
[2024-12-13T17:32:09.210+0000] {logging_mixin.py:190} INFO - [2024-12-13T17:32:09.210+0000] {dagbag.py:588} INFO - Filling up the DagBag from /home/airflow/.local/lib/python3.12/site-packages/airflow/example_dags/example_datasets.py
[2024-12-13T17:32:09.832+0000] {processor.py:925} INFO - DAG(s) 'dataset_produces_2', 'dataset_produces_1', 'conditional_dataset_and_time_based_timetable', 'dataset_consumes_1', 'consume_1_or_2_with_dataset_expressions', 'consume_1_and_2_with_dataset_expressions', 'dataset_consumes_unknown_never_scheduled', 'dataset_consumes_1_and_2', 'dataset_consumes_1_never_scheduled', 'consume_1_or_both_2_and_3_with_dataset_expressions' retrieved from /home/airflow/.local/lib/python3.12/site-packages/airflow/example_dags/example_datasets.py
[2024-12-13T17:32:09.882+0000] {logging_mixin.py:190} INFO - [2024-12-13T17:32:09.881+0000] {dag.py:3239} INFO - Sync 10 DAGs
[2024-12-13T17:32:09.908+0000] {logging_mixin.py:190} INFO - [2024-12-13T17:32:09.908+0000] {dag.py:4180} INFO - Setting next_dagrun for conditional_dataset_and_time_based_timetable to 2024-12-11 01:00:00+00:00, run_after=2024-12-11 01:00:00+00:00
[2024-12-13T17:32:09.913+0000] {logging_mixin.py:190} INFO - [2024-12-13T17:32:09.913+0000] {dag.py:4180} INFO - Setting next_dagrun for consume_1_and_2_with_dataset_expressions to None, run_after=None
[2024-12-13T17:32:09.916+0000] {logging_mixin.py:190} INFO - [2024-12-13T17:32:09.916+0000] {dag.py:4180} INFO - Setting next_dagrun for consume_1_or_2_with_dataset_expressions to None, run_after=None
[2024-12-13T17:32:09.918+0000] {logging_mixin.py:190} INFO - [2024-12-13T17:32:09.918+0000] {dag.py:4180} INFO - Setting next_dagrun for consume_1_or_both_2_and_3_with_dataset_expressions to None, run_after=None
[2024-12-13T17:32:09.920+0000] {logging_mixin.py:190} INFO - [2024-12-13T17:32:09.920+0000] {dag.py:4180} INFO - Setting next_dagrun for dataset_consumes_1 to None, run_after=None
[2024-12-13T17:32:09.922+0000] {logging_mixin.py:190} INFO - [2024-12-13T17:32:09.922+0000] {dag.py:4180} INFO - Setting next_dagrun for dataset_consumes_1_and_2 to None, run_after=None
[2024-12-13T17:32:09.924+0000] {logging_mixin.py:190} INFO - [2024-12-13T17:32:09.923+0000] {dag.py:4180} INFO - Setting next_dagrun for dataset_consumes_1_never_scheduled to None, run_after=None
[2024-12-13T17:32:09.925+0000] {logging_mixin.py:190} INFO - [2024-12-13T17:32:09.925+0000] {dag.py:4180} INFO - Setting next_dagrun for dataset_consumes_unknown_never_scheduled to None, run_after=None
[2024-12-13T17:32:09.928+0000] {logging_mixin.py:190} INFO - [2024-12-13T17:32:09.928+0000] {dag.py:4180} INFO - Setting next_dagrun for dataset_produces_1 to 2024-12-12 00:00:00+00:00, run_after=2024-12-13 00:00:00+00:00
[2024-12-13T17:32:09.930+0000] {logging_mixin.py:190} INFO - [2024-12-13T17:32:09.930+0000] {dag.py:4180} INFO - Setting next_dagrun for dataset_produces_2 to None, run_after=None
[2024-12-13T17:32:09.965+0000] {processor.py:208} INFO - Processing /home/airflow/.local/lib/python3.12/site-packages/airflow/example_dags/example_datasets.py took 0.765 seconds
[2024-12-13T17:32:40.360+0000] {processor.py:186} INFO - Started process (PID=352) to work on /home/airflow/.local/lib/python3.12/site-packages/airflow/example_dags/example_datasets.py
[2024-12-13T17:32:40.361+0000] {processor.py:914} INFO - Processing file /home/airflow/.local/lib/python3.12/site-packages/airflow/example_dags/example_datasets.py for tasks to queue
[2024-12-13T17:32:40.363+0000] {logging_mixin.py:190} INFO - [2024-12-13T17:32:40.363+0000] {dagbag.py:588} INFO - Filling up the DagBag from /home/airflow/.local/lib/python3.12/site-packages/airflow/example_dags/example_datasets.py
[2024-12-13T17:32:40.916+0000] {processor.py:925} INFO - DAG(s) 'dataset_consumes_1_never_scheduled', 'dataset_consumes_unknown_never_scheduled', 'consume_1_or_both_2_and_3_with_dataset_expressions', 'dataset_consumes_1', 'consume_1_or_2_with_dataset_expressions', 'consume_1_and_2_with_dataset_expressions', 'conditional_dataset_and_time_based_timetable', 'dataset_produces_1', 'dataset_produces_2', 'dataset_consumes_1_and_2' retrieved from /home/airflow/.local/lib/python3.12/site-packages/airflow/example_dags/example_datasets.py
[2024-12-13T17:32:40.956+0000] {logging_mixin.py:190} INFO - [2024-12-13T17:32:40.956+0000] {dag.py:3239} INFO - Sync 10 DAGs
[2024-12-13T17:32:40.984+0000] {logging_mixin.py:190} INFO - [2024-12-13T17:32:40.983+0000] {dag.py:4180} INFO - Setting next_dagrun for conditional_dataset_and_time_based_timetable to 2024-12-11 01:00:00+00:00, run_after=2024-12-11 01:00:00+00:00
[2024-12-13T17:32:40.987+0000] {logging_mixin.py:190} INFO - [2024-12-13T17:32:40.987+0000] {dag.py:4180} INFO - Setting next_dagrun for consume_1_and_2_with_dataset_expressions to None, run_after=None
[2024-12-13T17:32:40.989+0000] {logging_mixin.py:190} INFO - [2024-12-13T17:32:40.989+0000] {dag.py:4180} INFO - Setting next_dagrun for consume_1_or_2_with_dataset_expressions to None, run_after=None
[2024-12-13T17:32:40.990+0000] {logging_mixin.py:190} INFO - [2024-12-13T17:32:40.990+0000] {dag.py:4180} INFO - Setting next_dagrun for consume_1_or_both_2_and_3_with_dataset_expressions to None, run_after=None
[2024-12-13T17:32:40.991+0000] {logging_mixin.py:190} INFO - [2024-12-13T17:32:40.991+0000] {dag.py:4180} INFO - Setting next_dagrun for dataset_consumes_1 to None, run_after=None
[2024-12-13T17:32:40.993+0000] {logging_mixin.py:190} INFO - [2024-12-13T17:32:40.993+0000] {dag.py:4180} INFO - Setting next_dagrun for dataset_consumes_1_and_2 to None, run_after=None
[2024-12-13T17:32:40.994+0000] {logging_mixin.py:190} INFO - [2024-12-13T17:32:40.994+0000] {dag.py:4180} INFO - Setting next_dagrun for dataset_consumes_1_never_scheduled to None, run_after=None
[2024-12-13T17:32:40.996+0000] {logging_mixin.py:190} INFO - [2024-12-13T17:32:40.996+0000] {dag.py:4180} INFO - Setting next_dagrun for dataset_consumes_unknown_never_scheduled to None, run_after=None
[2024-12-13T17:32:40.999+0000] {logging_mixin.py:190} INFO - [2024-12-13T17:32:40.998+0000] {dag.py:4180} INFO - Setting next_dagrun for dataset_produces_1 to 2024-12-12 00:00:00+00:00, run_after=2024-12-13 00:00:00+00:00
[2024-12-13T17:32:41.000+0000] {logging_mixin.py:190} INFO - [2024-12-13T17:32:41.000+0000] {dag.py:4180} INFO - Setting next_dagrun for dataset_produces_2 to None, run_after=None
[2024-12-13T17:32:41.030+0000] {processor.py:208} INFO - Processing /home/airflow/.local/lib/python3.12/site-packages/airflow/example_dags/example_datasets.py took 0.676 seconds
[2024-12-13T17:33:11.629+0000] {processor.py:186} INFO - Started process (PID=415) to work on /home/airflow/.local/lib/python3.12/site-packages/airflow/example_dags/example_datasets.py
[2024-12-13T17:33:11.630+0000] {processor.py:914} INFO - Processing file /home/airflow/.local/lib/python3.12/site-packages/airflow/example_dags/example_datasets.py for tasks to queue
[2024-12-13T17:33:11.632+0000] {logging_mixin.py:190} INFO - [2024-12-13T17:33:11.632+0000] {dagbag.py:588} INFO - Filling up the DagBag from /home/airflow/.local/lib/python3.12/site-packages/airflow/example_dags/example_datasets.py
[2024-12-13T17:33:12.259+0000] {processor.py:925} INFO - DAG(s) 'dataset_produces_1', 'dataset_consumes_1_never_scheduled', 'dataset_consumes_1_and_2', 'consume_1_or_both_2_and_3_with_dataset_expressions', 'consume_1_and_2_with_dataset_expressions', 'dataset_consumes_unknown_never_scheduled', 'dataset_produces_2', 'consume_1_or_2_with_dataset_expressions', 'conditional_dataset_and_time_based_timetable', 'dataset_consumes_1' retrieved from /home/airflow/.local/lib/python3.12/site-packages/airflow/example_dags/example_datasets.py
[2024-12-13T17:33:12.312+0000] {logging_mixin.py:190} INFO - [2024-12-13T17:33:12.312+0000] {dag.py:3239} INFO - Sync 10 DAGs
[2024-12-13T17:33:12.341+0000] {logging_mixin.py:190} INFO - [2024-12-13T17:33:12.340+0000] {dag.py:4180} INFO - Setting next_dagrun for conditional_dataset_and_time_based_timetable to 2024-12-11 01:00:00+00:00, run_after=2024-12-11 01:00:00+00:00
[2024-12-13T17:33:12.345+0000] {logging_mixin.py:190} INFO - [2024-12-13T17:33:12.344+0000] {dag.py:4180} INFO - Setting next_dagrun for consume_1_and_2_with_dataset_expressions to None, run_after=None
[2024-12-13T17:33:12.349+0000] {logging_mixin.py:190} INFO - [2024-12-13T17:33:12.349+0000] {dag.py:4180} INFO - Setting next_dagrun for consume_1_or_2_with_dataset_expressions to None, run_after=None
[2024-12-13T17:33:12.351+0000] {logging_mixin.py:190} INFO - [2024-12-13T17:33:12.350+0000] {dag.py:4180} INFO - Setting next_dagrun for consume_1_or_both_2_and_3_with_dataset_expressions to None, run_after=None
[2024-12-13T17:33:12.352+0000] {logging_mixin.py:190} INFO - [2024-12-13T17:33:12.352+0000] {dag.py:4180} INFO - Setting next_dagrun for dataset_consumes_1 to None, run_after=None
[2024-12-13T17:33:12.353+0000] {logging_mixin.py:190} INFO - [2024-12-13T17:33:12.353+0000] {dag.py:4180} INFO - Setting next_dagrun for dataset_consumes_1_and_2 to None, run_after=None
[2024-12-13T17:33:12.355+0000] {logging_mixin.py:190} INFO - [2024-12-13T17:33:12.355+0000] {dag.py:4180} INFO - Setting next_dagrun for dataset_consumes_1_never_scheduled to None, run_after=None
[2024-12-13T17:33:12.356+0000] {logging_mixin.py:190} INFO - [2024-12-13T17:33:12.356+0000] {dag.py:4180} INFO - Setting next_dagrun for dataset_consumes_unknown_never_scheduled to None, run_after=None
[2024-12-13T17:33:12.361+0000] {logging_mixin.py:190} INFO - [2024-12-13T17:33:12.360+0000] {dag.py:4180} INFO - Setting next_dagrun for dataset_produces_1 to 2024-12-12 00:00:00+00:00, run_after=2024-12-13 00:00:00+00:00
[2024-12-13T17:33:12.362+0000] {logging_mixin.py:190} INFO - [2024-12-13T17:33:12.362+0000] {dag.py:4180} INFO - Setting next_dagrun for dataset_produces_2 to None, run_after=None
[2024-12-13T17:33:12.398+0000] {processor.py:208} INFO - Processing /home/airflow/.local/lib/python3.12/site-packages/airflow/example_dags/example_datasets.py took 0.775 seconds
[2024-12-13T17:33:42.677+0000] {processor.py:186} INFO - Started process (PID=483) to work on /home/airflow/.local/lib/python3.12/site-packages/airflow/example_dags/example_datasets.py
[2024-12-13T17:33:42.678+0000] {processor.py:914} INFO - Processing file /home/airflow/.local/lib/python3.12/site-packages/airflow/example_dags/example_datasets.py for tasks to queue
[2024-12-13T17:33:42.680+0000] {logging_mixin.py:190} INFO - [2024-12-13T17:33:42.680+0000] {dagbag.py:588} INFO - Filling up the DagBag from /home/airflow/.local/lib/python3.12/site-packages/airflow/example_dags/example_datasets.py
[2024-12-13T17:33:43.221+0000] {processor.py:925} INFO - DAG(s) 'dataset_consumes_1', 'conditional_dataset_and_time_based_timetable', 'dataset_consumes_1_and_2', 'consume_1_and_2_with_dataset_expressions', 'dataset_produces_1', 'dataset_consumes_1_never_scheduled', 'dataset_produces_2', 'dataset_consumes_unknown_never_scheduled', 'consume_1_or_both_2_and_3_with_dataset_expressions', 'consume_1_or_2_with_dataset_expressions' retrieved from /home/airflow/.local/lib/python3.12/site-packages/airflow/example_dags/example_datasets.py
[2024-12-13T17:33:43.259+0000] {logging_mixin.py:190} INFO - [2024-12-13T17:33:43.259+0000] {dag.py:3239} INFO - Sync 10 DAGs
[2024-12-13T17:33:43.282+0000] {logging_mixin.py:190} INFO - [2024-12-13T17:33:43.282+0000] {dag.py:4180} INFO - Setting next_dagrun for conditional_dataset_and_time_based_timetable to 2024-12-11 01:00:00+00:00, run_after=2024-12-11 01:00:00+00:00
[2024-12-13T17:33:43.286+0000] {logging_mixin.py:190} INFO - [2024-12-13T17:33:43.286+0000] {dag.py:4180} INFO - Setting next_dagrun for consume_1_and_2_with_dataset_expressions to None, run_after=None
[2024-12-13T17:33:43.287+0000] {logging_mixin.py:190} INFO - [2024-12-13T17:33:43.287+0000] {dag.py:4180} INFO - Setting next_dagrun for consume_1_or_2_with_dataset_expressions to None, run_after=None
[2024-12-13T17:33:43.288+0000] {logging_mixin.py:190} INFO - [2024-12-13T17:33:43.288+0000] {dag.py:4180} INFO - Setting next_dagrun for consume_1_or_both_2_and_3_with_dataset_expressions to None, run_after=None
[2024-12-13T17:33:43.290+0000] {logging_mixin.py:190} INFO - [2024-12-13T17:33:43.290+0000] {dag.py:4180} INFO - Setting next_dagrun for dataset_consumes_1 to None, run_after=None
[2024-12-13T17:33:43.292+0000] {logging_mixin.py:190} INFO - [2024-12-13T17:33:43.291+0000] {dag.py:4180} INFO - Setting next_dagrun for dataset_consumes_1_and_2 to None, run_after=None
[2024-12-13T17:33:43.293+0000] {logging_mixin.py:190} INFO - [2024-12-13T17:33:43.293+0000] {dag.py:4180} INFO - Setting next_dagrun for dataset_consumes_1_never_scheduled to None, run_after=None
[2024-12-13T17:33:43.295+0000] {logging_mixin.py:190} INFO - [2024-12-13T17:33:43.294+0000] {dag.py:4180} INFO - Setting next_dagrun for dataset_consumes_unknown_never_scheduled to None, run_after=None
[2024-12-13T17:33:43.298+0000] {logging_mixin.py:190} INFO - [2024-12-13T17:33:43.298+0000] {dag.py:4180} INFO - Setting next_dagrun for dataset_produces_1 to 2024-12-12 00:00:00+00:00, run_after=2024-12-13 00:00:00+00:00
[2024-12-13T17:33:43.299+0000] {logging_mixin.py:190} INFO - [2024-12-13T17:33:43.299+0000] {dag.py:4180} INFO - Setting next_dagrun for dataset_produces_2 to None, run_after=None
[2024-12-13T17:33:43.330+0000] {processor.py:208} INFO - Processing /home/airflow/.local/lib/python3.12/site-packages/airflow/example_dags/example_datasets.py took 0.659 seconds
[2024-12-13T17:34:13.756+0000] {processor.py:186} INFO - Started process (PID=547) to work on /home/airflow/.local/lib/python3.12/site-packages/airflow/example_dags/example_datasets.py
[2024-12-13T17:34:13.757+0000] {processor.py:914} INFO - Processing file /home/airflow/.local/lib/python3.12/site-packages/airflow/example_dags/example_datasets.py for tasks to queue
[2024-12-13T17:34:13.759+0000] {logging_mixin.py:190} INFO - [2024-12-13T17:34:13.759+0000] {dagbag.py:588} INFO - Filling up the DagBag from /home/airflow/.local/lib/python3.12/site-packages/airflow/example_dags/example_datasets.py
[2024-12-13T17:34:14.296+0000] {processor.py:925} INFO - DAG(s) 'dataset_consumes_1_never_scheduled', 'dataset_produces_1', 'consume_1_or_2_with_dataset_expressions', 'conditional_dataset_and_time_based_timetable', 'dataset_produces_2', 'consume_1_and_2_with_dataset_expressions', 'dataset_consumes_1_and_2', 'dataset_consumes_unknown_never_scheduled', 'consume_1_or_both_2_and_3_with_dataset_expressions', 'dataset_consumes_1' retrieved from /home/airflow/.local/lib/python3.12/site-packages/airflow/example_dags/example_datasets.py
[2024-12-13T17:34:14.335+0000] {logging_mixin.py:190} INFO - [2024-12-13T17:34:14.335+0000] {dag.py:3239} INFO - Sync 10 DAGs
[2024-12-13T17:34:14.358+0000] {logging_mixin.py:190} INFO - [2024-12-13T17:34:14.358+0000] {dag.py:4180} INFO - Setting next_dagrun for conditional_dataset_and_time_based_timetable to 2024-12-11 01:00:00+00:00, run_after=2024-12-11 01:00:00+00:00
[2024-12-13T17:34:14.361+0000] {logging_mixin.py:190} INFO - [2024-12-13T17:34:14.361+0000] {dag.py:4180} INFO - Setting next_dagrun for consume_1_and_2_with_dataset_expressions to None, run_after=None
[2024-12-13T17:34:14.363+0000] {logging_mixin.py:190} INFO - [2024-12-13T17:34:14.362+0000] {dag.py:4180} INFO - Setting next_dagrun for consume_1_or_2_with_dataset_expressions to None, run_after=None
[2024-12-13T17:34:14.364+0000] {logging_mixin.py:190} INFO - [2024-12-13T17:34:14.364+0000] {dag.py:4180} INFO - Setting next_dagrun for consume_1_or_both_2_and_3_with_dataset_expressions to None, run_after=None
[2024-12-13T17:34:14.365+0000] {logging_mixin.py:190} INFO - [2024-12-13T17:34:14.365+0000] {dag.py:4180} INFO - Setting next_dagrun for dataset_consumes_1 to None, run_after=None
[2024-12-13T17:34:14.367+0000] {logging_mixin.py:190} INFO - [2024-12-13T17:34:14.366+0000] {dag.py:4180} INFO - Setting next_dagrun for dataset_consumes_1_and_2 to None, run_after=None
[2024-12-13T17:34:14.368+0000] {logging_mixin.py:190} INFO - [2024-12-13T17:34:14.368+0000] {dag.py:4180} INFO - Setting next_dagrun for dataset_consumes_1_never_scheduled to None, run_after=None
[2024-12-13T17:34:14.370+0000] {logging_mixin.py:190} INFO - [2024-12-13T17:34:14.369+0000] {dag.py:4180} INFO - Setting next_dagrun for dataset_consumes_unknown_never_scheduled to None, run_after=None
[2024-12-13T17:34:14.372+0000] {logging_mixin.py:190} INFO - [2024-12-13T17:34:14.372+0000] {dag.py:4180} INFO - Setting next_dagrun for dataset_produces_1 to 2024-12-12 00:00:00+00:00, run_after=2024-12-13 00:00:00+00:00
[2024-12-13T17:34:14.374+0000] {logging_mixin.py:190} INFO - [2024-12-13T17:34:14.374+0000] {dag.py:4180} INFO - Setting next_dagrun for dataset_produces_2 to None, run_after=None
[2024-12-13T17:34:14.405+0000] {processor.py:208} INFO - Processing /home/airflow/.local/lib/python3.12/site-packages/airflow/example_dags/example_datasets.py took 0.654 seconds
[2024-12-13T17:34:44.816+0000] {processor.py:186} INFO - Started process (PID=625) to work on /home/airflow/.local/lib/python3.12/site-packages/airflow/example_dags/example_datasets.py
[2024-12-13T17:34:44.817+0000] {processor.py:914} INFO - Processing file /home/airflow/.local/lib/python3.12/site-packages/airflow/example_dags/example_datasets.py for tasks to queue
[2024-12-13T17:34:44.819+0000] {logging_mixin.py:190} INFO - [2024-12-13T17:34:44.819+0000] {dagbag.py:588} INFO - Filling up the DagBag from /home/airflow/.local/lib/python3.12/site-packages/airflow/example_dags/example_datasets.py
[2024-12-13T17:34:45.370+0000] {processor.py:925} INFO - DAG(s) 'dataset_consumes_1_and_2', 'dataset_produces_1', 'conditional_dataset_and_time_based_timetable', 'dataset_produces_2', 'dataset_consumes_1', 'consume_1_or_both_2_and_3_with_dataset_expressions', 'dataset_consumes_unknown_never_scheduled', 'consume_1_or_2_with_dataset_expressions', 'consume_1_and_2_with_dataset_expressions', 'dataset_consumes_1_never_scheduled' retrieved from /home/airflow/.local/lib/python3.12/site-packages/airflow/example_dags/example_datasets.py
[2024-12-13T17:34:45.410+0000] {logging_mixin.py:190} INFO - [2024-12-13T17:34:45.410+0000] {dag.py:3239} INFO - Sync 10 DAGs
[2024-12-13T17:34:45.436+0000] {logging_mixin.py:190} INFO - [2024-12-13T17:34:45.435+0000] {dag.py:4180} INFO - Setting next_dagrun for conditional_dataset_and_time_based_timetable to 2024-12-11 01:00:00+00:00, run_after=2024-12-11 01:00:00+00:00
[2024-12-13T17:34:45.439+0000] {logging_mixin.py:190} INFO - [2024-12-13T17:34:45.439+0000] {dag.py:4180} INFO - Setting next_dagrun for consume_1_and_2_with_dataset_expressions to None, run_after=None
[2024-12-13T17:34:45.441+0000] {logging_mixin.py:190} INFO - [2024-12-13T17:34:45.441+0000] {dag.py:4180} INFO - Setting next_dagrun for consume_1_or_2_with_dataset_expressions to None, run_after=None
[2024-12-13T17:34:45.442+0000] {logging_mixin.py:190} INFO - [2024-12-13T17:34:45.442+0000] {dag.py:4180} INFO - Setting next_dagrun for consume_1_or_both_2_and_3_with_dataset_expressions to None, run_after=None
[2024-12-13T17:34:45.444+0000] {logging_mixin.py:190} INFO - [2024-12-13T17:34:45.443+0000] {dag.py:4180} INFO - Setting next_dagrun for dataset_consumes_1 to None, run_after=None
[2024-12-13T17:34:45.445+0000] {logging_mixin.py:190} INFO - [2024-12-13T17:34:45.445+0000] {dag.py:4180} INFO - Setting next_dagrun for dataset_consumes_1_and_2 to None, run_after=None
[2024-12-13T17:34:45.447+0000] {logging_mixin.py:190} INFO - [2024-12-13T17:34:45.447+0000] {dag.py:4180} INFO - Setting next_dagrun for dataset_consumes_1_never_scheduled to None, run_after=None
[2024-12-13T17:34:45.448+0000] {logging_mixin.py:190} INFO - [2024-12-13T17:34:45.448+0000] {dag.py:4180} INFO - Setting next_dagrun for dataset_consumes_unknown_never_scheduled to None, run_after=None
[2024-12-13T17:34:45.451+0000] {logging_mixin.py:190} INFO - [2024-12-13T17:34:45.451+0000] {dag.py:4180} INFO - Setting next_dagrun for dataset_produces_1 to 2024-12-12 00:00:00+00:00, run_after=2024-12-13 00:00:00+00:00
[2024-12-13T17:34:45.452+0000] {logging_mixin.py:190} INFO - [2024-12-13T17:34:45.452+0000] {dag.py:4180} INFO - Setting next_dagrun for dataset_produces_2 to None, run_after=None
[2024-12-13T17:34:45.485+0000] {processor.py:208} INFO - Processing /home/airflow/.local/lib/python3.12/site-packages/airflow/example_dags/example_datasets.py took 0.677 seconds
[2024-12-13T17:35:15.953+0000] {processor.py:186} INFO - Started process (PID=704) to work on /home/airflow/.local/lib/python3.12/site-packages/airflow/example_dags/example_datasets.py
[2024-12-13T17:35:15.954+0000] {processor.py:914} INFO - Processing file /home/airflow/.local/lib/python3.12/site-packages/airflow/example_dags/example_datasets.py for tasks to queue
[2024-12-13T17:35:15.957+0000] {logging_mixin.py:190} INFO - [2024-12-13T17:35:15.956+0000] {dagbag.py:588} INFO - Filling up the DagBag from /home/airflow/.local/lib/python3.12/site-packages/airflow/example_dags/example_datasets.py
[2024-12-13T17:35:16.535+0000] {processor.py:925} INFO - DAG(s) 'conditional_dataset_and_time_based_timetable', 'consume_1_and_2_with_dataset_expressions', 'dataset_produces_1', 'dataset_consumes_1', 'dataset_consumes_1_never_scheduled', 'consume_1_or_2_with_dataset_expressions', 'dataset_produces_2', 'consume_1_or_both_2_and_3_with_dataset_expressions', 'dataset_consumes_1_and_2', 'dataset_consumes_unknown_never_scheduled' retrieved from /home/airflow/.local/lib/python3.12/site-packages/airflow/example_dags/example_datasets.py
[2024-12-13T17:35:16.585+0000] {logging_mixin.py:190} INFO - [2024-12-13T17:35:16.585+0000] {dag.py:3239} INFO - Sync 10 DAGs
[2024-12-13T17:35:16.610+0000] {logging_mixin.py:190} INFO - [2024-12-13T17:35:16.610+0000] {dag.py:4180} INFO - Setting next_dagrun for conditional_dataset_and_time_based_timetable to 2024-12-11 01:00:00+00:00, run_after=2024-12-11 01:00:00+00:00
[2024-12-13T17:35:16.613+0000] {logging_mixin.py:190} INFO - [2024-12-13T17:35:16.613+0000] {dag.py:4180} INFO - Setting next_dagrun for consume_1_and_2_with_dataset_expressions to None, run_after=None
[2024-12-13T17:35:16.615+0000] {logging_mixin.py:190} INFO - [2024-12-13T17:35:16.615+0000] {dag.py:4180} INFO - Setting next_dagrun for consume_1_or_2_with_dataset_expressions to None, run_after=None
[2024-12-13T17:35:16.616+0000] {logging_mixin.py:190} INFO - [2024-12-13T17:35:16.616+0000] {dag.py:4180} INFO - Setting next_dagrun for consume_1_or_both_2_and_3_with_dataset_expressions to None, run_after=None
[2024-12-13T17:35:16.617+0000] {logging_mixin.py:190} INFO - [2024-12-13T17:35:16.617+0000] {dag.py:4180} INFO - Setting next_dagrun for dataset_consumes_1 to None, run_after=None
[2024-12-13T17:35:16.619+0000] {logging_mixin.py:190} INFO - [2024-12-13T17:35:16.619+0000] {dag.py:4180} INFO - Setting next_dagrun for dataset_consumes_1_and_2 to None, run_after=None
[2024-12-13T17:35:16.620+0000] {logging_mixin.py:190} INFO - [2024-12-13T17:35:16.620+0000] {dag.py:4180} INFO - Setting next_dagrun for dataset_consumes_1_never_scheduled to None, run_after=None
[2024-12-13T17:35:16.622+0000] {logging_mixin.py:190} INFO - [2024-12-13T17:35:16.621+0000] {dag.py:4180} INFO - Setting next_dagrun for dataset_consumes_unknown_never_scheduled to None, run_after=None
[2024-12-13T17:35:16.624+0000] {logging_mixin.py:190} INFO - [2024-12-13T17:35:16.624+0000] {dag.py:4180} INFO - Setting next_dagrun for dataset_produces_1 to 2024-12-12 00:00:00+00:00, run_after=2024-12-13 00:00:00+00:00
[2024-12-13T17:35:16.626+0000] {logging_mixin.py:190} INFO - [2024-12-13T17:35:16.625+0000] {dag.py:4180} INFO - Setting next_dagrun for dataset_produces_2 to None, run_after=None
[2024-12-13T17:35:16.656+0000] {processor.py:208} INFO - Processing /home/airflow/.local/lib/python3.12/site-packages/airflow/example_dags/example_datasets.py took 0.712 seconds
[2024-12-13T17:35:47.439+0000] {processor.py:186} INFO - Started process (PID=768) to work on /home/airflow/.local/lib/python3.12/site-packages/airflow/example_dags/example_datasets.py
[2024-12-13T17:35:47.440+0000] {processor.py:914} INFO - Processing file /home/airflow/.local/lib/python3.12/site-packages/airflow/example_dags/example_datasets.py for tasks to queue
[2024-12-13T17:35:47.442+0000] {logging_mixin.py:190} INFO - [2024-12-13T17:35:47.442+0000] {dagbag.py:588} INFO - Filling up the DagBag from /home/airflow/.local/lib/python3.12/site-packages/airflow/example_dags/example_datasets.py
[2024-12-13T17:35:47.993+0000] {processor.py:925} INFO - DAG(s) 'consume_1_or_2_with_dataset_expressions', 'dataset_consumes_unknown_never_scheduled', 'consume_1_and_2_with_dataset_expressions', 'dataset_produces_2', 'conditional_dataset_and_time_based_timetable', 'dataset_consumes_1_and_2', 'consume_1_or_both_2_and_3_with_dataset_expressions', 'dataset_consumes_1_never_scheduled', 'dataset_consumes_1', 'dataset_produces_1' retrieved from /home/airflow/.local/lib/python3.12/site-packages/airflow/example_dags/example_datasets.py
[2024-12-13T17:35:48.033+0000] {logging_mixin.py:190} INFO - [2024-12-13T17:35:48.033+0000] {dag.py:3239} INFO - Sync 10 DAGs
[2024-12-13T17:35:48.057+0000] {logging_mixin.py:190} INFO - [2024-12-13T17:35:48.056+0000] {dag.py:4180} INFO - Setting next_dagrun for conditional_dataset_and_time_based_timetable to 2024-12-11 01:00:00+00:00, run_after=2024-12-11 01:00:00+00:00
[2024-12-13T17:35:48.060+0000] {logging_mixin.py:190} INFO - [2024-12-13T17:35:48.060+0000] {dag.py:4180} INFO - Setting next_dagrun for consume_1_and_2_with_dataset_expressions to None, run_after=None
[2024-12-13T17:35:48.062+0000] {logging_mixin.py:190} INFO - [2024-12-13T17:35:48.062+0000] {dag.py:4180} INFO - Setting next_dagrun for consume_1_or_2_with_dataset_expressions to None, run_after=None
[2024-12-13T17:35:48.063+0000] {logging_mixin.py:190} INFO - [2024-12-13T17:35:48.063+0000] {dag.py:4180} INFO - Setting next_dagrun for consume_1_or_both_2_and_3_with_dataset_expressions to None, run_after=None
[2024-12-13T17:35:48.065+0000] {logging_mixin.py:190} INFO - [2024-12-13T17:35:48.064+0000] {dag.py:4180} INFO - Setting next_dagrun for dataset_consumes_1 to None, run_after=None
[2024-12-13T17:35:48.066+0000] {logging_mixin.py:190} INFO - [2024-12-13T17:35:48.066+0000] {dag.py:4180} INFO - Setting next_dagrun for dataset_consumes_1_and_2 to None, run_after=None
[2024-12-13T17:35:48.067+0000] {logging_mixin.py:190} INFO - [2024-12-13T17:35:48.067+0000] {dag.py:4180} INFO - Setting next_dagrun for dataset_consumes_1_never_scheduled to None, run_after=None
[2024-12-13T17:35:48.069+0000] {logging_mixin.py:190} INFO - [2024-12-13T17:35:48.068+0000] {dag.py:4180} INFO - Setting next_dagrun for dataset_consumes_unknown_never_scheduled to None, run_after=None
[2024-12-13T17:35:48.071+0000] {logging_mixin.py:190} INFO - [2024-12-13T17:35:48.071+0000] {dag.py:4180} INFO - Setting next_dagrun for dataset_produces_1 to 2024-12-12 00:00:00+00:00, run_after=2024-12-13 00:00:00+00:00
[2024-12-13T17:35:48.073+0000] {logging_mixin.py:190} INFO - [2024-12-13T17:35:48.072+0000] {dag.py:4180} INFO - Setting next_dagrun for dataset_produces_2 to None, run_after=None
[2024-12-13T17:35:48.104+0000] {processor.py:208} INFO - Processing /home/airflow/.local/lib/python3.12/site-packages/airflow/example_dags/example_datasets.py took 0.673 seconds
[2024-12-13T17:36:18.849+0000] {processor.py:186} INFO - Started process (PID=832) to work on /home/airflow/.local/lib/python3.12/site-packages/airflow/example_dags/example_datasets.py
[2024-12-13T17:36:18.850+0000] {processor.py:914} INFO - Processing file /home/airflow/.local/lib/python3.12/site-packages/airflow/example_dags/example_datasets.py for tasks to queue
[2024-12-13T17:36:18.852+0000] {logging_mixin.py:190} INFO - [2024-12-13T17:36:18.852+0000] {dagbag.py:588} INFO - Filling up the DagBag from /home/airflow/.local/lib/python3.12/site-packages/airflow/example_dags/example_datasets.py
[2024-12-13T17:36:19.428+0000] {processor.py:925} INFO - DAG(s) 'dataset_produces_1', 'consume_1_or_both_2_and_3_with_dataset_expressions', 'dataset_produces_2', 'dataset_consumes_1_and_2', 'dataset_consumes_1_never_scheduled', 'dataset_consumes_1', 'conditional_dataset_and_time_based_timetable', 'dataset_consumes_unknown_never_scheduled', 'consume_1_and_2_with_dataset_expressions', 'consume_1_or_2_with_dataset_expressions' retrieved from /home/airflow/.local/lib/python3.12/site-packages/airflow/example_dags/example_datasets.py
[2024-12-13T17:36:19.473+0000] {logging_mixin.py:190} INFO - [2024-12-13T17:36:19.473+0000] {dag.py:3239} INFO - Sync 10 DAGs
[2024-12-13T17:36:19.497+0000] {logging_mixin.py:190} INFO - [2024-12-13T17:36:19.497+0000] {dag.py:4180} INFO - Setting next_dagrun for conditional_dataset_and_time_based_timetable to 2024-12-11 01:00:00+00:00, run_after=2024-12-11 01:00:00+00:00
[2024-12-13T17:36:19.501+0000] {logging_mixin.py:190} INFO - [2024-12-13T17:36:19.501+0000] {dag.py:4180} INFO - Setting next_dagrun for consume_1_and_2_with_dataset_expressions to None, run_after=None
[2024-12-13T17:36:19.502+0000] {logging_mixin.py:190} INFO - [2024-12-13T17:36:19.502+0000] {dag.py:4180} INFO - Setting next_dagrun for consume_1_or_2_with_dataset_expressions to None, run_after=None
[2024-12-13T17:36:19.504+0000] {logging_mixin.py:190} INFO - [2024-12-13T17:36:19.504+0000] {dag.py:4180} INFO - Setting next_dagrun for consume_1_or_both_2_and_3_with_dataset_expressions to None, run_after=None
[2024-12-13T17:36:19.505+0000] {logging_mixin.py:190} INFO - [2024-12-13T17:36:19.505+0000] {dag.py:4180} INFO - Setting next_dagrun for dataset_consumes_1 to None, run_after=None
[2024-12-13T17:36:19.506+0000] {logging_mixin.py:190} INFO - [2024-12-13T17:36:19.506+0000] {dag.py:4180} INFO - Setting next_dagrun for dataset_consumes_1_and_2 to None, run_after=None
[2024-12-13T17:36:19.508+0000] {logging_mixin.py:190} INFO - [2024-12-13T17:36:19.508+0000] {dag.py:4180} INFO - Setting next_dagrun for dataset_consumes_1_never_scheduled to None, run_after=None
[2024-12-13T17:36:19.510+0000] {logging_mixin.py:190} INFO - [2024-12-13T17:36:19.509+0000] {dag.py:4180} INFO - Setting next_dagrun for dataset_consumes_unknown_never_scheduled to None, run_after=None
[2024-12-13T17:36:19.512+0000] {logging_mixin.py:190} INFO - [2024-12-13T17:36:19.512+0000] {dag.py:4180} INFO - Setting next_dagrun for dataset_produces_1 to 2024-12-12 00:00:00+00:00, run_after=2024-12-13 00:00:00+00:00
[2024-12-13T17:36:19.514+0000] {logging_mixin.py:190} INFO - [2024-12-13T17:36:19.513+0000] {dag.py:4180} INFO - Setting next_dagrun for dataset_produces_2 to None, run_after=None
[2024-12-13T17:36:19.545+0000] {processor.py:208} INFO - Processing /home/airflow/.local/lib/python3.12/site-packages/airflow/example_dags/example_datasets.py took 0.705 seconds
[2024-12-13T17:36:50.101+0000] {processor.py:186} INFO - Started process (PID=907) to work on /home/airflow/.local/lib/python3.12/site-packages/airflow/example_dags/example_datasets.py
[2024-12-13T17:36:50.102+0000] {processor.py:914} INFO - Processing file /home/airflow/.local/lib/python3.12/site-packages/airflow/example_dags/example_datasets.py for tasks to queue
[2024-12-13T17:36:50.104+0000] {logging_mixin.py:190} INFO - [2024-12-13T17:36:50.104+0000] {dagbag.py:588} INFO - Filling up the DagBag from /home/airflow/.local/lib/python3.12/site-packages/airflow/example_dags/example_datasets.py
[2024-12-13T17:36:50.648+0000] {processor.py:925} INFO - DAG(s) 'consume_1_and_2_with_dataset_expressions', 'dataset_consumes_1_never_scheduled', 'dataset_produces_1', 'dataset_produces_2', 'dataset_consumes_unknown_never_scheduled', 'dataset_consumes_1_and_2', 'conditional_dataset_and_time_based_timetable', 'consume_1_or_2_with_dataset_expressions', 'dataset_consumes_1', 'consume_1_or_both_2_and_3_with_dataset_expressions' retrieved from /home/airflow/.local/lib/python3.12/site-packages/airflow/example_dags/example_datasets.py
[2024-12-13T17:36:50.688+0000] {logging_mixin.py:190} INFO - [2024-12-13T17:36:50.688+0000] {dag.py:3239} INFO - Sync 10 DAGs
[2024-12-13T17:36:50.712+0000] {logging_mixin.py:190} INFO - [2024-12-13T17:36:50.712+0000] {dag.py:4180} INFO - Setting next_dagrun for conditional_dataset_and_time_based_timetable to 2024-12-11 01:00:00+00:00, run_after=2024-12-11 01:00:00+00:00
[2024-12-13T17:36:50.716+0000] {logging_mixin.py:190} INFO - [2024-12-13T17:36:50.715+0000] {dag.py:4180} INFO - Setting next_dagrun for consume_1_and_2_with_dataset_expressions to None, run_after=None
[2024-12-13T17:36:50.717+0000] {logging_mixin.py:190} INFO - [2024-12-13T17:36:50.717+0000] {dag.py:4180} INFO - Setting next_dagrun for consume_1_or_2_with_dataset_expressions to None, run_after=None
[2024-12-13T17:36:50.718+0000] {logging_mixin.py:190} INFO - [2024-12-13T17:36:50.718+0000] {dag.py:4180} INFO - Setting next_dagrun for consume_1_or_both_2_and_3_with_dataset_expressions to None, run_after=None
[2024-12-13T17:36:50.720+0000] {logging_mixin.py:190} INFO - [2024-12-13T17:36:50.719+0000] {dag.py:4180} INFO - Setting next_dagrun for dataset_consumes_1 to None, run_after=None
[2024-12-13T17:36:50.721+0000] {logging_mixin.py:190} INFO - [2024-12-13T17:36:50.721+0000] {dag.py:4180} INFO - Setting next_dagrun for dataset_consumes_1_and_2 to None, run_after=None
[2024-12-13T17:36:50.722+0000] {logging_mixin.py:190} INFO - [2024-12-13T17:36:50.722+0000] {dag.py:4180} INFO - Setting next_dagrun for dataset_consumes_1_never_scheduled to None, run_after=None
[2024-12-13T17:36:50.724+0000] {logging_mixin.py:190} INFO - [2024-12-13T17:36:50.724+0000] {dag.py:4180} INFO - Setting next_dagrun for dataset_consumes_unknown_never_scheduled to None, run_after=None
[2024-12-13T17:36:50.726+0000] {logging_mixin.py:190} INFO - [2024-12-13T17:36:50.726+0000] {dag.py:4180} INFO - Setting next_dagrun for dataset_produces_1 to 2024-12-12 00:00:00+00:00, run_after=2024-12-13 00:00:00+00:00
[2024-12-13T17:36:50.728+0000] {logging_mixin.py:190} INFO - [2024-12-13T17:36:50.727+0000] {dag.py:4180} INFO - Setting next_dagrun for dataset_produces_2 to None, run_after=None
[2024-12-13T17:36:50.757+0000] {processor.py:208} INFO - Processing /home/airflow/.local/lib/python3.12/site-packages/airflow/example_dags/example_datasets.py took 0.665 seconds
[2024-12-13T17:37:21.348+0000] {processor.py:186} INFO - Started process (PID=988) to work on /home/airflow/.local/lib/python3.12/site-packages/airflow/example_dags/example_datasets.py
[2024-12-13T17:37:21.349+0000] {processor.py:914} INFO - Processing file /home/airflow/.local/lib/python3.12/site-packages/airflow/example_dags/example_datasets.py for tasks to queue
[2024-12-13T17:37:21.351+0000] {logging_mixin.py:190} INFO - [2024-12-13T17:37:21.351+0000] {dagbag.py:588} INFO - Filling up the DagBag from /home/airflow/.local/lib/python3.12/site-packages/airflow/example_dags/example_datasets.py
[2024-12-13T17:37:21.948+0000] {processor.py:925} INFO - DAG(s) 'dataset_consumes_1_never_scheduled', 'consume_1_or_2_with_dataset_expressions', 'dataset_consumes_1_and_2', 'dataset_consumes_unknown_never_scheduled', 'consume_1_or_both_2_and_3_with_dataset_expressions', 'consume_1_and_2_with_dataset_expressions', 'dataset_produces_2', 'conditional_dataset_and_time_based_timetable', 'dataset_consumes_1', 'dataset_produces_1' retrieved from /home/airflow/.local/lib/python3.12/site-packages/airflow/example_dags/example_datasets.py
[2024-12-13T17:37:22.004+0000] {logging_mixin.py:190} INFO - [2024-12-13T17:37:22.004+0000] {dag.py:3239} INFO - Sync 10 DAGs
[2024-12-13T17:37:22.031+0000] {logging_mixin.py:190} INFO - [2024-12-13T17:37:22.030+0000] {dag.py:4180} INFO - Setting next_dagrun for conditional_dataset_and_time_based_timetable to 2024-12-11 01:00:00+00:00, run_after=2024-12-11 01:00:00+00:00
[2024-12-13T17:37:22.036+0000] {logging_mixin.py:190} INFO - [2024-12-13T17:37:22.035+0000] {dag.py:4180} INFO - Setting next_dagrun for consume_1_and_2_with_dataset_expressions to None, run_after=None
[2024-12-13T17:37:22.038+0000] {logging_mixin.py:190} INFO - [2024-12-13T17:37:22.038+0000] {dag.py:4180} INFO - Setting next_dagrun for consume_1_or_2_with_dataset_expressions to None, run_after=None
[2024-12-13T17:37:22.040+0000] {logging_mixin.py:190} INFO - [2024-12-13T17:37:22.040+0000] {dag.py:4180} INFO - Setting next_dagrun for consume_1_or_both_2_and_3_with_dataset_expressions to None, run_after=None
[2024-12-13T17:37:22.042+0000] {logging_mixin.py:190} INFO - [2024-12-13T17:37:22.041+0000] {dag.py:4180} INFO - Setting next_dagrun for dataset_consumes_1 to None, run_after=None
[2024-12-13T17:37:22.043+0000] {logging_mixin.py:190} INFO - [2024-12-13T17:37:22.043+0000] {dag.py:4180} INFO - Setting next_dagrun for dataset_consumes_1_and_2 to None, run_after=None
[2024-12-13T17:37:22.045+0000] {logging_mixin.py:190} INFO - [2024-12-13T17:37:22.045+0000] {dag.py:4180} INFO - Setting next_dagrun for dataset_consumes_1_never_scheduled to None, run_after=None
[2024-12-13T17:37:22.047+0000] {logging_mixin.py:190} INFO - [2024-12-13T17:37:22.046+0000] {dag.py:4180} INFO - Setting next_dagrun for dataset_consumes_unknown_never_scheduled to None, run_after=None
[2024-12-13T17:37:22.049+0000] {logging_mixin.py:190} INFO - [2024-12-13T17:37:22.049+0000] {dag.py:4180} INFO - Setting next_dagrun for dataset_produces_1 to 2024-12-12 00:00:00+00:00, run_after=2024-12-13 00:00:00+00:00
[2024-12-13T17:37:22.050+0000] {logging_mixin.py:190} INFO - [2024-12-13T17:37:22.050+0000] {dag.py:4180} INFO - Setting next_dagrun for dataset_produces_2 to None, run_after=None
[2024-12-13T17:37:22.087+0000] {processor.py:208} INFO - Processing /home/airflow/.local/lib/python3.12/site-packages/airflow/example_dags/example_datasets.py took 0.747 seconds
