[2024-12-13T17:30:34.609+0000] {processor.py:186} INFO - Started process (PID=99) to work on /home/airflow/.local/lib/python3.12/site-packages/airflow/example_dags/example_inlet_event_extra.py
[2024-12-13T17:30:34.610+0000] {processor.py:914} INFO - Processing file /home/airflow/.local/lib/python3.12/site-packages/airflow/example_dags/example_inlet_event_extra.py for tasks to queue
[2024-12-13T17:30:34.614+0000] {logging_mixin.py:190} INFO - [2024-12-13T17:30:34.613+0000] {dagbag.py:588} INFO - Filling up the DagBag from /home/airflow/.local/lib/python3.12/site-packages/airflow/example_dags/example_inlet_event_extra.py
[2024-12-13T17:30:35.636+0000] {processor.py:925} INFO - DAG(s) 'read_dataset_event', 'read_dataset_event_from_classic' retrieved from /home/airflow/.local/lib/python3.12/site-packages/airflow/example_dags/example_inlet_event_extra.py
[2024-12-13T17:30:35.665+0000] {logging_mixin.py:190} INFO - [2024-12-13T17:30:35.664+0000] {dag.py:3239} INFO - Sync 2 DAGs
[2024-12-13T17:30:35.704+0000] {logging_mixin.py:190} INFO - [2024-12-13T17:30:35.704+0000] {dag.py:4180} INFO - Setting next_dagrun for read_dataset_event to 2024-12-12 00:00:00+00:00, run_after=2024-12-13 00:00:00+00:00
[2024-12-13T17:30:35.714+0000] {logging_mixin.py:190} INFO - [2024-12-13T17:30:35.713+0000] {dag.py:4180} INFO - Setting next_dagrun for read_dataset_event_from_classic to 2024-12-12 00:00:00+00:00, run_after=2024-12-13 00:00:00+00:00
[2024-12-13T17:30:35.743+0000] {processor.py:208} INFO - Processing /home/airflow/.local/lib/python3.12/site-packages/airflow/example_dags/example_inlet_event_extra.py took 1.145 seconds
[2024-12-13T17:31:06.673+0000] {processor.py:186} INFO - Started process (PID=162) to work on /home/airflow/.local/lib/python3.12/site-packages/airflow/example_dags/example_inlet_event_extra.py
[2024-12-13T17:31:06.674+0000] {processor.py:914} INFO - Processing file /home/airflow/.local/lib/python3.12/site-packages/airflow/example_dags/example_inlet_event_extra.py for tasks to queue
[2024-12-13T17:31:06.677+0000] {logging_mixin.py:190} INFO - [2024-12-13T17:31:06.676+0000] {dagbag.py:588} INFO - Filling up the DagBag from /home/airflow/.local/lib/python3.12/site-packages/airflow/example_dags/example_inlet_event_extra.py
[2024-12-13T17:31:07.262+0000] {processor.py:925} INFO - DAG(s) 'read_dataset_event_from_classic', 'read_dataset_event' retrieved from /home/airflow/.local/lib/python3.12/site-packages/airflow/example_dags/example_inlet_event_extra.py
[2024-12-13T17:31:07.278+0000] {logging_mixin.py:190} INFO - [2024-12-13T17:31:07.278+0000] {dag.py:3239} INFO - Sync 2 DAGs
[2024-12-13T17:31:07.301+0000] {logging_mixin.py:190} INFO - [2024-12-13T17:31:07.301+0000] {dag.py:4180} INFO - Setting next_dagrun for read_dataset_event to 2024-12-12 00:00:00+00:00, run_after=2024-12-13 00:00:00+00:00
[2024-12-13T17:31:07.306+0000] {logging_mixin.py:190} INFO - [2024-12-13T17:31:07.306+0000] {dag.py:4180} INFO - Setting next_dagrun for read_dataset_event_from_classic to 2024-12-12 00:00:00+00:00, run_after=2024-12-13 00:00:00+00:00
[2024-12-13T17:31:07.321+0000] {processor.py:208} INFO - Processing /home/airflow/.local/lib/python3.12/site-packages/airflow/example_dags/example_inlet_event_extra.py took 0.653 seconds
[2024-12-13T17:31:37.994+0000] {processor.py:186} INFO - Started process (PID=225) to work on /home/airflow/.local/lib/python3.12/site-packages/airflow/example_dags/example_inlet_event_extra.py
[2024-12-13T17:31:37.995+0000] {processor.py:914} INFO - Processing file /home/airflow/.local/lib/python3.12/site-packages/airflow/example_dags/example_inlet_event_extra.py for tasks to queue
[2024-12-13T17:31:37.997+0000] {logging_mixin.py:190} INFO - [2024-12-13T17:31:37.997+0000] {dagbag.py:588} INFO - Filling up the DagBag from /home/airflow/.local/lib/python3.12/site-packages/airflow/example_dags/example_inlet_event_extra.py
[2024-12-13T17:31:38.511+0000] {processor.py:925} INFO - DAG(s) 'read_dataset_event', 'read_dataset_event_from_classic' retrieved from /home/airflow/.local/lib/python3.12/site-packages/airflow/example_dags/example_inlet_event_extra.py
[2024-12-13T17:31:38.529+0000] {logging_mixin.py:190} INFO - [2024-12-13T17:31:38.529+0000] {dag.py:3239} INFO - Sync 2 DAGs
[2024-12-13T17:31:38.550+0000] {logging_mixin.py:190} INFO - [2024-12-13T17:31:38.550+0000] {dag.py:4180} INFO - Setting next_dagrun for read_dataset_event to 2024-12-12 00:00:00+00:00, run_after=2024-12-13 00:00:00+00:00
[2024-12-13T17:31:38.555+0000] {logging_mixin.py:190} INFO - [2024-12-13T17:31:38.555+0000] {dag.py:4180} INFO - Setting next_dagrun for read_dataset_event_from_classic to 2024-12-12 00:00:00+00:00, run_after=2024-12-13 00:00:00+00:00
[2024-12-13T17:31:38.568+0000] {processor.py:208} INFO - Processing /home/airflow/.local/lib/python3.12/site-packages/airflow/example_dags/example_inlet_event_extra.py took 0.579 seconds
[2024-12-13T17:32:09.205+0000] {processor.py:186} INFO - Started process (PID=288) to work on /home/airflow/.local/lib/python3.12/site-packages/airflow/example_dags/example_inlet_event_extra.py
[2024-12-13T17:32:09.206+0000] {processor.py:914} INFO - Processing file /home/airflow/.local/lib/python3.12/site-packages/airflow/example_dags/example_inlet_event_extra.py for tasks to queue
[2024-12-13T17:32:09.208+0000] {logging_mixin.py:190} INFO - [2024-12-13T17:32:09.208+0000] {dagbag.py:588} INFO - Filling up the DagBag from /home/airflow/.local/lib/python3.12/site-packages/airflow/example_dags/example_inlet_event_extra.py
[2024-12-13T17:32:09.831+0000] {processor.py:925} INFO - DAG(s) 'read_dataset_event', 'read_dataset_event_from_classic' retrieved from /home/airflow/.local/lib/python3.12/site-packages/airflow/example_dags/example_inlet_event_extra.py
[2024-12-13T17:32:09.856+0000] {logging_mixin.py:190} INFO - [2024-12-13T17:32:09.855+0000] {dag.py:3239} INFO - Sync 2 DAGs
[2024-12-13T17:32:09.879+0000] {logging_mixin.py:190} INFO - [2024-12-13T17:32:09.879+0000] {dag.py:4180} INFO - Setting next_dagrun for read_dataset_event to 2024-12-12 00:00:00+00:00, run_after=2024-12-13 00:00:00+00:00
[2024-12-13T17:32:09.885+0000] {logging_mixin.py:190} INFO - [2024-12-13T17:32:09.885+0000] {dag.py:4180} INFO - Setting next_dagrun for read_dataset_event_from_classic to 2024-12-12 00:00:00+00:00, run_after=2024-12-13 00:00:00+00:00
[2024-12-13T17:32:09.901+0000] {processor.py:208} INFO - Processing /home/airflow/.local/lib/python3.12/site-packages/airflow/example_dags/example_inlet_event_extra.py took 0.702 seconds
[2024-12-13T17:32:40.359+0000] {processor.py:186} INFO - Started process (PID=351) to work on /home/airflow/.local/lib/python3.12/site-packages/airflow/example_dags/example_inlet_event_extra.py
[2024-12-13T17:32:40.360+0000] {processor.py:914} INFO - Processing file /home/airflow/.local/lib/python3.12/site-packages/airflow/example_dags/example_inlet_event_extra.py for tasks to queue
[2024-12-13T17:32:40.362+0000] {logging_mixin.py:190} INFO - [2024-12-13T17:32:40.362+0000] {dagbag.py:588} INFO - Filling up the DagBag from /home/airflow/.local/lib/python3.12/site-packages/airflow/example_dags/example_inlet_event_extra.py
[2024-12-13T17:32:40.886+0000] {processor.py:925} INFO - DAG(s) 'read_dataset_event', 'read_dataset_event_from_classic' retrieved from /home/airflow/.local/lib/python3.12/site-packages/airflow/example_dags/example_inlet_event_extra.py
[2024-12-13T17:32:40.907+0000] {logging_mixin.py:190} INFO - [2024-12-13T17:32:40.907+0000] {dag.py:3239} INFO - Sync 2 DAGs
[2024-12-13T17:32:40.931+0000] {logging_mixin.py:190} INFO - [2024-12-13T17:32:40.930+0000] {dag.py:4180} INFO - Setting next_dagrun for read_dataset_event to 2024-12-12 00:00:00+00:00, run_after=2024-12-13 00:00:00+00:00
[2024-12-13T17:32:40.935+0000] {logging_mixin.py:190} INFO - [2024-12-13T17:32:40.935+0000] {dag.py:4180} INFO - Setting next_dagrun for read_dataset_event_from_classic to 2024-12-12 00:00:00+00:00, run_after=2024-12-13 00:00:00+00:00
[2024-12-13T17:32:40.950+0000] {processor.py:208} INFO - Processing /home/airflow/.local/lib/python3.12/site-packages/airflow/example_dags/example_inlet_event_extra.py took 0.597 seconds
[2024-12-13T17:33:11.014+0000] {processor.py:186} INFO - Started process (PID=414) to work on /home/airflow/.local/lib/python3.12/site-packages/airflow/example_dags/example_inlet_event_extra.py
[2024-12-13T17:33:11.015+0000] {processor.py:914} INFO - Processing file /home/airflow/.local/lib/python3.12/site-packages/airflow/example_dags/example_inlet_event_extra.py for tasks to queue
[2024-12-13T17:33:11.017+0000] {logging_mixin.py:190} INFO - [2024-12-13T17:33:11.017+0000] {dagbag.py:588} INFO - Filling up the DagBag from /home/airflow/.local/lib/python3.12/site-packages/airflow/example_dags/example_inlet_event_extra.py
[2024-12-13T17:33:11.534+0000] {processor.py:925} INFO - DAG(s) 'read_dataset_event_from_classic', 'read_dataset_event' retrieved from /home/airflow/.local/lib/python3.12/site-packages/airflow/example_dags/example_inlet_event_extra.py
[2024-12-13T17:33:11.552+0000] {logging_mixin.py:190} INFO - [2024-12-13T17:33:11.551+0000] {dag.py:3239} INFO - Sync 2 DAGs
[2024-12-13T17:33:11.571+0000] {logging_mixin.py:190} INFO - [2024-12-13T17:33:11.571+0000] {dag.py:4180} INFO - Setting next_dagrun for read_dataset_event to 2024-12-12 00:00:00+00:00, run_after=2024-12-13 00:00:00+00:00
[2024-12-13T17:33:11.575+0000] {logging_mixin.py:190} INFO - [2024-12-13T17:33:11.575+0000] {dag.py:4180} INFO - Setting next_dagrun for read_dataset_event_from_classic to 2024-12-12 00:00:00+00:00, run_after=2024-12-13 00:00:00+00:00
[2024-12-13T17:33:11.589+0000] {processor.py:208} INFO - Processing /home/airflow/.local/lib/python3.12/site-packages/airflow/example_dags/example_inlet_event_extra.py took 0.581 seconds
[2024-12-13T17:33:42.175+0000] {processor.py:186} INFO - Started process (PID=477) to work on /home/airflow/.local/lib/python3.12/site-packages/airflow/example_dags/example_inlet_event_extra.py
[2024-12-13T17:33:42.176+0000] {processor.py:914} INFO - Processing file /home/airflow/.local/lib/python3.12/site-packages/airflow/example_dags/example_inlet_event_extra.py for tasks to queue
[2024-12-13T17:33:42.178+0000] {logging_mixin.py:190} INFO - [2024-12-13T17:33:42.177+0000] {dagbag.py:588} INFO - Filling up the DagBag from /home/airflow/.local/lib/python3.12/site-packages/airflow/example_dags/example_inlet_event_extra.py
[2024-12-13T17:33:42.700+0000] {processor.py:925} INFO - DAG(s) 'read_dataset_event', 'read_dataset_event_from_classic' retrieved from /home/airflow/.local/lib/python3.12/site-packages/airflow/example_dags/example_inlet_event_extra.py
[2024-12-13T17:33:42.717+0000] {logging_mixin.py:190} INFO - [2024-12-13T17:33:42.717+0000] {dag.py:3239} INFO - Sync 2 DAGs
[2024-12-13T17:33:42.738+0000] {logging_mixin.py:190} INFO - [2024-12-13T17:33:42.738+0000] {dag.py:4180} INFO - Setting next_dagrun for read_dataset_event to 2024-12-12 00:00:00+00:00, run_after=2024-12-13 00:00:00+00:00
[2024-12-13T17:33:42.742+0000] {logging_mixin.py:190} INFO - [2024-12-13T17:33:42.742+0000] {dag.py:4180} INFO - Setting next_dagrun for read_dataset_event_from_classic to 2024-12-12 00:00:00+00:00, run_after=2024-12-13 00:00:00+00:00
[2024-12-13T17:33:42.757+0000] {processor.py:208} INFO - Processing /home/airflow/.local/lib/python3.12/site-packages/airflow/example_dags/example_inlet_event_extra.py took 0.588 seconds
[2024-12-13T17:34:13.176+0000] {processor.py:186} INFO - Started process (PID=540) to work on /home/airflow/.local/lib/python3.12/site-packages/airflow/example_dags/example_inlet_event_extra.py
[2024-12-13T17:34:13.177+0000] {processor.py:914} INFO - Processing file /home/airflow/.local/lib/python3.12/site-packages/airflow/example_dags/example_inlet_event_extra.py for tasks to queue
[2024-12-13T17:34:13.179+0000] {logging_mixin.py:190} INFO - [2024-12-13T17:34:13.178+0000] {dagbag.py:588} INFO - Filling up the DagBag from /home/airflow/.local/lib/python3.12/site-packages/airflow/example_dags/example_inlet_event_extra.py
[2024-12-13T17:34:13.729+0000] {processor.py:925} INFO - DAG(s) 'read_dataset_event', 'read_dataset_event_from_classic' retrieved from /home/airflow/.local/lib/python3.12/site-packages/airflow/example_dags/example_inlet_event_extra.py
[2024-12-13T17:34:13.750+0000] {logging_mixin.py:190} INFO - [2024-12-13T17:34:13.750+0000] {dag.py:3239} INFO - Sync 2 DAGs
[2024-12-13T17:34:13.772+0000] {logging_mixin.py:190} INFO - [2024-12-13T17:34:13.771+0000] {dag.py:4180} INFO - Setting next_dagrun for read_dataset_event to 2024-12-12 00:00:00+00:00, run_after=2024-12-13 00:00:00+00:00
[2024-12-13T17:34:13.776+0000] {logging_mixin.py:190} INFO - [2024-12-13T17:34:13.776+0000] {dag.py:4180} INFO - Setting next_dagrun for read_dataset_event_from_classic to 2024-12-12 00:00:00+00:00, run_after=2024-12-13 00:00:00+00:00
[2024-12-13T17:34:13.790+0000] {processor.py:208} INFO - Processing /home/airflow/.local/lib/python3.12/site-packages/airflow/example_dags/example_inlet_event_extra.py took 0.620 seconds
[2024-12-13T17:34:44.069+0000] {processor.py:186} INFO - Started process (PID=616) to work on /home/airflow/.local/lib/python3.12/site-packages/airflow/example_dags/example_inlet_event_extra.py
[2024-12-13T17:34:44.070+0000] {processor.py:914} INFO - Processing file /home/airflow/.local/lib/python3.12/site-packages/airflow/example_dags/example_inlet_event_extra.py for tasks to queue
[2024-12-13T17:34:44.072+0000] {logging_mixin.py:190} INFO - [2024-12-13T17:34:44.072+0000] {dagbag.py:588} INFO - Filling up the DagBag from /home/airflow/.local/lib/python3.12/site-packages/airflow/example_dags/example_inlet_event_extra.py
[2024-12-13T17:34:44.616+0000] {processor.py:925} INFO - DAG(s) 'read_dataset_event', 'read_dataset_event_from_classic' retrieved from /home/airflow/.local/lib/python3.12/site-packages/airflow/example_dags/example_inlet_event_extra.py
[2024-12-13T17:34:44.634+0000] {logging_mixin.py:190} INFO - [2024-12-13T17:34:44.634+0000] {dag.py:3239} INFO - Sync 2 DAGs
[2024-12-13T17:34:44.658+0000] {logging_mixin.py:190} INFO - [2024-12-13T17:34:44.657+0000] {dag.py:4180} INFO - Setting next_dagrun for read_dataset_event to 2024-12-12 00:00:00+00:00, run_after=2024-12-13 00:00:00+00:00
[2024-12-13T17:34:44.662+0000] {logging_mixin.py:190} INFO - [2024-12-13T17:34:44.662+0000] {dag.py:4180} INFO - Setting next_dagrun for read_dataset_event_from_classic to 2024-12-12 00:00:00+00:00, run_after=2024-12-13 00:00:00+00:00
[2024-12-13T17:34:44.676+0000] {processor.py:208} INFO - Processing /home/airflow/.local/lib/python3.12/site-packages/airflow/example_dags/example_inlet_event_extra.py took 0.613 seconds
[2024-12-13T17:35:15.873+0000] {processor.py:186} INFO - Started process (PID=703) to work on /home/airflow/.local/lib/python3.12/site-packages/airflow/example_dags/example_inlet_event_extra.py
[2024-12-13T17:35:15.874+0000] {processor.py:914} INFO - Processing file /home/airflow/.local/lib/python3.12/site-packages/airflow/example_dags/example_inlet_event_extra.py for tasks to queue
[2024-12-13T17:35:15.877+0000] {logging_mixin.py:190} INFO - [2024-12-13T17:35:15.876+0000] {dagbag.py:588} INFO - Filling up the DagBag from /home/airflow/.local/lib/python3.12/site-packages/airflow/example_dags/example_inlet_event_extra.py
[2024-12-13T17:35:16.429+0000] {processor.py:925} INFO - DAG(s) 'read_dataset_event', 'read_dataset_event_from_classic' retrieved from /home/airflow/.local/lib/python3.12/site-packages/airflow/example_dags/example_inlet_event_extra.py
[2024-12-13T17:35:16.445+0000] {logging_mixin.py:190} INFO - [2024-12-13T17:35:16.445+0000] {dag.py:3239} INFO - Sync 2 DAGs
[2024-12-13T17:35:16.467+0000] {logging_mixin.py:190} INFO - [2024-12-13T17:35:16.467+0000] {dag.py:4180} INFO - Setting next_dagrun for read_dataset_event to 2024-12-12 00:00:00+00:00, run_after=2024-12-13 00:00:00+00:00
[2024-12-13T17:35:16.472+0000] {logging_mixin.py:190} INFO - [2024-12-13T17:35:16.472+0000] {dag.py:4180} INFO - Setting next_dagrun for read_dataset_event_from_classic to 2024-12-12 00:00:00+00:00, run_after=2024-12-13 00:00:00+00:00
[2024-12-13T17:35:16.485+0000] {processor.py:208} INFO - Processing /home/airflow/.local/lib/python3.12/site-packages/airflow/example_dags/example_inlet_event_extra.py took 0.621 seconds
[2024-12-13T17:35:47.369+0000] {processor.py:186} INFO - Started process (PID=767) to work on /home/airflow/.local/lib/python3.12/site-packages/airflow/example_dags/example_inlet_event_extra.py
[2024-12-13T17:35:47.370+0000] {processor.py:914} INFO - Processing file /home/airflow/.local/lib/python3.12/site-packages/airflow/example_dags/example_inlet_event_extra.py for tasks to queue
[2024-12-13T17:35:47.373+0000] {logging_mixin.py:190} INFO - [2024-12-13T17:35:47.372+0000] {dagbag.py:588} INFO - Filling up the DagBag from /home/airflow/.local/lib/python3.12/site-packages/airflow/example_dags/example_inlet_event_extra.py
[2024-12-13T17:35:47.914+0000] {processor.py:925} INFO - DAG(s) 'read_dataset_event', 'read_dataset_event_from_classic' retrieved from /home/airflow/.local/lib/python3.12/site-packages/airflow/example_dags/example_inlet_event_extra.py
[2024-12-13T17:35:47.934+0000] {logging_mixin.py:190} INFO - [2024-12-13T17:35:47.933+0000] {dag.py:3239} INFO - Sync 2 DAGs
[2024-12-13T17:35:47.955+0000] {logging_mixin.py:190} INFO - [2024-12-13T17:35:47.955+0000] {dag.py:4180} INFO - Setting next_dagrun for read_dataset_event to 2024-12-12 00:00:00+00:00, run_after=2024-12-13 00:00:00+00:00
[2024-12-13T17:35:47.960+0000] {logging_mixin.py:190} INFO - [2024-12-13T17:35:47.959+0000] {dag.py:4180} INFO - Setting next_dagrun for read_dataset_event_from_classic to 2024-12-12 00:00:00+00:00, run_after=2024-12-13 00:00:00+00:00
[2024-12-13T17:35:47.973+0000] {processor.py:208} INFO - Processing /home/airflow/.local/lib/python3.12/site-packages/airflow/example_dags/example_inlet_event_extra.py took 0.614 seconds
[2024-12-13T17:36:18.773+0000] {processor.py:186} INFO - Started process (PID=831) to work on /home/airflow/.local/lib/python3.12/site-packages/airflow/example_dags/example_inlet_event_extra.py
[2024-12-13T17:36:18.773+0000] {processor.py:914} INFO - Processing file /home/airflow/.local/lib/python3.12/site-packages/airflow/example_dags/example_inlet_event_extra.py for tasks to queue
[2024-12-13T17:36:18.776+0000] {logging_mixin.py:190} INFO - [2024-12-13T17:36:18.775+0000] {dagbag.py:588} INFO - Filling up the DagBag from /home/airflow/.local/lib/python3.12/site-packages/airflow/example_dags/example_inlet_event_extra.py
[2024-12-13T17:36:19.365+0000] {processor.py:925} INFO - DAG(s) 'read_dataset_event_from_classic', 'read_dataset_event' retrieved from /home/airflow/.local/lib/python3.12/site-packages/airflow/example_dags/example_inlet_event_extra.py
[2024-12-13T17:36:19.384+0000] {logging_mixin.py:190} INFO - [2024-12-13T17:36:19.384+0000] {dag.py:3239} INFO - Sync 2 DAGs
[2024-12-13T17:36:19.405+0000] {logging_mixin.py:190} INFO - [2024-12-13T17:36:19.405+0000] {dag.py:4180} INFO - Setting next_dagrun for read_dataset_event to 2024-12-12 00:00:00+00:00, run_after=2024-12-13 00:00:00+00:00
[2024-12-13T17:36:19.410+0000] {logging_mixin.py:190} INFO - [2024-12-13T17:36:19.410+0000] {dag.py:4180} INFO - Setting next_dagrun for read_dataset_event_from_classic to 2024-12-12 00:00:00+00:00, run_after=2024-12-13 00:00:00+00:00
[2024-12-13T17:36:19.425+0000] {processor.py:208} INFO - Processing /home/airflow/.local/lib/python3.12/site-packages/airflow/example_dags/example_inlet_event_extra.py took 0.662 seconds
[2024-12-13T17:36:49.469+0000] {processor.py:186} INFO - Started process (PID=906) to work on /home/airflow/.local/lib/python3.12/site-packages/airflow/example_dags/example_inlet_event_extra.py
[2024-12-13T17:36:49.470+0000] {processor.py:914} INFO - Processing file /home/airflow/.local/lib/python3.12/site-packages/airflow/example_dags/example_inlet_event_extra.py for tasks to queue
[2024-12-13T17:36:49.472+0000] {logging_mixin.py:190} INFO - [2024-12-13T17:36:49.472+0000] {dagbag.py:588} INFO - Filling up the DagBag from /home/airflow/.local/lib/python3.12/site-packages/airflow/example_dags/example_inlet_event_extra.py
[2024-12-13T17:36:50.003+0000] {processor.py:925} INFO - DAG(s) 'read_dataset_event_from_classic', 'read_dataset_event' retrieved from /home/airflow/.local/lib/python3.12/site-packages/airflow/example_dags/example_inlet_event_extra.py
[2024-12-13T17:36:50.020+0000] {logging_mixin.py:190} INFO - [2024-12-13T17:36:50.020+0000] {dag.py:3239} INFO - Sync 2 DAGs
[2024-12-13T17:36:50.041+0000] {logging_mixin.py:190} INFO - [2024-12-13T17:36:50.040+0000] {dag.py:4180} INFO - Setting next_dagrun for read_dataset_event to 2024-12-12 00:00:00+00:00, run_after=2024-12-13 00:00:00+00:00
[2024-12-13T17:36:50.045+0000] {logging_mixin.py:190} INFO - [2024-12-13T17:36:50.045+0000] {dag.py:4180} INFO - Setting next_dagrun for read_dataset_event_from_classic to 2024-12-12 00:00:00+00:00, run_after=2024-12-13 00:00:00+00:00
[2024-12-13T17:36:50.059+0000] {processor.py:208} INFO - Processing /home/airflow/.local/lib/python3.12/site-packages/airflow/example_dags/example_inlet_event_extra.py took 0.602 seconds
[2024-12-13T17:37:20.727+0000] {processor.py:186} INFO - Started process (PID=981) to work on /home/airflow/.local/lib/python3.12/site-packages/airflow/example_dags/example_inlet_event_extra.py
[2024-12-13T17:37:20.728+0000] {processor.py:914} INFO - Processing file /home/airflow/.local/lib/python3.12/site-packages/airflow/example_dags/example_inlet_event_extra.py for tasks to queue
[2024-12-13T17:37:20.731+0000] {logging_mixin.py:190} INFO - [2024-12-13T17:37:20.730+0000] {dagbag.py:588} INFO - Filling up the DagBag from /home/airflow/.local/lib/python3.12/site-packages/airflow/example_dags/example_inlet_event_extra.py
[2024-12-13T17:37:21.247+0000] {processor.py:925} INFO - DAG(s) 'read_dataset_event', 'read_dataset_event_from_classic' retrieved from /home/airflow/.local/lib/python3.12/site-packages/airflow/example_dags/example_inlet_event_extra.py
[2024-12-13T17:37:21.265+0000] {logging_mixin.py:190} INFO - [2024-12-13T17:37:21.265+0000] {dag.py:3239} INFO - Sync 2 DAGs
[2024-12-13T17:37:21.287+0000] {logging_mixin.py:190} INFO - [2024-12-13T17:37:21.287+0000] {dag.py:4180} INFO - Setting next_dagrun for read_dataset_event to 2024-12-12 00:00:00+00:00, run_after=2024-12-13 00:00:00+00:00
[2024-12-13T17:37:21.292+0000] {logging_mixin.py:190} INFO - [2024-12-13T17:37:21.292+0000] {dag.py:4180} INFO - Setting next_dagrun for read_dataset_event_from_classic to 2024-12-12 00:00:00+00:00, run_after=2024-12-13 00:00:00+00:00
[2024-12-13T17:37:21.306+0000] {processor.py:208} INFO - Processing /home/airflow/.local/lib/python3.12/site-packages/airflow/example_dags/example_inlet_event_extra.py took 0.589 seconds
