[2024-12-13T17:30:34.468+0000] {processor.py:186} INFO - Started process (PID=98) to work on /home/airflow/.local/lib/python3.12/site-packages/airflow/example_dags/example_branch_labels.py
[2024-12-13T17:30:34.469+0000] {processor.py:914} INFO - Processing file /home/airflow/.local/lib/python3.12/site-packages/airflow/example_dags/example_branch_labels.py for tasks to queue
[2024-12-13T17:30:34.474+0000] {logging_mixin.py:190} INFO - [2024-12-13T17:30:34.473+0000] {dagbag.py:588} INFO - Filling up the DagBag from /home/airflow/.local/lib/python3.12/site-packages/airflow/example_dags/example_branch_labels.py
[2024-12-13T17:30:34.492+0000] {processor.py:925} INFO - DAG(s) 'example_branch_labels' retrieved from /home/airflow/.local/lib/python3.12/site-packages/airflow/example_dags/example_branch_labels.py
[2024-12-13T17:30:34.527+0000] {logging_mixin.py:190} INFO - [2024-12-13T17:30:34.527+0000] {dag.py:3239} INFO - Sync 1 DAGs
[2024-12-13T17:30:34.563+0000] {logging_mixin.py:190} INFO - [2024-12-13T17:30:34.563+0000] {dag.py:4180} INFO - Setting next_dagrun for example_branch_labels to 2024-12-12 00:00:00+00:00, run_after=2024-12-13 00:00:00+00:00
[2024-12-13T17:30:34.592+0000] {processor.py:208} INFO - Processing /home/airflow/.local/lib/python3.12/site-packages/airflow/example_dags/example_branch_labels.py took 0.133 seconds
[2024-12-13T17:31:05.619+0000] {processor.py:186} INFO - Started process (PID=161) to work on /home/airflow/.local/lib/python3.12/site-packages/airflow/example_dags/example_branch_labels.py
[2024-12-13T17:31:05.620+0000] {processor.py:914} INFO - Processing file /home/airflow/.local/lib/python3.12/site-packages/airflow/example_dags/example_branch_labels.py for tasks to queue
[2024-12-13T17:31:05.622+0000] {logging_mixin.py:190} INFO - [2024-12-13T17:31:05.622+0000] {dagbag.py:588} INFO - Filling up the DagBag from /home/airflow/.local/lib/python3.12/site-packages/airflow/example_dags/example_branch_labels.py
[2024-12-13T17:31:05.630+0000] {processor.py:925} INFO - DAG(s) 'example_branch_labels' retrieved from /home/airflow/.local/lib/python3.12/site-packages/airflow/example_dags/example_branch_labels.py
[2024-12-13T17:31:05.649+0000] {logging_mixin.py:190} INFO - [2024-12-13T17:31:05.648+0000] {dag.py:3239} INFO - Sync 1 DAGs
[2024-12-13T17:31:05.669+0000] {logging_mixin.py:190} INFO - [2024-12-13T17:31:05.669+0000] {dag.py:4180} INFO - Setting next_dagrun for example_branch_labels to 2024-12-12 00:00:00+00:00, run_after=2024-12-13 00:00:00+00:00
[2024-12-13T17:31:05.684+0000] {processor.py:208} INFO - Processing /home/airflow/.local/lib/python3.12/site-packages/airflow/example_dags/example_branch_labels.py took 0.071 seconds
[2024-12-13T17:31:36.918+0000] {processor.py:186} INFO - Started process (PID=224) to work on /home/airflow/.local/lib/python3.12/site-packages/airflow/example_dags/example_branch_labels.py
[2024-12-13T17:31:36.919+0000] {processor.py:914} INFO - Processing file /home/airflow/.local/lib/python3.12/site-packages/airflow/example_dags/example_branch_labels.py for tasks to queue
[2024-12-13T17:31:36.922+0000] {logging_mixin.py:190} INFO - [2024-12-13T17:31:36.922+0000] {dagbag.py:588} INFO - Filling up the DagBag from /home/airflow/.local/lib/python3.12/site-packages/airflow/example_dags/example_branch_labels.py
[2024-12-13T17:31:36.931+0000] {processor.py:925} INFO - DAG(s) 'example_branch_labels' retrieved from /home/airflow/.local/lib/python3.12/site-packages/airflow/example_dags/example_branch_labels.py
[2024-12-13T17:31:36.950+0000] {logging_mixin.py:190} INFO - [2024-12-13T17:31:36.950+0000] {dag.py:3239} INFO - Sync 1 DAGs
[2024-12-13T17:31:36.972+0000] {logging_mixin.py:190} INFO - [2024-12-13T17:31:36.972+0000] {dag.py:4180} INFO - Setting next_dagrun for example_branch_labels to 2024-12-12 00:00:00+00:00, run_after=2024-12-13 00:00:00+00:00
[2024-12-13T17:31:36.987+0000] {processor.py:208} INFO - Processing /home/airflow/.local/lib/python3.12/site-packages/airflow/example_dags/example_branch_labels.py took 0.075 seconds
[2024-12-13T17:32:08.126+0000] {processor.py:186} INFO - Started process (PID=287) to work on /home/airflow/.local/lib/python3.12/site-packages/airflow/example_dags/example_branch_labels.py
[2024-12-13T17:32:08.127+0000] {processor.py:914} INFO - Processing file /home/airflow/.local/lib/python3.12/site-packages/airflow/example_dags/example_branch_labels.py for tasks to queue
[2024-12-13T17:32:08.130+0000] {logging_mixin.py:190} INFO - [2024-12-13T17:32:08.129+0000] {dagbag.py:588} INFO - Filling up the DagBag from /home/airflow/.local/lib/python3.12/site-packages/airflow/example_dags/example_branch_labels.py
[2024-12-13T17:32:08.138+0000] {processor.py:925} INFO - DAG(s) 'example_branch_labels' retrieved from /home/airflow/.local/lib/python3.12/site-packages/airflow/example_dags/example_branch_labels.py
[2024-12-13T17:32:08.158+0000] {logging_mixin.py:190} INFO - [2024-12-13T17:32:08.157+0000] {dag.py:3239} INFO - Sync 1 DAGs
[2024-12-13T17:32:08.179+0000] {logging_mixin.py:190} INFO - [2024-12-13T17:32:08.179+0000] {dag.py:4180} INFO - Setting next_dagrun for example_branch_labels to 2024-12-12 00:00:00+00:00, run_after=2024-12-13 00:00:00+00:00
[2024-12-13T17:32:08.196+0000] {processor.py:208} INFO - Processing /home/airflow/.local/lib/python3.12/site-packages/airflow/example_dags/example_branch_labels.py took 0.075 seconds
[2024-12-13T17:32:39.290+0000] {processor.py:186} INFO - Started process (PID=350) to work on /home/airflow/.local/lib/python3.12/site-packages/airflow/example_dags/example_branch_labels.py
[2024-12-13T17:32:39.291+0000] {processor.py:914} INFO - Processing file /home/airflow/.local/lib/python3.12/site-packages/airflow/example_dags/example_branch_labels.py for tasks to queue
[2024-12-13T17:32:39.294+0000] {logging_mixin.py:190} INFO - [2024-12-13T17:32:39.293+0000] {dagbag.py:588} INFO - Filling up the DagBag from /home/airflow/.local/lib/python3.12/site-packages/airflow/example_dags/example_branch_labels.py
[2024-12-13T17:32:39.303+0000] {processor.py:925} INFO - DAG(s) 'example_branch_labels' retrieved from /home/airflow/.local/lib/python3.12/site-packages/airflow/example_dags/example_branch_labels.py
[2024-12-13T17:32:39.322+0000] {logging_mixin.py:190} INFO - [2024-12-13T17:32:39.322+0000] {dag.py:3239} INFO - Sync 1 DAGs
[2024-12-13T17:32:39.344+0000] {logging_mixin.py:190} INFO - [2024-12-13T17:32:39.344+0000] {dag.py:4180} INFO - Setting next_dagrun for example_branch_labels to 2024-12-12 00:00:00+00:00, run_after=2024-12-13 00:00:00+00:00
[2024-12-13T17:32:39.360+0000] {processor.py:208} INFO - Processing /home/airflow/.local/lib/python3.12/site-packages/airflow/example_dags/example_branch_labels.py took 0.075 seconds
[2024-12-13T17:33:10.913+0000] {processor.py:186} INFO - Started process (PID=413) to work on /home/airflow/.local/lib/python3.12/site-packages/airflow/example_dags/example_branch_labels.py
[2024-12-13T17:33:10.914+0000] {processor.py:914} INFO - Processing file /home/airflow/.local/lib/python3.12/site-packages/airflow/example_dags/example_branch_labels.py for tasks to queue
[2024-12-13T17:33:10.916+0000] {logging_mixin.py:190} INFO - [2024-12-13T17:33:10.915+0000] {dagbag.py:588} INFO - Filling up the DagBag from /home/airflow/.local/lib/python3.12/site-packages/airflow/example_dags/example_branch_labels.py
[2024-12-13T17:33:10.924+0000] {processor.py:925} INFO - DAG(s) 'example_branch_labels' retrieved from /home/airflow/.local/lib/python3.12/site-packages/airflow/example_dags/example_branch_labels.py
[2024-12-13T17:33:10.943+0000] {logging_mixin.py:190} INFO - [2024-12-13T17:33:10.942+0000] {dag.py:3239} INFO - Sync 1 DAGs
[2024-12-13T17:33:10.964+0000] {logging_mixin.py:190} INFO - [2024-12-13T17:33:10.964+0000] {dag.py:4180} INFO - Setting next_dagrun for example_branch_labels to 2024-12-12 00:00:00+00:00, run_after=2024-12-13 00:00:00+00:00
[2024-12-13T17:33:10.979+0000] {processor.py:208} INFO - Processing /home/airflow/.local/lib/python3.12/site-packages/airflow/example_dags/example_branch_labels.py took 0.072 seconds
[2024-12-13T17:33:42.124+0000] {processor.py:186} INFO - Started process (PID=476) to work on /home/airflow/.local/lib/python3.12/site-packages/airflow/example_dags/example_branch_labels.py
[2024-12-13T17:33:42.125+0000] {processor.py:914} INFO - Processing file /home/airflow/.local/lib/python3.12/site-packages/airflow/example_dags/example_branch_labels.py for tasks to queue
[2024-12-13T17:33:42.127+0000] {logging_mixin.py:190} INFO - [2024-12-13T17:33:42.127+0000] {dagbag.py:588} INFO - Filling up the DagBag from /home/airflow/.local/lib/python3.12/site-packages/airflow/example_dags/example_branch_labels.py
[2024-12-13T17:33:42.136+0000] {processor.py:925} INFO - DAG(s) 'example_branch_labels' retrieved from /home/airflow/.local/lib/python3.12/site-packages/airflow/example_dags/example_branch_labels.py
[2024-12-13T17:33:42.155+0000] {logging_mixin.py:190} INFO - [2024-12-13T17:33:42.155+0000] {dag.py:3239} INFO - Sync 1 DAGs
[2024-12-13T17:33:42.176+0000] {logging_mixin.py:190} INFO - [2024-12-13T17:33:42.176+0000] {dag.py:4180} INFO - Setting next_dagrun for example_branch_labels to 2024-12-12 00:00:00+00:00, run_after=2024-12-13 00:00:00+00:00
[2024-12-13T17:33:42.193+0000] {processor.py:208} INFO - Processing /home/airflow/.local/lib/python3.12/site-packages/airflow/example_dags/example_branch_labels.py took 0.074 seconds
[2024-12-13T17:34:13.079+0000] {processor.py:186} INFO - Started process (PID=539) to work on /home/airflow/.local/lib/python3.12/site-packages/airflow/example_dags/example_branch_labels.py
[2024-12-13T17:34:13.080+0000] {processor.py:914} INFO - Processing file /home/airflow/.local/lib/python3.12/site-packages/airflow/example_dags/example_branch_labels.py for tasks to queue
[2024-12-13T17:34:13.082+0000] {logging_mixin.py:190} INFO - [2024-12-13T17:34:13.082+0000] {dagbag.py:588} INFO - Filling up the DagBag from /home/airflow/.local/lib/python3.12/site-packages/airflow/example_dags/example_branch_labels.py
[2024-12-13T17:34:13.090+0000] {processor.py:925} INFO - DAG(s) 'example_branch_labels' retrieved from /home/airflow/.local/lib/python3.12/site-packages/airflow/example_dags/example_branch_labels.py
[2024-12-13T17:34:13.109+0000] {logging_mixin.py:190} INFO - [2024-12-13T17:34:13.108+0000] {dag.py:3239} INFO - Sync 1 DAGs
[2024-12-13T17:34:13.129+0000] {logging_mixin.py:190} INFO - [2024-12-13T17:34:13.129+0000] {dag.py:4180} INFO - Setting next_dagrun for example_branch_labels to 2024-12-12 00:00:00+00:00, run_after=2024-12-13 00:00:00+00:00
[2024-12-13T17:34:13.145+0000] {processor.py:208} INFO - Processing /home/airflow/.local/lib/python3.12/site-packages/airflow/example_dags/example_branch_labels.py took 0.071 seconds
[2024-12-13T17:34:44.033+0000] {processor.py:186} INFO - Started process (PID=615) to work on /home/airflow/.local/lib/python3.12/site-packages/airflow/example_dags/example_branch_labels.py
[2024-12-13T17:34:44.034+0000] {processor.py:914} INFO - Processing file /home/airflow/.local/lib/python3.12/site-packages/airflow/example_dags/example_branch_labels.py for tasks to queue
[2024-12-13T17:34:44.036+0000] {logging_mixin.py:190} INFO - [2024-12-13T17:34:44.036+0000] {dagbag.py:588} INFO - Filling up the DagBag from /home/airflow/.local/lib/python3.12/site-packages/airflow/example_dags/example_branch_labels.py
[2024-12-13T17:34:44.045+0000] {processor.py:925} INFO - DAG(s) 'example_branch_labels' retrieved from /home/airflow/.local/lib/python3.12/site-packages/airflow/example_dags/example_branch_labels.py
[2024-12-13T17:34:44.064+0000] {logging_mixin.py:190} INFO - [2024-12-13T17:34:44.064+0000] {dag.py:3239} INFO - Sync 1 DAGs
[2024-12-13T17:34:44.085+0000] {logging_mixin.py:190} INFO - [2024-12-13T17:34:44.085+0000] {dag.py:4180} INFO - Setting next_dagrun for example_branch_labels to 2024-12-12 00:00:00+00:00, run_after=2024-12-13 00:00:00+00:00
[2024-12-13T17:34:44.101+0000] {processor.py:208} INFO - Processing /home/airflow/.local/lib/python3.12/site-packages/airflow/example_dags/example_branch_labels.py took 0.074 seconds
[2024-12-13T17:35:15.551+0000] {processor.py:186} INFO - Started process (PID=697) to work on /home/airflow/.local/lib/python3.12/site-packages/airflow/example_dags/example_branch_labels.py
[2024-12-13T17:35:15.551+0000] {processor.py:914} INFO - Processing file /home/airflow/.local/lib/python3.12/site-packages/airflow/example_dags/example_branch_labels.py for tasks to queue
[2024-12-13T17:35:15.554+0000] {logging_mixin.py:190} INFO - [2024-12-13T17:35:15.554+0000] {dagbag.py:588} INFO - Filling up the DagBag from /home/airflow/.local/lib/python3.12/site-packages/airflow/example_dags/example_branch_labels.py
[2024-12-13T17:35:15.562+0000] {processor.py:925} INFO - DAG(s) 'example_branch_labels' retrieved from /home/airflow/.local/lib/python3.12/site-packages/airflow/example_dags/example_branch_labels.py
[2024-12-13T17:35:15.583+0000] {logging_mixin.py:190} INFO - [2024-12-13T17:35:15.583+0000] {dag.py:3239} INFO - Sync 1 DAGs
[2024-12-13T17:35:15.605+0000] {logging_mixin.py:190} INFO - [2024-12-13T17:35:15.605+0000] {dag.py:4180} INFO - Setting next_dagrun for example_branch_labels to 2024-12-12 00:00:00+00:00, run_after=2024-12-13 00:00:00+00:00
[2024-12-13T17:35:15.621+0000] {processor.py:208} INFO - Processing /home/airflow/.local/lib/python3.12/site-packages/airflow/example_dags/example_branch_labels.py took 0.080 seconds
[2024-12-13T17:35:47.069+0000] {processor.py:186} INFO - Started process (PID=761) to work on /home/airflow/.local/lib/python3.12/site-packages/airflow/example_dags/example_branch_labels.py
[2024-12-13T17:35:47.070+0000] {processor.py:914} INFO - Processing file /home/airflow/.local/lib/python3.12/site-packages/airflow/example_dags/example_branch_labels.py for tasks to queue
[2024-12-13T17:35:47.073+0000] {logging_mixin.py:190} INFO - [2024-12-13T17:35:47.073+0000] {dagbag.py:588} INFO - Filling up the DagBag from /home/airflow/.local/lib/python3.12/site-packages/airflow/example_dags/example_branch_labels.py
[2024-12-13T17:35:47.082+0000] {processor.py:925} INFO - DAG(s) 'example_branch_labels' retrieved from /home/airflow/.local/lib/python3.12/site-packages/airflow/example_dags/example_branch_labels.py
[2024-12-13T17:35:47.101+0000] {logging_mixin.py:190} INFO - [2024-12-13T17:35:47.101+0000] {dag.py:3239} INFO - Sync 1 DAGs
[2024-12-13T17:35:47.124+0000] {logging_mixin.py:190} INFO - [2024-12-13T17:35:47.123+0000] {dag.py:4180} INFO - Setting next_dagrun for example_branch_labels to 2024-12-12 00:00:00+00:00, run_after=2024-12-13 00:00:00+00:00
[2024-12-13T17:35:47.139+0000] {processor.py:208} INFO - Processing /home/airflow/.local/lib/python3.12/site-packages/airflow/example_dags/example_branch_labels.py took 0.080 seconds
[2024-12-13T17:36:18.453+0000] {processor.py:186} INFO - Started process (PID=825) to work on /home/airflow/.local/lib/python3.12/site-packages/airflow/example_dags/example_branch_labels.py
[2024-12-13T17:36:18.454+0000] {processor.py:914} INFO - Processing file /home/airflow/.local/lib/python3.12/site-packages/airflow/example_dags/example_branch_labels.py for tasks to queue
[2024-12-13T17:36:18.457+0000] {logging_mixin.py:190} INFO - [2024-12-13T17:36:18.457+0000] {dagbag.py:588} INFO - Filling up the DagBag from /home/airflow/.local/lib/python3.12/site-packages/airflow/example_dags/example_branch_labels.py
[2024-12-13T17:36:18.466+0000] {processor.py:925} INFO - DAG(s) 'example_branch_labels' retrieved from /home/airflow/.local/lib/python3.12/site-packages/airflow/example_dags/example_branch_labels.py
[2024-12-13T17:36:18.486+0000] {logging_mixin.py:190} INFO - [2024-12-13T17:36:18.486+0000] {dag.py:3239} INFO - Sync 1 DAGs
[2024-12-13T17:36:18.510+0000] {logging_mixin.py:190} INFO - [2024-12-13T17:36:18.510+0000] {dag.py:4180} INFO - Setting next_dagrun for example_branch_labels to 2024-12-12 00:00:00+00:00, run_after=2024-12-13 00:00:00+00:00
[2024-12-13T17:36:18.530+0000] {processor.py:208} INFO - Processing /home/airflow/.local/lib/python3.12/site-packages/airflow/example_dags/example_branch_labels.py took 0.086 seconds
[2024-12-13T17:36:49.162+0000] {processor.py:186} INFO - Started process (PID=900) to work on /home/airflow/.local/lib/python3.12/site-packages/airflow/example_dags/example_branch_labels.py
[2024-12-13T17:36:49.163+0000] {processor.py:914} INFO - Processing file /home/airflow/.local/lib/python3.12/site-packages/airflow/example_dags/example_branch_labels.py for tasks to queue
[2024-12-13T17:36:49.165+0000] {logging_mixin.py:190} INFO - [2024-12-13T17:36:49.165+0000] {dagbag.py:588} INFO - Filling up the DagBag from /home/airflow/.local/lib/python3.12/site-packages/airflow/example_dags/example_branch_labels.py
[2024-12-13T17:36:49.174+0000] {processor.py:925} INFO - DAG(s) 'example_branch_labels' retrieved from /home/airflow/.local/lib/python3.12/site-packages/airflow/example_dags/example_branch_labels.py
[2024-12-13T17:36:49.194+0000] {logging_mixin.py:190} INFO - [2024-12-13T17:36:49.194+0000] {dag.py:3239} INFO - Sync 1 DAGs
[2024-12-13T17:36:49.216+0000] {logging_mixin.py:190} INFO - [2024-12-13T17:36:49.216+0000] {dag.py:4180} INFO - Setting next_dagrun for example_branch_labels to 2024-12-12 00:00:00+00:00, run_after=2024-12-13 00:00:00+00:00
[2024-12-13T17:36:49.232+0000] {processor.py:208} INFO - Processing /home/airflow/.local/lib/python3.12/site-packages/airflow/example_dags/example_branch_labels.py took 0.079 seconds
[2024-12-13T17:37:20.429+0000] {processor.py:186} INFO - Started process (PID=975) to work on /home/airflow/.local/lib/python3.12/site-packages/airflow/example_dags/example_branch_labels.py
[2024-12-13T17:37:20.430+0000] {processor.py:914} INFO - Processing file /home/airflow/.local/lib/python3.12/site-packages/airflow/example_dags/example_branch_labels.py for tasks to queue
[2024-12-13T17:37:20.432+0000] {logging_mixin.py:190} INFO - [2024-12-13T17:37:20.432+0000] {dagbag.py:588} INFO - Filling up the DagBag from /home/airflow/.local/lib/python3.12/site-packages/airflow/example_dags/example_branch_labels.py
[2024-12-13T17:37:20.442+0000] {processor.py:925} INFO - DAG(s) 'example_branch_labels' retrieved from /home/airflow/.local/lib/python3.12/site-packages/airflow/example_dags/example_branch_labels.py
[2024-12-13T17:37:20.462+0000] {logging_mixin.py:190} INFO - [2024-12-13T17:37:20.462+0000] {dag.py:3239} INFO - Sync 1 DAGs
[2024-12-13T17:37:20.484+0000] {logging_mixin.py:190} INFO - [2024-12-13T17:37:20.484+0000] {dag.py:4180} INFO - Setting next_dagrun for example_branch_labels to 2024-12-12 00:00:00+00:00, run_after=2024-12-13 00:00:00+00:00
[2024-12-13T17:37:20.500+0000] {processor.py:208} INFO - Processing /home/airflow/.local/lib/python3.12/site-packages/airflow/example_dags/example_branch_labels.py took 0.080 seconds
