[2024-12-13T17:30:32.444+0000] {processor.py:186} INFO - Started process (PID=85) to work on /home/airflow/.local/lib/python3.12/site-packages/airflow/example_dags/example_outlet_event_extra.py
[2024-12-13T17:30:32.445+0000] {processor.py:914} INFO - Processing file /home/airflow/.local/lib/python3.12/site-packages/airflow/example_dags/example_outlet_event_extra.py for tasks to queue
[2024-12-13T17:30:32.447+0000] {logging_mixin.py:190} INFO - [2024-12-13T17:30:32.447+0000] {dagbag.py:588} INFO - Filling up the DagBag from /home/airflow/.local/lib/python3.12/site-packages/airflow/example_dags/example_outlet_event_extra.py
[2024-12-13T17:30:33.935+0000] {processor.py:925} INFO - DAG(s) 'dataset_with_extra_from_classic_operator', 'dataset_with_extra_by_yield', 'dataset_with_extra_by_context' retrieved from /home/airflow/.local/lib/python3.12/site-packages/airflow/example_dags/example_outlet_event_extra.py
[2024-12-13T17:30:33.976+0000] {logging_mixin.py:190} INFO - [2024-12-13T17:30:33.976+0000] {dag.py:3239} INFO - Sync 3 DAGs
[2024-12-13T17:30:34.009+0000] {logging_mixin.py:190} INFO - [2024-12-13T17:30:34.009+0000] {dag.py:4180} INFO - Setting next_dagrun for dataset_with_extra_by_context to 2024-12-12 00:00:00+00:00, run_after=2024-12-13 00:00:00+00:00
[2024-12-13T17:30:34.017+0000] {logging_mixin.py:190} INFO - [2024-12-13T17:30:34.017+0000] {dag.py:4180} INFO - Setting next_dagrun for dataset_with_extra_by_yield to 2024-12-12 00:00:00+00:00, run_after=2024-12-13 00:00:00+00:00
[2024-12-13T17:30:34.024+0000] {logging_mixin.py:190} INFO - [2024-12-13T17:30:34.024+0000] {dag.py:4180} INFO - Setting next_dagrun for dataset_with_extra_from_classic_operator to 2024-12-12 00:00:00+00:00, run_after=2024-12-13 00:00:00+00:00
[2024-12-13T17:30:34.057+0000] {processor.py:208} INFO - Processing /home/airflow/.local/lib/python3.12/site-packages/airflow/example_dags/example_outlet_event_extra.py took 1.621 seconds
[2024-12-13T17:31:04.781+0000] {processor.py:186} INFO - Started process (PID=155) to work on /home/airflow/.local/lib/python3.12/site-packages/airflow/example_dags/example_outlet_event_extra.py
[2024-12-13T17:31:04.782+0000] {processor.py:914} INFO - Processing file /home/airflow/.local/lib/python3.12/site-packages/airflow/example_dags/example_outlet_event_extra.py for tasks to queue
[2024-12-13T17:31:04.785+0000] {logging_mixin.py:190} INFO - [2024-12-13T17:31:04.784+0000] {dagbag.py:588} INFO - Filling up the DagBag from /home/airflow/.local/lib/python3.12/site-packages/airflow/example_dags/example_outlet_event_extra.py
[2024-12-13T17:31:05.362+0000] {processor.py:925} INFO - DAG(s) 'dataset_with_extra_by_yield', 'dataset_with_extra_from_classic_operator', 'dataset_with_extra_by_context' retrieved from /home/airflow/.local/lib/python3.12/site-packages/airflow/example_dags/example_outlet_event_extra.py
[2024-12-13T17:31:05.383+0000] {logging_mixin.py:190} INFO - [2024-12-13T17:31:05.383+0000] {dag.py:3239} INFO - Sync 3 DAGs
[2024-12-13T17:31:05.406+0000] {logging_mixin.py:190} INFO - [2024-12-13T17:31:05.406+0000] {dag.py:4180} INFO - Setting next_dagrun for dataset_with_extra_by_context to 2024-12-12 00:00:00+00:00, run_after=2024-12-13 00:00:00+00:00
[2024-12-13T17:31:05.411+0000] {logging_mixin.py:190} INFO - [2024-12-13T17:31:05.411+0000] {dag.py:4180} INFO - Setting next_dagrun for dataset_with_extra_by_yield to 2024-12-12 00:00:00+00:00, run_after=2024-12-13 00:00:00+00:00
[2024-12-13T17:31:05.414+0000] {logging_mixin.py:190} INFO - [2024-12-13T17:31:05.414+0000] {dag.py:4180} INFO - Setting next_dagrun for dataset_with_extra_from_classic_operator to 2024-12-12 00:00:00+00:00, run_after=2024-12-13 00:00:00+00:00
[2024-12-13T17:31:05.432+0000] {processor.py:208} INFO - Processing /home/airflow/.local/lib/python3.12/site-packages/airflow/example_dags/example_outlet_event_extra.py took 0.656 seconds
[2024-12-13T17:31:36.051+0000] {processor.py:186} INFO - Started process (PID=218) to work on /home/airflow/.local/lib/python3.12/site-packages/airflow/example_dags/example_outlet_event_extra.py
[2024-12-13T17:31:36.052+0000] {processor.py:914} INFO - Processing file /home/airflow/.local/lib/python3.12/site-packages/airflow/example_dags/example_outlet_event_extra.py for tasks to queue
[2024-12-13T17:31:36.055+0000] {logging_mixin.py:190} INFO - [2024-12-13T17:31:36.054+0000] {dagbag.py:588} INFO - Filling up the DagBag from /home/airflow/.local/lib/python3.12/site-packages/airflow/example_dags/example_outlet_event_extra.py
[2024-12-13T17:31:36.599+0000] {processor.py:925} INFO - DAG(s) 'dataset_with_extra_by_yield', 'dataset_with_extra_from_classic_operator', 'dataset_with_extra_by_context' retrieved from /home/airflow/.local/lib/python3.12/site-packages/airflow/example_dags/example_outlet_event_extra.py
[2024-12-13T17:31:36.621+0000] {logging_mixin.py:190} INFO - [2024-12-13T17:31:36.621+0000] {dag.py:3239} INFO - Sync 3 DAGs
[2024-12-13T17:31:36.644+0000] {logging_mixin.py:190} INFO - [2024-12-13T17:31:36.643+0000] {dag.py:4180} INFO - Setting next_dagrun for dataset_with_extra_by_context to 2024-12-12 00:00:00+00:00, run_after=2024-12-13 00:00:00+00:00
[2024-12-13T17:31:36.648+0000] {logging_mixin.py:190} INFO - [2024-12-13T17:31:36.648+0000] {dag.py:4180} INFO - Setting next_dagrun for dataset_with_extra_by_yield to 2024-12-12 00:00:00+00:00, run_after=2024-12-13 00:00:00+00:00
[2024-12-13T17:31:36.651+0000] {logging_mixin.py:190} INFO - [2024-12-13T17:31:36.651+0000] {dag.py:4180} INFO - Setting next_dagrun for dataset_with_extra_from_classic_operator to 2024-12-12 00:00:00+00:00, run_after=2024-12-13 00:00:00+00:00
[2024-12-13T17:31:36.669+0000] {processor.py:208} INFO - Processing /home/airflow/.local/lib/python3.12/site-packages/airflow/example_dags/example_outlet_event_extra.py took 0.623 seconds
[2024-12-13T17:32:07.254+0000] {processor.py:186} INFO - Started process (PID=281) to work on /home/airflow/.local/lib/python3.12/site-packages/airflow/example_dags/example_outlet_event_extra.py
[2024-12-13T17:32:07.255+0000] {processor.py:914} INFO - Processing file /home/airflow/.local/lib/python3.12/site-packages/airflow/example_dags/example_outlet_event_extra.py for tasks to queue
[2024-12-13T17:32:07.257+0000] {logging_mixin.py:190} INFO - [2024-12-13T17:32:07.257+0000] {dagbag.py:588} INFO - Filling up the DagBag from /home/airflow/.local/lib/python3.12/site-packages/airflow/example_dags/example_outlet_event_extra.py
[2024-12-13T17:32:07.830+0000] {processor.py:925} INFO - DAG(s) 'dataset_with_extra_by_context', 'dataset_with_extra_by_yield', 'dataset_with_extra_from_classic_operator' retrieved from /home/airflow/.local/lib/python3.12/site-packages/airflow/example_dags/example_outlet_event_extra.py
[2024-12-13T17:32:07.854+0000] {logging_mixin.py:190} INFO - [2024-12-13T17:32:07.853+0000] {dag.py:3239} INFO - Sync 3 DAGs
[2024-12-13T17:32:07.875+0000] {logging_mixin.py:190} INFO - [2024-12-13T17:32:07.875+0000] {dag.py:4180} INFO - Setting next_dagrun for dataset_with_extra_by_context to 2024-12-12 00:00:00+00:00, run_after=2024-12-13 00:00:00+00:00
[2024-12-13T17:32:07.880+0000] {logging_mixin.py:190} INFO - [2024-12-13T17:32:07.880+0000] {dag.py:4180} INFO - Setting next_dagrun for dataset_with_extra_by_yield to 2024-12-12 00:00:00+00:00, run_after=2024-12-13 00:00:00+00:00
[2024-12-13T17:32:07.883+0000] {logging_mixin.py:190} INFO - [2024-12-13T17:32:07.883+0000] {dag.py:4180} INFO - Setting next_dagrun for dataset_with_extra_from_classic_operator to 2024-12-12 00:00:00+00:00, run_after=2024-12-13 00:00:00+00:00
[2024-12-13T17:32:07.901+0000] {processor.py:208} INFO - Processing /home/airflow/.local/lib/python3.12/site-packages/airflow/example_dags/example_outlet_event_extra.py took 0.653 seconds
[2024-12-13T17:32:38.456+0000] {processor.py:186} INFO - Started process (PID=344) to work on /home/airflow/.local/lib/python3.12/site-packages/airflow/example_dags/example_outlet_event_extra.py
[2024-12-13T17:32:38.457+0000] {processor.py:914} INFO - Processing file /home/airflow/.local/lib/python3.12/site-packages/airflow/example_dags/example_outlet_event_extra.py for tasks to queue
[2024-12-13T17:32:38.460+0000] {logging_mixin.py:190} INFO - [2024-12-13T17:32:38.460+0000] {dagbag.py:588} INFO - Filling up the DagBag from /home/airflow/.local/lib/python3.12/site-packages/airflow/example_dags/example_outlet_event_extra.py
[2024-12-13T17:32:39.025+0000] {processor.py:925} INFO - DAG(s) 'dataset_with_extra_by_context', 'dataset_with_extra_from_classic_operator', 'dataset_with_extra_by_yield' retrieved from /home/airflow/.local/lib/python3.12/site-packages/airflow/example_dags/example_outlet_event_extra.py
[2024-12-13T17:32:39.045+0000] {logging_mixin.py:190} INFO - [2024-12-13T17:32:39.044+0000] {dag.py:3239} INFO - Sync 3 DAGs
[2024-12-13T17:32:39.066+0000] {logging_mixin.py:190} INFO - [2024-12-13T17:32:39.066+0000] {dag.py:4180} INFO - Setting next_dagrun for dataset_with_extra_by_context to 2024-12-12 00:00:00+00:00, run_after=2024-12-13 00:00:00+00:00
[2024-12-13T17:32:39.071+0000] {logging_mixin.py:190} INFO - [2024-12-13T17:32:39.071+0000] {dag.py:4180} INFO - Setting next_dagrun for dataset_with_extra_by_yield to 2024-12-12 00:00:00+00:00, run_after=2024-12-13 00:00:00+00:00
[2024-12-13T17:32:39.075+0000] {logging_mixin.py:190} INFO - [2024-12-13T17:32:39.074+0000] {dag.py:4180} INFO - Setting next_dagrun for dataset_with_extra_from_classic_operator to 2024-12-12 00:00:00+00:00, run_after=2024-12-13 00:00:00+00:00
[2024-12-13T17:32:39.093+0000] {processor.py:208} INFO - Processing /home/airflow/.local/lib/python3.12/site-packages/airflow/example_dags/example_outlet_event_extra.py took 0.642 seconds
[2024-12-13T17:33:10.025+0000] {processor.py:186} INFO - Started process (PID=407) to work on /home/airflow/.local/lib/python3.12/site-packages/airflow/example_dags/example_outlet_event_extra.py
[2024-12-13T17:33:10.026+0000] {processor.py:914} INFO - Processing file /home/airflow/.local/lib/python3.12/site-packages/airflow/example_dags/example_outlet_event_extra.py for tasks to queue
[2024-12-13T17:33:10.029+0000] {logging_mixin.py:190} INFO - [2024-12-13T17:33:10.029+0000] {dagbag.py:588} INFO - Filling up the DagBag from /home/airflow/.local/lib/python3.12/site-packages/airflow/example_dags/example_outlet_event_extra.py
[2024-12-13T17:33:10.593+0000] {processor.py:925} INFO - DAG(s) 'dataset_with_extra_by_yield', 'dataset_with_extra_from_classic_operator', 'dataset_with_extra_by_context' retrieved from /home/airflow/.local/lib/python3.12/site-packages/airflow/example_dags/example_outlet_event_extra.py
[2024-12-13T17:33:10.614+0000] {logging_mixin.py:190} INFO - [2024-12-13T17:33:10.614+0000] {dag.py:3239} INFO - Sync 3 DAGs
[2024-12-13T17:33:10.639+0000] {logging_mixin.py:190} INFO - [2024-12-13T17:33:10.638+0000] {dag.py:4180} INFO - Setting next_dagrun for dataset_with_extra_by_context to 2024-12-12 00:00:00+00:00, run_after=2024-12-13 00:00:00+00:00
[2024-12-13T17:33:10.643+0000] {logging_mixin.py:190} INFO - [2024-12-13T17:33:10.643+0000] {dag.py:4180} INFO - Setting next_dagrun for dataset_with_extra_by_yield to 2024-12-12 00:00:00+00:00, run_after=2024-12-13 00:00:00+00:00
[2024-12-13T17:33:10.646+0000] {logging_mixin.py:190} INFO - [2024-12-13T17:33:10.646+0000] {dag.py:4180} INFO - Setting next_dagrun for dataset_with_extra_from_classic_operator to 2024-12-12 00:00:00+00:00, run_after=2024-12-13 00:00:00+00:00
[2024-12-13T17:33:10.663+0000] {processor.py:208} INFO - Processing /home/airflow/.local/lib/python3.12/site-packages/airflow/example_dags/example_outlet_event_extra.py took 0.643 seconds
[2024-12-13T17:33:41.297+0000] {processor.py:186} INFO - Started process (PID=470) to work on /home/airflow/.local/lib/python3.12/site-packages/airflow/example_dags/example_outlet_event_extra.py
[2024-12-13T17:33:41.298+0000] {processor.py:914} INFO - Processing file /home/airflow/.local/lib/python3.12/site-packages/airflow/example_dags/example_outlet_event_extra.py for tasks to queue
[2024-12-13T17:33:41.301+0000] {logging_mixin.py:190} INFO - [2024-12-13T17:33:41.301+0000] {dagbag.py:588} INFO - Filling up the DagBag from /home/airflow/.local/lib/python3.12/site-packages/airflow/example_dags/example_outlet_event_extra.py
[2024-12-13T17:33:41.845+0000] {processor.py:925} INFO - DAG(s) 'dataset_with_extra_from_classic_operator', 'dataset_with_extra_by_context', 'dataset_with_extra_by_yield' retrieved from /home/airflow/.local/lib/python3.12/site-packages/airflow/example_dags/example_outlet_event_extra.py
[2024-12-13T17:33:41.866+0000] {logging_mixin.py:190} INFO - [2024-12-13T17:33:41.866+0000] {dag.py:3239} INFO - Sync 3 DAGs
[2024-12-13T17:33:41.887+0000] {logging_mixin.py:190} INFO - [2024-12-13T17:33:41.887+0000] {dag.py:4180} INFO - Setting next_dagrun for dataset_with_extra_by_context to 2024-12-12 00:00:00+00:00, run_after=2024-12-13 00:00:00+00:00
[2024-12-13T17:33:41.892+0000] {logging_mixin.py:190} INFO - [2024-12-13T17:33:41.891+0000] {dag.py:4180} INFO - Setting next_dagrun for dataset_with_extra_by_yield to 2024-12-12 00:00:00+00:00, run_after=2024-12-13 00:00:00+00:00
[2024-12-13T17:33:41.894+0000] {logging_mixin.py:190} INFO - [2024-12-13T17:33:41.894+0000] {dag.py:4180} INFO - Setting next_dagrun for dataset_with_extra_from_classic_operator to 2024-12-12 00:00:00+00:00, run_after=2024-12-13 00:00:00+00:00
[2024-12-13T17:33:41.913+0000] {processor.py:208} INFO - Processing /home/airflow/.local/lib/python3.12/site-packages/airflow/example_dags/example_outlet_event_extra.py took 0.622 seconds
[2024-12-13T17:34:12.002+0000] {processor.py:186} INFO - Started process (PID=533) to work on /home/airflow/.local/lib/python3.12/site-packages/airflow/example_dags/example_outlet_event_extra.py
[2024-12-13T17:34:12.003+0000] {processor.py:914} INFO - Processing file /home/airflow/.local/lib/python3.12/site-packages/airflow/example_dags/example_outlet_event_extra.py for tasks to queue
[2024-12-13T17:34:12.006+0000] {logging_mixin.py:190} INFO - [2024-12-13T17:34:12.005+0000] {dagbag.py:588} INFO - Filling up the DagBag from /home/airflow/.local/lib/python3.12/site-packages/airflow/example_dags/example_outlet_event_extra.py
[2024-12-13T17:34:12.613+0000] {processor.py:925} INFO - DAG(s) 'dataset_with_extra_by_context', 'dataset_with_extra_by_yield', 'dataset_with_extra_from_classic_operator' retrieved from /home/airflow/.local/lib/python3.12/site-packages/airflow/example_dags/example_outlet_event_extra.py
[2024-12-13T17:34:12.640+0000] {logging_mixin.py:190} INFO - [2024-12-13T17:34:12.640+0000] {dag.py:3239} INFO - Sync 3 DAGs
[2024-12-13T17:34:12.664+0000] {logging_mixin.py:190} INFO - [2024-12-13T17:34:12.664+0000] {dag.py:4180} INFO - Setting next_dagrun for dataset_with_extra_by_context to 2024-12-12 00:00:00+00:00, run_after=2024-12-13 00:00:00+00:00
[2024-12-13T17:34:12.670+0000] {logging_mixin.py:190} INFO - [2024-12-13T17:34:12.669+0000] {dag.py:4180} INFO - Setting next_dagrun for dataset_with_extra_by_yield to 2024-12-12 00:00:00+00:00, run_after=2024-12-13 00:00:00+00:00
[2024-12-13T17:34:12.673+0000] {logging_mixin.py:190} INFO - [2024-12-13T17:34:12.673+0000] {dag.py:4180} INFO - Setting next_dagrun for dataset_with_extra_from_classic_operator to 2024-12-12 00:00:00+00:00, run_after=2024-12-13 00:00:00+00:00
[2024-12-13T17:34:12.693+0000] {processor.py:208} INFO - Processing /home/airflow/.local/lib/python3.12/site-packages/airflow/example_dags/example_outlet_event_extra.py took 0.697 seconds
[2024-12-13T17:34:43.157+0000] {processor.py:186} INFO - Started process (PID=609) to work on /home/airflow/.local/lib/python3.12/site-packages/airflow/example_dags/example_outlet_event_extra.py
[2024-12-13T17:34:43.158+0000] {processor.py:914} INFO - Processing file /home/airflow/.local/lib/python3.12/site-packages/airflow/example_dags/example_outlet_event_extra.py for tasks to queue
[2024-12-13T17:34:43.161+0000] {logging_mixin.py:190} INFO - [2024-12-13T17:34:43.161+0000] {dagbag.py:588} INFO - Filling up the DagBag from /home/airflow/.local/lib/python3.12/site-packages/airflow/example_dags/example_outlet_event_extra.py
[2024-12-13T17:34:43.727+0000] {processor.py:925} INFO - DAG(s) 'dataset_with_extra_by_yield', 'dataset_with_extra_from_classic_operator', 'dataset_with_extra_by_context' retrieved from /home/airflow/.local/lib/python3.12/site-packages/airflow/example_dags/example_outlet_event_extra.py
[2024-12-13T17:34:43.750+0000] {logging_mixin.py:190} INFO - [2024-12-13T17:34:43.750+0000] {dag.py:3239} INFO - Sync 3 DAGs
[2024-12-13T17:34:43.775+0000] {logging_mixin.py:190} INFO - [2024-12-13T17:34:43.775+0000] {dag.py:4180} INFO - Setting next_dagrun for dataset_with_extra_by_context to 2024-12-12 00:00:00+00:00, run_after=2024-12-13 00:00:00+00:00
[2024-12-13T17:34:43.780+0000] {logging_mixin.py:190} INFO - [2024-12-13T17:34:43.780+0000] {dag.py:4180} INFO - Setting next_dagrun for dataset_with_extra_by_yield to 2024-12-12 00:00:00+00:00, run_after=2024-12-13 00:00:00+00:00
[2024-12-13T17:34:43.784+0000] {logging_mixin.py:190} INFO - [2024-12-13T17:34:43.783+0000] {dag.py:4180} INFO - Setting next_dagrun for dataset_with_extra_from_classic_operator to 2024-12-12 00:00:00+00:00, run_after=2024-12-13 00:00:00+00:00
[2024-12-13T17:34:43.803+0000] {processor.py:208} INFO - Processing /home/airflow/.local/lib/python3.12/site-packages/airflow/example_dags/example_outlet_event_extra.py took 0.651 seconds
[2024-12-13T17:35:14.647+0000] {processor.py:186} INFO - Started process (PID=691) to work on /home/airflow/.local/lib/python3.12/site-packages/airflow/example_dags/example_outlet_event_extra.py
[2024-12-13T17:35:14.648+0000] {processor.py:914} INFO - Processing file /home/airflow/.local/lib/python3.12/site-packages/airflow/example_dags/example_outlet_event_extra.py for tasks to queue
[2024-12-13T17:35:14.650+0000] {logging_mixin.py:190} INFO - [2024-12-13T17:35:14.650+0000] {dagbag.py:588} INFO - Filling up the DagBag from /home/airflow/.local/lib/python3.12/site-packages/airflow/example_dags/example_outlet_event_extra.py
[2024-12-13T17:35:15.218+0000] {processor.py:925} INFO - DAG(s) 'dataset_with_extra_by_yield', 'dataset_with_extra_by_context', 'dataset_with_extra_from_classic_operator' retrieved from /home/airflow/.local/lib/python3.12/site-packages/airflow/example_dags/example_outlet_event_extra.py
[2024-12-13T17:35:15.240+0000] {logging_mixin.py:190} INFO - [2024-12-13T17:35:15.239+0000] {dag.py:3239} INFO - Sync 3 DAGs
[2024-12-13T17:35:15.262+0000] {logging_mixin.py:190} INFO - [2024-12-13T17:35:15.262+0000] {dag.py:4180} INFO - Setting next_dagrun for dataset_with_extra_by_context to 2024-12-12 00:00:00+00:00, run_after=2024-12-13 00:00:00+00:00
[2024-12-13T17:35:15.267+0000] {logging_mixin.py:190} INFO - [2024-12-13T17:35:15.267+0000] {dag.py:4180} INFO - Setting next_dagrun for dataset_with_extra_by_yield to 2024-12-12 00:00:00+00:00, run_after=2024-12-13 00:00:00+00:00
[2024-12-13T17:35:15.270+0000] {logging_mixin.py:190} INFO - [2024-12-13T17:35:15.270+0000] {dag.py:4180} INFO - Setting next_dagrun for dataset_with_extra_from_classic_operator to 2024-12-12 00:00:00+00:00, run_after=2024-12-13 00:00:00+00:00
[2024-12-13T17:35:15.288+0000] {processor.py:208} INFO - Processing /home/airflow/.local/lib/python3.12/site-packages/airflow/example_dags/example_outlet_event_extra.py took 0.650 seconds
[2024-12-13T17:35:46.238+0000] {processor.py:186} INFO - Started process (PID=755) to work on /home/airflow/.local/lib/python3.12/site-packages/airflow/example_dags/example_outlet_event_extra.py
[2024-12-13T17:35:46.240+0000] {processor.py:914} INFO - Processing file /home/airflow/.local/lib/python3.12/site-packages/airflow/example_dags/example_outlet_event_extra.py for tasks to queue
[2024-12-13T17:35:46.242+0000] {logging_mixin.py:190} INFO - [2024-12-13T17:35:46.242+0000] {dagbag.py:588} INFO - Filling up the DagBag from /home/airflow/.local/lib/python3.12/site-packages/airflow/example_dags/example_outlet_event_extra.py
[2024-12-13T17:35:46.793+0000] {processor.py:925} INFO - DAG(s) 'dataset_with_extra_by_context', 'dataset_with_extra_by_yield', 'dataset_with_extra_from_classic_operator' retrieved from /home/airflow/.local/lib/python3.12/site-packages/airflow/example_dags/example_outlet_event_extra.py
[2024-12-13T17:35:46.814+0000] {logging_mixin.py:190} INFO - [2024-12-13T17:35:46.814+0000] {dag.py:3239} INFO - Sync 3 DAGs
[2024-12-13T17:35:46.837+0000] {logging_mixin.py:190} INFO - [2024-12-13T17:35:46.837+0000] {dag.py:4180} INFO - Setting next_dagrun for dataset_with_extra_by_context to 2024-12-12 00:00:00+00:00, run_after=2024-12-13 00:00:00+00:00
[2024-12-13T17:35:46.841+0000] {logging_mixin.py:190} INFO - [2024-12-13T17:35:46.841+0000] {dag.py:4180} INFO - Setting next_dagrun for dataset_with_extra_by_yield to 2024-12-12 00:00:00+00:00, run_after=2024-12-13 00:00:00+00:00
[2024-12-13T17:35:46.844+0000] {logging_mixin.py:190} INFO - [2024-12-13T17:35:46.844+0000] {dag.py:4180} INFO - Setting next_dagrun for dataset_with_extra_from_classic_operator to 2024-12-12 00:00:00+00:00, run_after=2024-12-13 00:00:00+00:00
[2024-12-13T17:35:46.862+0000] {processor.py:208} INFO - Processing /home/airflow/.local/lib/python3.12/site-packages/airflow/example_dags/example_outlet_event_extra.py took 0.633 seconds
[2024-12-13T17:36:17.504+0000] {processor.py:186} INFO - Started process (PID=819) to work on /home/airflow/.local/lib/python3.12/site-packages/airflow/example_dags/example_outlet_event_extra.py
[2024-12-13T17:36:17.505+0000] {processor.py:914} INFO - Processing file /home/airflow/.local/lib/python3.12/site-packages/airflow/example_dags/example_outlet_event_extra.py for tasks to queue
[2024-12-13T17:36:17.507+0000] {logging_mixin.py:190} INFO - [2024-12-13T17:36:17.507+0000] {dagbag.py:588} INFO - Filling up the DagBag from /home/airflow/.local/lib/python3.12/site-packages/airflow/example_dags/example_outlet_event_extra.py
[2024-12-13T17:36:18.173+0000] {processor.py:925} INFO - DAG(s) 'dataset_with_extra_from_classic_operator', 'dataset_with_extra_by_yield', 'dataset_with_extra_by_context' retrieved from /home/airflow/.local/lib/python3.12/site-packages/airflow/example_dags/example_outlet_event_extra.py
[2024-12-13T17:36:18.197+0000] {logging_mixin.py:190} INFO - [2024-12-13T17:36:18.197+0000] {dag.py:3239} INFO - Sync 3 DAGs
[2024-12-13T17:36:18.222+0000] {logging_mixin.py:190} INFO - [2024-12-13T17:36:18.221+0000] {dag.py:4180} INFO - Setting next_dagrun for dataset_with_extra_by_context to 2024-12-12 00:00:00+00:00, run_after=2024-12-13 00:00:00+00:00
[2024-12-13T17:36:18.227+0000] {logging_mixin.py:190} INFO - [2024-12-13T17:36:18.226+0000] {dag.py:4180} INFO - Setting next_dagrun for dataset_with_extra_by_yield to 2024-12-12 00:00:00+00:00, run_after=2024-12-13 00:00:00+00:00
[2024-12-13T17:36:18.230+0000] {logging_mixin.py:190} INFO - [2024-12-13T17:36:18.230+0000] {dag.py:4180} INFO - Setting next_dagrun for dataset_with_extra_from_classic_operator to 2024-12-12 00:00:00+00:00, run_after=2024-12-13 00:00:00+00:00
[2024-12-13T17:36:18.251+0000] {processor.py:208} INFO - Processing /home/airflow/.local/lib/python3.12/site-packages/airflow/example_dags/example_outlet_event_extra.py took 0.757 seconds
[2024-12-13T17:36:48.327+0000] {processor.py:186} INFO - Started process (PID=895) to work on /home/airflow/.local/lib/python3.12/site-packages/airflow/example_dags/example_outlet_event_extra.py
[2024-12-13T17:36:48.328+0000] {processor.py:914} INFO - Processing file /home/airflow/.local/lib/python3.12/site-packages/airflow/example_dags/example_outlet_event_extra.py for tasks to queue
[2024-12-13T17:36:48.330+0000] {logging_mixin.py:190} INFO - [2024-12-13T17:36:48.330+0000] {dagbag.py:588} INFO - Filling up the DagBag from /home/airflow/.local/lib/python3.12/site-packages/airflow/example_dags/example_outlet_event_extra.py
[2024-12-13T17:36:48.885+0000] {processor.py:925} INFO - DAG(s) 'dataset_with_extra_by_context', 'dataset_with_extra_from_classic_operator', 'dataset_with_extra_by_yield' retrieved from /home/airflow/.local/lib/python3.12/site-packages/airflow/example_dags/example_outlet_event_extra.py
[2024-12-13T17:36:48.908+0000] {logging_mixin.py:190} INFO - [2024-12-13T17:36:48.908+0000] {dag.py:3239} INFO - Sync 3 DAGs
[2024-12-13T17:36:48.933+0000] {logging_mixin.py:190} INFO - [2024-12-13T17:36:48.932+0000] {dag.py:4180} INFO - Setting next_dagrun for dataset_with_extra_by_context to 2024-12-12 00:00:00+00:00, run_after=2024-12-13 00:00:00+00:00
[2024-12-13T17:36:48.939+0000] {logging_mixin.py:190} INFO - [2024-12-13T17:36:48.939+0000] {dag.py:4180} INFO - Setting next_dagrun for dataset_with_extra_by_yield to 2024-12-12 00:00:00+00:00, run_after=2024-12-13 00:00:00+00:00
[2024-12-13T17:36:48.942+0000] {logging_mixin.py:190} INFO - [2024-12-13T17:36:48.942+0000] {dag.py:4180} INFO - Setting next_dagrun for dataset_with_extra_from_classic_operator to 2024-12-12 00:00:00+00:00, run_after=2024-12-13 00:00:00+00:00
[2024-12-13T17:36:48.960+0000] {processor.py:208} INFO - Processing /home/airflow/.local/lib/python3.12/site-packages/airflow/example_dags/example_outlet_event_extra.py took 0.643 seconds
[2024-12-13T17:37:19.560+0000] {processor.py:186} INFO - Started process (PID=969) to work on /home/airflow/.local/lib/python3.12/site-packages/airflow/example_dags/example_outlet_event_extra.py
[2024-12-13T17:37:19.561+0000] {processor.py:914} INFO - Processing file /home/airflow/.local/lib/python3.12/site-packages/airflow/example_dags/example_outlet_event_extra.py for tasks to queue
[2024-12-13T17:37:19.564+0000] {logging_mixin.py:190} INFO - [2024-12-13T17:37:19.563+0000] {dagbag.py:588} INFO - Filling up the DagBag from /home/airflow/.local/lib/python3.12/site-packages/airflow/example_dags/example_outlet_event_extra.py
[2024-12-13T17:37:20.119+0000] {processor.py:925} INFO - DAG(s) 'dataset_with_extra_by_yield', 'dataset_with_extra_from_classic_operator', 'dataset_with_extra_by_context' retrieved from /home/airflow/.local/lib/python3.12/site-packages/airflow/example_dags/example_outlet_event_extra.py
[2024-12-13T17:37:20.141+0000] {logging_mixin.py:190} INFO - [2024-12-13T17:37:20.141+0000] {dag.py:3239} INFO - Sync 3 DAGs
[2024-12-13T17:37:20.164+0000] {logging_mixin.py:190} INFO - [2024-12-13T17:37:20.164+0000] {dag.py:4180} INFO - Setting next_dagrun for dataset_with_extra_by_context to 2024-12-12 00:00:00+00:00, run_after=2024-12-13 00:00:00+00:00
[2024-12-13T17:37:20.168+0000] {logging_mixin.py:190} INFO - [2024-12-13T17:37:20.168+0000] {dag.py:4180} INFO - Setting next_dagrun for dataset_with_extra_by_yield to 2024-12-12 00:00:00+00:00, run_after=2024-12-13 00:00:00+00:00
[2024-12-13T17:37:20.171+0000] {logging_mixin.py:190} INFO - [2024-12-13T17:37:20.171+0000] {dag.py:4180} INFO - Setting next_dagrun for dataset_with_extra_from_classic_operator to 2024-12-12 00:00:00+00:00, run_after=2024-12-13 00:00:00+00:00
[2024-12-13T17:37:20.187+0000] {processor.py:208} INFO - Processing /home/airflow/.local/lib/python3.12/site-packages/airflow/example_dags/example_outlet_event_extra.py took 0.636 seconds
