[2024-12-13T17:30:30.817+0000] {processor.py:186} INFO - Started process (PID=69) to work on /home/airflow/.local/lib/python3.12/site-packages/airflow/example_dags/example_params_ui_tutorial.py
[2024-12-13T17:30:30.819+0000] {processor.py:914} INFO - Processing file /home/airflow/.local/lib/python3.12/site-packages/airflow/example_dags/example_params_ui_tutorial.py for tasks to queue
[2024-12-13T17:30:30.824+0000] {logging_mixin.py:190} INFO - [2024-12-13T17:30:30.823+0000] {dagbag.py:588} INFO - Filling up the DagBag from /home/airflow/.local/lib/python3.12/site-packages/airflow/example_dags/example_params_ui_tutorial.py
[2024-12-13T17:30:30.836+0000] {processor.py:925} INFO - DAG(s) 'example_params_ui_tutorial' retrieved from /home/airflow/.local/lib/python3.12/site-packages/airflow/example_dags/example_params_ui_tutorial.py
[2024-12-13T17:30:31.229+0000] {logging_mixin.py:190} INFO - [2024-12-13T17:30:31.229+0000] {dag.py:3239} INFO - Sync 1 DAGs
[2024-12-13T17:30:31.244+0000] {logging_mixin.py:190} INFO - [2024-12-13T17:30:31.243+0000] {dag.py:4180} INFO - Setting next_dagrun for example_params_ui_tutorial to None, run_after=None
[2024-12-13T17:30:31.272+0000] {processor.py:208} INFO - Processing /home/airflow/.local/lib/python3.12/site-packages/airflow/example_dags/example_params_ui_tutorial.py took 0.467 seconds
[2024-12-13T17:31:01.797+0000] {processor.py:186} INFO - Started process (PID=133) to work on /home/airflow/.local/lib/python3.12/site-packages/airflow/example_dags/example_params_ui_tutorial.py
[2024-12-13T17:31:01.798+0000] {processor.py:914} INFO - Processing file /home/airflow/.local/lib/python3.12/site-packages/airflow/example_dags/example_params_ui_tutorial.py for tasks to queue
[2024-12-13T17:31:01.800+0000] {logging_mixin.py:190} INFO - [2024-12-13T17:31:01.800+0000] {dagbag.py:588} INFO - Filling up the DagBag from /home/airflow/.local/lib/python3.12/site-packages/airflow/example_dags/example_params_ui_tutorial.py
[2024-12-13T17:31:01.809+0000] {processor.py:925} INFO - DAG(s) 'example_params_ui_tutorial' retrieved from /home/airflow/.local/lib/python3.12/site-packages/airflow/example_dags/example_params_ui_tutorial.py
[2024-12-13T17:31:01.857+0000] {logging_mixin.py:190} INFO - [2024-12-13T17:31:01.857+0000] {dag.py:3239} INFO - Sync 1 DAGs
[2024-12-13T17:31:01.873+0000] {logging_mixin.py:190} INFO - [2024-12-13T17:31:01.873+0000] {dag.py:4180} INFO - Setting next_dagrun for example_params_ui_tutorial to None, run_after=None
[2024-12-13T17:31:01.890+0000] {processor.py:208} INFO - Processing /home/airflow/.local/lib/python3.12/site-packages/airflow/example_dags/example_params_ui_tutorial.py took 0.100 seconds
[2024-12-13T17:31:32.073+0000] {processor.py:186} INFO - Started process (PID=196) to work on /home/airflow/.local/lib/python3.12/site-packages/airflow/example_dags/example_params_ui_tutorial.py
[2024-12-13T17:31:32.074+0000] {processor.py:914} INFO - Processing file /home/airflow/.local/lib/python3.12/site-packages/airflow/example_dags/example_params_ui_tutorial.py for tasks to queue
[2024-12-13T17:31:32.076+0000] {logging_mixin.py:190} INFO - [2024-12-13T17:31:32.076+0000] {dagbag.py:588} INFO - Filling up the DagBag from /home/airflow/.local/lib/python3.12/site-packages/airflow/example_dags/example_params_ui_tutorial.py
[2024-12-13T17:31:32.085+0000] {processor.py:925} INFO - DAG(s) 'example_params_ui_tutorial' retrieved from /home/airflow/.local/lib/python3.12/site-packages/airflow/example_dags/example_params_ui_tutorial.py
[2024-12-13T17:31:32.127+0000] {logging_mixin.py:190} INFO - [2024-12-13T17:31:32.127+0000] {dag.py:3239} INFO - Sync 1 DAGs
[2024-12-13T17:31:32.142+0000] {logging_mixin.py:190} INFO - [2024-12-13T17:31:32.142+0000] {dag.py:4180} INFO - Setting next_dagrun for example_params_ui_tutorial to None, run_after=None
[2024-12-13T17:31:32.160+0000] {processor.py:208} INFO - Processing /home/airflow/.local/lib/python3.12/site-packages/airflow/example_dags/example_params_ui_tutorial.py took 0.094 seconds
[2024-12-13T17:32:02.227+0000] {processor.py:186} INFO - Started process (PID=259) to work on /home/airflow/.local/lib/python3.12/site-packages/airflow/example_dags/example_params_ui_tutorial.py
[2024-12-13T17:32:02.228+0000] {processor.py:914} INFO - Processing file /home/airflow/.local/lib/python3.12/site-packages/airflow/example_dags/example_params_ui_tutorial.py for tasks to queue
[2024-12-13T17:32:02.231+0000] {logging_mixin.py:190} INFO - [2024-12-13T17:32:02.230+0000] {dagbag.py:588} INFO - Filling up the DagBag from /home/airflow/.local/lib/python3.12/site-packages/airflow/example_dags/example_params_ui_tutorial.py
[2024-12-13T17:32:02.240+0000] {processor.py:925} INFO - DAG(s) 'example_params_ui_tutorial' retrieved from /home/airflow/.local/lib/python3.12/site-packages/airflow/example_dags/example_params_ui_tutorial.py
[2024-12-13T17:32:02.289+0000] {logging_mixin.py:190} INFO - [2024-12-13T17:32:02.288+0000] {dag.py:3239} INFO - Sync 1 DAGs
[2024-12-13T17:32:02.304+0000] {logging_mixin.py:190} INFO - [2024-12-13T17:32:02.303+0000] {dag.py:4180} INFO - Setting next_dagrun for example_params_ui_tutorial to None, run_after=None
[2024-12-13T17:32:02.320+0000] {processor.py:208} INFO - Processing /home/airflow/.local/lib/python3.12/site-packages/airflow/example_dags/example_params_ui_tutorial.py took 0.100 seconds
[2024-12-13T17:32:32.466+0000] {processor.py:186} INFO - Started process (PID=322) to work on /home/airflow/.local/lib/python3.12/site-packages/airflow/example_dags/example_params_ui_tutorial.py
[2024-12-13T17:32:32.467+0000] {processor.py:914} INFO - Processing file /home/airflow/.local/lib/python3.12/site-packages/airflow/example_dags/example_params_ui_tutorial.py for tasks to queue
[2024-12-13T17:32:32.470+0000] {logging_mixin.py:190} INFO - [2024-12-13T17:32:32.469+0000] {dagbag.py:588} INFO - Filling up the DagBag from /home/airflow/.local/lib/python3.12/site-packages/airflow/example_dags/example_params_ui_tutorial.py
[2024-12-13T17:32:32.480+0000] {processor.py:925} INFO - DAG(s) 'example_params_ui_tutorial' retrieved from /home/airflow/.local/lib/python3.12/site-packages/airflow/example_dags/example_params_ui_tutorial.py
[2024-12-13T17:32:32.527+0000] {logging_mixin.py:190} INFO - [2024-12-13T17:32:32.526+0000] {dag.py:3239} INFO - Sync 1 DAGs
[2024-12-13T17:32:32.540+0000] {logging_mixin.py:190} INFO - [2024-12-13T17:32:32.540+0000] {dag.py:4180} INFO - Setting next_dagrun for example_params_ui_tutorial to None, run_after=None
[2024-12-13T17:32:32.558+0000] {processor.py:208} INFO - Processing /home/airflow/.local/lib/python3.12/site-packages/airflow/example_dags/example_params_ui_tutorial.py took 0.097 seconds
[2024-12-13T17:33:03.118+0000] {processor.py:186} INFO - Started process (PID=385) to work on /home/airflow/.local/lib/python3.12/site-packages/airflow/example_dags/example_params_ui_tutorial.py
[2024-12-13T17:33:03.119+0000] {processor.py:914} INFO - Processing file /home/airflow/.local/lib/python3.12/site-packages/airflow/example_dags/example_params_ui_tutorial.py for tasks to queue
[2024-12-13T17:33:03.122+0000] {logging_mixin.py:190} INFO - [2024-12-13T17:33:03.122+0000] {dagbag.py:588} INFO - Filling up the DagBag from /home/airflow/.local/lib/python3.12/site-packages/airflow/example_dags/example_params_ui_tutorial.py
[2024-12-13T17:33:03.133+0000] {processor.py:925} INFO - DAG(s) 'example_params_ui_tutorial' retrieved from /home/airflow/.local/lib/python3.12/site-packages/airflow/example_dags/example_params_ui_tutorial.py
[2024-12-13T17:33:03.177+0000] {logging_mixin.py:190} INFO - [2024-12-13T17:33:03.177+0000] {dag.py:3239} INFO - Sync 1 DAGs
[2024-12-13T17:33:03.191+0000] {logging_mixin.py:190} INFO - [2024-12-13T17:33:03.191+0000] {dag.py:4180} INFO - Setting next_dagrun for example_params_ui_tutorial to None, run_after=None
[2024-12-13T17:33:03.209+0000] {processor.py:208} INFO - Processing /home/airflow/.local/lib/python3.12/site-packages/airflow/example_dags/example_params_ui_tutorial.py took 0.097 seconds
[2024-12-13T17:33:33.300+0000] {processor.py:186} INFO - Started process (PID=448) to work on /home/airflow/.local/lib/python3.12/site-packages/airflow/example_dags/example_params_ui_tutorial.py
[2024-12-13T17:33:33.301+0000] {processor.py:914} INFO - Processing file /home/airflow/.local/lib/python3.12/site-packages/airflow/example_dags/example_params_ui_tutorial.py for tasks to queue
[2024-12-13T17:33:33.304+0000] {logging_mixin.py:190} INFO - [2024-12-13T17:33:33.303+0000] {dagbag.py:588} INFO - Filling up the DagBag from /home/airflow/.local/lib/python3.12/site-packages/airflow/example_dags/example_params_ui_tutorial.py
[2024-12-13T17:33:33.315+0000] {processor.py:925} INFO - DAG(s) 'example_params_ui_tutorial' retrieved from /home/airflow/.local/lib/python3.12/site-packages/airflow/example_dags/example_params_ui_tutorial.py
[2024-12-13T17:33:33.360+0000] {logging_mixin.py:190} INFO - [2024-12-13T17:33:33.360+0000] {dag.py:3239} INFO - Sync 1 DAGs
[2024-12-13T17:33:33.374+0000] {logging_mixin.py:190} INFO - [2024-12-13T17:33:33.374+0000] {dag.py:4180} INFO - Setting next_dagrun for example_params_ui_tutorial to None, run_after=None
[2024-12-13T17:33:33.389+0000] {processor.py:208} INFO - Processing /home/airflow/.local/lib/python3.12/site-packages/airflow/example_dags/example_params_ui_tutorial.py took 0.097 seconds
[2024-12-13T17:34:03.981+0000] {processor.py:186} INFO - Started process (PID=511) to work on /home/airflow/.local/lib/python3.12/site-packages/airflow/example_dags/example_params_ui_tutorial.py
[2024-12-13T17:34:03.982+0000] {processor.py:914} INFO - Processing file /home/airflow/.local/lib/python3.12/site-packages/airflow/example_dags/example_params_ui_tutorial.py for tasks to queue
[2024-12-13T17:34:03.984+0000] {logging_mixin.py:190} INFO - [2024-12-13T17:34:03.984+0000] {dagbag.py:588} INFO - Filling up the DagBag from /home/airflow/.local/lib/python3.12/site-packages/airflow/example_dags/example_params_ui_tutorial.py
[2024-12-13T17:34:03.994+0000] {processor.py:925} INFO - DAG(s) 'example_params_ui_tutorial' retrieved from /home/airflow/.local/lib/python3.12/site-packages/airflow/example_dags/example_params_ui_tutorial.py
[2024-12-13T17:34:04.039+0000] {logging_mixin.py:190} INFO - [2024-12-13T17:34:04.039+0000] {dag.py:3239} INFO - Sync 1 DAGs
[2024-12-13T17:34:04.055+0000] {logging_mixin.py:190} INFO - [2024-12-13T17:34:04.055+0000] {dag.py:4180} INFO - Setting next_dagrun for example_params_ui_tutorial to None, run_after=None
[2024-12-13T17:34:04.073+0000] {processor.py:208} INFO - Processing /home/airflow/.local/lib/python3.12/site-packages/airflow/example_dags/example_params_ui_tutorial.py took 0.099 seconds
[2024-12-13T17:34:34.283+0000] {processor.py:186} INFO - Started process (PID=587) to work on /home/airflow/.local/lib/python3.12/site-packages/airflow/example_dags/example_params_ui_tutorial.py
[2024-12-13T17:34:34.284+0000] {processor.py:914} INFO - Processing file /home/airflow/.local/lib/python3.12/site-packages/airflow/example_dags/example_params_ui_tutorial.py for tasks to queue
[2024-12-13T17:34:34.286+0000] {logging_mixin.py:190} INFO - [2024-12-13T17:34:34.286+0000] {dagbag.py:588} INFO - Filling up the DagBag from /home/airflow/.local/lib/python3.12/site-packages/airflow/example_dags/example_params_ui_tutorial.py
[2024-12-13T17:34:34.295+0000] {processor.py:925} INFO - DAG(s) 'example_params_ui_tutorial' retrieved from /home/airflow/.local/lib/python3.12/site-packages/airflow/example_dags/example_params_ui_tutorial.py
[2024-12-13T17:34:34.336+0000] {logging_mixin.py:190} INFO - [2024-12-13T17:34:34.336+0000] {dag.py:3239} INFO - Sync 1 DAGs
[2024-12-13T17:34:34.349+0000] {logging_mixin.py:190} INFO - [2024-12-13T17:34:34.349+0000] {dag.py:4180} INFO - Setting next_dagrun for example_params_ui_tutorial to None, run_after=None
[2024-12-13T17:34:34.365+0000] {processor.py:208} INFO - Processing /home/airflow/.local/lib/python3.12/site-packages/airflow/example_dags/example_params_ui_tutorial.py took 0.087 seconds
[2024-12-13T17:35:04.635+0000] {processor.py:186} INFO - Started process (PID=669) to work on /home/airflow/.local/lib/python3.12/site-packages/airflow/example_dags/example_params_ui_tutorial.py
[2024-12-13T17:35:04.636+0000] {processor.py:914} INFO - Processing file /home/airflow/.local/lib/python3.12/site-packages/airflow/example_dags/example_params_ui_tutorial.py for tasks to queue
[2024-12-13T17:35:04.638+0000] {logging_mixin.py:190} INFO - [2024-12-13T17:35:04.638+0000] {dagbag.py:588} INFO - Filling up the DagBag from /home/airflow/.local/lib/python3.12/site-packages/airflow/example_dags/example_params_ui_tutorial.py
[2024-12-13T17:35:04.648+0000] {processor.py:925} INFO - DAG(s) 'example_params_ui_tutorial' retrieved from /home/airflow/.local/lib/python3.12/site-packages/airflow/example_dags/example_params_ui_tutorial.py
[2024-12-13T17:35:04.690+0000] {logging_mixin.py:190} INFO - [2024-12-13T17:35:04.690+0000] {dag.py:3239} INFO - Sync 1 DAGs
[2024-12-13T17:35:04.703+0000] {logging_mixin.py:190} INFO - [2024-12-13T17:35:04.703+0000] {dag.py:4180} INFO - Setting next_dagrun for example_params_ui_tutorial to None, run_after=None
[2024-12-13T17:35:04.719+0000] {processor.py:208} INFO - Processing /home/airflow/.local/lib/python3.12/site-packages/airflow/example_dags/example_params_ui_tutorial.py took 0.093 seconds
[2024-12-13T17:35:35.174+0000] {processor.py:186} INFO - Started process (PID=733) to work on /home/airflow/.local/lib/python3.12/site-packages/airflow/example_dags/example_params_ui_tutorial.py
[2024-12-13T17:35:35.175+0000] {processor.py:914} INFO - Processing file /home/airflow/.local/lib/python3.12/site-packages/airflow/example_dags/example_params_ui_tutorial.py for tasks to queue
[2024-12-13T17:35:35.177+0000] {logging_mixin.py:190} INFO - [2024-12-13T17:35:35.177+0000] {dagbag.py:588} INFO - Filling up the DagBag from /home/airflow/.local/lib/python3.12/site-packages/airflow/example_dags/example_params_ui_tutorial.py
[2024-12-13T17:35:35.187+0000] {processor.py:925} INFO - DAG(s) 'example_params_ui_tutorial' retrieved from /home/airflow/.local/lib/python3.12/site-packages/airflow/example_dags/example_params_ui_tutorial.py
[2024-12-13T17:35:35.244+0000] {logging_mixin.py:190} INFO - [2024-12-13T17:35:35.244+0000] {dag.py:3239} INFO - Sync 1 DAGs
[2024-12-13T17:35:35.262+0000] {logging_mixin.py:190} INFO - [2024-12-13T17:35:35.262+0000] {dag.py:4180} INFO - Setting next_dagrun for example_params_ui_tutorial to None, run_after=None
[2024-12-13T17:35:35.280+0000] {processor.py:208} INFO - Processing /home/airflow/.local/lib/python3.12/site-packages/airflow/example_dags/example_params_ui_tutorial.py took 0.118 seconds
[2024-12-13T17:36:05.574+0000] {processor.py:186} INFO - Started process (PID=797) to work on /home/airflow/.local/lib/python3.12/site-packages/airflow/example_dags/example_params_ui_tutorial.py
[2024-12-13T17:36:05.575+0000] {processor.py:914} INFO - Processing file /home/airflow/.local/lib/python3.12/site-packages/airflow/example_dags/example_params_ui_tutorial.py for tasks to queue
[2024-12-13T17:36:05.578+0000] {logging_mixin.py:190} INFO - [2024-12-13T17:36:05.577+0000] {dagbag.py:588} INFO - Filling up the DagBag from /home/airflow/.local/lib/python3.12/site-packages/airflow/example_dags/example_params_ui_tutorial.py
[2024-12-13T17:36:05.586+0000] {processor.py:925} INFO - DAG(s) 'example_params_ui_tutorial' retrieved from /home/airflow/.local/lib/python3.12/site-packages/airflow/example_dags/example_params_ui_tutorial.py
[2024-12-13T17:36:05.632+0000] {logging_mixin.py:190} INFO - [2024-12-13T17:36:05.632+0000] {dag.py:3239} INFO - Sync 1 DAGs
[2024-12-13T17:36:05.645+0000] {logging_mixin.py:190} INFO - [2024-12-13T17:36:05.645+0000] {dag.py:4180} INFO - Setting next_dagrun for example_params_ui_tutorial to None, run_after=None
[2024-12-13T17:36:05.662+0000] {processor.py:208} INFO - Processing /home/airflow/.local/lib/python3.12/site-packages/airflow/example_dags/example_params_ui_tutorial.py took 0.096 seconds
[2024-12-13T17:36:36.132+0000] {processor.py:186} INFO - Started process (PID=872) to work on /home/airflow/.local/lib/python3.12/site-packages/airflow/example_dags/example_params_ui_tutorial.py
[2024-12-13T17:36:36.133+0000] {processor.py:914} INFO - Processing file /home/airflow/.local/lib/python3.12/site-packages/airflow/example_dags/example_params_ui_tutorial.py for tasks to queue
[2024-12-13T17:36:36.136+0000] {logging_mixin.py:190} INFO - [2024-12-13T17:36:36.135+0000] {dagbag.py:588} INFO - Filling up the DagBag from /home/airflow/.local/lib/python3.12/site-packages/airflow/example_dags/example_params_ui_tutorial.py
[2024-12-13T17:36:36.150+0000] {processor.py:925} INFO - DAG(s) 'example_params_ui_tutorial' retrieved from /home/airflow/.local/lib/python3.12/site-packages/airflow/example_dags/example_params_ui_tutorial.py
[2024-12-13T17:36:36.208+0000] {logging_mixin.py:190} INFO - [2024-12-13T17:36:36.208+0000] {dag.py:3239} INFO - Sync 1 DAGs
[2024-12-13T17:36:36.227+0000] {logging_mixin.py:190} INFO - [2024-12-13T17:36:36.226+0000] {dag.py:4180} INFO - Setting next_dagrun for example_params_ui_tutorial to None, run_after=None
[2024-12-13T17:36:36.249+0000] {processor.py:208} INFO - Processing /home/airflow/.local/lib/python3.12/site-packages/airflow/example_dags/example_params_ui_tutorial.py took 0.127 seconds
[2024-12-13T17:37:06.624+0000] {processor.py:186} INFO - Started process (PID=947) to work on /home/airflow/.local/lib/python3.12/site-packages/airflow/example_dags/example_params_ui_tutorial.py
[2024-12-13T17:37:06.625+0000] {processor.py:914} INFO - Processing file /home/airflow/.local/lib/python3.12/site-packages/airflow/example_dags/example_params_ui_tutorial.py for tasks to queue
[2024-12-13T17:37:06.627+0000] {logging_mixin.py:190} INFO - [2024-12-13T17:37:06.627+0000] {dagbag.py:588} INFO - Filling up the DagBag from /home/airflow/.local/lib/python3.12/site-packages/airflow/example_dags/example_params_ui_tutorial.py
[2024-12-13T17:37:06.637+0000] {processor.py:925} INFO - DAG(s) 'example_params_ui_tutorial' retrieved from /home/airflow/.local/lib/python3.12/site-packages/airflow/example_dags/example_params_ui_tutorial.py
[2024-12-13T17:37:06.679+0000] {logging_mixin.py:190} INFO - [2024-12-13T17:37:06.679+0000] {dag.py:3239} INFO - Sync 1 DAGs
[2024-12-13T17:37:06.694+0000] {logging_mixin.py:190} INFO - [2024-12-13T17:37:06.694+0000] {dag.py:4180} INFO - Setting next_dagrun for example_params_ui_tutorial to None, run_after=None
[2024-12-13T17:37:06.715+0000] {processor.py:208} INFO - Processing /home/airflow/.local/lib/python3.12/site-packages/airflow/example_dags/example_params_ui_tutorial.py took 0.100 seconds
