[2024-12-13T17:30:36.559+0000] {processor.py:186} INFO - Started process (PID=110) to work on /home/airflow/.local/lib/python3.12/site-packages/airflow/example_dags/example_xcomargs.py
[2024-12-13T17:30:36.561+0000] {processor.py:914} INFO - Processing file /home/airflow/.local/lib/python3.12/site-packages/airflow/example_dags/example_xcomargs.py for tasks to queue
[2024-12-13T17:30:36.564+0000] {logging_mixin.py:190} INFO - [2024-12-13T17:30:36.563+0000] {dagbag.py:588} INFO - Filling up the DagBag from /home/airflow/.local/lib/python3.12/site-packages/airflow/example_dags/example_xcomargs.py
[2024-12-13T17:30:36.575+0000] {processor.py:925} INFO - DAG(s) 'example_xcom_args', 'example_xcom_args_with_operators' retrieved from /home/airflow/.local/lib/python3.12/site-packages/airflow/example_dags/example_xcomargs.py
[2024-12-13T17:30:36.598+0000] {logging_mixin.py:190} INFO - [2024-12-13T17:30:36.598+0000] {dag.py:3239} INFO - Sync 2 DAGs
[2024-12-13T17:30:36.613+0000] {logging_mixin.py:190} INFO - [2024-12-13T17:30:36.613+0000] {dag.py:4180} INFO - Setting next_dagrun for example_xcom_args to None, run_after=None
[2024-12-13T17:30:36.617+0000] {logging_mixin.py:190} INFO - [2024-12-13T17:30:36.617+0000] {dag.py:4180} INFO - Setting next_dagrun for example_xcom_args_with_operators to None, run_after=None
[2024-12-13T17:30:36.631+0000] {processor.py:208} INFO - Processing /home/airflow/.local/lib/python3.12/site-packages/airflow/example_dags/example_xcomargs.py took 0.079 seconds
[2024-12-13T17:31:07.729+0000] {processor.py:186} INFO - Started process (PID=172) to work on /home/airflow/.local/lib/python3.12/site-packages/airflow/example_dags/example_xcomargs.py
[2024-12-13T17:31:07.730+0000] {processor.py:914} INFO - Processing file /home/airflow/.local/lib/python3.12/site-packages/airflow/example_dags/example_xcomargs.py for tasks to queue
[2024-12-13T17:31:07.732+0000] {logging_mixin.py:190} INFO - [2024-12-13T17:31:07.731+0000] {dagbag.py:588} INFO - Filling up the DagBag from /home/airflow/.local/lib/python3.12/site-packages/airflow/example_dags/example_xcomargs.py
[2024-12-13T17:31:07.741+0000] {processor.py:925} INFO - DAG(s) 'example_xcom_args_with_operators', 'example_xcom_args' retrieved from /home/airflow/.local/lib/python3.12/site-packages/airflow/example_dags/example_xcomargs.py
[2024-12-13T17:31:07.763+0000] {logging_mixin.py:190} INFO - [2024-12-13T17:31:07.762+0000] {dag.py:3239} INFO - Sync 2 DAGs
[2024-12-13T17:31:07.778+0000] {logging_mixin.py:190} INFO - [2024-12-13T17:31:07.778+0000] {dag.py:4180} INFO - Setting next_dagrun for example_xcom_args to None, run_after=None
[2024-12-13T17:31:07.782+0000] {logging_mixin.py:190} INFO - [2024-12-13T17:31:07.782+0000] {dag.py:4180} INFO - Setting next_dagrun for example_xcom_args_with_operators to None, run_after=None
[2024-12-13T17:31:07.799+0000] {processor.py:208} INFO - Processing /home/airflow/.local/lib/python3.12/site-packages/airflow/example_dags/example_xcomargs.py took 0.076 seconds
[2024-12-13T17:31:39.077+0000] {processor.py:186} INFO - Started process (PID=236) to work on /home/airflow/.local/lib/python3.12/site-packages/airflow/example_dags/example_xcomargs.py
[2024-12-13T17:31:39.078+0000] {processor.py:914} INFO - Processing file /home/airflow/.local/lib/python3.12/site-packages/airflow/example_dags/example_xcomargs.py for tasks to queue
[2024-12-13T17:31:39.080+0000] {logging_mixin.py:190} INFO - [2024-12-13T17:31:39.080+0000] {dagbag.py:588} INFO - Filling up the DagBag from /home/airflow/.local/lib/python3.12/site-packages/airflow/example_dags/example_xcomargs.py
[2024-12-13T17:31:39.089+0000] {processor.py:925} INFO - DAG(s) 'example_xcom_args', 'example_xcom_args_with_operators' retrieved from /home/airflow/.local/lib/python3.12/site-packages/airflow/example_dags/example_xcomargs.py
[2024-12-13T17:31:39.112+0000] {logging_mixin.py:190} INFO - [2024-12-13T17:31:39.112+0000] {dag.py:3239} INFO - Sync 2 DAGs
[2024-12-13T17:31:39.125+0000] {logging_mixin.py:190} INFO - [2024-12-13T17:31:39.125+0000] {dag.py:4180} INFO - Setting next_dagrun for example_xcom_args to None, run_after=None
[2024-12-13T17:31:39.129+0000] {logging_mixin.py:190} INFO - [2024-12-13T17:31:39.129+0000] {dag.py:4180} INFO - Setting next_dagrun for example_xcom_args_with_operators to None, run_after=None
[2024-12-13T17:31:39.145+0000] {processor.py:208} INFO - Processing /home/airflow/.local/lib/python3.12/site-packages/airflow/example_dags/example_xcomargs.py took 0.073 seconds
[2024-12-13T17:32:10.453+0000] {processor.py:186} INFO - Started process (PID=299) to work on /home/airflow/.local/lib/python3.12/site-packages/airflow/example_dags/example_xcomargs.py
[2024-12-13T17:32:10.454+0000] {processor.py:914} INFO - Processing file /home/airflow/.local/lib/python3.12/site-packages/airflow/example_dags/example_xcomargs.py for tasks to queue
[2024-12-13T17:32:10.456+0000] {logging_mixin.py:190} INFO - [2024-12-13T17:32:10.456+0000] {dagbag.py:588} INFO - Filling up the DagBag from /home/airflow/.local/lib/python3.12/site-packages/airflow/example_dags/example_xcomargs.py
[2024-12-13T17:32:10.467+0000] {processor.py:925} INFO - DAG(s) 'example_xcom_args_with_operators', 'example_xcom_args' retrieved from /home/airflow/.local/lib/python3.12/site-packages/airflow/example_dags/example_xcomargs.py
[2024-12-13T17:32:10.490+0000] {logging_mixin.py:190} INFO - [2024-12-13T17:32:10.489+0000] {dag.py:3239} INFO - Sync 2 DAGs
[2024-12-13T17:32:10.507+0000] {logging_mixin.py:190} INFO - [2024-12-13T17:32:10.507+0000] {dag.py:4180} INFO - Setting next_dagrun for example_xcom_args to None, run_after=None
[2024-12-13T17:32:10.512+0000] {logging_mixin.py:190} INFO - [2024-12-13T17:32:10.512+0000] {dag.py:4180} INFO - Setting next_dagrun for example_xcom_args_with_operators to None, run_after=None
[2024-12-13T17:32:10.529+0000] {processor.py:208} INFO - Processing /home/airflow/.local/lib/python3.12/site-packages/airflow/example_dags/example_xcomargs.py took 0.082 seconds
[2024-12-13T17:32:41.476+0000] {processor.py:186} INFO - Started process (PID=362) to work on /home/airflow/.local/lib/python3.12/site-packages/airflow/example_dags/example_xcomargs.py
[2024-12-13T17:32:41.477+0000] {processor.py:914} INFO - Processing file /home/airflow/.local/lib/python3.12/site-packages/airflow/example_dags/example_xcomargs.py for tasks to queue
[2024-12-13T17:32:41.479+0000] {logging_mixin.py:190} INFO - [2024-12-13T17:32:41.479+0000] {dagbag.py:588} INFO - Filling up the DagBag from /home/airflow/.local/lib/python3.12/site-packages/airflow/example_dags/example_xcomargs.py
[2024-12-13T17:32:41.488+0000] {processor.py:925} INFO - DAG(s) 'example_xcom_args_with_operators', 'example_xcom_args' retrieved from /home/airflow/.local/lib/python3.12/site-packages/airflow/example_dags/example_xcomargs.py
[2024-12-13T17:32:41.510+0000] {logging_mixin.py:190} INFO - [2024-12-13T17:32:41.510+0000] {dag.py:3239} INFO - Sync 2 DAGs
[2024-12-13T17:32:41.523+0000] {logging_mixin.py:190} INFO - [2024-12-13T17:32:41.523+0000] {dag.py:4180} INFO - Setting next_dagrun for example_xcom_args to None, run_after=None
[2024-12-13T17:32:41.527+0000] {logging_mixin.py:190} INFO - [2024-12-13T17:32:41.527+0000] {dag.py:4180} INFO - Setting next_dagrun for example_xcom_args_with_operators to None, run_after=None
[2024-12-13T17:32:41.541+0000] {processor.py:208} INFO - Processing /home/airflow/.local/lib/python3.12/site-packages/airflow/example_dags/example_xcomargs.py took 0.071 seconds
[2024-12-13T17:33:12.545+0000] {processor.py:186} INFO - Started process (PID=425) to work on /home/airflow/.local/lib/python3.12/site-packages/airflow/example_dags/example_xcomargs.py
[2024-12-13T17:33:12.546+0000] {processor.py:914} INFO - Processing file /home/airflow/.local/lib/python3.12/site-packages/airflow/example_dags/example_xcomargs.py for tasks to queue
[2024-12-13T17:33:12.549+0000] {logging_mixin.py:190} INFO - [2024-12-13T17:33:12.549+0000] {dagbag.py:588} INFO - Filling up the DagBag from /home/airflow/.local/lib/python3.12/site-packages/airflow/example_dags/example_xcomargs.py
[2024-12-13T17:33:12.563+0000] {processor.py:925} INFO - DAG(s) 'example_xcom_args', 'example_xcom_args_with_operators' retrieved from /home/airflow/.local/lib/python3.12/site-packages/airflow/example_dags/example_xcomargs.py
[2024-12-13T17:33:12.586+0000] {logging_mixin.py:190} INFO - [2024-12-13T17:33:12.586+0000] {dag.py:3239} INFO - Sync 2 DAGs
[2024-12-13T17:33:12.602+0000] {logging_mixin.py:190} INFO - [2024-12-13T17:33:12.601+0000] {dag.py:4180} INFO - Setting next_dagrun for example_xcom_args to None, run_after=None
[2024-12-13T17:33:12.605+0000] {logging_mixin.py:190} INFO - [2024-12-13T17:33:12.605+0000] {dag.py:4180} INFO - Setting next_dagrun for example_xcom_args_with_operators to None, run_after=None
[2024-12-13T17:33:12.628+0000] {processor.py:208} INFO - Processing /home/airflow/.local/lib/python3.12/site-packages/airflow/example_dags/example_xcomargs.py took 0.091 seconds
[2024-12-13T17:33:43.227+0000] {processor.py:186} INFO - Started process (PID=488) to work on /home/airflow/.local/lib/python3.12/site-packages/airflow/example_dags/example_xcomargs.py
[2024-12-13T17:33:43.228+0000] {processor.py:914} INFO - Processing file /home/airflow/.local/lib/python3.12/site-packages/airflow/example_dags/example_xcomargs.py for tasks to queue
[2024-12-13T17:33:43.231+0000] {logging_mixin.py:190} INFO - [2024-12-13T17:33:43.230+0000] {dagbag.py:588} INFO - Filling up the DagBag from /home/airflow/.local/lib/python3.12/site-packages/airflow/example_dags/example_xcomargs.py
[2024-12-13T17:33:43.239+0000] {processor.py:925} INFO - DAG(s) 'example_xcom_args', 'example_xcom_args_with_operators' retrieved from /home/airflow/.local/lib/python3.12/site-packages/airflow/example_dags/example_xcomargs.py
[2024-12-13T17:33:43.260+0000] {logging_mixin.py:190} INFO - [2024-12-13T17:33:43.260+0000] {dag.py:3239} INFO - Sync 2 DAGs
[2024-12-13T17:33:43.273+0000] {logging_mixin.py:190} INFO - [2024-12-13T17:33:43.273+0000] {dag.py:4180} INFO - Setting next_dagrun for example_xcom_args to None, run_after=None
[2024-12-13T17:33:43.276+0000] {logging_mixin.py:190} INFO - [2024-12-13T17:33:43.276+0000] {dag.py:4180} INFO - Setting next_dagrun for example_xcom_args_with_operators to None, run_after=None
[2024-12-13T17:33:43.305+0000] {processor.py:208} INFO - Processing /home/airflow/.local/lib/python3.12/site-packages/airflow/example_dags/example_xcomargs.py took 0.083 seconds
[2024-12-13T17:34:14.124+0000] {processor.py:186} INFO - Started process (PID=551) to work on /home/airflow/.local/lib/python3.12/site-packages/airflow/example_dags/example_xcomargs.py
[2024-12-13T17:34:14.125+0000] {processor.py:914} INFO - Processing file /home/airflow/.local/lib/python3.12/site-packages/airflow/example_dags/example_xcomargs.py for tasks to queue
[2024-12-13T17:34:14.127+0000] {logging_mixin.py:190} INFO - [2024-12-13T17:34:14.127+0000] {dagbag.py:588} INFO - Filling up the DagBag from /home/airflow/.local/lib/python3.12/site-packages/airflow/example_dags/example_xcomargs.py
[2024-12-13T17:34:14.136+0000] {processor.py:925} INFO - DAG(s) 'example_xcom_args', 'example_xcom_args_with_operators' retrieved from /home/airflow/.local/lib/python3.12/site-packages/airflow/example_dags/example_xcomargs.py
[2024-12-13T17:34:14.157+0000] {logging_mixin.py:190} INFO - [2024-12-13T17:34:14.157+0000] {dag.py:3239} INFO - Sync 2 DAGs
[2024-12-13T17:34:14.170+0000] {logging_mixin.py:190} INFO - [2024-12-13T17:34:14.170+0000] {dag.py:4180} INFO - Setting next_dagrun for example_xcom_args to None, run_after=None
[2024-12-13T17:34:14.173+0000] {logging_mixin.py:190} INFO - [2024-12-13T17:34:14.173+0000] {dag.py:4180} INFO - Setting next_dagrun for example_xcom_args_with_operators to None, run_after=None
[2024-12-13T17:34:14.187+0000] {processor.py:208} INFO - Processing /home/airflow/.local/lib/python3.12/site-packages/airflow/example_dags/example_xcomargs.py took 0.068 seconds
[2024-12-13T17:34:44.929+0000] {processor.py:186} INFO - Started process (PID=627) to work on /home/airflow/.local/lib/python3.12/site-packages/airflow/example_dags/example_xcomargs.py
[2024-12-13T17:34:44.930+0000] {processor.py:914} INFO - Processing file /home/airflow/.local/lib/python3.12/site-packages/airflow/example_dags/example_xcomargs.py for tasks to queue
[2024-12-13T17:34:44.932+0000] {logging_mixin.py:190} INFO - [2024-12-13T17:34:44.932+0000] {dagbag.py:588} INFO - Filling up the DagBag from /home/airflow/.local/lib/python3.12/site-packages/airflow/example_dags/example_xcomargs.py
[2024-12-13T17:34:44.942+0000] {processor.py:925} INFO - DAG(s) 'example_xcom_args', 'example_xcom_args_with_operators' retrieved from /home/airflow/.local/lib/python3.12/site-packages/airflow/example_dags/example_xcomargs.py
[2024-12-13T17:34:44.963+0000] {logging_mixin.py:190} INFO - [2024-12-13T17:34:44.963+0000] {dag.py:3239} INFO - Sync 2 DAGs
[2024-12-13T17:34:44.978+0000] {logging_mixin.py:190} INFO - [2024-12-13T17:34:44.977+0000] {dag.py:4180} INFO - Setting next_dagrun for example_xcom_args to None, run_after=None
[2024-12-13T17:34:44.981+0000] {logging_mixin.py:190} INFO - [2024-12-13T17:34:44.981+0000] {dag.py:4180} INFO - Setting next_dagrun for example_xcom_args_with_operators to None, run_after=None
[2024-12-13T17:34:44.996+0000] {processor.py:208} INFO - Processing /home/airflow/.local/lib/python3.12/site-packages/airflow/example_dags/example_xcomargs.py took 0.073 seconds
[2024-12-13T17:35:16.799+0000] {processor.py:186} INFO - Started process (PID=709) to work on /home/airflow/.local/lib/python3.12/site-packages/airflow/example_dags/example_xcomargs.py
[2024-12-13T17:35:16.800+0000] {processor.py:914} INFO - Processing file /home/airflow/.local/lib/python3.12/site-packages/airflow/example_dags/example_xcomargs.py for tasks to queue
[2024-12-13T17:35:16.802+0000] {logging_mixin.py:190} INFO - [2024-12-13T17:35:16.802+0000] {dagbag.py:588} INFO - Filling up the DagBag from /home/airflow/.local/lib/python3.12/site-packages/airflow/example_dags/example_xcomargs.py
[2024-12-13T17:35:16.811+0000] {processor.py:925} INFO - DAG(s) 'example_xcom_args', 'example_xcom_args_with_operators' retrieved from /home/airflow/.local/lib/python3.12/site-packages/airflow/example_dags/example_xcomargs.py
[2024-12-13T17:35:16.833+0000] {logging_mixin.py:190} INFO - [2024-12-13T17:35:16.833+0000] {dag.py:3239} INFO - Sync 2 DAGs
[2024-12-13T17:35:16.846+0000] {logging_mixin.py:190} INFO - [2024-12-13T17:35:16.846+0000] {dag.py:4180} INFO - Setting next_dagrun for example_xcom_args to None, run_after=None
[2024-12-13T17:35:16.850+0000] {logging_mixin.py:190} INFO - [2024-12-13T17:35:16.850+0000] {dag.py:4180} INFO - Setting next_dagrun for example_xcom_args_with_operators to None, run_after=None
[2024-12-13T17:35:16.864+0000] {processor.py:208} INFO - Processing /home/airflow/.local/lib/python3.12/site-packages/airflow/example_dags/example_xcomargs.py took 0.074 seconds
[2024-12-13T17:35:48.351+0000] {processor.py:186} INFO - Started process (PID=773) to work on /home/airflow/.local/lib/python3.12/site-packages/airflow/example_dags/example_xcomargs.py
[2024-12-13T17:35:48.352+0000] {processor.py:914} INFO - Processing file /home/airflow/.local/lib/python3.12/site-packages/airflow/example_dags/example_xcomargs.py for tasks to queue
[2024-12-13T17:35:48.354+0000] {logging_mixin.py:190} INFO - [2024-12-13T17:35:48.354+0000] {dagbag.py:588} INFO - Filling up the DagBag from /home/airflow/.local/lib/python3.12/site-packages/airflow/example_dags/example_xcomargs.py
[2024-12-13T17:35:48.363+0000] {processor.py:925} INFO - DAG(s) 'example_xcom_args_with_operators', 'example_xcom_args' retrieved from /home/airflow/.local/lib/python3.12/site-packages/airflow/example_dags/example_xcomargs.py
[2024-12-13T17:35:48.384+0000] {logging_mixin.py:190} INFO - [2024-12-13T17:35:48.384+0000] {dag.py:3239} INFO - Sync 2 DAGs
[2024-12-13T17:35:48.397+0000] {logging_mixin.py:190} INFO - [2024-12-13T17:35:48.397+0000] {dag.py:4180} INFO - Setting next_dagrun for example_xcom_args to None, run_after=None
[2024-12-13T17:35:48.400+0000] {logging_mixin.py:190} INFO - [2024-12-13T17:35:48.400+0000] {dag.py:4180} INFO - Setting next_dagrun for example_xcom_args_with_operators to None, run_after=None
[2024-12-13T17:35:48.416+0000] {processor.py:208} INFO - Processing /home/airflow/.local/lib/python3.12/site-packages/airflow/example_dags/example_xcomargs.py took 0.073 seconds
[2024-12-13T17:36:19.809+0000] {processor.py:186} INFO - Started process (PID=837) to work on /home/airflow/.local/lib/python3.12/site-packages/airflow/example_dags/example_xcomargs.py
[2024-12-13T17:36:19.810+0000] {processor.py:914} INFO - Processing file /home/airflow/.local/lib/python3.12/site-packages/airflow/example_dags/example_xcomargs.py for tasks to queue
[2024-12-13T17:36:19.813+0000] {logging_mixin.py:190} INFO - [2024-12-13T17:36:19.812+0000] {dagbag.py:588} INFO - Filling up the DagBag from /home/airflow/.local/lib/python3.12/site-packages/airflow/example_dags/example_xcomargs.py
[2024-12-13T17:36:19.821+0000] {processor.py:925} INFO - DAG(s) 'example_xcom_args', 'example_xcom_args_with_operators' retrieved from /home/airflow/.local/lib/python3.12/site-packages/airflow/example_dags/example_xcomargs.py
[2024-12-13T17:36:19.844+0000] {logging_mixin.py:190} INFO - [2024-12-13T17:36:19.843+0000] {dag.py:3239} INFO - Sync 2 DAGs
[2024-12-13T17:36:19.858+0000] {logging_mixin.py:190} INFO - [2024-12-13T17:36:19.857+0000] {dag.py:4180} INFO - Setting next_dagrun for example_xcom_args to None, run_after=None
[2024-12-13T17:36:19.861+0000] {logging_mixin.py:190} INFO - [2024-12-13T17:36:19.861+0000] {dag.py:4180} INFO - Setting next_dagrun for example_xcom_args_with_operators to None, run_after=None
[2024-12-13T17:36:19.875+0000] {processor.py:208} INFO - Processing /home/airflow/.local/lib/python3.12/site-packages/airflow/example_dags/example_xcomargs.py took 0.076 seconds
[2024-12-13T17:36:50.537+0000] {processor.py:186} INFO - Started process (PID=912) to work on /home/airflow/.local/lib/python3.12/site-packages/airflow/example_dags/example_xcomargs.py
[2024-12-13T17:36:50.538+0000] {processor.py:914} INFO - Processing file /home/airflow/.local/lib/python3.12/site-packages/airflow/example_dags/example_xcomargs.py for tasks to queue
[2024-12-13T17:36:50.540+0000] {logging_mixin.py:190} INFO - [2024-12-13T17:36:50.540+0000] {dagbag.py:588} INFO - Filling up the DagBag from /home/airflow/.local/lib/python3.12/site-packages/airflow/example_dags/example_xcomargs.py
[2024-12-13T17:36:50.550+0000] {processor.py:925} INFO - DAG(s) 'example_xcom_args', 'example_xcom_args_with_operators' retrieved from /home/airflow/.local/lib/python3.12/site-packages/airflow/example_dags/example_xcomargs.py
[2024-12-13T17:36:50.572+0000] {logging_mixin.py:190} INFO - [2024-12-13T17:36:50.572+0000] {dag.py:3239} INFO - Sync 2 DAGs
[2024-12-13T17:36:50.586+0000] {logging_mixin.py:190} INFO - [2024-12-13T17:36:50.585+0000] {dag.py:4180} INFO - Setting next_dagrun for example_xcom_args to None, run_after=None
[2024-12-13T17:36:50.589+0000] {logging_mixin.py:190} INFO - [2024-12-13T17:36:50.589+0000] {dag.py:4180} INFO - Setting next_dagrun for example_xcom_args_with_operators to None, run_after=None
[2024-12-13T17:36:50.604+0000] {processor.py:208} INFO - Processing /home/airflow/.local/lib/python3.12/site-packages/airflow/example_dags/example_xcomargs.py took 0.076 seconds
[2024-12-13T17:37:21.213+0000] {processor.py:186} INFO - Started process (PID=986) to work on /home/airflow/.local/lib/python3.12/site-packages/airflow/example_dags/example_xcomargs.py
[2024-12-13T17:37:21.214+0000] {processor.py:914} INFO - Processing file /home/airflow/.local/lib/python3.12/site-packages/airflow/example_dags/example_xcomargs.py for tasks to queue
[2024-12-13T17:37:21.217+0000] {logging_mixin.py:190} INFO - [2024-12-13T17:37:21.216+0000] {dagbag.py:588} INFO - Filling up the DagBag from /home/airflow/.local/lib/python3.12/site-packages/airflow/example_dags/example_xcomargs.py
[2024-12-13T17:37:21.226+0000] {processor.py:925} INFO - DAG(s) 'example_xcom_args_with_operators', 'example_xcom_args' retrieved from /home/airflow/.local/lib/python3.12/site-packages/airflow/example_dags/example_xcomargs.py
[2024-12-13T17:37:21.248+0000] {logging_mixin.py:190} INFO - [2024-12-13T17:37:21.247+0000] {dag.py:3239} INFO - Sync 2 DAGs
[2024-12-13T17:37:21.261+0000] {logging_mixin.py:190} INFO - [2024-12-13T17:37:21.261+0000] {dag.py:4180} INFO - Setting next_dagrun for example_xcom_args to None, run_after=None
[2024-12-13T17:37:21.265+0000] {logging_mixin.py:190} INFO - [2024-12-13T17:37:21.264+0000] {dag.py:4180} INFO - Setting next_dagrun for example_xcom_args_with_operators to None, run_after=None
[2024-12-13T17:37:21.280+0000] {processor.py:208} INFO - Processing /home/airflow/.local/lib/python3.12/site-packages/airflow/example_dags/example_xcomargs.py took 0.075 seconds
