[2024-12-13T17:30:34.442+0000] {processor.py:186} INFO - Started process (PID=97) to work on /home/airflow/.local/lib/python3.12/site-packages/airflow/example_dags/example_external_task_marker_dag.py
[2024-12-13T17:30:34.443+0000] {processor.py:914} INFO - Processing file /home/airflow/.local/lib/python3.12/site-packages/airflow/example_dags/example_external_task_marker_dag.py for tasks to queue
[2024-12-13T17:30:34.448+0000] {logging_mixin.py:190} INFO - [2024-12-13T17:30:34.447+0000] {dagbag.py:588} INFO - Filling up the DagBag from /home/airflow/.local/lib/python3.12/site-packages/airflow/example_dags/example_external_task_marker_dag.py
[2024-12-13T17:30:34.463+0000] {processor.py:925} INFO - DAG(s) 'example_external_task_marker_parent', 'example_external_task_marker_child' retrieved from /home/airflow/.local/lib/python3.12/site-packages/airflow/example_dags/example_external_task_marker_dag.py
[2024-12-13T17:30:34.502+0000] {logging_mixin.py:190} INFO - [2024-12-13T17:30:34.502+0000] {dag.py:3239} INFO - Sync 2 DAGs
[2024-12-13T17:30:34.526+0000] {logging_mixin.py:190} INFO - [2024-12-13T17:30:34.525+0000] {dag.py:4180} INFO - Setting next_dagrun for example_external_task_marker_child to None, run_after=None
[2024-12-13T17:30:34.533+0000] {logging_mixin.py:190} INFO - [2024-12-13T17:30:34.532+0000] {dag.py:4180} INFO - Setting next_dagrun for example_external_task_marker_parent to None, run_after=None
[2024-12-13T17:30:34.558+0000] {processor.py:208} INFO - Processing /home/airflow/.local/lib/python3.12/site-packages/airflow/example_dags/example_external_task_marker_dag.py took 0.126 seconds
[2024-12-13T17:31:05.575+0000] {processor.py:186} INFO - Started process (PID=160) to work on /home/airflow/.local/lib/python3.12/site-packages/airflow/example_dags/example_external_task_marker_dag.py
[2024-12-13T17:31:05.576+0000] {processor.py:914} INFO - Processing file /home/airflow/.local/lib/python3.12/site-packages/airflow/example_dags/example_external_task_marker_dag.py for tasks to queue
[2024-12-13T17:31:05.579+0000] {logging_mixin.py:190} INFO - [2024-12-13T17:31:05.579+0000] {dagbag.py:588} INFO - Filling up the DagBag from /home/airflow/.local/lib/python3.12/site-packages/airflow/example_dags/example_external_task_marker_dag.py
[2024-12-13T17:31:05.586+0000] {processor.py:925} INFO - DAG(s) 'example_external_task_marker_parent', 'example_external_task_marker_child' retrieved from /home/airflow/.local/lib/python3.12/site-packages/airflow/example_dags/example_external_task_marker_dag.py
[2024-12-13T17:31:05.607+0000] {logging_mixin.py:190} INFO - [2024-12-13T17:31:05.607+0000] {dag.py:3239} INFO - Sync 2 DAGs
[2024-12-13T17:31:05.621+0000] {logging_mixin.py:190} INFO - [2024-12-13T17:31:05.620+0000] {dag.py:4180} INFO - Setting next_dagrun for example_external_task_marker_child to None, run_after=None
[2024-12-13T17:31:05.624+0000] {logging_mixin.py:190} INFO - [2024-12-13T17:31:05.624+0000] {dag.py:4180} INFO - Setting next_dagrun for example_external_task_marker_parent to None, run_after=None
[2024-12-13T17:31:05.637+0000] {processor.py:208} INFO - Processing /home/airflow/.local/lib/python3.12/site-packages/airflow/example_dags/example_external_task_marker_dag.py took 0.067 seconds
[2024-12-13T17:31:36.890+0000] {processor.py:186} INFO - Started process (PID=223) to work on /home/airflow/.local/lib/python3.12/site-packages/airflow/example_dags/example_external_task_marker_dag.py
[2024-12-13T17:31:36.891+0000] {processor.py:914} INFO - Processing file /home/airflow/.local/lib/python3.12/site-packages/airflow/example_dags/example_external_task_marker_dag.py for tasks to queue
[2024-12-13T17:31:36.894+0000] {logging_mixin.py:190} INFO - [2024-12-13T17:31:36.893+0000] {dagbag.py:588} INFO - Filling up the DagBag from /home/airflow/.local/lib/python3.12/site-packages/airflow/example_dags/example_external_task_marker_dag.py
[2024-12-13T17:31:36.901+0000] {processor.py:925} INFO - DAG(s) 'example_external_task_marker_child', 'example_external_task_marker_parent' retrieved from /home/airflow/.local/lib/python3.12/site-packages/airflow/example_dags/example_external_task_marker_dag.py
[2024-12-13T17:31:36.922+0000] {logging_mixin.py:190} INFO - [2024-12-13T17:31:36.922+0000] {dag.py:3239} INFO - Sync 2 DAGs
[2024-12-13T17:31:36.935+0000] {logging_mixin.py:190} INFO - [2024-12-13T17:31:36.935+0000] {dag.py:4180} INFO - Setting next_dagrun for example_external_task_marker_child to None, run_after=None
[2024-12-13T17:31:36.939+0000] {logging_mixin.py:190} INFO - [2024-12-13T17:31:36.939+0000] {dag.py:4180} INFO - Setting next_dagrun for example_external_task_marker_parent to None, run_after=None
[2024-12-13T17:31:36.953+0000] {processor.py:208} INFO - Processing /home/airflow/.local/lib/python3.12/site-packages/airflow/example_dags/example_external_task_marker_dag.py took 0.069 seconds
[2024-12-13T17:32:08.097+0000] {processor.py:186} INFO - Started process (PID=286) to work on /home/airflow/.local/lib/python3.12/site-packages/airflow/example_dags/example_external_task_marker_dag.py
[2024-12-13T17:32:08.098+0000] {processor.py:914} INFO - Processing file /home/airflow/.local/lib/python3.12/site-packages/airflow/example_dags/example_external_task_marker_dag.py for tasks to queue
[2024-12-13T17:32:08.101+0000] {logging_mixin.py:190} INFO - [2024-12-13T17:32:08.101+0000] {dagbag.py:588} INFO - Filling up the DagBag from /home/airflow/.local/lib/python3.12/site-packages/airflow/example_dags/example_external_task_marker_dag.py
[2024-12-13T17:32:08.109+0000] {processor.py:925} INFO - DAG(s) 'example_external_task_marker_parent', 'example_external_task_marker_child' retrieved from /home/airflow/.local/lib/python3.12/site-packages/airflow/example_dags/example_external_task_marker_dag.py
[2024-12-13T17:32:08.130+0000] {logging_mixin.py:190} INFO - [2024-12-13T17:32:08.129+0000] {dag.py:3239} INFO - Sync 2 DAGs
[2024-12-13T17:32:08.144+0000] {logging_mixin.py:190} INFO - [2024-12-13T17:32:08.144+0000] {dag.py:4180} INFO - Setting next_dagrun for example_external_task_marker_child to None, run_after=None
[2024-12-13T17:32:08.148+0000] {logging_mixin.py:190} INFO - [2024-12-13T17:32:08.147+0000] {dag.py:4180} INFO - Setting next_dagrun for example_external_task_marker_parent to None, run_after=None
[2024-12-13T17:32:08.161+0000] {processor.py:208} INFO - Processing /home/airflow/.local/lib/python3.12/site-packages/airflow/example_dags/example_external_task_marker_dag.py took 0.070 seconds
[2024-12-13T17:32:39.255+0000] {processor.py:186} INFO - Started process (PID=349) to work on /home/airflow/.local/lib/python3.12/site-packages/airflow/example_dags/example_external_task_marker_dag.py
[2024-12-13T17:32:39.256+0000] {processor.py:914} INFO - Processing file /home/airflow/.local/lib/python3.12/site-packages/airflow/example_dags/example_external_task_marker_dag.py for tasks to queue
[2024-12-13T17:32:39.259+0000] {logging_mixin.py:190} INFO - [2024-12-13T17:32:39.258+0000] {dagbag.py:588} INFO - Filling up the DagBag from /home/airflow/.local/lib/python3.12/site-packages/airflow/example_dags/example_external_task_marker_dag.py
[2024-12-13T17:32:39.266+0000] {processor.py:925} INFO - DAG(s) 'example_external_task_marker_child', 'example_external_task_marker_parent' retrieved from /home/airflow/.local/lib/python3.12/site-packages/airflow/example_dags/example_external_task_marker_dag.py
[2024-12-13T17:32:39.287+0000] {logging_mixin.py:190} INFO - [2024-12-13T17:32:39.286+0000] {dag.py:3239} INFO - Sync 2 DAGs
[2024-12-13T17:32:39.300+0000] {logging_mixin.py:190} INFO - [2024-12-13T17:32:39.300+0000] {dag.py:4180} INFO - Setting next_dagrun for example_external_task_marker_child to None, run_after=None
[2024-12-13T17:32:39.304+0000] {logging_mixin.py:190} INFO - [2024-12-13T17:32:39.304+0000] {dag.py:4180} INFO - Setting next_dagrun for example_external_task_marker_parent to None, run_after=None
[2024-12-13T17:32:39.318+0000] {processor.py:208} INFO - Processing /home/airflow/.local/lib/python3.12/site-packages/airflow/example_dags/example_external_task_marker_dag.py took 0.069 seconds
[2024-12-13T17:33:10.883+0000] {processor.py:186} INFO - Started process (PID=412) to work on /home/airflow/.local/lib/python3.12/site-packages/airflow/example_dags/example_external_task_marker_dag.py
[2024-12-13T17:33:10.883+0000] {processor.py:914} INFO - Processing file /home/airflow/.local/lib/python3.12/site-packages/airflow/example_dags/example_external_task_marker_dag.py for tasks to queue
[2024-12-13T17:33:10.886+0000] {logging_mixin.py:190} INFO - [2024-12-13T17:33:10.886+0000] {dagbag.py:588} INFO - Filling up the DagBag from /home/airflow/.local/lib/python3.12/site-packages/airflow/example_dags/example_external_task_marker_dag.py
[2024-12-13T17:33:10.893+0000] {processor.py:925} INFO - DAG(s) 'example_external_task_marker_child', 'example_external_task_marker_parent' retrieved from /home/airflow/.local/lib/python3.12/site-packages/airflow/example_dags/example_external_task_marker_dag.py
[2024-12-13T17:33:10.915+0000] {logging_mixin.py:190} INFO - [2024-12-13T17:33:10.915+0000] {dag.py:3239} INFO - Sync 2 DAGs
[2024-12-13T17:33:10.928+0000] {logging_mixin.py:190} INFO - [2024-12-13T17:33:10.928+0000] {dag.py:4180} INFO - Setting next_dagrun for example_external_task_marker_child to None, run_after=None
[2024-12-13T17:33:10.931+0000] {logging_mixin.py:190} INFO - [2024-12-13T17:33:10.931+0000] {dag.py:4180} INFO - Setting next_dagrun for example_external_task_marker_parent to None, run_after=None
[2024-12-13T17:33:10.946+0000] {processor.py:208} INFO - Processing /home/airflow/.local/lib/python3.12/site-packages/airflow/example_dags/example_external_task_marker_dag.py took 0.068 seconds
[2024-12-13T17:33:42.085+0000] {processor.py:186} INFO - Started process (PID=475) to work on /home/airflow/.local/lib/python3.12/site-packages/airflow/example_dags/example_external_task_marker_dag.py
[2024-12-13T17:33:42.086+0000] {processor.py:914} INFO - Processing file /home/airflow/.local/lib/python3.12/site-packages/airflow/example_dags/example_external_task_marker_dag.py for tasks to queue
[2024-12-13T17:33:42.088+0000] {logging_mixin.py:190} INFO - [2024-12-13T17:33:42.088+0000] {dagbag.py:588} INFO - Filling up the DagBag from /home/airflow/.local/lib/python3.12/site-packages/airflow/example_dags/example_external_task_marker_dag.py
[2024-12-13T17:33:42.095+0000] {processor.py:925} INFO - DAG(s) 'example_external_task_marker_child', 'example_external_task_marker_parent' retrieved from /home/airflow/.local/lib/python3.12/site-packages/airflow/example_dags/example_external_task_marker_dag.py
[2024-12-13T17:33:42.116+0000] {logging_mixin.py:190} INFO - [2024-12-13T17:33:42.116+0000] {dag.py:3239} INFO - Sync 2 DAGs
[2024-12-13T17:33:42.129+0000] {logging_mixin.py:190} INFO - [2024-12-13T17:33:42.129+0000] {dag.py:4180} INFO - Setting next_dagrun for example_external_task_marker_child to None, run_after=None
[2024-12-13T17:33:42.132+0000] {logging_mixin.py:190} INFO - [2024-12-13T17:33:42.132+0000] {dag.py:4180} INFO - Setting next_dagrun for example_external_task_marker_parent to None, run_after=None
[2024-12-13T17:33:42.145+0000] {processor.py:208} INFO - Processing /home/airflow/.local/lib/python3.12/site-packages/airflow/example_dags/example_external_task_marker_dag.py took 0.066 seconds
[2024-12-13T17:34:12.979+0000] {processor.py:186} INFO - Started process (PID=538) to work on /home/airflow/.local/lib/python3.12/site-packages/airflow/example_dags/example_external_task_marker_dag.py
[2024-12-13T17:34:12.982+0000] {processor.py:914} INFO - Processing file /home/airflow/.local/lib/python3.12/site-packages/airflow/example_dags/example_external_task_marker_dag.py for tasks to queue
[2024-12-13T17:34:12.984+0000] {logging_mixin.py:190} INFO - [2024-12-13T17:34:12.984+0000] {dagbag.py:588} INFO - Filling up the DagBag from /home/airflow/.local/lib/python3.12/site-packages/airflow/example_dags/example_external_task_marker_dag.py
[2024-12-13T17:34:12.992+0000] {processor.py:925} INFO - DAG(s) 'example_external_task_marker_child', 'example_external_task_marker_parent' retrieved from /home/airflow/.local/lib/python3.12/site-packages/airflow/example_dags/example_external_task_marker_dag.py
[2024-12-13T17:34:13.012+0000] {logging_mixin.py:190} INFO - [2024-12-13T17:34:13.012+0000] {dag.py:3239} INFO - Sync 2 DAGs
[2024-12-13T17:34:13.026+0000] {logging_mixin.py:190} INFO - [2024-12-13T17:34:13.025+0000] {dag.py:4180} INFO - Setting next_dagrun for example_external_task_marker_child to None, run_after=None
[2024-12-13T17:34:13.029+0000] {logging_mixin.py:190} INFO - [2024-12-13T17:34:13.029+0000] {dag.py:4180} INFO - Setting next_dagrun for example_external_task_marker_parent to None, run_after=None
[2024-12-13T17:34:13.044+0000] {processor.py:208} INFO - Processing /home/airflow/.local/lib/python3.12/site-packages/airflow/example_dags/example_external_task_marker_dag.py took 0.073 seconds
[2024-12-13T17:34:43.976+0000] {processor.py:186} INFO - Started process (PID=614) to work on /home/airflow/.local/lib/python3.12/site-packages/airflow/example_dags/example_external_task_marker_dag.py
[2024-12-13T17:34:43.977+0000] {processor.py:914} INFO - Processing file /home/airflow/.local/lib/python3.12/site-packages/airflow/example_dags/example_external_task_marker_dag.py for tasks to queue
[2024-12-13T17:34:43.979+0000] {logging_mixin.py:190} INFO - [2024-12-13T17:34:43.979+0000] {dagbag.py:588} INFO - Filling up the DagBag from /home/airflow/.local/lib/python3.12/site-packages/airflow/example_dags/example_external_task_marker_dag.py
[2024-12-13T17:34:43.987+0000] {processor.py:925} INFO - DAG(s) 'example_external_task_marker_parent', 'example_external_task_marker_child' retrieved from /home/airflow/.local/lib/python3.12/site-packages/airflow/example_dags/example_external_task_marker_dag.py
[2024-12-13T17:34:44.007+0000] {logging_mixin.py:190} INFO - [2024-12-13T17:34:44.007+0000] {dag.py:3239} INFO - Sync 2 DAGs
[2024-12-13T17:34:44.021+0000] {logging_mixin.py:190} INFO - [2024-12-13T17:34:44.021+0000] {dag.py:4180} INFO - Setting next_dagrun for example_external_task_marker_child to None, run_after=None
[2024-12-13T17:34:44.025+0000] {logging_mixin.py:190} INFO - [2024-12-13T17:34:44.024+0000] {dag.py:4180} INFO - Setting next_dagrun for example_external_task_marker_parent to None, run_after=None
[2024-12-13T17:34:44.038+0000] {processor.py:208} INFO - Processing /home/airflow/.local/lib/python3.12/site-packages/airflow/example_dags/example_external_task_marker_dag.py took 0.068 seconds
[2024-12-13T17:35:15.524+0000] {processor.py:186} INFO - Started process (PID=696) to work on /home/airflow/.local/lib/python3.12/site-packages/airflow/example_dags/example_external_task_marker_dag.py
[2024-12-13T17:35:15.525+0000] {processor.py:914} INFO - Processing file /home/airflow/.local/lib/python3.12/site-packages/airflow/example_dags/example_external_task_marker_dag.py for tasks to queue
[2024-12-13T17:35:15.527+0000] {logging_mixin.py:190} INFO - [2024-12-13T17:35:15.527+0000] {dagbag.py:588} INFO - Filling up the DagBag from /home/airflow/.local/lib/python3.12/site-packages/airflow/example_dags/example_external_task_marker_dag.py
[2024-12-13T17:35:15.534+0000] {processor.py:925} INFO - DAG(s) 'example_external_task_marker_parent', 'example_external_task_marker_child' retrieved from /home/airflow/.local/lib/python3.12/site-packages/airflow/example_dags/example_external_task_marker_dag.py
[2024-12-13T17:35:15.554+0000] {logging_mixin.py:190} INFO - [2024-12-13T17:35:15.554+0000] {dag.py:3239} INFO - Sync 2 DAGs
[2024-12-13T17:35:15.568+0000] {logging_mixin.py:190} INFO - [2024-12-13T17:35:15.568+0000] {dag.py:4180} INFO - Setting next_dagrun for example_external_task_marker_child to None, run_after=None
[2024-12-13T17:35:15.572+0000] {logging_mixin.py:190} INFO - [2024-12-13T17:35:15.572+0000] {dag.py:4180} INFO - Setting next_dagrun for example_external_task_marker_parent to None, run_after=None
[2024-12-13T17:35:15.588+0000] {processor.py:208} INFO - Processing /home/airflow/.local/lib/python3.12/site-packages/airflow/example_dags/example_external_task_marker_dag.py took 0.073 seconds
[2024-12-13T17:35:47.029+0000] {processor.py:186} INFO - Started process (PID=760) to work on /home/airflow/.local/lib/python3.12/site-packages/airflow/example_dags/example_external_task_marker_dag.py
[2024-12-13T17:35:47.031+0000] {processor.py:914} INFO - Processing file /home/airflow/.local/lib/python3.12/site-packages/airflow/example_dags/example_external_task_marker_dag.py for tasks to queue
[2024-12-13T17:35:47.033+0000] {logging_mixin.py:190} INFO - [2024-12-13T17:35:47.033+0000] {dagbag.py:588} INFO - Filling up the DagBag from /home/airflow/.local/lib/python3.12/site-packages/airflow/example_dags/example_external_task_marker_dag.py
[2024-12-13T17:35:47.041+0000] {processor.py:925} INFO - DAG(s) 'example_external_task_marker_parent', 'example_external_task_marker_child' retrieved from /home/airflow/.local/lib/python3.12/site-packages/airflow/example_dags/example_external_task_marker_dag.py
[2024-12-13T17:35:47.062+0000] {logging_mixin.py:190} INFO - [2024-12-13T17:35:47.062+0000] {dag.py:3239} INFO - Sync 2 DAGs
[2024-12-13T17:35:47.076+0000] {logging_mixin.py:190} INFO - [2024-12-13T17:35:47.076+0000] {dag.py:4180} INFO - Setting next_dagrun for example_external_task_marker_child to None, run_after=None
[2024-12-13T17:35:47.080+0000] {logging_mixin.py:190} INFO - [2024-12-13T17:35:47.080+0000] {dag.py:4180} INFO - Setting next_dagrun for example_external_task_marker_parent to None, run_after=None
[2024-12-13T17:35:47.094+0000] {processor.py:208} INFO - Processing /home/airflow/.local/lib/python3.12/site-packages/airflow/example_dags/example_external_task_marker_dag.py took 0.074 seconds
[2024-12-13T17:36:18.413+0000] {processor.py:186} INFO - Started process (PID=824) to work on /home/airflow/.local/lib/python3.12/site-packages/airflow/example_dags/example_external_task_marker_dag.py
[2024-12-13T17:36:18.414+0000] {processor.py:914} INFO - Processing file /home/airflow/.local/lib/python3.12/site-packages/airflow/example_dags/example_external_task_marker_dag.py for tasks to queue
[2024-12-13T17:36:18.416+0000] {logging_mixin.py:190} INFO - [2024-12-13T17:36:18.416+0000] {dagbag.py:588} INFO - Filling up the DagBag from /home/airflow/.local/lib/python3.12/site-packages/airflow/example_dags/example_external_task_marker_dag.py
[2024-12-13T17:36:18.424+0000] {processor.py:925} INFO - DAG(s) 'example_external_task_marker_child', 'example_external_task_marker_parent' retrieved from /home/airflow/.local/lib/python3.12/site-packages/airflow/example_dags/example_external_task_marker_dag.py
[2024-12-13T17:36:18.449+0000] {logging_mixin.py:190} INFO - [2024-12-13T17:36:18.449+0000] {dag.py:3239} INFO - Sync 2 DAGs
[2024-12-13T17:36:18.463+0000] {logging_mixin.py:190} INFO - [2024-12-13T17:36:18.463+0000] {dag.py:4180} INFO - Setting next_dagrun for example_external_task_marker_child to None, run_after=None
[2024-12-13T17:36:18.467+0000] {logging_mixin.py:190} INFO - [2024-12-13T17:36:18.467+0000] {dag.py:4180} INFO - Setting next_dagrun for example_external_task_marker_parent to None, run_after=None
[2024-12-13T17:36:18.482+0000] {processor.py:208} INFO - Processing /home/airflow/.local/lib/python3.12/site-packages/airflow/example_dags/example_external_task_marker_dag.py took 0.078 seconds
[2024-12-13T17:36:49.127+0000] {processor.py:186} INFO - Started process (PID=899) to work on /home/airflow/.local/lib/python3.12/site-packages/airflow/example_dags/example_external_task_marker_dag.py
[2024-12-13T17:36:49.128+0000] {processor.py:914} INFO - Processing file /home/airflow/.local/lib/python3.12/site-packages/airflow/example_dags/example_external_task_marker_dag.py for tasks to queue
[2024-12-13T17:36:49.130+0000] {logging_mixin.py:190} INFO - [2024-12-13T17:36:49.130+0000] {dagbag.py:588} INFO - Filling up the DagBag from /home/airflow/.local/lib/python3.12/site-packages/airflow/example_dags/example_external_task_marker_dag.py
[2024-12-13T17:36:49.138+0000] {processor.py:925} INFO - DAG(s) 'example_external_task_marker_parent', 'example_external_task_marker_child' retrieved from /home/airflow/.local/lib/python3.12/site-packages/airflow/example_dags/example_external_task_marker_dag.py
[2024-12-13T17:36:49.158+0000] {logging_mixin.py:190} INFO - [2024-12-13T17:36:49.158+0000] {dag.py:3239} INFO - Sync 2 DAGs
[2024-12-13T17:36:49.172+0000] {logging_mixin.py:190} INFO - [2024-12-13T17:36:49.172+0000] {dag.py:4180} INFO - Setting next_dagrun for example_external_task_marker_child to None, run_after=None
[2024-12-13T17:36:49.176+0000] {logging_mixin.py:190} INFO - [2024-12-13T17:36:49.175+0000] {dag.py:4180} INFO - Setting next_dagrun for example_external_task_marker_parent to None, run_after=None
[2024-12-13T17:36:49.190+0000] {processor.py:208} INFO - Processing /home/airflow/.local/lib/python3.12/site-packages/airflow/example_dags/example_external_task_marker_dag.py took 0.072 seconds
[2024-12-13T17:37:20.369+0000] {processor.py:186} INFO - Started process (PID=974) to work on /home/airflow/.local/lib/python3.12/site-packages/airflow/example_dags/example_external_task_marker_dag.py
[2024-12-13T17:37:20.370+0000] {processor.py:914} INFO - Processing file /home/airflow/.local/lib/python3.12/site-packages/airflow/example_dags/example_external_task_marker_dag.py for tasks to queue
[2024-12-13T17:37:20.373+0000] {logging_mixin.py:190} INFO - [2024-12-13T17:37:20.372+0000] {dagbag.py:588} INFO - Filling up the DagBag from /home/airflow/.local/lib/python3.12/site-packages/airflow/example_dags/example_external_task_marker_dag.py
[2024-12-13T17:37:20.381+0000] {processor.py:925} INFO - DAG(s) 'example_external_task_marker_child', 'example_external_task_marker_parent' retrieved from /home/airflow/.local/lib/python3.12/site-packages/airflow/example_dags/example_external_task_marker_dag.py
[2024-12-13T17:37:20.404+0000] {logging_mixin.py:190} INFO - [2024-12-13T17:37:20.404+0000] {dag.py:3239} INFO - Sync 2 DAGs
[2024-12-13T17:37:20.419+0000] {logging_mixin.py:190} INFO - [2024-12-13T17:37:20.419+0000] {dag.py:4180} INFO - Setting next_dagrun for example_external_task_marker_child to None, run_after=None
[2024-12-13T17:37:20.423+0000] {logging_mixin.py:190} INFO - [2024-12-13T17:37:20.423+0000] {dag.py:4180} INFO - Setting next_dagrun for example_external_task_marker_parent to None, run_after=None
[2024-12-13T17:37:20.436+0000] {processor.py:208} INFO - Processing /home/airflow/.local/lib/python3.12/site-packages/airflow/example_dags/example_external_task_marker_dag.py took 0.076 seconds
