[2024-12-13T17:30:35.808+0000] {processor.py:186} INFO - Started process (PID=101) to work on /home/airflow/.local/lib/python3.12/site-packages/airflow/example_dags/example_python_decorator.py
[2024-12-13T17:30:35.810+0000] {processor.py:914} INFO - Processing file /home/airflow/.local/lib/python3.12/site-packages/airflow/example_dags/example_python_decorator.py for tasks to queue
[2024-12-13T17:30:35.817+0000] {logging_mixin.py:190} INFO - [2024-12-13T17:30:35.817+0000] {dagbag.py:588} INFO - Filling up the DagBag from /home/airflow/.local/lib/python3.12/site-packages/airflow/example_dags/example_python_decorator.py
[2024-12-13T17:30:35.847+0000] {processor.py:925} INFO - DAG(s) 'example_python_decorator' retrieved from /home/airflow/.local/lib/python3.12/site-packages/airflow/example_dags/example_python_decorator.py
[2024-12-13T17:30:36.022+0000] {logging_mixin.py:190} INFO - [2024-12-13T17:30:36.022+0000] {dag.py:3239} INFO - Sync 1 DAGs
[2024-12-13T17:30:36.039+0000] {logging_mixin.py:190} INFO - [2024-12-13T17:30:36.039+0000] {dag.py:4180} INFO - Setting next_dagrun for example_python_decorator to None, run_after=None
[2024-12-13T17:30:36.061+0000] {processor.py:208} INFO - Processing /home/airflow/.local/lib/python3.12/site-packages/airflow/example_dags/example_python_decorator.py took 0.269 seconds
[2024-12-13T17:31:07.352+0000] {processor.py:186} INFO - Started process (PID=164) to work on /home/airflow/.local/lib/python3.12/site-packages/airflow/example_dags/example_python_decorator.py
[2024-12-13T17:31:07.353+0000] {processor.py:914} INFO - Processing file /home/airflow/.local/lib/python3.12/site-packages/airflow/example_dags/example_python_decorator.py for tasks to queue
[2024-12-13T17:31:07.355+0000] {logging_mixin.py:190} INFO - [2024-12-13T17:31:07.355+0000] {dagbag.py:588} INFO - Filling up the DagBag from /home/airflow/.local/lib/python3.12/site-packages/airflow/example_dags/example_python_decorator.py
[2024-12-13T17:31:07.368+0000] {processor.py:925} INFO - DAG(s) 'example_python_decorator' retrieved from /home/airflow/.local/lib/python3.12/site-packages/airflow/example_dags/example_python_decorator.py
[2024-12-13T17:31:07.388+0000] {logging_mixin.py:190} INFO - [2024-12-13T17:31:07.388+0000] {dag.py:3239} INFO - Sync 1 DAGs
[2024-12-13T17:31:07.402+0000] {logging_mixin.py:190} INFO - [2024-12-13T17:31:07.401+0000] {dag.py:4180} INFO - Setting next_dagrun for example_python_decorator to None, run_after=None
[2024-12-13T17:31:07.418+0000] {processor.py:208} INFO - Processing /home/airflow/.local/lib/python3.12/site-packages/airflow/example_dags/example_python_decorator.py took 0.071 seconds
[2024-12-13T17:31:38.601+0000] {processor.py:186} INFO - Started process (PID=227) to work on /home/airflow/.local/lib/python3.12/site-packages/airflow/example_dags/example_python_decorator.py
[2024-12-13T17:31:38.602+0000] {processor.py:914} INFO - Processing file /home/airflow/.local/lib/python3.12/site-packages/airflow/example_dags/example_python_decorator.py for tasks to queue
[2024-12-13T17:31:38.604+0000] {logging_mixin.py:190} INFO - [2024-12-13T17:31:38.604+0000] {dagbag.py:588} INFO - Filling up the DagBag from /home/airflow/.local/lib/python3.12/site-packages/airflow/example_dags/example_python_decorator.py
[2024-12-13T17:31:38.617+0000] {processor.py:925} INFO - DAG(s) 'example_python_decorator' retrieved from /home/airflow/.local/lib/python3.12/site-packages/airflow/example_dags/example_python_decorator.py
[2024-12-13T17:31:38.636+0000] {logging_mixin.py:190} INFO - [2024-12-13T17:31:38.636+0000] {dag.py:3239} INFO - Sync 1 DAGs
[2024-12-13T17:31:38.649+0000] {logging_mixin.py:190} INFO - [2024-12-13T17:31:38.648+0000] {dag.py:4180} INFO - Setting next_dagrun for example_python_decorator to None, run_after=None
[2024-12-13T17:31:38.664+0000] {processor.py:208} INFO - Processing /home/airflow/.local/lib/python3.12/site-packages/airflow/example_dags/example_python_decorator.py took 0.069 seconds
[2024-12-13T17:32:09.937+0000] {processor.py:186} INFO - Started process (PID=290) to work on /home/airflow/.local/lib/python3.12/site-packages/airflow/example_dags/example_python_decorator.py
[2024-12-13T17:32:09.938+0000] {processor.py:914} INFO - Processing file /home/airflow/.local/lib/python3.12/site-packages/airflow/example_dags/example_python_decorator.py for tasks to queue
[2024-12-13T17:32:09.941+0000] {logging_mixin.py:190} INFO - [2024-12-13T17:32:09.940+0000] {dagbag.py:588} INFO - Filling up the DagBag from /home/airflow/.local/lib/python3.12/site-packages/airflow/example_dags/example_python_decorator.py
[2024-12-13T17:32:09.957+0000] {processor.py:925} INFO - DAG(s) 'example_python_decorator' retrieved from /home/airflow/.local/lib/python3.12/site-packages/airflow/example_dags/example_python_decorator.py
[2024-12-13T17:32:09.979+0000] {logging_mixin.py:190} INFO - [2024-12-13T17:32:09.979+0000] {dag.py:3239} INFO - Sync 1 DAGs
[2024-12-13T17:32:09.997+0000] {logging_mixin.py:190} INFO - [2024-12-13T17:32:09.996+0000] {dag.py:4180} INFO - Setting next_dagrun for example_python_decorator to None, run_after=None
[2024-12-13T17:32:10.016+0000] {processor.py:208} INFO - Processing /home/airflow/.local/lib/python3.12/site-packages/airflow/example_dags/example_python_decorator.py took 0.085 seconds
[2024-12-13T17:32:40.986+0000] {processor.py:186} INFO - Started process (PID=353) to work on /home/airflow/.local/lib/python3.12/site-packages/airflow/example_dags/example_python_decorator.py
[2024-12-13T17:32:40.987+0000] {processor.py:914} INFO - Processing file /home/airflow/.local/lib/python3.12/site-packages/airflow/example_dags/example_python_decorator.py for tasks to queue
[2024-12-13T17:32:40.989+0000] {logging_mixin.py:190} INFO - [2024-12-13T17:32:40.989+0000] {dagbag.py:588} INFO - Filling up the DagBag from /home/airflow/.local/lib/python3.12/site-packages/airflow/example_dags/example_python_decorator.py
[2024-12-13T17:32:41.003+0000] {processor.py:925} INFO - DAG(s) 'example_python_decorator' retrieved from /home/airflow/.local/lib/python3.12/site-packages/airflow/example_dags/example_python_decorator.py
[2024-12-13T17:32:41.024+0000] {logging_mixin.py:190} INFO - [2024-12-13T17:32:41.024+0000] {dag.py:3239} INFO - Sync 1 DAGs
[2024-12-13T17:32:41.038+0000] {logging_mixin.py:190} INFO - [2024-12-13T17:32:41.038+0000] {dag.py:4180} INFO - Setting next_dagrun for example_python_decorator to None, run_after=None
[2024-12-13T17:32:41.057+0000] {processor.py:208} INFO - Processing /home/airflow/.local/lib/python3.12/site-packages/airflow/example_dags/example_python_decorator.py took 0.077 seconds
[2024-12-13T17:33:11.631+0000] {processor.py:186} INFO - Started process (PID=416) to work on /home/airflow/.local/lib/python3.12/site-packages/airflow/example_dags/example_python_decorator.py
[2024-12-13T17:33:11.632+0000] {processor.py:914} INFO - Processing file /home/airflow/.local/lib/python3.12/site-packages/airflow/example_dags/example_python_decorator.py for tasks to queue
[2024-12-13T17:33:11.634+0000] {logging_mixin.py:190} INFO - [2024-12-13T17:33:11.633+0000] {dagbag.py:588} INFO - Filling up the DagBag from /home/airflow/.local/lib/python3.12/site-packages/airflow/example_dags/example_python_decorator.py
[2024-12-13T17:33:11.646+0000] {processor.py:925} INFO - DAG(s) 'example_python_decorator' retrieved from /home/airflow/.local/lib/python3.12/site-packages/airflow/example_dags/example_python_decorator.py
[2024-12-13T17:33:11.666+0000] {logging_mixin.py:190} INFO - [2024-12-13T17:33:11.666+0000] {dag.py:3239} INFO - Sync 1 DAGs
[2024-12-13T17:33:11.680+0000] {logging_mixin.py:190} INFO - [2024-12-13T17:33:11.679+0000] {dag.py:4180} INFO - Setting next_dagrun for example_python_decorator to None, run_after=None
[2024-12-13T17:33:11.697+0000] {processor.py:208} INFO - Processing /home/airflow/.local/lib/python3.12/site-packages/airflow/example_dags/example_python_decorator.py took 0.072 seconds
[2024-12-13T17:33:42.224+0000] {processor.py:186} INFO - Started process (PID=478) to work on /home/airflow/.local/lib/python3.12/site-packages/airflow/example_dags/example_python_decorator.py
[2024-12-13T17:33:42.225+0000] {processor.py:914} INFO - Processing file /home/airflow/.local/lib/python3.12/site-packages/airflow/example_dags/example_python_decorator.py for tasks to queue
[2024-12-13T17:33:42.228+0000] {logging_mixin.py:190} INFO - [2024-12-13T17:33:42.227+0000] {dagbag.py:588} INFO - Filling up the DagBag from /home/airflow/.local/lib/python3.12/site-packages/airflow/example_dags/example_python_decorator.py
[2024-12-13T17:33:42.240+0000] {processor.py:925} INFO - DAG(s) 'example_python_decorator' retrieved from /home/airflow/.local/lib/python3.12/site-packages/airflow/example_dags/example_python_decorator.py
[2024-12-13T17:33:42.260+0000] {logging_mixin.py:190} INFO - [2024-12-13T17:33:42.260+0000] {dag.py:3239} INFO - Sync 1 DAGs
[2024-12-13T17:33:42.274+0000] {logging_mixin.py:190} INFO - [2024-12-13T17:33:42.273+0000] {dag.py:4180} INFO - Setting next_dagrun for example_python_decorator to None, run_after=None
[2024-12-13T17:33:42.290+0000] {processor.py:208} INFO - Processing /home/airflow/.local/lib/python3.12/site-packages/airflow/example_dags/example_python_decorator.py took 0.071 seconds
[2024-12-13T17:34:13.182+0000] {processor.py:186} INFO - Started process (PID=541) to work on /home/airflow/.local/lib/python3.12/site-packages/airflow/example_dags/example_python_decorator.py
[2024-12-13T17:34:13.183+0000] {processor.py:914} INFO - Processing file /home/airflow/.local/lib/python3.12/site-packages/airflow/example_dags/example_python_decorator.py for tasks to queue
[2024-12-13T17:34:13.185+0000] {logging_mixin.py:190} INFO - [2024-12-13T17:34:13.185+0000] {dagbag.py:588} INFO - Filling up the DagBag from /home/airflow/.local/lib/python3.12/site-packages/airflow/example_dags/example_python_decorator.py
[2024-12-13T17:34:13.199+0000] {processor.py:925} INFO - DAG(s) 'example_python_decorator' retrieved from /home/airflow/.local/lib/python3.12/site-packages/airflow/example_dags/example_python_decorator.py
[2024-12-13T17:34:13.219+0000] {logging_mixin.py:190} INFO - [2024-12-13T17:34:13.219+0000] {dag.py:3239} INFO - Sync 1 DAGs
[2024-12-13T17:34:13.232+0000] {logging_mixin.py:190} INFO - [2024-12-13T17:34:13.232+0000] {dag.py:4180} INFO - Setting next_dagrun for example_python_decorator to None, run_after=None
[2024-12-13T17:34:13.248+0000] {processor.py:208} INFO - Processing /home/airflow/.local/lib/python3.12/site-packages/airflow/example_dags/example_python_decorator.py took 0.072 seconds
[2024-12-13T17:34:44.137+0000] {processor.py:186} INFO - Started process (PID=617) to work on /home/airflow/.local/lib/python3.12/site-packages/airflow/example_dags/example_python_decorator.py
[2024-12-13T17:34:44.138+0000] {processor.py:914} INFO - Processing file /home/airflow/.local/lib/python3.12/site-packages/airflow/example_dags/example_python_decorator.py for tasks to queue
[2024-12-13T17:34:44.140+0000] {logging_mixin.py:190} INFO - [2024-12-13T17:34:44.140+0000] {dagbag.py:588} INFO - Filling up the DagBag from /home/airflow/.local/lib/python3.12/site-packages/airflow/example_dags/example_python_decorator.py
[2024-12-13T17:34:44.158+0000] {processor.py:925} INFO - DAG(s) 'example_python_decorator' retrieved from /home/airflow/.local/lib/python3.12/site-packages/airflow/example_dags/example_python_decorator.py
[2024-12-13T17:34:44.179+0000] {logging_mixin.py:190} INFO - [2024-12-13T17:34:44.179+0000] {dag.py:3239} INFO - Sync 1 DAGs
[2024-12-13T17:34:44.192+0000] {logging_mixin.py:190} INFO - [2024-12-13T17:34:44.192+0000] {dag.py:4180} INFO - Setting next_dagrun for example_python_decorator to None, run_after=None
[2024-12-13T17:34:44.207+0000] {processor.py:208} INFO - Processing /home/airflow/.local/lib/python3.12/site-packages/airflow/example_dags/example_python_decorator.py took 0.076 seconds
[2024-12-13T17:35:15.622+0000] {processor.py:186} INFO - Started process (PID=698) to work on /home/airflow/.local/lib/python3.12/site-packages/airflow/example_dags/example_python_decorator.py
[2024-12-13T17:35:15.623+0000] {processor.py:914} INFO - Processing file /home/airflow/.local/lib/python3.12/site-packages/airflow/example_dags/example_python_decorator.py for tasks to queue
[2024-12-13T17:35:15.625+0000] {logging_mixin.py:190} INFO - [2024-12-13T17:35:15.625+0000] {dagbag.py:588} INFO - Filling up the DagBag from /home/airflow/.local/lib/python3.12/site-packages/airflow/example_dags/example_python_decorator.py
[2024-12-13T17:35:15.638+0000] {processor.py:925} INFO - DAG(s) 'example_python_decorator' retrieved from /home/airflow/.local/lib/python3.12/site-packages/airflow/example_dags/example_python_decorator.py
[2024-12-13T17:35:15.657+0000] {logging_mixin.py:190} INFO - [2024-12-13T17:35:15.657+0000] {dag.py:3239} INFO - Sync 1 DAGs
[2024-12-13T17:35:15.670+0000] {logging_mixin.py:190} INFO - [2024-12-13T17:35:15.670+0000] {dag.py:4180} INFO - Setting next_dagrun for example_python_decorator to None, run_after=None
[2024-12-13T17:35:15.686+0000] {processor.py:208} INFO - Processing /home/airflow/.local/lib/python3.12/site-packages/airflow/example_dags/example_python_decorator.py took 0.073 seconds
[2024-12-13T17:35:47.129+0000] {processor.py:186} INFO - Started process (PID=762) to work on /home/airflow/.local/lib/python3.12/site-packages/airflow/example_dags/example_python_decorator.py
[2024-12-13T17:35:47.130+0000] {processor.py:914} INFO - Processing file /home/airflow/.local/lib/python3.12/site-packages/airflow/example_dags/example_python_decorator.py for tasks to queue
[2024-12-13T17:35:47.132+0000] {logging_mixin.py:190} INFO - [2024-12-13T17:35:47.132+0000] {dagbag.py:588} INFO - Filling up the DagBag from /home/airflow/.local/lib/python3.12/site-packages/airflow/example_dags/example_python_decorator.py
[2024-12-13T17:35:47.145+0000] {processor.py:925} INFO - DAG(s) 'example_python_decorator' retrieved from /home/airflow/.local/lib/python3.12/site-packages/airflow/example_dags/example_python_decorator.py
[2024-12-13T17:35:47.167+0000] {logging_mixin.py:190} INFO - [2024-12-13T17:35:47.166+0000] {dag.py:3239} INFO - Sync 1 DAGs
[2024-12-13T17:35:47.180+0000] {logging_mixin.py:190} INFO - [2024-12-13T17:35:47.180+0000] {dag.py:4180} INFO - Setting next_dagrun for example_python_decorator to None, run_after=None
[2024-12-13T17:35:47.196+0000] {processor.py:208} INFO - Processing /home/airflow/.local/lib/python3.12/site-packages/airflow/example_dags/example_python_decorator.py took 0.077 seconds
[2024-12-13T17:36:18.519+0000] {processor.py:186} INFO - Started process (PID=826) to work on /home/airflow/.local/lib/python3.12/site-packages/airflow/example_dags/example_python_decorator.py
[2024-12-13T17:36:18.520+0000] {processor.py:914} INFO - Processing file /home/airflow/.local/lib/python3.12/site-packages/airflow/example_dags/example_python_decorator.py for tasks to queue
[2024-12-13T17:36:18.522+0000] {logging_mixin.py:190} INFO - [2024-12-13T17:36:18.522+0000] {dagbag.py:588} INFO - Filling up the DagBag from /home/airflow/.local/lib/python3.12/site-packages/airflow/example_dags/example_python_decorator.py
[2024-12-13T17:36:18.537+0000] {processor.py:925} INFO - DAG(s) 'example_python_decorator' retrieved from /home/airflow/.local/lib/python3.12/site-packages/airflow/example_dags/example_python_decorator.py
[2024-12-13T17:36:18.559+0000] {logging_mixin.py:190} INFO - [2024-12-13T17:36:18.558+0000] {dag.py:3239} INFO - Sync 1 DAGs
[2024-12-13T17:36:18.571+0000] {logging_mixin.py:190} INFO - [2024-12-13T17:36:18.571+0000] {dag.py:4180} INFO - Setting next_dagrun for example_python_decorator to None, run_after=None
[2024-12-13T17:36:18.588+0000] {processor.py:208} INFO - Processing /home/airflow/.local/lib/python3.12/site-packages/airflow/example_dags/example_python_decorator.py took 0.082 seconds
[2024-12-13T17:36:49.227+0000] {processor.py:186} INFO - Started process (PID=901) to work on /home/airflow/.local/lib/python3.12/site-packages/airflow/example_dags/example_python_decorator.py
[2024-12-13T17:36:49.228+0000] {processor.py:914} INFO - Processing file /home/airflow/.local/lib/python3.12/site-packages/airflow/example_dags/example_python_decorator.py for tasks to queue
[2024-12-13T17:36:49.231+0000] {logging_mixin.py:190} INFO - [2024-12-13T17:36:49.230+0000] {dagbag.py:588} INFO - Filling up the DagBag from /home/airflow/.local/lib/python3.12/site-packages/airflow/example_dags/example_python_decorator.py
[2024-12-13T17:36:49.245+0000] {processor.py:925} INFO - DAG(s) 'example_python_decorator' retrieved from /home/airflow/.local/lib/python3.12/site-packages/airflow/example_dags/example_python_decorator.py
[2024-12-13T17:36:49.267+0000] {logging_mixin.py:190} INFO - [2024-12-13T17:36:49.267+0000] {dag.py:3239} INFO - Sync 1 DAGs
[2024-12-13T17:36:49.281+0000] {logging_mixin.py:190} INFO - [2024-12-13T17:36:49.281+0000] {dag.py:4180} INFO - Setting next_dagrun for example_python_decorator to None, run_after=None
[2024-12-13T17:36:49.298+0000] {processor.py:208} INFO - Processing /home/airflow/.local/lib/python3.12/site-packages/airflow/example_dags/example_python_decorator.py took 0.081 seconds
[2024-12-13T17:37:20.470+0000] {processor.py:186} INFO - Started process (PID=976) to work on /home/airflow/.local/lib/python3.12/site-packages/airflow/example_dags/example_python_decorator.py
[2024-12-13T17:37:20.471+0000] {processor.py:914} INFO - Processing file /home/airflow/.local/lib/python3.12/site-packages/airflow/example_dags/example_python_decorator.py for tasks to queue
[2024-12-13T17:37:20.474+0000] {logging_mixin.py:190} INFO - [2024-12-13T17:37:20.473+0000] {dagbag.py:588} INFO - Filling up the DagBag from /home/airflow/.local/lib/python3.12/site-packages/airflow/example_dags/example_python_decorator.py
[2024-12-13T17:37:20.486+0000] {processor.py:925} INFO - DAG(s) 'example_python_decorator' retrieved from /home/airflow/.local/lib/python3.12/site-packages/airflow/example_dags/example_python_decorator.py
[2024-12-13T17:37:20.507+0000] {logging_mixin.py:190} INFO - [2024-12-13T17:37:20.507+0000] {dag.py:3239} INFO - Sync 1 DAGs
[2024-12-13T17:37:20.520+0000] {logging_mixin.py:190} INFO - [2024-12-13T17:37:20.520+0000] {dag.py:4180} INFO - Setting next_dagrun for example_python_decorator to None, run_after=None
[2024-12-13T17:37:20.539+0000] {processor.py:208} INFO - Processing /home/airflow/.local/lib/python3.12/site-packages/airflow/example_dags/example_python_decorator.py took 0.077 seconds
