[2024-12-13T17:30:30.378+0000] {processor.py:186} INFO - Started process (PID=65) to work on /home/airflow/.local/lib/python3.12/site-packages/airflow/example_dags/example_bash_operator.py
[2024-12-13T17:30:30.379+0000] {processor.py:914} INFO - Processing file /home/airflow/.local/lib/python3.12/site-packages/airflow/example_dags/example_bash_operator.py for tasks to queue
[2024-12-13T17:30:30.381+0000] {logging_mixin.py:190} INFO - [2024-12-13T17:30:30.381+0000] {dagbag.py:588} INFO - Filling up the DagBag from /home/airflow/.local/lib/python3.12/site-packages/airflow/example_dags/example_bash_operator.py
[2024-12-13T17:30:30.402+0000] {processor.py:925} INFO - DAG(s) 'example_bash_operator' retrieved from /home/airflow/.local/lib/python3.12/site-packages/airflow/example_dags/example_bash_operator.py
[2024-12-13T17:30:30.467+0000] {logging_mixin.py:190} INFO - [2024-12-13T17:30:30.467+0000] {dag.py:3239} INFO - Sync 1 DAGs
[2024-12-13T17:30:30.493+0000] {logging_mixin.py:190} INFO - [2024-12-13T17:30:30.493+0000] {dag.py:4180} INFO - Setting next_dagrun for example_bash_operator to 2024-12-12 00:00:00+00:00, run_after=2024-12-13 00:00:00+00:00
[2024-12-13T17:30:30.518+0000] {processor.py:208} INFO - Processing /home/airflow/.local/lib/python3.12/site-packages/airflow/example_dags/example_bash_operator.py took 0.147 seconds
[2024-12-13T17:31:00.581+0000] {processor.py:186} INFO - Started process (PID=129) to work on /home/airflow/.local/lib/python3.12/site-packages/airflow/example_dags/example_bash_operator.py
[2024-12-13T17:31:00.582+0000] {processor.py:914} INFO - Processing file /home/airflow/.local/lib/python3.12/site-packages/airflow/example_dags/example_bash_operator.py for tasks to queue
[2024-12-13T17:31:00.584+0000] {logging_mixin.py:190} INFO - [2024-12-13T17:31:00.584+0000] {dagbag.py:588} INFO - Filling up the DagBag from /home/airflow/.local/lib/python3.12/site-packages/airflow/example_dags/example_bash_operator.py
[2024-12-13T17:31:00.596+0000] {processor.py:925} INFO - DAG(s) 'example_bash_operator' retrieved from /home/airflow/.local/lib/python3.12/site-packages/airflow/example_dags/example_bash_operator.py
[2024-12-13T17:31:00.621+0000] {logging_mixin.py:190} INFO - [2024-12-13T17:31:00.621+0000] {dag.py:3239} INFO - Sync 1 DAGs
[2024-12-13T17:31:00.642+0000] {logging_mixin.py:190} INFO - [2024-12-13T17:31:00.641+0000] {dag.py:4180} INFO - Setting next_dagrun for example_bash_operator to 2024-12-12 00:00:00+00:00, run_after=2024-12-13 00:00:00+00:00
[2024-12-13T17:31:00.658+0000] {processor.py:208} INFO - Processing /home/airflow/.local/lib/python3.12/site-packages/airflow/example_dags/example_bash_operator.py took 0.082 seconds
[2024-12-13T17:31:30.702+0000] {processor.py:186} INFO - Started process (PID=192) to work on /home/airflow/.local/lib/python3.12/site-packages/airflow/example_dags/example_bash_operator.py
[2024-12-13T17:31:30.703+0000] {processor.py:914} INFO - Processing file /home/airflow/.local/lib/python3.12/site-packages/airflow/example_dags/example_bash_operator.py for tasks to queue
[2024-12-13T17:31:30.706+0000] {logging_mixin.py:190} INFO - [2024-12-13T17:31:30.706+0000] {dagbag.py:588} INFO - Filling up the DagBag from /home/airflow/.local/lib/python3.12/site-packages/airflow/example_dags/example_bash_operator.py
[2024-12-13T17:31:30.718+0000] {processor.py:925} INFO - DAG(s) 'example_bash_operator' retrieved from /home/airflow/.local/lib/python3.12/site-packages/airflow/example_dags/example_bash_operator.py
[2024-12-13T17:31:30.744+0000] {logging_mixin.py:190} INFO - [2024-12-13T17:31:30.744+0000] {dag.py:3239} INFO - Sync 1 DAGs
[2024-12-13T17:31:30.765+0000] {logging_mixin.py:190} INFO - [2024-12-13T17:31:30.765+0000] {dag.py:4180} INFO - Setting next_dagrun for example_bash_operator to 2024-12-12 00:00:00+00:00, run_after=2024-12-13 00:00:00+00:00
[2024-12-13T17:31:30.782+0000] {processor.py:208} INFO - Processing /home/airflow/.local/lib/python3.12/site-packages/airflow/example_dags/example_bash_operator.py took 0.086 seconds
[2024-12-13T17:32:00.976+0000] {processor.py:186} INFO - Started process (PID=255) to work on /home/airflow/.local/lib/python3.12/site-packages/airflow/example_dags/example_bash_operator.py
[2024-12-13T17:32:00.977+0000] {processor.py:914} INFO - Processing file /home/airflow/.local/lib/python3.12/site-packages/airflow/example_dags/example_bash_operator.py for tasks to queue
[2024-12-13T17:32:00.980+0000] {logging_mixin.py:190} INFO - [2024-12-13T17:32:00.979+0000] {dagbag.py:588} INFO - Filling up the DagBag from /home/airflow/.local/lib/python3.12/site-packages/airflow/example_dags/example_bash_operator.py
[2024-12-13T17:32:00.995+0000] {processor.py:925} INFO - DAG(s) 'example_bash_operator' retrieved from /home/airflow/.local/lib/python3.12/site-packages/airflow/example_dags/example_bash_operator.py
[2024-12-13T17:32:01.026+0000] {logging_mixin.py:190} INFO - [2024-12-13T17:32:01.025+0000] {dag.py:3239} INFO - Sync 1 DAGs
[2024-12-13T17:32:01.052+0000] {logging_mixin.py:190} INFO - [2024-12-13T17:32:01.052+0000] {dag.py:4180} INFO - Setting next_dagrun for example_bash_operator to 2024-12-12 00:00:00+00:00, run_after=2024-12-13 00:00:00+00:00
[2024-12-13T17:32:01.072+0000] {processor.py:208} INFO - Processing /home/airflow/.local/lib/python3.12/site-packages/airflow/example_dags/example_bash_operator.py took 0.103 seconds
[2024-12-13T17:32:31.248+0000] {processor.py:186} INFO - Started process (PID=318) to work on /home/airflow/.local/lib/python3.12/site-packages/airflow/example_dags/example_bash_operator.py
[2024-12-13T17:32:31.249+0000] {processor.py:914} INFO - Processing file /home/airflow/.local/lib/python3.12/site-packages/airflow/example_dags/example_bash_operator.py for tasks to queue
[2024-12-13T17:32:31.252+0000] {logging_mixin.py:190} INFO - [2024-12-13T17:32:31.252+0000] {dagbag.py:588} INFO - Filling up the DagBag from /home/airflow/.local/lib/python3.12/site-packages/airflow/example_dags/example_bash_operator.py
[2024-12-13T17:32:31.265+0000] {processor.py:925} INFO - DAG(s) 'example_bash_operator' retrieved from /home/airflow/.local/lib/python3.12/site-packages/airflow/example_dags/example_bash_operator.py
[2024-12-13T17:32:31.291+0000] {logging_mixin.py:190} INFO - [2024-12-13T17:32:31.291+0000] {dag.py:3239} INFO - Sync 1 DAGs
[2024-12-13T17:32:31.317+0000] {logging_mixin.py:190} INFO - [2024-12-13T17:32:31.316+0000] {dag.py:4180} INFO - Setting next_dagrun for example_bash_operator to 2024-12-12 00:00:00+00:00, run_after=2024-12-13 00:00:00+00:00
[2024-12-13T17:32:31.334+0000] {processor.py:208} INFO - Processing /home/airflow/.local/lib/python3.12/site-packages/airflow/example_dags/example_bash_operator.py took 0.092 seconds
[2024-12-13T17:33:01.891+0000] {processor.py:186} INFO - Started process (PID=381) to work on /home/airflow/.local/lib/python3.12/site-packages/airflow/example_dags/example_bash_operator.py
[2024-12-13T17:33:01.892+0000] {processor.py:914} INFO - Processing file /home/airflow/.local/lib/python3.12/site-packages/airflow/example_dags/example_bash_operator.py for tasks to queue
[2024-12-13T17:33:01.894+0000] {logging_mixin.py:190} INFO - [2024-12-13T17:33:01.894+0000] {dagbag.py:588} INFO - Filling up the DagBag from /home/airflow/.local/lib/python3.12/site-packages/airflow/example_dags/example_bash_operator.py
[2024-12-13T17:33:01.906+0000] {processor.py:925} INFO - DAG(s) 'example_bash_operator' retrieved from /home/airflow/.local/lib/python3.12/site-packages/airflow/example_dags/example_bash_operator.py
[2024-12-13T17:33:01.932+0000] {logging_mixin.py:190} INFO - [2024-12-13T17:33:01.931+0000] {dag.py:3239} INFO - Sync 1 DAGs
[2024-12-13T17:33:01.954+0000] {logging_mixin.py:190} INFO - [2024-12-13T17:33:01.953+0000] {dag.py:4180} INFO - Setting next_dagrun for example_bash_operator to 2024-12-12 00:00:00+00:00, run_after=2024-12-13 00:00:00+00:00
[2024-12-13T17:33:01.970+0000] {processor.py:208} INFO - Processing /home/airflow/.local/lib/python3.12/site-packages/airflow/example_dags/example_bash_operator.py took 0.085 seconds
[2024-12-13T17:33:32.073+0000] {processor.py:186} INFO - Started process (PID=444) to work on /home/airflow/.local/lib/python3.12/site-packages/airflow/example_dags/example_bash_operator.py
[2024-12-13T17:33:32.074+0000] {processor.py:914} INFO - Processing file /home/airflow/.local/lib/python3.12/site-packages/airflow/example_dags/example_bash_operator.py for tasks to queue
[2024-12-13T17:33:32.078+0000] {logging_mixin.py:190} INFO - [2024-12-13T17:33:32.077+0000] {dagbag.py:588} INFO - Filling up the DagBag from /home/airflow/.local/lib/python3.12/site-packages/airflow/example_dags/example_bash_operator.py
[2024-12-13T17:33:32.094+0000] {processor.py:925} INFO - DAG(s) 'example_bash_operator' retrieved from /home/airflow/.local/lib/python3.12/site-packages/airflow/example_dags/example_bash_operator.py
[2024-12-13T17:33:32.124+0000] {logging_mixin.py:190} INFO - [2024-12-13T17:33:32.124+0000] {dag.py:3239} INFO - Sync 1 DAGs
[2024-12-13T17:33:32.147+0000] {logging_mixin.py:190} INFO - [2024-12-13T17:33:32.147+0000] {dag.py:4180} INFO - Setting next_dagrun for example_bash_operator to 2024-12-12 00:00:00+00:00, run_after=2024-12-13 00:00:00+00:00
[2024-12-13T17:33:32.164+0000] {processor.py:208} INFO - Processing /home/airflow/.local/lib/python3.12/site-packages/airflow/example_dags/example_bash_operator.py took 0.098 seconds
[2024-12-13T17:34:02.763+0000] {processor.py:186} INFO - Started process (PID=507) to work on /home/airflow/.local/lib/python3.12/site-packages/airflow/example_dags/example_bash_operator.py
[2024-12-13T17:34:02.764+0000] {processor.py:914} INFO - Processing file /home/airflow/.local/lib/python3.12/site-packages/airflow/example_dags/example_bash_operator.py for tasks to queue
[2024-12-13T17:34:02.767+0000] {logging_mixin.py:190} INFO - [2024-12-13T17:34:02.766+0000] {dagbag.py:588} INFO - Filling up the DagBag from /home/airflow/.local/lib/python3.12/site-packages/airflow/example_dags/example_bash_operator.py
[2024-12-13T17:34:02.781+0000] {processor.py:925} INFO - DAG(s) 'example_bash_operator' retrieved from /home/airflow/.local/lib/python3.12/site-packages/airflow/example_dags/example_bash_operator.py
[2024-12-13T17:34:02.809+0000] {logging_mixin.py:190} INFO - [2024-12-13T17:34:02.809+0000] {dag.py:3239} INFO - Sync 1 DAGs
[2024-12-13T17:34:02.831+0000] {logging_mixin.py:190} INFO - [2024-12-13T17:34:02.831+0000] {dag.py:4180} INFO - Setting next_dagrun for example_bash_operator to 2024-12-12 00:00:00+00:00, run_after=2024-12-13 00:00:00+00:00
[2024-12-13T17:34:02.847+0000] {processor.py:208} INFO - Processing /home/airflow/.local/lib/python3.12/site-packages/airflow/example_dags/example_bash_operator.py took 0.090 seconds
[2024-12-13T17:34:33.061+0000] {processor.py:186} INFO - Started process (PID=583) to work on /home/airflow/.local/lib/python3.12/site-packages/airflow/example_dags/example_bash_operator.py
[2024-12-13T17:34:33.062+0000] {processor.py:914} INFO - Processing file /home/airflow/.local/lib/python3.12/site-packages/airflow/example_dags/example_bash_operator.py for tasks to queue
[2024-12-13T17:34:33.065+0000] {logging_mixin.py:190} INFO - [2024-12-13T17:34:33.064+0000] {dagbag.py:588} INFO - Filling up the DagBag from /home/airflow/.local/lib/python3.12/site-packages/airflow/example_dags/example_bash_operator.py
[2024-12-13T17:34:33.077+0000] {processor.py:925} INFO - DAG(s) 'example_bash_operator' retrieved from /home/airflow/.local/lib/python3.12/site-packages/airflow/example_dags/example_bash_operator.py
[2024-12-13T17:34:33.106+0000] {logging_mixin.py:190} INFO - [2024-12-13T17:34:33.106+0000] {dag.py:3239} INFO - Sync 1 DAGs
[2024-12-13T17:34:33.131+0000] {logging_mixin.py:190} INFO - [2024-12-13T17:34:33.130+0000] {dag.py:4180} INFO - Setting next_dagrun for example_bash_operator to 2024-12-12 00:00:00+00:00, run_after=2024-12-13 00:00:00+00:00
[2024-12-13T17:34:33.149+0000] {processor.py:208} INFO - Processing /home/airflow/.local/lib/python3.12/site-packages/airflow/example_dags/example_bash_operator.py took 0.095 seconds
[2024-12-13T17:35:03.405+0000] {processor.py:186} INFO - Started process (PID=665) to work on /home/airflow/.local/lib/python3.12/site-packages/airflow/example_dags/example_bash_operator.py
[2024-12-13T17:35:03.406+0000] {processor.py:914} INFO - Processing file /home/airflow/.local/lib/python3.12/site-packages/airflow/example_dags/example_bash_operator.py for tasks to queue
[2024-12-13T17:35:03.409+0000] {logging_mixin.py:190} INFO - [2024-12-13T17:35:03.408+0000] {dagbag.py:588} INFO - Filling up the DagBag from /home/airflow/.local/lib/python3.12/site-packages/airflow/example_dags/example_bash_operator.py
[2024-12-13T17:35:03.423+0000] {processor.py:925} INFO - DAG(s) 'example_bash_operator' retrieved from /home/airflow/.local/lib/python3.12/site-packages/airflow/example_dags/example_bash_operator.py
[2024-12-13T17:35:03.452+0000] {logging_mixin.py:190} INFO - [2024-12-13T17:35:03.452+0000] {dag.py:3239} INFO - Sync 1 DAGs
[2024-12-13T17:35:03.477+0000] {logging_mixin.py:190} INFO - [2024-12-13T17:35:03.477+0000] {dag.py:4180} INFO - Setting next_dagrun for example_bash_operator to 2024-12-12 00:00:00+00:00, run_after=2024-12-13 00:00:00+00:00
[2024-12-13T17:35:03.496+0000] {processor.py:208} INFO - Processing /home/airflow/.local/lib/python3.12/site-packages/airflow/example_dags/example_bash_operator.py took 0.102 seconds
[2024-12-13T17:35:33.925+0000] {processor.py:186} INFO - Started process (PID=729) to work on /home/airflow/.local/lib/python3.12/site-packages/airflow/example_dags/example_bash_operator.py
[2024-12-13T17:35:33.926+0000] {processor.py:914} INFO - Processing file /home/airflow/.local/lib/python3.12/site-packages/airflow/example_dags/example_bash_operator.py for tasks to queue
[2024-12-13T17:35:33.928+0000] {logging_mixin.py:190} INFO - [2024-12-13T17:35:33.928+0000] {dagbag.py:588} INFO - Filling up the DagBag from /home/airflow/.local/lib/python3.12/site-packages/airflow/example_dags/example_bash_operator.py
[2024-12-13T17:35:33.944+0000] {processor.py:925} INFO - DAG(s) 'example_bash_operator' retrieved from /home/airflow/.local/lib/python3.12/site-packages/airflow/example_dags/example_bash_operator.py
[2024-12-13T17:35:33.975+0000] {logging_mixin.py:190} INFO - [2024-12-13T17:35:33.975+0000] {dag.py:3239} INFO - Sync 1 DAGs
[2024-12-13T17:35:34.000+0000] {logging_mixin.py:190} INFO - [2024-12-13T17:35:34.000+0000] {dag.py:4180} INFO - Setting next_dagrun for example_bash_operator to 2024-12-12 00:00:00+00:00, run_after=2024-12-13 00:00:00+00:00
[2024-12-13T17:35:34.018+0000] {processor.py:208} INFO - Processing /home/airflow/.local/lib/python3.12/site-packages/airflow/example_dags/example_bash_operator.py took 0.106 seconds
[2024-12-13T17:36:04.354+0000] {processor.py:186} INFO - Started process (PID=793) to work on /home/airflow/.local/lib/python3.12/site-packages/airflow/example_dags/example_bash_operator.py
[2024-12-13T17:36:04.355+0000] {processor.py:914} INFO - Processing file /home/airflow/.local/lib/python3.12/site-packages/airflow/example_dags/example_bash_operator.py for tasks to queue
[2024-12-13T17:36:04.358+0000] {logging_mixin.py:190} INFO - [2024-12-13T17:36:04.357+0000] {dagbag.py:588} INFO - Filling up the DagBag from /home/airflow/.local/lib/python3.12/site-packages/airflow/example_dags/example_bash_operator.py
[2024-12-13T17:36:04.370+0000] {processor.py:925} INFO - DAG(s) 'example_bash_operator' retrieved from /home/airflow/.local/lib/python3.12/site-packages/airflow/example_dags/example_bash_operator.py
[2024-12-13T17:36:04.396+0000] {logging_mixin.py:190} INFO - [2024-12-13T17:36:04.396+0000] {dag.py:3239} INFO - Sync 1 DAGs
[2024-12-13T17:36:04.417+0000] {logging_mixin.py:190} INFO - [2024-12-13T17:36:04.417+0000] {dag.py:4180} INFO - Setting next_dagrun for example_bash_operator to 2024-12-12 00:00:00+00:00, run_after=2024-12-13 00:00:00+00:00
[2024-12-13T17:36:04.434+0000] {processor.py:208} INFO - Processing /home/airflow/.local/lib/python3.12/site-packages/airflow/example_dags/example_bash_operator.py took 0.088 seconds
[2024-12-13T17:36:34.793+0000] {processor.py:186} INFO - Started process (PID=868) to work on /home/airflow/.local/lib/python3.12/site-packages/airflow/example_dags/example_bash_operator.py
[2024-12-13T17:36:34.794+0000] {processor.py:914} INFO - Processing file /home/airflow/.local/lib/python3.12/site-packages/airflow/example_dags/example_bash_operator.py for tasks to queue
[2024-12-13T17:36:34.797+0000] {logging_mixin.py:190} INFO - [2024-12-13T17:36:34.797+0000] {dagbag.py:588} INFO - Filling up the DagBag from /home/airflow/.local/lib/python3.12/site-packages/airflow/example_dags/example_bash_operator.py
[2024-12-13T17:36:34.815+0000] {processor.py:925} INFO - DAG(s) 'example_bash_operator' retrieved from /home/airflow/.local/lib/python3.12/site-packages/airflow/example_dags/example_bash_operator.py
[2024-12-13T17:36:34.851+0000] {logging_mixin.py:190} INFO - [2024-12-13T17:36:34.851+0000] {dag.py:3239} INFO - Sync 1 DAGs
[2024-12-13T17:36:34.889+0000] {logging_mixin.py:190} INFO - [2024-12-13T17:36:34.888+0000] {dag.py:4180} INFO - Setting next_dagrun for example_bash_operator to 2024-12-12 00:00:00+00:00, run_after=2024-12-13 00:00:00+00:00
[2024-12-13T17:36:34.923+0000] {processor.py:208} INFO - Processing /home/airflow/.local/lib/python3.12/site-packages/airflow/example_dags/example_bash_operator.py took 0.142 seconds
[2024-12-13T17:37:05.399+0000] {processor.py:186} INFO - Started process (PID=943) to work on /home/airflow/.local/lib/python3.12/site-packages/airflow/example_dags/example_bash_operator.py
[2024-12-13T17:37:05.400+0000] {processor.py:914} INFO - Processing file /home/airflow/.local/lib/python3.12/site-packages/airflow/example_dags/example_bash_operator.py for tasks to queue
[2024-12-13T17:37:05.402+0000] {logging_mixin.py:190} INFO - [2024-12-13T17:37:05.402+0000] {dagbag.py:588} INFO - Filling up the DagBag from /home/airflow/.local/lib/python3.12/site-packages/airflow/example_dags/example_bash_operator.py
[2024-12-13T17:37:05.414+0000] {processor.py:925} INFO - DAG(s) 'example_bash_operator' retrieved from /home/airflow/.local/lib/python3.12/site-packages/airflow/example_dags/example_bash_operator.py
[2024-12-13T17:37:05.440+0000] {logging_mixin.py:190} INFO - [2024-12-13T17:37:05.440+0000] {dag.py:3239} INFO - Sync 1 DAGs
[2024-12-13T17:37:05.463+0000] {logging_mixin.py:190} INFO - [2024-12-13T17:37:05.462+0000] {dag.py:4180} INFO - Setting next_dagrun for example_bash_operator to 2024-12-12 00:00:00+00:00, run_after=2024-12-13 00:00:00+00:00
[2024-12-13T17:37:05.479+0000] {processor.py:208} INFO - Processing /home/airflow/.local/lib/python3.12/site-packages/airflow/example_dags/example_bash_operator.py took 0.091 seconds
