[2024-12-13T17:30:37.055+0000] {processor.py:186} INFO - Started process (PID=118) to work on /home/airflow/.local/lib/python3.12/site-packages/airflow/example_dags/example_latest_only_with_trigger.py
[2024-12-13T17:30:37.056+0000] {processor.py:914} INFO - Processing file /home/airflow/.local/lib/python3.12/site-packages/airflow/example_dags/example_latest_only_with_trigger.py for tasks to queue
[2024-12-13T17:30:37.059+0000] {logging_mixin.py:190} INFO - [2024-12-13T17:30:37.059+0000] {dagbag.py:588} INFO - Filling up the DagBag from /home/airflow/.local/lib/python3.12/site-packages/airflow/example_dags/example_latest_only_with_trigger.py
[2024-12-13T17:30:37.066+0000] {processor.py:925} INFO - DAG(s) 'latest_only_with_trigger' retrieved from /home/airflow/.local/lib/python3.12/site-packages/airflow/example_dags/example_latest_only_with_trigger.py
[2024-12-13T17:30:37.086+0000] {logging_mixin.py:190} INFO - [2024-12-13T17:30:37.086+0000] {dag.py:3239} INFO - Sync 1 DAGs
[2024-12-13T17:30:37.109+0000] {logging_mixin.py:190} INFO - [2024-12-13T17:30:37.109+0000] {dag.py:4180} INFO - Setting next_dagrun for latest_only_with_trigger to 2024-12-13 12:00:00+00:00, run_after=2024-12-13 16:00:00+00:00
[2024-12-13T17:30:37.126+0000] {processor.py:208} INFO - Processing /home/airflow/.local/lib/python3.12/site-packages/airflow/example_dags/example_latest_only_with_trigger.py took 0.076 seconds
[2024-12-13T17:31:08.249+0000] {processor.py:186} INFO - Started process (PID=181) to work on /home/airflow/.local/lib/python3.12/site-packages/airflow/example_dags/example_latest_only_with_trigger.py
[2024-12-13T17:31:08.251+0000] {processor.py:914} INFO - Processing file /home/airflow/.local/lib/python3.12/site-packages/airflow/example_dags/example_latest_only_with_trigger.py for tasks to queue
[2024-12-13T17:31:08.253+0000] {logging_mixin.py:190} INFO - [2024-12-13T17:31:08.253+0000] {dagbag.py:588} INFO - Filling up the DagBag from /home/airflow/.local/lib/python3.12/site-packages/airflow/example_dags/example_latest_only_with_trigger.py
[2024-12-13T17:31:08.261+0000] {processor.py:925} INFO - DAG(s) 'latest_only_with_trigger' retrieved from /home/airflow/.local/lib/python3.12/site-packages/airflow/example_dags/example_latest_only_with_trigger.py
[2024-12-13T17:31:08.280+0000] {logging_mixin.py:190} INFO - [2024-12-13T17:31:08.280+0000] {dag.py:3239} INFO - Sync 1 DAGs
[2024-12-13T17:31:08.301+0000] {logging_mixin.py:190} INFO - [2024-12-13T17:31:08.301+0000] {dag.py:4180} INFO - Setting next_dagrun for latest_only_with_trigger to 2024-12-13 12:00:00+00:00, run_after=2024-12-13 16:00:00+00:00
[2024-12-13T17:31:08.317+0000] {processor.py:208} INFO - Processing /home/airflow/.local/lib/python3.12/site-packages/airflow/example_dags/example_latest_only_with_trigger.py took 0.073 seconds
[2024-12-13T17:31:39.561+0000] {processor.py:186} INFO - Started process (PID=244) to work on /home/airflow/.local/lib/python3.12/site-packages/airflow/example_dags/example_latest_only_with_trigger.py
[2024-12-13T17:31:39.562+0000] {processor.py:914} INFO - Processing file /home/airflow/.local/lib/python3.12/site-packages/airflow/example_dags/example_latest_only_with_trigger.py for tasks to queue
[2024-12-13T17:31:39.564+0000] {logging_mixin.py:190} INFO - [2024-12-13T17:31:39.564+0000] {dagbag.py:588} INFO - Filling up the DagBag from /home/airflow/.local/lib/python3.12/site-packages/airflow/example_dags/example_latest_only_with_trigger.py
[2024-12-13T17:31:39.571+0000] {processor.py:925} INFO - DAG(s) 'latest_only_with_trigger' retrieved from /home/airflow/.local/lib/python3.12/site-packages/airflow/example_dags/example_latest_only_with_trigger.py
[2024-12-13T17:31:39.588+0000] {logging_mixin.py:190} INFO - [2024-12-13T17:31:39.588+0000] {dag.py:3239} INFO - Sync 1 DAGs
[2024-12-13T17:31:39.608+0000] {logging_mixin.py:190} INFO - [2024-12-13T17:31:39.608+0000] {dag.py:4180} INFO - Setting next_dagrun for latest_only_with_trigger to 2024-12-13 12:00:00+00:00, run_after=2024-12-13 16:00:00+00:00
[2024-12-13T17:31:39.623+0000] {processor.py:208} INFO - Processing /home/airflow/.local/lib/python3.12/site-packages/airflow/example_dags/example_latest_only_with_trigger.py took 0.068 seconds
[2024-12-13T17:32:10.911+0000] {processor.py:186} INFO - Started process (PID=307) to work on /home/airflow/.local/lib/python3.12/site-packages/airflow/example_dags/example_latest_only_with_trigger.py
[2024-12-13T17:32:10.912+0000] {processor.py:914} INFO - Processing file /home/airflow/.local/lib/python3.12/site-packages/airflow/example_dags/example_latest_only_with_trigger.py for tasks to queue
[2024-12-13T17:32:10.914+0000] {logging_mixin.py:190} INFO - [2024-12-13T17:32:10.914+0000] {dagbag.py:588} INFO - Filling up the DagBag from /home/airflow/.local/lib/python3.12/site-packages/airflow/example_dags/example_latest_only_with_trigger.py
[2024-12-13T17:32:10.922+0000] {processor.py:925} INFO - DAG(s) 'latest_only_with_trigger' retrieved from /home/airflow/.local/lib/python3.12/site-packages/airflow/example_dags/example_latest_only_with_trigger.py
[2024-12-13T17:32:10.945+0000] {logging_mixin.py:190} INFO - [2024-12-13T17:32:10.945+0000] {dag.py:3239} INFO - Sync 1 DAGs
[2024-12-13T17:32:10.969+0000] {logging_mixin.py:190} INFO - [2024-12-13T17:32:10.969+0000] {dag.py:4180} INFO - Setting next_dagrun for latest_only_with_trigger to 2024-12-13 12:00:00+00:00, run_after=2024-12-13 16:00:00+00:00
[2024-12-13T17:32:10.989+0000] {processor.py:208} INFO - Processing /home/airflow/.local/lib/python3.12/site-packages/airflow/example_dags/example_latest_only_with_trigger.py took 0.083 seconds
[2024-12-13T17:32:42.011+0000] {processor.py:186} INFO - Started process (PID=370) to work on /home/airflow/.local/lib/python3.12/site-packages/airflow/example_dags/example_latest_only_with_trigger.py
[2024-12-13T17:32:42.012+0000] {processor.py:914} INFO - Processing file /home/airflow/.local/lib/python3.12/site-packages/airflow/example_dags/example_latest_only_with_trigger.py for tasks to queue
[2024-12-13T17:32:42.014+0000] {logging_mixin.py:190} INFO - [2024-12-13T17:32:42.014+0000] {dagbag.py:588} INFO - Filling up the DagBag from /home/airflow/.local/lib/python3.12/site-packages/airflow/example_dags/example_latest_only_with_trigger.py
[2024-12-13T17:32:42.021+0000] {processor.py:925} INFO - DAG(s) 'latest_only_with_trigger' retrieved from /home/airflow/.local/lib/python3.12/site-packages/airflow/example_dags/example_latest_only_with_trigger.py
[2024-12-13T17:32:42.039+0000] {logging_mixin.py:190} INFO - [2024-12-13T17:32:42.039+0000] {dag.py:3239} INFO - Sync 1 DAGs
[2024-12-13T17:32:42.059+0000] {logging_mixin.py:190} INFO - [2024-12-13T17:32:42.059+0000] {dag.py:4180} INFO - Setting next_dagrun for latest_only_with_trigger to 2024-12-13 12:00:00+00:00, run_after=2024-12-13 16:00:00+00:00
[2024-12-13T17:32:42.076+0000] {processor.py:208} INFO - Processing /home/airflow/.local/lib/python3.12/site-packages/airflow/example_dags/example_latest_only_with_trigger.py took 0.071 seconds
[2024-12-13T17:33:13.100+0000] {processor.py:186} INFO - Started process (PID=433) to work on /home/airflow/.local/lib/python3.12/site-packages/airflow/example_dags/example_latest_only_with_trigger.py
[2024-12-13T17:33:13.101+0000] {processor.py:914} INFO - Processing file /home/airflow/.local/lib/python3.12/site-packages/airflow/example_dags/example_latest_only_with_trigger.py for tasks to queue
[2024-12-13T17:33:13.104+0000] {logging_mixin.py:190} INFO - [2024-12-13T17:33:13.103+0000] {dagbag.py:588} INFO - Filling up the DagBag from /home/airflow/.local/lib/python3.12/site-packages/airflow/example_dags/example_latest_only_with_trigger.py
[2024-12-13T17:33:13.110+0000] {processor.py:925} INFO - DAG(s) 'latest_only_with_trigger' retrieved from /home/airflow/.local/lib/python3.12/site-packages/airflow/example_dags/example_latest_only_with_trigger.py
[2024-12-13T17:33:13.129+0000] {logging_mixin.py:190} INFO - [2024-12-13T17:33:13.129+0000] {dag.py:3239} INFO - Sync 1 DAGs
[2024-12-13T17:33:13.150+0000] {logging_mixin.py:190} INFO - [2024-12-13T17:33:13.150+0000] {dag.py:4180} INFO - Setting next_dagrun for latest_only_with_trigger to 2024-12-13 12:00:00+00:00, run_after=2024-12-13 16:00:00+00:00
[2024-12-13T17:33:13.166+0000] {processor.py:208} INFO - Processing /home/airflow/.local/lib/python3.12/site-packages/airflow/example_dags/example_latest_only_with_trigger.py took 0.071 seconds
[2024-12-13T17:33:43.684+0000] {processor.py:186} INFO - Started process (PID=496) to work on /home/airflow/.local/lib/python3.12/site-packages/airflow/example_dags/example_latest_only_with_trigger.py
[2024-12-13T17:33:43.684+0000] {processor.py:914} INFO - Processing file /home/airflow/.local/lib/python3.12/site-packages/airflow/example_dags/example_latest_only_with_trigger.py for tasks to queue
[2024-12-13T17:33:43.686+0000] {logging_mixin.py:190} INFO - [2024-12-13T17:33:43.686+0000] {dagbag.py:588} INFO - Filling up the DagBag from /home/airflow/.local/lib/python3.12/site-packages/airflow/example_dags/example_latest_only_with_trigger.py
[2024-12-13T17:33:43.693+0000] {processor.py:925} INFO - DAG(s) 'latest_only_with_trigger' retrieved from /home/airflow/.local/lib/python3.12/site-packages/airflow/example_dags/example_latest_only_with_trigger.py
[2024-12-13T17:33:43.714+0000] {logging_mixin.py:190} INFO - [2024-12-13T17:33:43.713+0000] {dag.py:3239} INFO - Sync 1 DAGs
[2024-12-13T17:33:43.737+0000] {logging_mixin.py:190} INFO - [2024-12-13T17:33:43.736+0000] {dag.py:4180} INFO - Setting next_dagrun for latest_only_with_trigger to 2024-12-13 12:00:00+00:00, run_after=2024-12-13 16:00:00+00:00
[2024-12-13T17:33:43.758+0000] {processor.py:208} INFO - Processing /home/airflow/.local/lib/python3.12/site-packages/airflow/example_dags/example_latest_only_with_trigger.py took 0.080 seconds
[2024-12-13T17:34:14.667+0000] {processor.py:186} INFO - Started process (PID=559) to work on /home/airflow/.local/lib/python3.12/site-packages/airflow/example_dags/example_latest_only_with_trigger.py
[2024-12-13T17:34:14.668+0000] {processor.py:914} INFO - Processing file /home/airflow/.local/lib/python3.12/site-packages/airflow/example_dags/example_latest_only_with_trigger.py for tasks to queue
[2024-12-13T17:34:14.670+0000] {logging_mixin.py:190} INFO - [2024-12-13T17:34:14.670+0000] {dagbag.py:588} INFO - Filling up the DagBag from /home/airflow/.local/lib/python3.12/site-packages/airflow/example_dags/example_latest_only_with_trigger.py
[2024-12-13T17:34:14.677+0000] {processor.py:925} INFO - DAG(s) 'latest_only_with_trigger' retrieved from /home/airflow/.local/lib/python3.12/site-packages/airflow/example_dags/example_latest_only_with_trigger.py
[2024-12-13T17:34:14.695+0000] {logging_mixin.py:190} INFO - [2024-12-13T17:34:14.695+0000] {dag.py:3239} INFO - Sync 1 DAGs
[2024-12-13T17:34:14.715+0000] {logging_mixin.py:190} INFO - [2024-12-13T17:34:14.715+0000] {dag.py:4180} INFO - Setting next_dagrun for latest_only_with_trigger to 2024-12-13 12:00:00+00:00, run_after=2024-12-13 16:00:00+00:00
[2024-12-13T17:34:14.731+0000] {processor.py:208} INFO - Processing /home/airflow/.local/lib/python3.12/site-packages/airflow/example_dags/example_latest_only_with_trigger.py took 0.070 seconds
[2024-12-13T17:34:45.638+0000] {processor.py:186} INFO - Started process (PID=635) to work on /home/airflow/.local/lib/python3.12/site-packages/airflow/example_dags/example_latest_only_with_trigger.py
[2024-12-13T17:34:45.641+0000] {processor.py:914} INFO - Processing file /home/airflow/.local/lib/python3.12/site-packages/airflow/example_dags/example_latest_only_with_trigger.py for tasks to queue
[2024-12-13T17:34:45.644+0000] {logging_mixin.py:190} INFO - [2024-12-13T17:34:45.644+0000] {dagbag.py:588} INFO - Filling up the DagBag from /home/airflow/.local/lib/python3.12/site-packages/airflow/example_dags/example_latest_only_with_trigger.py
[2024-12-13T17:34:45.652+0000] {processor.py:925} INFO - DAG(s) 'latest_only_with_trigger' retrieved from /home/airflow/.local/lib/python3.12/site-packages/airflow/example_dags/example_latest_only_with_trigger.py
[2024-12-13T17:34:45.674+0000] {logging_mixin.py:190} INFO - [2024-12-13T17:34:45.673+0000] {dag.py:3239} INFO - Sync 1 DAGs
[2024-12-13T17:34:45.697+0000] {logging_mixin.py:190} INFO - [2024-12-13T17:34:45.697+0000] {dag.py:4180} INFO - Setting next_dagrun for latest_only_with_trigger to 2024-12-13 12:00:00+00:00, run_after=2024-12-13 16:00:00+00:00
[2024-12-13T17:34:45.717+0000] {processor.py:208} INFO - Processing /home/airflow/.local/lib/python3.12/site-packages/airflow/example_dags/example_latest_only_with_trigger.py took 0.086 seconds
[2024-12-13T17:35:17.217+0000] {processor.py:186} INFO - Started process (PID=717) to work on /home/airflow/.local/lib/python3.12/site-packages/airflow/example_dags/example_latest_only_with_trigger.py
[2024-12-13T17:35:17.218+0000] {processor.py:914} INFO - Processing file /home/airflow/.local/lib/python3.12/site-packages/airflow/example_dags/example_latest_only_with_trigger.py for tasks to queue
[2024-12-13T17:35:17.220+0000] {logging_mixin.py:190} INFO - [2024-12-13T17:35:17.220+0000] {dagbag.py:588} INFO - Filling up the DagBag from /home/airflow/.local/lib/python3.12/site-packages/airflow/example_dags/example_latest_only_with_trigger.py
[2024-12-13T17:35:17.226+0000] {processor.py:925} INFO - DAG(s) 'latest_only_with_trigger' retrieved from /home/airflow/.local/lib/python3.12/site-packages/airflow/example_dags/example_latest_only_with_trigger.py
[2024-12-13T17:35:17.244+0000] {logging_mixin.py:190} INFO - [2024-12-13T17:35:17.244+0000] {dag.py:3239} INFO - Sync 1 DAGs
[2024-12-13T17:35:17.264+0000] {logging_mixin.py:190} INFO - [2024-12-13T17:35:17.264+0000] {dag.py:4180} INFO - Setting next_dagrun for latest_only_with_trigger to 2024-12-13 12:00:00+00:00, run_after=2024-12-13 16:00:00+00:00
[2024-12-13T17:35:17.280+0000] {processor.py:208} INFO - Processing /home/airflow/.local/lib/python3.12/site-packages/airflow/example_dags/example_latest_only_with_trigger.py took 0.071 seconds
[2024-12-13T17:35:48.796+0000] {processor.py:186} INFO - Started process (PID=781) to work on /home/airflow/.local/lib/python3.12/site-packages/airflow/example_dags/example_latest_only_with_trigger.py
[2024-12-13T17:35:48.797+0000] {processor.py:914} INFO - Processing file /home/airflow/.local/lib/python3.12/site-packages/airflow/example_dags/example_latest_only_with_trigger.py for tasks to queue
[2024-12-13T17:35:48.800+0000] {logging_mixin.py:190} INFO - [2024-12-13T17:35:48.800+0000] {dagbag.py:588} INFO - Filling up the DagBag from /home/airflow/.local/lib/python3.12/site-packages/airflow/example_dags/example_latest_only_with_trigger.py
[2024-12-13T17:35:48.807+0000] {processor.py:925} INFO - DAG(s) 'latest_only_with_trigger' retrieved from /home/airflow/.local/lib/python3.12/site-packages/airflow/example_dags/example_latest_only_with_trigger.py
[2024-12-13T17:35:48.826+0000] {logging_mixin.py:190} INFO - [2024-12-13T17:35:48.826+0000] {dag.py:3239} INFO - Sync 1 DAGs
[2024-12-13T17:35:48.849+0000] {logging_mixin.py:190} INFO - [2024-12-13T17:35:48.849+0000] {dag.py:4180} INFO - Setting next_dagrun for latest_only_with_trigger to 2024-12-13 12:00:00+00:00, run_after=2024-12-13 16:00:00+00:00
[2024-12-13T17:35:48.868+0000] {processor.py:208} INFO - Processing /home/airflow/.local/lib/python3.12/site-packages/airflow/example_dags/example_latest_only_with_trigger.py took 0.081 seconds
[2024-12-13T17:36:20.252+0000] {processor.py:186} INFO - Started process (PID=845) to work on /home/airflow/.local/lib/python3.12/site-packages/airflow/example_dags/example_latest_only_with_trigger.py
[2024-12-13T17:36:20.253+0000] {processor.py:914} INFO - Processing file /home/airflow/.local/lib/python3.12/site-packages/airflow/example_dags/example_latest_only_with_trigger.py for tasks to queue
[2024-12-13T17:36:20.256+0000] {logging_mixin.py:190} INFO - [2024-12-13T17:36:20.255+0000] {dagbag.py:588} INFO - Filling up the DagBag from /home/airflow/.local/lib/python3.12/site-packages/airflow/example_dags/example_latest_only_with_trigger.py
[2024-12-13T17:36:20.262+0000] {processor.py:925} INFO - DAG(s) 'latest_only_with_trigger' retrieved from /home/airflow/.local/lib/python3.12/site-packages/airflow/example_dags/example_latest_only_with_trigger.py
[2024-12-13T17:36:20.282+0000] {logging_mixin.py:190} INFO - [2024-12-13T17:36:20.281+0000] {dag.py:3239} INFO - Sync 1 DAGs
[2024-12-13T17:36:20.303+0000] {logging_mixin.py:190} INFO - [2024-12-13T17:36:20.302+0000] {dag.py:4180} INFO - Setting next_dagrun for latest_only_with_trigger to 2024-12-13 12:00:00+00:00, run_after=2024-12-13 16:00:00+00:00
[2024-12-13T17:36:20.320+0000] {processor.py:208} INFO - Processing /home/airflow/.local/lib/python3.12/site-packages/airflow/example_dags/example_latest_only_with_trigger.py took 0.078 seconds
[2024-12-13T17:36:51.054+0000] {processor.py:186} INFO - Started process (PID=920) to work on /home/airflow/.local/lib/python3.12/site-packages/airflow/example_dags/example_latest_only_with_trigger.py
[2024-12-13T17:36:51.055+0000] {processor.py:914} INFO - Processing file /home/airflow/.local/lib/python3.12/site-packages/airflow/example_dags/example_latest_only_with_trigger.py for tasks to queue
[2024-12-13T17:36:51.057+0000] {logging_mixin.py:190} INFO - [2024-12-13T17:36:51.057+0000] {dagbag.py:588} INFO - Filling up the DagBag from /home/airflow/.local/lib/python3.12/site-packages/airflow/example_dags/example_latest_only_with_trigger.py
[2024-12-13T17:36:51.065+0000] {processor.py:925} INFO - DAG(s) 'latest_only_with_trigger' retrieved from /home/airflow/.local/lib/python3.12/site-packages/airflow/example_dags/example_latest_only_with_trigger.py
[2024-12-13T17:36:51.084+0000] {logging_mixin.py:190} INFO - [2024-12-13T17:36:51.084+0000] {dag.py:3239} INFO - Sync 1 DAGs
[2024-12-13T17:36:51.107+0000] {logging_mixin.py:190} INFO - [2024-12-13T17:36:51.106+0000] {dag.py:4180} INFO - Setting next_dagrun for latest_only_with_trigger to 2024-12-13 12:00:00+00:00, run_after=2024-12-13 16:00:00+00:00
[2024-12-13T17:36:51.125+0000] {processor.py:208} INFO - Processing /home/airflow/.local/lib/python3.12/site-packages/airflow/example_dags/example_latest_only_with_trigger.py took 0.081 seconds
[2024-12-13T17:37:22.087+0000] {processor.py:186} INFO - Started process (PID=995) to work on /home/airflow/.local/lib/python3.12/site-packages/airflow/example_dags/example_latest_only_with_trigger.py
[2024-12-13T17:37:22.088+0000] {processor.py:914} INFO - Processing file /home/airflow/.local/lib/python3.12/site-packages/airflow/example_dags/example_latest_only_with_trigger.py for tasks to queue
[2024-12-13T17:37:22.091+0000] {logging_mixin.py:190} INFO - [2024-12-13T17:37:22.090+0000] {dagbag.py:588} INFO - Filling up the DagBag from /home/airflow/.local/lib/python3.12/site-packages/airflow/example_dags/example_latest_only_with_trigger.py
[2024-12-13T17:37:22.098+0000] {processor.py:925} INFO - DAG(s) 'latest_only_with_trigger' retrieved from /home/airflow/.local/lib/python3.12/site-packages/airflow/example_dags/example_latest_only_with_trigger.py
[2024-12-13T17:37:22.116+0000] {logging_mixin.py:190} INFO - [2024-12-13T17:37:22.116+0000] {dag.py:3239} INFO - Sync 1 DAGs
[2024-12-13T17:37:22.148+0000] {logging_mixin.py:190} INFO - [2024-12-13T17:37:22.147+0000] {dag.py:4180} INFO - Setting next_dagrun for latest_only_with_trigger to 2024-12-13 12:00:00+00:00, run_after=2024-12-13 16:00:00+00:00
[2024-12-13T17:37:22.167+0000] {processor.py:208} INFO - Processing /home/airflow/.local/lib/python3.12/site-packages/airflow/example_dags/example_latest_only_with_trigger.py took 0.090 seconds
