[2024-12-13T17:30:31.428+0000] {processor.py:186} INFO - Started process (PID=72) to work on /home/airflow/.local/lib/python3.12/site-packages/airflow/example_dags/example_complex.py
[2024-12-13T17:30:31.429+0000] {processor.py:914} INFO - Processing file /home/airflow/.local/lib/python3.12/site-packages/airflow/example_dags/example_complex.py for tasks to queue
[2024-12-13T17:30:31.432+0000] {logging_mixin.py:190} INFO - [2024-12-13T17:30:31.431+0000] {dagbag.py:588} INFO - Filling up the DagBag from /home/airflow/.local/lib/python3.12/site-packages/airflow/example_dags/example_complex.py
[2024-12-13T17:30:31.445+0000] {processor.py:925} INFO - DAG(s) 'example_complex' retrieved from /home/airflow/.local/lib/python3.12/site-packages/airflow/example_dags/example_complex.py
[2024-12-13T17:30:31.487+0000] {logging_mixin.py:190} INFO - [2024-12-13T17:30:31.487+0000] {dag.py:3239} INFO - Sync 1 DAGs
[2024-12-13T17:30:31.502+0000] {logging_mixin.py:190} INFO - [2024-12-13T17:30:31.502+0000] {dag.py:4180} INFO - Setting next_dagrun for example_complex to None, run_after=None
[2024-12-13T17:30:31.520+0000] {processor.py:208} INFO - Processing /home/airflow/.local/lib/python3.12/site-packages/airflow/example_dags/example_complex.py took 0.099 seconds
[2024-12-13T17:31:01.942+0000] {processor.py:186} INFO - Started process (PID=136) to work on /home/airflow/.local/lib/python3.12/site-packages/airflow/example_dags/example_complex.py
[2024-12-13T17:31:01.943+0000] {processor.py:914} INFO - Processing file /home/airflow/.local/lib/python3.12/site-packages/airflow/example_dags/example_complex.py for tasks to queue
[2024-12-13T17:31:01.945+0000] {logging_mixin.py:190} INFO - [2024-12-13T17:31:01.945+0000] {dagbag.py:588} INFO - Filling up the DagBag from /home/airflow/.local/lib/python3.12/site-packages/airflow/example_dags/example_complex.py
[2024-12-13T17:31:01.957+0000] {processor.py:925} INFO - DAG(s) 'example_complex' retrieved from /home/airflow/.local/lib/python3.12/site-packages/airflow/example_dags/example_complex.py
[2024-12-13T17:31:01.988+0000] {logging_mixin.py:190} INFO - [2024-12-13T17:31:01.988+0000] {dag.py:3239} INFO - Sync 1 DAGs
[2024-12-13T17:31:02.002+0000] {logging_mixin.py:190} INFO - [2024-12-13T17:31:02.002+0000] {dag.py:4180} INFO - Setting next_dagrun for example_complex to None, run_after=None
[2024-12-13T17:31:02.018+0000] {processor.py:208} INFO - Processing /home/airflow/.local/lib/python3.12/site-packages/airflow/example_dags/example_complex.py took 0.083 seconds
[2024-12-13T17:31:32.197+0000] {processor.py:186} INFO - Started process (PID=199) to work on /home/airflow/.local/lib/python3.12/site-packages/airflow/example_dags/example_complex.py
[2024-12-13T17:31:32.198+0000] {processor.py:914} INFO - Processing file /home/airflow/.local/lib/python3.12/site-packages/airflow/example_dags/example_complex.py for tasks to queue
[2024-12-13T17:31:32.201+0000] {logging_mixin.py:190} INFO - [2024-12-13T17:31:32.200+0000] {dagbag.py:588} INFO - Filling up the DagBag from /home/airflow/.local/lib/python3.12/site-packages/airflow/example_dags/example_complex.py
[2024-12-13T17:31:32.213+0000] {processor.py:925} INFO - DAG(s) 'example_complex' retrieved from /home/airflow/.local/lib/python3.12/site-packages/airflow/example_dags/example_complex.py
[2024-12-13T17:31:32.246+0000] {logging_mixin.py:190} INFO - [2024-12-13T17:31:32.245+0000] {dag.py:3239} INFO - Sync 1 DAGs
[2024-12-13T17:31:32.260+0000] {logging_mixin.py:190} INFO - [2024-12-13T17:31:32.260+0000] {dag.py:4180} INFO - Setting next_dagrun for example_complex to None, run_after=None
[2024-12-13T17:31:32.279+0000] {processor.py:208} INFO - Processing /home/airflow/.local/lib/python3.12/site-packages/airflow/example_dags/example_complex.py took 0.088 seconds
[2024-12-13T17:32:02.445+0000] {processor.py:186} INFO - Started process (PID=262) to work on /home/airflow/.local/lib/python3.12/site-packages/airflow/example_dags/example_complex.py
[2024-12-13T17:32:02.446+0000] {processor.py:914} INFO - Processing file /home/airflow/.local/lib/python3.12/site-packages/airflow/example_dags/example_complex.py for tasks to queue
[2024-12-13T17:32:02.448+0000] {logging_mixin.py:190} INFO - [2024-12-13T17:32:02.448+0000] {dagbag.py:588} INFO - Filling up the DagBag from /home/airflow/.local/lib/python3.12/site-packages/airflow/example_dags/example_complex.py
[2024-12-13T17:32:02.460+0000] {processor.py:925} INFO - DAG(s) 'example_complex' retrieved from /home/airflow/.local/lib/python3.12/site-packages/airflow/example_dags/example_complex.py
[2024-12-13T17:32:02.490+0000] {logging_mixin.py:190} INFO - [2024-12-13T17:32:02.490+0000] {dag.py:3239} INFO - Sync 1 DAGs
[2024-12-13T17:32:02.503+0000] {logging_mixin.py:190} INFO - [2024-12-13T17:32:02.503+0000] {dag.py:4180} INFO - Setting next_dagrun for example_complex to None, run_after=None
[2024-12-13T17:32:02.518+0000] {processor.py:208} INFO - Processing /home/airflow/.local/lib/python3.12/site-packages/airflow/example_dags/example_complex.py took 0.079 seconds
[2024-12-13T17:32:32.614+0000] {processor.py:186} INFO - Started process (PID=325) to work on /home/airflow/.local/lib/python3.12/site-packages/airflow/example_dags/example_complex.py
[2024-12-13T17:32:32.615+0000] {processor.py:914} INFO - Processing file /home/airflow/.local/lib/python3.12/site-packages/airflow/example_dags/example_complex.py for tasks to queue
[2024-12-13T17:32:32.617+0000] {logging_mixin.py:190} INFO - [2024-12-13T17:32:32.617+0000] {dagbag.py:588} INFO - Filling up the DagBag from /home/airflow/.local/lib/python3.12/site-packages/airflow/example_dags/example_complex.py
[2024-12-13T17:32:32.629+0000] {processor.py:925} INFO - DAG(s) 'example_complex' retrieved from /home/airflow/.local/lib/python3.12/site-packages/airflow/example_dags/example_complex.py
[2024-12-13T17:32:32.663+0000] {logging_mixin.py:190} INFO - [2024-12-13T17:32:32.663+0000] {dag.py:3239} INFO - Sync 1 DAGs
[2024-12-13T17:32:32.678+0000] {logging_mixin.py:190} INFO - [2024-12-13T17:32:32.678+0000] {dag.py:4180} INFO - Setting next_dagrun for example_complex to None, run_after=None
[2024-12-13T17:32:32.696+0000] {processor.py:208} INFO - Processing /home/airflow/.local/lib/python3.12/site-packages/airflow/example_dags/example_complex.py took 0.088 seconds
[2024-12-13T17:33:03.266+0000] {processor.py:186} INFO - Started process (PID=388) to work on /home/airflow/.local/lib/python3.12/site-packages/airflow/example_dags/example_complex.py
[2024-12-13T17:33:03.267+0000] {processor.py:914} INFO - Processing file /home/airflow/.local/lib/python3.12/site-packages/airflow/example_dags/example_complex.py for tasks to queue
[2024-12-13T17:33:03.269+0000] {logging_mixin.py:190} INFO - [2024-12-13T17:33:03.269+0000] {dagbag.py:588} INFO - Filling up the DagBag from /home/airflow/.local/lib/python3.12/site-packages/airflow/example_dags/example_complex.py
[2024-12-13T17:33:03.280+0000] {processor.py:925} INFO - DAG(s) 'example_complex' retrieved from /home/airflow/.local/lib/python3.12/site-packages/airflow/example_dags/example_complex.py
[2024-12-13T17:33:03.309+0000] {logging_mixin.py:190} INFO - [2024-12-13T17:33:03.309+0000] {dag.py:3239} INFO - Sync 1 DAGs
[2024-12-13T17:33:03.322+0000] {logging_mixin.py:190} INFO - [2024-12-13T17:33:03.322+0000] {dag.py:4180} INFO - Setting next_dagrun for example_complex to None, run_after=None
[2024-12-13T17:33:03.337+0000] {processor.py:208} INFO - Processing /home/airflow/.local/lib/python3.12/site-packages/airflow/example_dags/example_complex.py took 0.077 seconds
[2024-12-13T17:33:33.442+0000] {processor.py:186} INFO - Started process (PID=451) to work on /home/airflow/.local/lib/python3.12/site-packages/airflow/example_dags/example_complex.py
[2024-12-13T17:33:33.443+0000] {processor.py:914} INFO - Processing file /home/airflow/.local/lib/python3.12/site-packages/airflow/example_dags/example_complex.py for tasks to queue
[2024-12-13T17:33:33.446+0000] {logging_mixin.py:190} INFO - [2024-12-13T17:33:33.445+0000] {dagbag.py:588} INFO - Filling up the DagBag from /home/airflow/.local/lib/python3.12/site-packages/airflow/example_dags/example_complex.py
[2024-12-13T17:33:33.457+0000] {processor.py:925} INFO - DAG(s) 'example_complex' retrieved from /home/airflow/.local/lib/python3.12/site-packages/airflow/example_dags/example_complex.py
[2024-12-13T17:33:33.490+0000] {logging_mixin.py:190} INFO - [2024-12-13T17:33:33.490+0000] {dag.py:3239} INFO - Sync 1 DAGs
[2024-12-13T17:33:33.503+0000] {logging_mixin.py:190} INFO - [2024-12-13T17:33:33.503+0000] {dag.py:4180} INFO - Setting next_dagrun for example_complex to None, run_after=None
[2024-12-13T17:33:33.519+0000] {processor.py:208} INFO - Processing /home/airflow/.local/lib/python3.12/site-packages/airflow/example_dags/example_complex.py took 0.083 seconds
[2024-12-13T17:34:04.144+0000] {processor.py:186} INFO - Started process (PID=514) to work on /home/airflow/.local/lib/python3.12/site-packages/airflow/example_dags/example_complex.py
[2024-12-13T17:34:04.145+0000] {processor.py:914} INFO - Processing file /home/airflow/.local/lib/python3.12/site-packages/airflow/example_dags/example_complex.py for tasks to queue
[2024-12-13T17:34:04.148+0000] {logging_mixin.py:190} INFO - [2024-12-13T17:34:04.147+0000] {dagbag.py:588} INFO - Filling up the DagBag from /home/airflow/.local/lib/python3.12/site-packages/airflow/example_dags/example_complex.py
[2024-12-13T17:34:04.160+0000] {processor.py:925} INFO - DAG(s) 'example_complex' retrieved from /home/airflow/.local/lib/python3.12/site-packages/airflow/example_dags/example_complex.py
[2024-12-13T17:34:04.191+0000] {logging_mixin.py:190} INFO - [2024-12-13T17:34:04.191+0000] {dag.py:3239} INFO - Sync 1 DAGs
[2024-12-13T17:34:04.206+0000] {logging_mixin.py:190} INFO - [2024-12-13T17:34:04.205+0000] {dag.py:4180} INFO - Setting next_dagrun for example_complex to None, run_after=None
[2024-12-13T17:34:04.223+0000] {processor.py:208} INFO - Processing /home/airflow/.local/lib/python3.12/site-packages/airflow/example_dags/example_complex.py took 0.085 seconds
[2024-12-13T17:34:34.420+0000] {processor.py:186} INFO - Started process (PID=590) to work on /home/airflow/.local/lib/python3.12/site-packages/airflow/example_dags/example_complex.py
[2024-12-13T17:34:34.421+0000] {processor.py:914} INFO - Processing file /home/airflow/.local/lib/python3.12/site-packages/airflow/example_dags/example_complex.py for tasks to queue
[2024-12-13T17:34:34.423+0000] {logging_mixin.py:190} INFO - [2024-12-13T17:34:34.423+0000] {dagbag.py:588} INFO - Filling up the DagBag from /home/airflow/.local/lib/python3.12/site-packages/airflow/example_dags/example_complex.py
[2024-12-13T17:34:34.434+0000] {processor.py:925} INFO - DAG(s) 'example_complex' retrieved from /home/airflow/.local/lib/python3.12/site-packages/airflow/example_dags/example_complex.py
[2024-12-13T17:34:34.464+0000] {logging_mixin.py:190} INFO - [2024-12-13T17:34:34.464+0000] {dag.py:3239} INFO - Sync 1 DAGs
[2024-12-13T17:34:34.477+0000] {logging_mixin.py:190} INFO - [2024-12-13T17:34:34.477+0000] {dag.py:4180} INFO - Setting next_dagrun for example_complex to None, run_after=None
[2024-12-13T17:34:34.492+0000] {processor.py:208} INFO - Processing /home/airflow/.local/lib/python3.12/site-packages/airflow/example_dags/example_complex.py took 0.077 seconds
[2024-12-13T17:35:04.776+0000] {processor.py:186} INFO - Started process (PID=672) to work on /home/airflow/.local/lib/python3.12/site-packages/airflow/example_dags/example_complex.py
[2024-12-13T17:35:04.777+0000] {processor.py:914} INFO - Processing file /home/airflow/.local/lib/python3.12/site-packages/airflow/example_dags/example_complex.py for tasks to queue
[2024-12-13T17:35:04.779+0000] {logging_mixin.py:190} INFO - [2024-12-13T17:35:04.779+0000] {dagbag.py:588} INFO - Filling up the DagBag from /home/airflow/.local/lib/python3.12/site-packages/airflow/example_dags/example_complex.py
[2024-12-13T17:35:04.790+0000] {processor.py:925} INFO - DAG(s) 'example_complex' retrieved from /home/airflow/.local/lib/python3.12/site-packages/airflow/example_dags/example_complex.py
[2024-12-13T17:35:04.820+0000] {logging_mixin.py:190} INFO - [2024-12-13T17:35:04.820+0000] {dag.py:3239} INFO - Sync 1 DAGs
[2024-12-13T17:35:04.834+0000] {logging_mixin.py:190} INFO - [2024-12-13T17:35:04.834+0000] {dag.py:4180} INFO - Setting next_dagrun for example_complex to None, run_after=None
[2024-12-13T17:35:04.850+0000] {processor.py:208} INFO - Processing /home/airflow/.local/lib/python3.12/site-packages/airflow/example_dags/example_complex.py took 0.083 seconds
[2024-12-13T17:35:35.338+0000] {processor.py:186} INFO - Started process (PID=736) to work on /home/airflow/.local/lib/python3.12/site-packages/airflow/example_dags/example_complex.py
[2024-12-13T17:35:35.339+0000] {processor.py:914} INFO - Processing file /home/airflow/.local/lib/python3.12/site-packages/airflow/example_dags/example_complex.py for tasks to queue
[2024-12-13T17:35:35.342+0000] {logging_mixin.py:190} INFO - [2024-12-13T17:35:35.341+0000] {dagbag.py:588} INFO - Filling up the DagBag from /home/airflow/.local/lib/python3.12/site-packages/airflow/example_dags/example_complex.py
[2024-12-13T17:35:35.354+0000] {processor.py:925} INFO - DAG(s) 'example_complex' retrieved from /home/airflow/.local/lib/python3.12/site-packages/airflow/example_dags/example_complex.py
[2024-12-13T17:35:35.390+0000] {logging_mixin.py:190} INFO - [2024-12-13T17:35:35.390+0000] {dag.py:3239} INFO - Sync 1 DAGs
[2024-12-13T17:35:35.406+0000] {logging_mixin.py:190} INFO - [2024-12-13T17:35:35.406+0000] {dag.py:4180} INFO - Setting next_dagrun for example_complex to None, run_after=None
[2024-12-13T17:35:35.425+0000] {processor.py:208} INFO - Processing /home/airflow/.local/lib/python3.12/site-packages/airflow/example_dags/example_complex.py took 0.097 seconds
[2024-12-13T17:36:05.721+0000] {processor.py:186} INFO - Started process (PID=800) to work on /home/airflow/.local/lib/python3.12/site-packages/airflow/example_dags/example_complex.py
[2024-12-13T17:36:05.722+0000] {processor.py:914} INFO - Processing file /home/airflow/.local/lib/python3.12/site-packages/airflow/example_dags/example_complex.py for tasks to queue
[2024-12-13T17:36:05.724+0000] {logging_mixin.py:190} INFO - [2024-12-13T17:36:05.724+0000] {dagbag.py:588} INFO - Filling up the DagBag from /home/airflow/.local/lib/python3.12/site-packages/airflow/example_dags/example_complex.py
[2024-12-13T17:36:05.736+0000] {processor.py:925} INFO - DAG(s) 'example_complex' retrieved from /home/airflow/.local/lib/python3.12/site-packages/airflow/example_dags/example_complex.py
[2024-12-13T17:36:05.767+0000] {logging_mixin.py:190} INFO - [2024-12-13T17:36:05.766+0000] {dag.py:3239} INFO - Sync 1 DAGs
[2024-12-13T17:36:05.780+0000] {logging_mixin.py:190} INFO - [2024-12-13T17:36:05.779+0000] {dag.py:4180} INFO - Setting next_dagrun for example_complex to None, run_after=None
[2024-12-13T17:36:05.796+0000] {processor.py:208} INFO - Processing /home/airflow/.local/lib/python3.12/site-packages/airflow/example_dags/example_complex.py took 0.083 seconds
[2024-12-13T17:36:36.328+0000] {processor.py:186} INFO - Started process (PID=875) to work on /home/airflow/.local/lib/python3.12/site-packages/airflow/example_dags/example_complex.py
[2024-12-13T17:36:36.329+0000] {processor.py:914} INFO - Processing file /home/airflow/.local/lib/python3.12/site-packages/airflow/example_dags/example_complex.py for tasks to queue
[2024-12-13T17:36:36.331+0000] {logging_mixin.py:190} INFO - [2024-12-13T17:36:36.331+0000] {dagbag.py:588} INFO - Filling up the DagBag from /home/airflow/.local/lib/python3.12/site-packages/airflow/example_dags/example_complex.py
[2024-12-13T17:36:36.346+0000] {processor.py:925} INFO - DAG(s) 'example_complex' retrieved from /home/airflow/.local/lib/python3.12/site-packages/airflow/example_dags/example_complex.py
[2024-12-13T17:36:36.386+0000] {logging_mixin.py:190} INFO - [2024-12-13T17:36:36.385+0000] {dag.py:3239} INFO - Sync 1 DAGs
[2024-12-13T17:36:36.400+0000] {logging_mixin.py:190} INFO - [2024-12-13T17:36:36.400+0000] {dag.py:4180} INFO - Setting next_dagrun for example_complex to None, run_after=None
[2024-12-13T17:36:36.420+0000] {processor.py:208} INFO - Processing /home/airflow/.local/lib/python3.12/site-packages/airflow/example_dags/example_complex.py took 0.102 seconds
[2024-12-13T17:37:06.768+0000] {processor.py:186} INFO - Started process (PID=950) to work on /home/airflow/.local/lib/python3.12/site-packages/airflow/example_dags/example_complex.py
[2024-12-13T17:37:06.769+0000] {processor.py:914} INFO - Processing file /home/airflow/.local/lib/python3.12/site-packages/airflow/example_dags/example_complex.py for tasks to queue
[2024-12-13T17:37:06.771+0000] {logging_mixin.py:190} INFO - [2024-12-13T17:37:06.771+0000] {dagbag.py:588} INFO - Filling up the DagBag from /home/airflow/.local/lib/python3.12/site-packages/airflow/example_dags/example_complex.py
[2024-12-13T17:37:06.782+0000] {processor.py:925} INFO - DAG(s) 'example_complex' retrieved from /home/airflow/.local/lib/python3.12/site-packages/airflow/example_dags/example_complex.py
[2024-12-13T17:37:06.813+0000] {logging_mixin.py:190} INFO - [2024-12-13T17:37:06.812+0000] {dag.py:3239} INFO - Sync 1 DAGs
[2024-12-13T17:37:06.826+0000] {logging_mixin.py:190} INFO - [2024-12-13T17:37:06.826+0000] {dag.py:4180} INFO - Setting next_dagrun for example_complex to None, run_after=None
[2024-12-13T17:37:06.841+0000] {processor.py:208} INFO - Processing /home/airflow/.local/lib/python3.12/site-packages/airflow/example_dags/example_complex.py took 0.082 seconds
