[2024-12-13T17:30:37.258+0000] {processor.py:186} INFO - Started process (PID=122) to work on /home/airflow/.local/lib/python3.12/site-packages/airflow/example_dags/example_skip_dag.py
[2024-12-13T17:30:37.259+0000] {processor.py:914} INFO - Processing file /home/airflow/.local/lib/python3.12/site-packages/airflow/example_dags/example_skip_dag.py for tasks to queue
[2024-12-13T17:30:37.262+0000] {logging_mixin.py:190} INFO - [2024-12-13T17:30:37.262+0000] {dagbag.py:588} INFO - Filling up the DagBag from /home/airflow/.local/lib/python3.12/site-packages/airflow/example_dags/example_skip_dag.py
[2024-12-13T17:30:37.271+0000] {processor.py:925} INFO - DAG(s) 'example_skip_dag' retrieved from /home/airflow/.local/lib/python3.12/site-packages/airflow/example_dags/example_skip_dag.py
[2024-12-13T17:30:37.292+0000] {logging_mixin.py:190} INFO - [2024-12-13T17:30:37.292+0000] {dag.py:3239} INFO - Sync 1 DAGs
[2024-12-13T17:30:37.315+0000] {logging_mixin.py:190} INFO - [2024-12-13T17:30:37.315+0000] {dag.py:4180} INFO - Setting next_dagrun for example_skip_dag to 2024-12-12 00:00:00+00:00, run_after=2024-12-13 00:00:00+00:00
[2024-12-13T17:30:37.333+0000] {processor.py:208} INFO - Processing /home/airflow/.local/lib/python3.12/site-packages/airflow/example_dags/example_skip_dag.py took 0.081 seconds
[2024-12-13T17:31:08.446+0000] {processor.py:186} INFO - Started process (PID=184) to work on /home/airflow/.local/lib/python3.12/site-packages/airflow/example_dags/example_skip_dag.py
[2024-12-13T17:31:08.447+0000] {processor.py:914} INFO - Processing file /home/airflow/.local/lib/python3.12/site-packages/airflow/example_dags/example_skip_dag.py for tasks to queue
[2024-12-13T17:31:08.449+0000] {logging_mixin.py:190} INFO - [2024-12-13T17:31:08.449+0000] {dagbag.py:588} INFO - Filling up the DagBag from /home/airflow/.local/lib/python3.12/site-packages/airflow/example_dags/example_skip_dag.py
[2024-12-13T17:31:08.457+0000] {processor.py:925} INFO - DAG(s) 'example_skip_dag' retrieved from /home/airflow/.local/lib/python3.12/site-packages/airflow/example_dags/example_skip_dag.py
[2024-12-13T17:31:08.477+0000] {logging_mixin.py:190} INFO - [2024-12-13T17:31:08.477+0000] {dag.py:3239} INFO - Sync 1 DAGs
[2024-12-13T17:31:08.499+0000] {logging_mixin.py:190} INFO - [2024-12-13T17:31:08.499+0000] {dag.py:4180} INFO - Setting next_dagrun for example_skip_dag to 2024-12-12 00:00:00+00:00, run_after=2024-12-13 00:00:00+00:00
[2024-12-13T17:31:08.516+0000] {processor.py:208} INFO - Processing /home/airflow/.local/lib/python3.12/site-packages/airflow/example_dags/example_skip_dag.py took 0.076 seconds
[2024-12-13T17:31:39.746+0000] {processor.py:186} INFO - Started process (PID=247) to work on /home/airflow/.local/lib/python3.12/site-packages/airflow/example_dags/example_skip_dag.py
[2024-12-13T17:31:39.747+0000] {processor.py:914} INFO - Processing file /home/airflow/.local/lib/python3.12/site-packages/airflow/example_dags/example_skip_dag.py for tasks to queue
[2024-12-13T17:31:39.749+0000] {logging_mixin.py:190} INFO - [2024-12-13T17:31:39.748+0000] {dagbag.py:588} INFO - Filling up the DagBag from /home/airflow/.local/lib/python3.12/site-packages/airflow/example_dags/example_skip_dag.py
[2024-12-13T17:31:39.756+0000] {processor.py:925} INFO - DAG(s) 'example_skip_dag' retrieved from /home/airflow/.local/lib/python3.12/site-packages/airflow/example_dags/example_skip_dag.py
[2024-12-13T17:31:39.777+0000] {logging_mixin.py:190} INFO - [2024-12-13T17:31:39.776+0000] {dag.py:3239} INFO - Sync 1 DAGs
[2024-12-13T17:31:39.800+0000] {logging_mixin.py:190} INFO - [2024-12-13T17:31:39.799+0000] {dag.py:4180} INFO - Setting next_dagrun for example_skip_dag to 2024-12-12 00:00:00+00:00, run_after=2024-12-13 00:00:00+00:00
[2024-12-13T17:31:39.820+0000] {processor.py:208} INFO - Processing /home/airflow/.local/lib/python3.12/site-packages/airflow/example_dags/example_skip_dag.py took 0.080 seconds
[2024-12-13T17:32:11.124+0000] {processor.py:186} INFO - Started process (PID=310) to work on /home/airflow/.local/lib/python3.12/site-packages/airflow/example_dags/example_skip_dag.py
[2024-12-13T17:32:11.125+0000] {processor.py:914} INFO - Processing file /home/airflow/.local/lib/python3.12/site-packages/airflow/example_dags/example_skip_dag.py for tasks to queue
[2024-12-13T17:32:11.127+0000] {logging_mixin.py:190} INFO - [2024-12-13T17:32:11.127+0000] {dagbag.py:588} INFO - Filling up the DagBag from /home/airflow/.local/lib/python3.12/site-packages/airflow/example_dags/example_skip_dag.py
[2024-12-13T17:32:11.136+0000] {processor.py:925} INFO - DAG(s) 'example_skip_dag' retrieved from /home/airflow/.local/lib/python3.12/site-packages/airflow/example_dags/example_skip_dag.py
[2024-12-13T17:32:11.158+0000] {logging_mixin.py:190} INFO - [2024-12-13T17:32:11.158+0000] {dag.py:3239} INFO - Sync 1 DAGs
[2024-12-13T17:32:11.185+0000] {logging_mixin.py:190} INFO - [2024-12-13T17:32:11.184+0000] {dag.py:4180} INFO - Setting next_dagrun for example_skip_dag to 2024-12-12 00:00:00+00:00, run_after=2024-12-13 00:00:00+00:00
[2024-12-13T17:32:11.203+0000] {processor.py:208} INFO - Processing /home/airflow/.local/lib/python3.12/site-packages/airflow/example_dags/example_skip_dag.py took 0.085 seconds
[2024-12-13T17:32:42.115+0000] {processor.py:186} INFO - Started process (PID=373) to work on /home/airflow/.local/lib/python3.12/site-packages/airflow/example_dags/example_skip_dag.py
[2024-12-13T17:32:42.116+0000] {processor.py:914} INFO - Processing file /home/airflow/.local/lib/python3.12/site-packages/airflow/example_dags/example_skip_dag.py for tasks to queue
[2024-12-13T17:32:42.119+0000] {logging_mixin.py:190} INFO - [2024-12-13T17:32:42.118+0000] {dagbag.py:588} INFO - Filling up the DagBag from /home/airflow/.local/lib/python3.12/site-packages/airflow/example_dags/example_skip_dag.py
[2024-12-13T17:32:42.127+0000] {processor.py:925} INFO - DAG(s) 'example_skip_dag' retrieved from /home/airflow/.local/lib/python3.12/site-packages/airflow/example_dags/example_skip_dag.py
[2024-12-13T17:32:42.149+0000] {logging_mixin.py:190} INFO - [2024-12-13T17:32:42.149+0000] {dag.py:3239} INFO - Sync 1 DAGs
[2024-12-13T17:32:42.171+0000] {logging_mixin.py:190} INFO - [2024-12-13T17:32:42.171+0000] {dag.py:4180} INFO - Setting next_dagrun for example_skip_dag to 2024-12-12 00:00:00+00:00, run_after=2024-12-13 00:00:00+00:00
[2024-12-13T17:32:42.188+0000] {processor.py:208} INFO - Processing /home/airflow/.local/lib/python3.12/site-packages/airflow/example_dags/example_skip_dag.py took 0.078 seconds
[2024-12-13T17:33:13.296+0000] {processor.py:186} INFO - Started process (PID=436) to work on /home/airflow/.local/lib/python3.12/site-packages/airflow/example_dags/example_skip_dag.py
[2024-12-13T17:33:13.297+0000] {processor.py:914} INFO - Processing file /home/airflow/.local/lib/python3.12/site-packages/airflow/example_dags/example_skip_dag.py for tasks to queue
[2024-12-13T17:33:13.299+0000] {logging_mixin.py:190} INFO - [2024-12-13T17:33:13.299+0000] {dagbag.py:588} INFO - Filling up the DagBag from /home/airflow/.local/lib/python3.12/site-packages/airflow/example_dags/example_skip_dag.py
[2024-12-13T17:33:13.307+0000] {processor.py:925} INFO - DAG(s) 'example_skip_dag' retrieved from /home/airflow/.local/lib/python3.12/site-packages/airflow/example_dags/example_skip_dag.py
[2024-12-13T17:33:13.328+0000] {logging_mixin.py:190} INFO - [2024-12-13T17:33:13.328+0000] {dag.py:3239} INFO - Sync 1 DAGs
[2024-12-13T17:33:13.351+0000] {logging_mixin.py:190} INFO - [2024-12-13T17:33:13.350+0000] {dag.py:4180} INFO - Setting next_dagrun for example_skip_dag to 2024-12-12 00:00:00+00:00, run_after=2024-12-13 00:00:00+00:00
[2024-12-13T17:33:13.367+0000] {processor.py:208} INFO - Processing /home/airflow/.local/lib/python3.12/site-packages/airflow/example_dags/example_skip_dag.py took 0.077 seconds
[2024-12-13T17:33:43.820+0000] {processor.py:186} INFO - Started process (PID=499) to work on /home/airflow/.local/lib/python3.12/site-packages/airflow/example_dags/example_skip_dag.py
[2024-12-13T17:33:43.821+0000] {processor.py:914} INFO - Processing file /home/airflow/.local/lib/python3.12/site-packages/airflow/example_dags/example_skip_dag.py for tasks to queue
[2024-12-13T17:33:43.823+0000] {logging_mixin.py:190} INFO - [2024-12-13T17:33:43.823+0000] {dagbag.py:588} INFO - Filling up the DagBag from /home/airflow/.local/lib/python3.12/site-packages/airflow/example_dags/example_skip_dag.py
[2024-12-13T17:33:43.831+0000] {processor.py:925} INFO - DAG(s) 'example_skip_dag' retrieved from /home/airflow/.local/lib/python3.12/site-packages/airflow/example_dags/example_skip_dag.py
[2024-12-13T17:33:43.852+0000] {logging_mixin.py:190} INFO - [2024-12-13T17:33:43.852+0000] {dag.py:3239} INFO - Sync 1 DAGs
[2024-12-13T17:33:43.875+0000] {logging_mixin.py:190} INFO - [2024-12-13T17:33:43.875+0000] {dag.py:4180} INFO - Setting next_dagrun for example_skip_dag to 2024-12-12 00:00:00+00:00, run_after=2024-12-13 00:00:00+00:00
[2024-12-13T17:33:43.890+0000] {processor.py:208} INFO - Processing /home/airflow/.local/lib/python3.12/site-packages/airflow/example_dags/example_skip_dag.py took 0.076 seconds
[2024-12-13T17:34:14.789+0000] {processor.py:186} INFO - Started process (PID=562) to work on /home/airflow/.local/lib/python3.12/site-packages/airflow/example_dags/example_skip_dag.py
[2024-12-13T17:34:14.790+0000] {processor.py:914} INFO - Processing file /home/airflow/.local/lib/python3.12/site-packages/airflow/example_dags/example_skip_dag.py for tasks to queue
[2024-12-13T17:34:14.793+0000] {logging_mixin.py:190} INFO - [2024-12-13T17:34:14.792+0000] {dagbag.py:588} INFO - Filling up the DagBag from /home/airflow/.local/lib/python3.12/site-packages/airflow/example_dags/example_skip_dag.py
[2024-12-13T17:34:14.802+0000] {processor.py:925} INFO - DAG(s) 'example_skip_dag' retrieved from /home/airflow/.local/lib/python3.12/site-packages/airflow/example_dags/example_skip_dag.py
[2024-12-13T17:34:14.822+0000] {logging_mixin.py:190} INFO - [2024-12-13T17:34:14.822+0000] {dag.py:3239} INFO - Sync 1 DAGs
[2024-12-13T17:34:14.844+0000] {logging_mixin.py:190} INFO - [2024-12-13T17:34:14.843+0000] {dag.py:4180} INFO - Setting next_dagrun for example_skip_dag to 2024-12-12 00:00:00+00:00, run_after=2024-12-13 00:00:00+00:00
[2024-12-13T17:34:14.859+0000] {processor.py:208} INFO - Processing /home/airflow/.local/lib/python3.12/site-packages/airflow/example_dags/example_skip_dag.py took 0.080 seconds
[2024-12-13T17:34:46.019+0000] {processor.py:186} INFO - Started process (PID=639) to work on /home/airflow/.local/lib/python3.12/site-packages/airflow/example_dags/example_skip_dag.py
[2024-12-13T17:34:46.020+0000] {processor.py:914} INFO - Processing file /home/airflow/.local/lib/python3.12/site-packages/airflow/example_dags/example_skip_dag.py for tasks to queue
[2024-12-13T17:34:46.022+0000] {logging_mixin.py:190} INFO - [2024-12-13T17:34:46.022+0000] {dagbag.py:588} INFO - Filling up the DagBag from /home/airflow/.local/lib/python3.12/site-packages/airflow/example_dags/example_skip_dag.py
[2024-12-13T17:34:46.030+0000] {processor.py:925} INFO - DAG(s) 'example_skip_dag' retrieved from /home/airflow/.local/lib/python3.12/site-packages/airflow/example_dags/example_skip_dag.py
[2024-12-13T17:34:46.051+0000] {logging_mixin.py:190} INFO - [2024-12-13T17:34:46.050+0000] {dag.py:3239} INFO - Sync 1 DAGs
[2024-12-13T17:34:46.073+0000] {logging_mixin.py:190} INFO - [2024-12-13T17:34:46.073+0000] {dag.py:4180} INFO - Setting next_dagrun for example_skip_dag to 2024-12-12 00:00:00+00:00, run_after=2024-12-13 00:00:00+00:00
[2024-12-13T17:34:46.090+0000] {processor.py:208} INFO - Processing /home/airflow/.local/lib/python3.12/site-packages/airflow/example_dags/example_skip_dag.py took 0.077 seconds
[2024-12-13T17:35:17.405+0000] {processor.py:186} INFO - Started process (PID=721) to work on /home/airflow/.local/lib/python3.12/site-packages/airflow/example_dags/example_skip_dag.py
[2024-12-13T17:35:17.407+0000] {processor.py:914} INFO - Processing file /home/airflow/.local/lib/python3.12/site-packages/airflow/example_dags/example_skip_dag.py for tasks to queue
[2024-12-13T17:35:17.409+0000] {logging_mixin.py:190} INFO - [2024-12-13T17:35:17.409+0000] {dagbag.py:588} INFO - Filling up the DagBag from /home/airflow/.local/lib/python3.12/site-packages/airflow/example_dags/example_skip_dag.py
[2024-12-13T17:35:17.416+0000] {processor.py:925} INFO - DAG(s) 'example_skip_dag' retrieved from /home/airflow/.local/lib/python3.12/site-packages/airflow/example_dags/example_skip_dag.py
[2024-12-13T17:35:17.438+0000] {logging_mixin.py:190} INFO - [2024-12-13T17:35:17.438+0000] {dag.py:3239} INFO - Sync 1 DAGs
[2024-12-13T17:35:17.460+0000] {logging_mixin.py:190} INFO - [2024-12-13T17:35:17.460+0000] {dag.py:4180} INFO - Setting next_dagrun for example_skip_dag to 2024-12-12 00:00:00+00:00, run_after=2024-12-13 00:00:00+00:00
[2024-12-13T17:35:17.477+0000] {processor.py:208} INFO - Processing /home/airflow/.local/lib/python3.12/site-packages/airflow/example_dags/example_skip_dag.py took 0.080 seconds
[2024-12-13T17:35:49.016+0000] {processor.py:186} INFO - Started process (PID=785) to work on /home/airflow/.local/lib/python3.12/site-packages/airflow/example_dags/example_skip_dag.py
[2024-12-13T17:35:49.017+0000] {processor.py:914} INFO - Processing file /home/airflow/.local/lib/python3.12/site-packages/airflow/example_dags/example_skip_dag.py for tasks to queue
[2024-12-13T17:35:49.019+0000] {logging_mixin.py:190} INFO - [2024-12-13T17:35:49.019+0000] {dagbag.py:588} INFO - Filling up the DagBag from /home/airflow/.local/lib/python3.12/site-packages/airflow/example_dags/example_skip_dag.py
[2024-12-13T17:35:49.026+0000] {processor.py:925} INFO - DAG(s) 'example_skip_dag' retrieved from /home/airflow/.local/lib/python3.12/site-packages/airflow/example_dags/example_skip_dag.py
[2024-12-13T17:35:49.047+0000] {logging_mixin.py:190} INFO - [2024-12-13T17:35:49.047+0000] {dag.py:3239} INFO - Sync 1 DAGs
[2024-12-13T17:35:49.069+0000] {logging_mixin.py:190} INFO - [2024-12-13T17:35:49.069+0000] {dag.py:4180} INFO - Setting next_dagrun for example_skip_dag to 2024-12-12 00:00:00+00:00, run_after=2024-12-13 00:00:00+00:00
[2024-12-13T17:35:49.087+0000] {processor.py:208} INFO - Processing /home/airflow/.local/lib/python3.12/site-packages/airflow/example_dags/example_skip_dag.py took 0.081 seconds
[2024-12-13T17:36:20.449+0000] {processor.py:186} INFO - Started process (PID=849) to work on /home/airflow/.local/lib/python3.12/site-packages/airflow/example_dags/example_skip_dag.py
[2024-12-13T17:36:20.450+0000] {processor.py:914} INFO - Processing file /home/airflow/.local/lib/python3.12/site-packages/airflow/example_dags/example_skip_dag.py for tasks to queue
[2024-12-13T17:36:20.452+0000] {logging_mixin.py:190} INFO - [2024-12-13T17:36:20.451+0000] {dagbag.py:588} INFO - Filling up the DagBag from /home/airflow/.local/lib/python3.12/site-packages/airflow/example_dags/example_skip_dag.py
[2024-12-13T17:36:20.459+0000] {processor.py:925} INFO - DAG(s) 'example_skip_dag' retrieved from /home/airflow/.local/lib/python3.12/site-packages/airflow/example_dags/example_skip_dag.py
[2024-12-13T17:36:20.479+0000] {logging_mixin.py:190} INFO - [2024-12-13T17:36:20.479+0000] {dag.py:3239} INFO - Sync 1 DAGs
[2024-12-13T17:36:20.500+0000] {logging_mixin.py:190} INFO - [2024-12-13T17:36:20.500+0000] {dag.py:4180} INFO - Setting next_dagrun for example_skip_dag to 2024-12-12 00:00:00+00:00, run_after=2024-12-13 00:00:00+00:00
[2024-12-13T17:36:20.517+0000] {processor.py:208} INFO - Processing /home/airflow/.local/lib/python3.12/site-packages/airflow/example_dags/example_skip_dag.py took 0.078 seconds
[2024-12-13T17:36:51.189+0000] {processor.py:186} INFO - Started process (PID=923) to work on /home/airflow/.local/lib/python3.12/site-packages/airflow/example_dags/example_skip_dag.py
[2024-12-13T17:36:51.190+0000] {processor.py:914} INFO - Processing file /home/airflow/.local/lib/python3.12/site-packages/airflow/example_dags/example_skip_dag.py for tasks to queue
[2024-12-13T17:36:51.193+0000] {logging_mixin.py:190} INFO - [2024-12-13T17:36:51.192+0000] {dagbag.py:588} INFO - Filling up the DagBag from /home/airflow/.local/lib/python3.12/site-packages/airflow/example_dags/example_skip_dag.py
[2024-12-13T17:36:51.200+0000] {processor.py:925} INFO - DAG(s) 'example_skip_dag' retrieved from /home/airflow/.local/lib/python3.12/site-packages/airflow/example_dags/example_skip_dag.py
[2024-12-13T17:36:51.220+0000] {logging_mixin.py:190} INFO - [2024-12-13T17:36:51.220+0000] {dag.py:3239} INFO - Sync 1 DAGs
[2024-12-13T17:36:51.242+0000] {logging_mixin.py:190} INFO - [2024-12-13T17:36:51.242+0000] {dag.py:4180} INFO - Setting next_dagrun for example_skip_dag to 2024-12-12 00:00:00+00:00, run_after=2024-12-13 00:00:00+00:00
[2024-12-13T17:36:51.262+0000] {processor.py:208} INFO - Processing /home/airflow/.local/lib/python3.12/site-packages/airflow/example_dags/example_skip_dag.py took 0.081 seconds
[2024-12-13T17:37:22.240+0000] {processor.py:186} INFO - Started process (PID=998) to work on /home/airflow/.local/lib/python3.12/site-packages/airflow/example_dags/example_skip_dag.py
[2024-12-13T17:37:22.241+0000] {processor.py:914} INFO - Processing file /home/airflow/.local/lib/python3.12/site-packages/airflow/example_dags/example_skip_dag.py for tasks to queue
[2024-12-13T17:37:22.243+0000] {logging_mixin.py:190} INFO - [2024-12-13T17:37:22.242+0000] {dagbag.py:588} INFO - Filling up the DagBag from /home/airflow/.local/lib/python3.12/site-packages/airflow/example_dags/example_skip_dag.py
[2024-12-13T17:37:22.250+0000] {processor.py:925} INFO - DAG(s) 'example_skip_dag' retrieved from /home/airflow/.local/lib/python3.12/site-packages/airflow/example_dags/example_skip_dag.py
[2024-12-13T17:37:22.269+0000] {logging_mixin.py:190} INFO - [2024-12-13T17:37:22.269+0000] {dag.py:3239} INFO - Sync 1 DAGs
[2024-12-13T17:37:22.294+0000] {logging_mixin.py:190} INFO - [2024-12-13T17:37:22.294+0000] {dag.py:4180} INFO - Setting next_dagrun for example_skip_dag to 2024-12-12 00:00:00+00:00, run_after=2024-12-13 00:00:00+00:00
[2024-12-13T17:37:22.312+0000] {processor.py:208} INFO - Processing /home/airflow/.local/lib/python3.12/site-packages/airflow/example_dags/example_skip_dag.py took 0.082 seconds
