[2024-12-13T17:30:32.341+0000] {processor.py:186} INFO - Started process (PID=84) to work on /home/airflow/.local/lib/python3.12/site-packages/airflow/example_dags/example_branch_python_dop_operator_3.py
[2024-12-13T17:30:32.342+0000] {processor.py:914} INFO - Processing file /home/airflow/.local/lib/python3.12/site-packages/airflow/example_dags/example_branch_python_dop_operator_3.py for tasks to queue
[2024-12-13T17:30:32.344+0000] {logging_mixin.py:190} INFO - [2024-12-13T17:30:32.344+0000] {dagbag.py:588} INFO - Filling up the DagBag from /home/airflow/.local/lib/python3.12/site-packages/airflow/example_dags/example_branch_python_dop_operator_3.py
[2024-12-13T17:30:32.354+0000] {processor.py:925} INFO - DAG(s) 'example_branch_dop_operator_v3' retrieved from /home/airflow/.local/lib/python3.12/site-packages/airflow/example_dags/example_branch_python_dop_operator_3.py
[2024-12-13T17:30:32.382+0000] {logging_mixin.py:190} INFO - [2024-12-13T17:30:32.382+0000] {dag.py:3239} INFO - Sync 1 DAGs
[2024-12-13T17:30:32.405+0000] {logging_mixin.py:190} INFO - [2024-12-13T17:30:32.405+0000] {dag.py:4180} INFO - Setting next_dagrun for example_branch_dop_operator_v3 to 2024-12-13 17:29:00+00:00, run_after=2024-12-13 17:30:00+00:00
[2024-12-13T17:30:32.423+0000] {processor.py:208} INFO - Processing /home/airflow/.local/lib/python3.12/site-packages/airflow/example_dags/example_branch_python_dop_operator_3.py took 0.088 seconds
[2024-12-13T17:31:02.746+0000] {processor.py:186} INFO - Started process (PID=148) to work on /home/airflow/.local/lib/python3.12/site-packages/airflow/example_dags/example_branch_python_dop_operator_3.py
[2024-12-13T17:31:02.747+0000] {processor.py:914} INFO - Processing file /home/airflow/.local/lib/python3.12/site-packages/airflow/example_dags/example_branch_python_dop_operator_3.py for tasks to queue
[2024-12-13T17:31:02.750+0000] {logging_mixin.py:190} INFO - [2024-12-13T17:31:02.749+0000] {dagbag.py:588} INFO - Filling up the DagBag from /home/airflow/.local/lib/python3.12/site-packages/airflow/example_dags/example_branch_python_dop_operator_3.py
[2024-12-13T17:31:02.759+0000] {processor.py:925} INFO - DAG(s) 'example_branch_dop_operator_v3' retrieved from /home/airflow/.local/lib/python3.12/site-packages/airflow/example_dags/example_branch_python_dop_operator_3.py
[2024-12-13T17:31:02.777+0000] {logging_mixin.py:190} INFO - [2024-12-13T17:31:02.777+0000] {dag.py:3239} INFO - Sync 1 DAGs
[2024-12-13T17:31:02.800+0000] {logging_mixin.py:190} INFO - [2024-12-13T17:31:02.800+0000] {dag.py:4180} INFO - Setting next_dagrun for example_branch_dop_operator_v3 to 2024-12-13 17:30:00+00:00, run_after=2024-12-13 17:31:00+00:00
[2024-12-13T17:31:02.817+0000] {processor.py:208} INFO - Processing /home/airflow/.local/lib/python3.12/site-packages/airflow/example_dags/example_branch_python_dop_operator_3.py took 0.077 seconds
[2024-12-13T17:31:33.014+0000] {processor.py:186} INFO - Started process (PID=211) to work on /home/airflow/.local/lib/python3.12/site-packages/airflow/example_dags/example_branch_python_dop_operator_3.py
[2024-12-13T17:31:33.015+0000] {processor.py:914} INFO - Processing file /home/airflow/.local/lib/python3.12/site-packages/airflow/example_dags/example_branch_python_dop_operator_3.py for tasks to queue
[2024-12-13T17:31:33.017+0000] {logging_mixin.py:190} INFO - [2024-12-13T17:31:33.017+0000] {dagbag.py:588} INFO - Filling up the DagBag from /home/airflow/.local/lib/python3.12/site-packages/airflow/example_dags/example_branch_python_dop_operator_3.py
[2024-12-13T17:31:33.026+0000] {processor.py:925} INFO - DAG(s) 'example_branch_dop_operator_v3' retrieved from /home/airflow/.local/lib/python3.12/site-packages/airflow/example_dags/example_branch_python_dop_operator_3.py
[2024-12-13T17:31:33.045+0000] {logging_mixin.py:190} INFO - [2024-12-13T17:31:33.044+0000] {dag.py:3239} INFO - Sync 1 DAGs
[2024-12-13T17:31:33.069+0000] {logging_mixin.py:190} INFO - [2024-12-13T17:31:33.069+0000] {dag.py:4180} INFO - Setting next_dagrun for example_branch_dop_operator_v3 to 2024-12-13 17:30:00+00:00, run_after=2024-12-13 17:31:00+00:00
[2024-12-13T17:31:33.086+0000] {processor.py:208} INFO - Processing /home/airflow/.local/lib/python3.12/site-packages/airflow/example_dags/example_branch_python_dop_operator_3.py took 0.078 seconds
[2024-12-13T17:32:03.196+0000] {processor.py:186} INFO - Started process (PID=274) to work on /home/airflow/.local/lib/python3.12/site-packages/airflow/example_dags/example_branch_python_dop_operator_3.py
[2024-12-13T17:32:03.198+0000] {processor.py:914} INFO - Processing file /home/airflow/.local/lib/python3.12/site-packages/airflow/example_dags/example_branch_python_dop_operator_3.py for tasks to queue
[2024-12-13T17:32:03.200+0000] {logging_mixin.py:190} INFO - [2024-12-13T17:32:03.200+0000] {dagbag.py:588} INFO - Filling up the DagBag from /home/airflow/.local/lib/python3.12/site-packages/airflow/example_dags/example_branch_python_dop_operator_3.py
[2024-12-13T17:32:03.210+0000] {processor.py:925} INFO - DAG(s) 'example_branch_dop_operator_v3' retrieved from /home/airflow/.local/lib/python3.12/site-packages/airflow/example_dags/example_branch_python_dop_operator_3.py
[2024-12-13T17:32:03.227+0000] {logging_mixin.py:190} INFO - [2024-12-13T17:32:03.226+0000] {dag.py:3239} INFO - Sync 1 DAGs
[2024-12-13T17:32:03.255+0000] {logging_mixin.py:190} INFO - [2024-12-13T17:32:03.255+0000] {dag.py:4180} INFO - Setting next_dagrun for example_branch_dop_operator_v3 to 2024-12-13 17:31:00+00:00, run_after=2024-12-13 17:32:00+00:00
[2024-12-13T17:32:03.273+0000] {processor.py:208} INFO - Processing /home/airflow/.local/lib/python3.12/site-packages/airflow/example_dags/example_branch_python_dop_operator_3.py took 0.082 seconds
[2024-12-13T17:32:33.396+0000] {processor.py:186} INFO - Started process (PID=337) to work on /home/airflow/.local/lib/python3.12/site-packages/airflow/example_dags/example_branch_python_dop_operator_3.py
[2024-12-13T17:32:33.397+0000] {processor.py:914} INFO - Processing file /home/airflow/.local/lib/python3.12/site-packages/airflow/example_dags/example_branch_python_dop_operator_3.py for tasks to queue
[2024-12-13T17:32:33.399+0000] {logging_mixin.py:190} INFO - [2024-12-13T17:32:33.399+0000] {dagbag.py:588} INFO - Filling up the DagBag from /home/airflow/.local/lib/python3.12/site-packages/airflow/example_dags/example_branch_python_dop_operator_3.py
[2024-12-13T17:32:33.409+0000] {processor.py:925} INFO - DAG(s) 'example_branch_dop_operator_v3' retrieved from /home/airflow/.local/lib/python3.12/site-packages/airflow/example_dags/example_branch_python_dop_operator_3.py
[2024-12-13T17:32:33.426+0000] {logging_mixin.py:190} INFO - [2024-12-13T17:32:33.426+0000] {dag.py:3239} INFO - Sync 1 DAGs
[2024-12-13T17:32:33.449+0000] {logging_mixin.py:190} INFO - [2024-12-13T17:32:33.449+0000] {dag.py:4180} INFO - Setting next_dagrun for example_branch_dop_operator_v3 to 2024-12-13 17:31:00+00:00, run_after=2024-12-13 17:32:00+00:00
[2024-12-13T17:32:33.464+0000] {processor.py:208} INFO - Processing /home/airflow/.local/lib/python3.12/site-packages/airflow/example_dags/example_branch_python_dop_operator_3.py took 0.075 seconds
[2024-12-13T17:33:03.908+0000] {processor.py:186} INFO - Started process (PID=400) to work on /home/airflow/.local/lib/python3.12/site-packages/airflow/example_dags/example_branch_python_dop_operator_3.py
[2024-12-13T17:33:03.909+0000] {processor.py:914} INFO - Processing file /home/airflow/.local/lib/python3.12/site-packages/airflow/example_dags/example_branch_python_dop_operator_3.py for tasks to queue
[2024-12-13T17:33:03.911+0000] {logging_mixin.py:190} INFO - [2024-12-13T17:33:03.911+0000] {dagbag.py:588} INFO - Filling up the DagBag from /home/airflow/.local/lib/python3.12/site-packages/airflow/example_dags/example_branch_python_dop_operator_3.py
[2024-12-13T17:33:03.921+0000] {processor.py:925} INFO - DAG(s) 'example_branch_dop_operator_v3' retrieved from /home/airflow/.local/lib/python3.12/site-packages/airflow/example_dags/example_branch_python_dop_operator_3.py
[2024-12-13T17:33:03.938+0000] {logging_mixin.py:190} INFO - [2024-12-13T17:33:03.938+0000] {dag.py:3239} INFO - Sync 1 DAGs
[2024-12-13T17:33:03.962+0000] {logging_mixin.py:190} INFO - [2024-12-13T17:33:03.962+0000] {dag.py:4180} INFO - Setting next_dagrun for example_branch_dop_operator_v3 to 2024-12-13 17:32:00+00:00, run_after=2024-12-13 17:33:00+00:00
[2024-12-13T17:33:03.978+0000] {processor.py:208} INFO - Processing /home/airflow/.local/lib/python3.12/site-packages/airflow/example_dags/example_branch_python_dop_operator_3.py took 0.075 seconds
[2024-12-13T17:33:34.160+0000] {processor.py:186} INFO - Started process (PID=463) to work on /home/airflow/.local/lib/python3.12/site-packages/airflow/example_dags/example_branch_python_dop_operator_3.py
[2024-12-13T17:33:34.161+0000] {processor.py:914} INFO - Processing file /home/airflow/.local/lib/python3.12/site-packages/airflow/example_dags/example_branch_python_dop_operator_3.py for tasks to queue
[2024-12-13T17:33:34.163+0000] {logging_mixin.py:190} INFO - [2024-12-13T17:33:34.163+0000] {dagbag.py:588} INFO - Filling up the DagBag from /home/airflow/.local/lib/python3.12/site-packages/airflow/example_dags/example_branch_python_dop_operator_3.py
[2024-12-13T17:33:34.172+0000] {processor.py:925} INFO - DAG(s) 'example_branch_dop_operator_v3' retrieved from /home/airflow/.local/lib/python3.12/site-packages/airflow/example_dags/example_branch_python_dop_operator_3.py
[2024-12-13T17:33:34.190+0000] {logging_mixin.py:190} INFO - [2024-12-13T17:33:34.190+0000] {dag.py:3239} INFO - Sync 1 DAGs
[2024-12-13T17:33:34.215+0000] {logging_mixin.py:190} INFO - [2024-12-13T17:33:34.215+0000] {dag.py:4180} INFO - Setting next_dagrun for example_branch_dop_operator_v3 to 2024-12-13 17:32:00+00:00, run_after=2024-12-13 17:33:00+00:00
[2024-12-13T17:33:34.232+0000] {processor.py:208} INFO - Processing /home/airflow/.local/lib/python3.12/site-packages/airflow/example_dags/example_branch_python_dop_operator_3.py took 0.077 seconds
[2024-12-13T17:34:04.945+0000] {processor.py:186} INFO - Started process (PID=526) to work on /home/airflow/.local/lib/python3.12/site-packages/airflow/example_dags/example_branch_python_dop_operator_3.py
[2024-12-13T17:34:04.946+0000] {processor.py:914} INFO - Processing file /home/airflow/.local/lib/python3.12/site-packages/airflow/example_dags/example_branch_python_dop_operator_3.py for tasks to queue
[2024-12-13T17:34:04.949+0000] {logging_mixin.py:190} INFO - [2024-12-13T17:34:04.948+0000] {dagbag.py:588} INFO - Filling up the DagBag from /home/airflow/.local/lib/python3.12/site-packages/airflow/example_dags/example_branch_python_dop_operator_3.py
[2024-12-13T17:34:04.958+0000] {processor.py:925} INFO - DAG(s) 'example_branch_dop_operator_v3' retrieved from /home/airflow/.local/lib/python3.12/site-packages/airflow/example_dags/example_branch_python_dop_operator_3.py
[2024-12-13T17:34:04.976+0000] {logging_mixin.py:190} INFO - [2024-12-13T17:34:04.976+0000] {dag.py:3239} INFO - Sync 1 DAGs
[2024-12-13T17:34:05.001+0000] {logging_mixin.py:190} INFO - [2024-12-13T17:34:05.000+0000] {dag.py:4180} INFO - Setting next_dagrun for example_branch_dop_operator_v3 to 2024-12-13 17:33:00+00:00, run_after=2024-12-13 17:34:00+00:00
[2024-12-13T17:34:05.021+0000] {processor.py:208} INFO - Processing /home/airflow/.local/lib/python3.12/site-packages/airflow/example_dags/example_branch_python_dop_operator_3.py took 0.081 seconds
[2024-12-13T17:34:35.083+0000] {processor.py:186} INFO - Started process (PID=602) to work on /home/airflow/.local/lib/python3.12/site-packages/airflow/example_dags/example_branch_python_dop_operator_3.py
[2024-12-13T17:34:35.084+0000] {processor.py:914} INFO - Processing file /home/airflow/.local/lib/python3.12/site-packages/airflow/example_dags/example_branch_python_dop_operator_3.py for tasks to queue
[2024-12-13T17:34:35.086+0000] {logging_mixin.py:190} INFO - [2024-12-13T17:34:35.086+0000] {dagbag.py:588} INFO - Filling up the DagBag from /home/airflow/.local/lib/python3.12/site-packages/airflow/example_dags/example_branch_python_dop_operator_3.py
[2024-12-13T17:34:35.095+0000] {processor.py:925} INFO - DAG(s) 'example_branch_dop_operator_v3' retrieved from /home/airflow/.local/lib/python3.12/site-packages/airflow/example_dags/example_branch_python_dop_operator_3.py
[2024-12-13T17:34:35.112+0000] {logging_mixin.py:190} INFO - [2024-12-13T17:34:35.111+0000] {dag.py:3239} INFO - Sync 1 DAGs
[2024-12-13T17:34:35.134+0000] {logging_mixin.py:190} INFO - [2024-12-13T17:34:35.134+0000] {dag.py:4180} INFO - Setting next_dagrun for example_branch_dop_operator_v3 to 2024-12-13 17:33:00+00:00, run_after=2024-12-13 17:34:00+00:00
[2024-12-13T17:34:35.149+0000] {processor.py:208} INFO - Processing /home/airflow/.local/lib/python3.12/site-packages/airflow/example_dags/example_branch_python_dop_operator_3.py took 0.072 seconds
[2024-12-13T17:35:05.567+0000] {processor.py:186} INFO - Started process (PID=684) to work on /home/airflow/.local/lib/python3.12/site-packages/airflow/example_dags/example_branch_python_dop_operator_3.py
[2024-12-13T17:35:05.568+0000] {processor.py:914} INFO - Processing file /home/airflow/.local/lib/python3.12/site-packages/airflow/example_dags/example_branch_python_dop_operator_3.py for tasks to queue
[2024-12-13T17:35:05.570+0000] {logging_mixin.py:190} INFO - [2024-12-13T17:35:05.570+0000] {dagbag.py:588} INFO - Filling up the DagBag from /home/airflow/.local/lib/python3.12/site-packages/airflow/example_dags/example_branch_python_dop_operator_3.py
[2024-12-13T17:35:05.578+0000] {processor.py:925} INFO - DAG(s) 'example_branch_dop_operator_v3' retrieved from /home/airflow/.local/lib/python3.12/site-packages/airflow/example_dags/example_branch_python_dop_operator_3.py
[2024-12-13T17:35:05.595+0000] {logging_mixin.py:190} INFO - [2024-12-13T17:35:05.595+0000] {dag.py:3239} INFO - Sync 1 DAGs
[2024-12-13T17:35:05.619+0000] {logging_mixin.py:190} INFO - [2024-12-13T17:35:05.619+0000] {dag.py:4180} INFO - Setting next_dagrun for example_branch_dop_operator_v3 to 2024-12-13 17:34:00+00:00, run_after=2024-12-13 17:35:00+00:00
[2024-12-13T17:35:05.636+0000] {processor.py:208} INFO - Processing /home/airflow/.local/lib/python3.12/site-packages/airflow/example_dags/example_branch_python_dop_operator_3.py took 0.079 seconds
[2024-12-13T17:35:36.120+0000] {processor.py:186} INFO - Started process (PID=748) to work on /home/airflow/.local/lib/python3.12/site-packages/airflow/example_dags/example_branch_python_dop_operator_3.py
[2024-12-13T17:35:36.121+0000] {processor.py:914} INFO - Processing file /home/airflow/.local/lib/python3.12/site-packages/airflow/example_dags/example_branch_python_dop_operator_3.py for tasks to queue
[2024-12-13T17:35:36.123+0000] {logging_mixin.py:190} INFO - [2024-12-13T17:35:36.123+0000] {dagbag.py:588} INFO - Filling up the DagBag from /home/airflow/.local/lib/python3.12/site-packages/airflow/example_dags/example_branch_python_dop_operator_3.py
[2024-12-13T17:35:36.135+0000] {processor.py:925} INFO - DAG(s) 'example_branch_dop_operator_v3' retrieved from /home/airflow/.local/lib/python3.12/site-packages/airflow/example_dags/example_branch_python_dop_operator_3.py
[2024-12-13T17:35:36.155+0000] {logging_mixin.py:190} INFO - [2024-12-13T17:35:36.155+0000] {dag.py:3239} INFO - Sync 1 DAGs
[2024-12-13T17:35:36.184+0000] {logging_mixin.py:190} INFO - [2024-12-13T17:35:36.183+0000] {dag.py:4180} INFO - Setting next_dagrun for example_branch_dop_operator_v3 to 2024-12-13 17:34:00+00:00, run_after=2024-12-13 17:35:00+00:00
[2024-12-13T17:35:36.200+0000] {processor.py:208} INFO - Processing /home/airflow/.local/lib/python3.12/site-packages/airflow/example_dags/example_branch_python_dop_operator_3.py took 0.091 seconds
[2024-12-13T17:36:06.357+0000] {processor.py:186} INFO - Started process (PID=812) to work on /home/airflow/.local/lib/python3.12/site-packages/airflow/example_dags/example_branch_python_dop_operator_3.py
[2024-12-13T17:36:06.358+0000] {processor.py:914} INFO - Processing file /home/airflow/.local/lib/python3.12/site-packages/airflow/example_dags/example_branch_python_dop_operator_3.py for tasks to queue
[2024-12-13T17:36:06.361+0000] {logging_mixin.py:190} INFO - [2024-12-13T17:36:06.360+0000] {dagbag.py:588} INFO - Filling up the DagBag from /home/airflow/.local/lib/python3.12/site-packages/airflow/example_dags/example_branch_python_dop_operator_3.py
[2024-12-13T17:36:06.371+0000] {processor.py:925} INFO - DAG(s) 'example_branch_dop_operator_v3' retrieved from /home/airflow/.local/lib/python3.12/site-packages/airflow/example_dags/example_branch_python_dop_operator_3.py
[2024-12-13T17:36:06.389+0000] {logging_mixin.py:190} INFO - [2024-12-13T17:36:06.389+0000] {dag.py:3239} INFO - Sync 1 DAGs
[2024-12-13T17:36:06.413+0000] {logging_mixin.py:190} INFO - [2024-12-13T17:36:06.413+0000] {dag.py:4180} INFO - Setting next_dagrun for example_branch_dop_operator_v3 to 2024-12-13 17:35:00+00:00, run_after=2024-12-13 17:36:00+00:00
[2024-12-13T17:36:06.429+0000] {processor.py:208} INFO - Processing /home/airflow/.local/lib/python3.12/site-packages/airflow/example_dags/example_branch_python_dop_operator_3.py took 0.080 seconds
[2024-12-13T17:36:37.162+0000] {processor.py:186} INFO - Started process (PID=887) to work on /home/airflow/.local/lib/python3.12/site-packages/airflow/example_dags/example_branch_python_dop_operator_3.py
[2024-12-13T17:36:37.163+0000] {processor.py:914} INFO - Processing file /home/airflow/.local/lib/python3.12/site-packages/airflow/example_dags/example_branch_python_dop_operator_3.py for tasks to queue
[2024-12-13T17:36:37.166+0000] {logging_mixin.py:190} INFO - [2024-12-13T17:36:37.166+0000] {dagbag.py:588} INFO - Filling up the DagBag from /home/airflow/.local/lib/python3.12/site-packages/airflow/example_dags/example_branch_python_dop_operator_3.py
[2024-12-13T17:36:37.177+0000] {processor.py:925} INFO - DAG(s) 'example_branch_dop_operator_v3' retrieved from /home/airflow/.local/lib/python3.12/site-packages/airflow/example_dags/example_branch_python_dop_operator_3.py
[2024-12-13T17:36:37.196+0000] {logging_mixin.py:190} INFO - [2024-12-13T17:36:37.195+0000] {dag.py:3239} INFO - Sync 1 DAGs
[2024-12-13T17:36:37.220+0000] {logging_mixin.py:190} INFO - [2024-12-13T17:36:37.220+0000] {dag.py:4180} INFO - Setting next_dagrun for example_branch_dop_operator_v3 to 2024-12-13 17:35:00+00:00, run_after=2024-12-13 17:36:00+00:00
[2024-12-13T17:36:37.239+0000] {processor.py:208} INFO - Processing /home/airflow/.local/lib/python3.12/site-packages/airflow/example_dags/example_branch_python_dop_operator_3.py took 0.087 seconds
[2024-12-13T17:37:07.427+0000] {processor.py:186} INFO - Started process (PID=962) to work on /home/airflow/.local/lib/python3.12/site-packages/airflow/example_dags/example_branch_python_dop_operator_3.py
[2024-12-13T17:37:07.427+0000] {processor.py:914} INFO - Processing file /home/airflow/.local/lib/python3.12/site-packages/airflow/example_dags/example_branch_python_dop_operator_3.py for tasks to queue
[2024-12-13T17:37:07.430+0000] {logging_mixin.py:190} INFO - [2024-12-13T17:37:07.429+0000] {dagbag.py:588} INFO - Filling up the DagBag from /home/airflow/.local/lib/python3.12/site-packages/airflow/example_dags/example_branch_python_dop_operator_3.py
[2024-12-13T17:37:07.439+0000] {processor.py:925} INFO - DAG(s) 'example_branch_dop_operator_v3' retrieved from /home/airflow/.local/lib/python3.12/site-packages/airflow/example_dags/example_branch_python_dop_operator_3.py
[2024-12-13T17:37:07.457+0000] {logging_mixin.py:190} INFO - [2024-12-13T17:37:07.457+0000] {dag.py:3239} INFO - Sync 1 DAGs
[2024-12-13T17:37:07.480+0000] {logging_mixin.py:190} INFO - [2024-12-13T17:37:07.479+0000] {dag.py:4180} INFO - Setting next_dagrun for example_branch_dop_operator_v3 to 2024-12-13 17:36:00+00:00, run_after=2024-12-13 17:37:00+00:00
[2024-12-13T17:37:07.495+0000] {processor.py:208} INFO - Processing /home/airflow/.local/lib/python3.12/site-packages/airflow/example_dags/example_branch_python_dop_operator_3.py took 0.077 seconds
