[2024-12-13T17:30:31.312+0000] {processor.py:186} INFO - Started process (PID=71) to work on /home/airflow/.local/lib/python3.12/site-packages/airflow/example_dags/tutorial_dag.py
[2024-12-13T17:30:31.313+0000] {processor.py:914} INFO - Processing file /home/airflow/.local/lib/python3.12/site-packages/airflow/example_dags/tutorial_dag.py for tasks to queue
[2024-12-13T17:30:31.316+0000] {logging_mixin.py:190} INFO - [2024-12-13T17:30:31.316+0000] {dagbag.py:588} INFO - Filling up the DagBag from /home/airflow/.local/lib/python3.12/site-packages/airflow/example_dags/tutorial_dag.py
[2024-12-13T17:30:31.330+0000] {processor.py:925} INFO - DAG(s) 'tutorial_dag' retrieved from /home/airflow/.local/lib/python3.12/site-packages/airflow/example_dags/tutorial_dag.py
[2024-12-13T17:30:31.358+0000] {logging_mixin.py:190} INFO - [2024-12-13T17:30:31.357+0000] {dag.py:3239} INFO - Sync 1 DAGs
[2024-12-13T17:30:31.372+0000] {logging_mixin.py:190} INFO - [2024-12-13T17:30:31.372+0000] {dag.py:4180} INFO - Setting next_dagrun for tutorial_dag to None, run_after=None
[2024-12-13T17:30:31.389+0000] {processor.py:208} INFO - Processing /home/airflow/.local/lib/python3.12/site-packages/airflow/example_dags/tutorial_dag.py took 0.083 seconds
[2024-12-13T17:31:01.920+0000] {processor.py:186} INFO - Started process (PID=135) to work on /home/airflow/.local/lib/python3.12/site-packages/airflow/example_dags/tutorial_dag.py
[2024-12-13T17:31:01.921+0000] {processor.py:914} INFO - Processing file /home/airflow/.local/lib/python3.12/site-packages/airflow/example_dags/tutorial_dag.py for tasks to queue
[2024-12-13T17:31:01.923+0000] {logging_mixin.py:190} INFO - [2024-12-13T17:31:01.923+0000] {dagbag.py:588} INFO - Filling up the DagBag from /home/airflow/.local/lib/python3.12/site-packages/airflow/example_dags/tutorial_dag.py
[2024-12-13T17:31:01.930+0000] {processor.py:925} INFO - DAG(s) 'tutorial_dag' retrieved from /home/airflow/.local/lib/python3.12/site-packages/airflow/example_dags/tutorial_dag.py
[2024-12-13T17:31:01.947+0000] {logging_mixin.py:190} INFO - [2024-12-13T17:31:01.947+0000] {dag.py:3239} INFO - Sync 1 DAGs
[2024-12-13T17:31:01.961+0000] {logging_mixin.py:190} INFO - [2024-12-13T17:31:01.961+0000] {dag.py:4180} INFO - Setting next_dagrun for tutorial_dag to None, run_after=None
[2024-12-13T17:31:01.978+0000] {processor.py:208} INFO - Processing /home/airflow/.local/lib/python3.12/site-packages/airflow/example_dags/tutorial_dag.py took 0.064 seconds
[2024-12-13T17:31:32.176+0000] {processor.py:186} INFO - Started process (PID=198) to work on /home/airflow/.local/lib/python3.12/site-packages/airflow/example_dags/tutorial_dag.py
[2024-12-13T17:31:32.177+0000] {processor.py:914} INFO - Processing file /home/airflow/.local/lib/python3.12/site-packages/airflow/example_dags/tutorial_dag.py for tasks to queue
[2024-12-13T17:31:32.179+0000] {logging_mixin.py:190} INFO - [2024-12-13T17:31:32.179+0000] {dagbag.py:588} INFO - Filling up the DagBag from /home/airflow/.local/lib/python3.12/site-packages/airflow/example_dags/tutorial_dag.py
[2024-12-13T17:31:32.186+0000] {processor.py:925} INFO - DAG(s) 'tutorial_dag' retrieved from /home/airflow/.local/lib/python3.12/site-packages/airflow/example_dags/tutorial_dag.py
[2024-12-13T17:31:32.205+0000] {logging_mixin.py:190} INFO - [2024-12-13T17:31:32.205+0000] {dag.py:3239} INFO - Sync 1 DAGs
[2024-12-13T17:31:32.218+0000] {logging_mixin.py:190} INFO - [2024-12-13T17:31:32.218+0000] {dag.py:4180} INFO - Setting next_dagrun for tutorial_dag to None, run_after=None
[2024-12-13T17:31:32.236+0000] {processor.py:208} INFO - Processing /home/airflow/.local/lib/python3.12/site-packages/airflow/example_dags/tutorial_dag.py took 0.067 seconds
[2024-12-13T17:32:02.354+0000] {processor.py:186} INFO - Started process (PID=261) to work on /home/airflow/.local/lib/python3.12/site-packages/airflow/example_dags/tutorial_dag.py
[2024-12-13T17:32:02.355+0000] {processor.py:914} INFO - Processing file /home/airflow/.local/lib/python3.12/site-packages/airflow/example_dags/tutorial_dag.py for tasks to queue
[2024-12-13T17:32:02.357+0000] {logging_mixin.py:190} INFO - [2024-12-13T17:32:02.357+0000] {dagbag.py:588} INFO - Filling up the DagBag from /home/airflow/.local/lib/python3.12/site-packages/airflow/example_dags/tutorial_dag.py
[2024-12-13T17:32:02.364+0000] {processor.py:925} INFO - DAG(s) 'tutorial_dag' retrieved from /home/airflow/.local/lib/python3.12/site-packages/airflow/example_dags/tutorial_dag.py
[2024-12-13T17:32:02.382+0000] {logging_mixin.py:190} INFO - [2024-12-13T17:32:02.381+0000] {dag.py:3239} INFO - Sync 1 DAGs
[2024-12-13T17:32:02.395+0000] {logging_mixin.py:190} INFO - [2024-12-13T17:32:02.395+0000] {dag.py:4180} INFO - Setting next_dagrun for tutorial_dag to None, run_after=None
[2024-12-13T17:32:02.412+0000] {processor.py:208} INFO - Processing /home/airflow/.local/lib/python3.12/site-packages/airflow/example_dags/tutorial_dag.py took 0.064 seconds
[2024-12-13T17:32:32.589+0000] {processor.py:186} INFO - Started process (PID=324) to work on /home/airflow/.local/lib/python3.12/site-packages/airflow/example_dags/tutorial_dag.py
[2024-12-13T17:32:32.590+0000] {processor.py:914} INFO - Processing file /home/airflow/.local/lib/python3.12/site-packages/airflow/example_dags/tutorial_dag.py for tasks to queue
[2024-12-13T17:32:32.592+0000] {logging_mixin.py:190} INFO - [2024-12-13T17:32:32.592+0000] {dagbag.py:588} INFO - Filling up the DagBag from /home/airflow/.local/lib/python3.12/site-packages/airflow/example_dags/tutorial_dag.py
[2024-12-13T17:32:32.600+0000] {processor.py:925} INFO - DAG(s) 'tutorial_dag' retrieved from /home/airflow/.local/lib/python3.12/site-packages/airflow/example_dags/tutorial_dag.py
[2024-12-13T17:32:32.619+0000] {logging_mixin.py:190} INFO - [2024-12-13T17:32:32.619+0000] {dag.py:3239} INFO - Sync 1 DAGs
[2024-12-13T17:32:32.633+0000] {logging_mixin.py:190} INFO - [2024-12-13T17:32:32.633+0000] {dag.py:4180} INFO - Setting next_dagrun for tutorial_dag to None, run_after=None
[2024-12-13T17:32:32.649+0000] {processor.py:208} INFO - Processing /home/airflow/.local/lib/python3.12/site-packages/airflow/example_dags/tutorial_dag.py took 0.066 seconds
[2024-12-13T17:33:03.239+0000] {processor.py:186} INFO - Started process (PID=387) to work on /home/airflow/.local/lib/python3.12/site-packages/airflow/example_dags/tutorial_dag.py
[2024-12-13T17:33:03.240+0000] {processor.py:914} INFO - Processing file /home/airflow/.local/lib/python3.12/site-packages/airflow/example_dags/tutorial_dag.py for tasks to queue
[2024-12-13T17:33:03.242+0000] {logging_mixin.py:190} INFO - [2024-12-13T17:33:03.242+0000] {dagbag.py:588} INFO - Filling up the DagBag from /home/airflow/.local/lib/python3.12/site-packages/airflow/example_dags/tutorial_dag.py
[2024-12-13T17:33:03.250+0000] {processor.py:925} INFO - DAG(s) 'tutorial_dag' retrieved from /home/airflow/.local/lib/python3.12/site-packages/airflow/example_dags/tutorial_dag.py
[2024-12-13T17:33:03.267+0000] {logging_mixin.py:190} INFO - [2024-12-13T17:33:03.267+0000] {dag.py:3239} INFO - Sync 1 DAGs
[2024-12-13T17:33:03.280+0000] {logging_mixin.py:190} INFO - [2024-12-13T17:33:03.279+0000] {dag.py:4180} INFO - Setting next_dagrun for tutorial_dag to None, run_after=None
[2024-12-13T17:33:03.295+0000] {processor.py:208} INFO - Processing /home/airflow/.local/lib/python3.12/site-packages/airflow/example_dags/tutorial_dag.py took 0.062 seconds
[2024-12-13T17:33:33.421+0000] {processor.py:186} INFO - Started process (PID=450) to work on /home/airflow/.local/lib/python3.12/site-packages/airflow/example_dags/tutorial_dag.py
[2024-12-13T17:33:33.422+0000] {processor.py:914} INFO - Processing file /home/airflow/.local/lib/python3.12/site-packages/airflow/example_dags/tutorial_dag.py for tasks to queue
[2024-12-13T17:33:33.425+0000] {logging_mixin.py:190} INFO - [2024-12-13T17:33:33.425+0000] {dagbag.py:588} INFO - Filling up the DagBag from /home/airflow/.local/lib/python3.12/site-packages/airflow/example_dags/tutorial_dag.py
[2024-12-13T17:33:33.432+0000] {processor.py:925} INFO - DAG(s) 'tutorial_dag' retrieved from /home/airflow/.local/lib/python3.12/site-packages/airflow/example_dags/tutorial_dag.py
[2024-12-13T17:33:33.450+0000] {logging_mixin.py:190} INFO - [2024-12-13T17:33:33.449+0000] {dag.py:3239} INFO - Sync 1 DAGs
[2024-12-13T17:33:33.462+0000] {logging_mixin.py:190} INFO - [2024-12-13T17:33:33.462+0000] {dag.py:4180} INFO - Setting next_dagrun for tutorial_dag to None, run_after=None
[2024-12-13T17:33:33.478+0000] {processor.py:208} INFO - Processing /home/airflow/.local/lib/python3.12/site-packages/airflow/example_dags/tutorial_dag.py took 0.063 seconds
[2024-12-13T17:34:04.112+0000] {processor.py:186} INFO - Started process (PID=513) to work on /home/airflow/.local/lib/python3.12/site-packages/airflow/example_dags/tutorial_dag.py
[2024-12-13T17:34:04.113+0000] {processor.py:914} INFO - Processing file /home/airflow/.local/lib/python3.12/site-packages/airflow/example_dags/tutorial_dag.py for tasks to queue
[2024-12-13T17:34:04.119+0000] {logging_mixin.py:190} INFO - [2024-12-13T17:34:04.118+0000] {dagbag.py:588} INFO - Filling up the DagBag from /home/airflow/.local/lib/python3.12/site-packages/airflow/example_dags/tutorial_dag.py
[2024-12-13T17:34:04.128+0000] {processor.py:925} INFO - DAG(s) 'tutorial_dag' retrieved from /home/airflow/.local/lib/python3.12/site-packages/airflow/example_dags/tutorial_dag.py
[2024-12-13T17:34:04.147+0000] {logging_mixin.py:190} INFO - [2024-12-13T17:34:04.147+0000] {dag.py:3239} INFO - Sync 1 DAGs
[2024-12-13T17:34:04.163+0000] {logging_mixin.py:190} INFO - [2024-12-13T17:34:04.163+0000] {dag.py:4180} INFO - Setting next_dagrun for tutorial_dag to None, run_after=None
[2024-12-13T17:34:04.179+0000] {processor.py:208} INFO - Processing /home/airflow/.local/lib/python3.12/site-packages/airflow/example_dags/tutorial_dag.py took 0.079 seconds
[2024-12-13T17:34:34.395+0000] {processor.py:186} INFO - Started process (PID=589) to work on /home/airflow/.local/lib/python3.12/site-packages/airflow/example_dags/tutorial_dag.py
[2024-12-13T17:34:34.396+0000] {processor.py:914} INFO - Processing file /home/airflow/.local/lib/python3.12/site-packages/airflow/example_dags/tutorial_dag.py for tasks to queue
[2024-12-13T17:34:34.399+0000] {logging_mixin.py:190} INFO - [2024-12-13T17:34:34.398+0000] {dagbag.py:588} INFO - Filling up the DagBag from /home/airflow/.local/lib/python3.12/site-packages/airflow/example_dags/tutorial_dag.py
[2024-12-13T17:34:34.405+0000] {processor.py:925} INFO - DAG(s) 'tutorial_dag' retrieved from /home/airflow/.local/lib/python3.12/site-packages/airflow/example_dags/tutorial_dag.py
[2024-12-13T17:34:34.422+0000] {logging_mixin.py:190} INFO - [2024-12-13T17:34:34.422+0000] {dag.py:3239} INFO - Sync 1 DAGs
[2024-12-13T17:34:34.435+0000] {logging_mixin.py:190} INFO - [2024-12-13T17:34:34.434+0000] {dag.py:4180} INFO - Setting next_dagrun for tutorial_dag to None, run_after=None
[2024-12-13T17:34:34.450+0000] {processor.py:208} INFO - Processing /home/airflow/.local/lib/python3.12/site-packages/airflow/example_dags/tutorial_dag.py took 0.060 seconds
[2024-12-13T17:35:04.751+0000] {processor.py:186} INFO - Started process (PID=671) to work on /home/airflow/.local/lib/python3.12/site-packages/airflow/example_dags/tutorial_dag.py
[2024-12-13T17:35:04.752+0000] {processor.py:914} INFO - Processing file /home/airflow/.local/lib/python3.12/site-packages/airflow/example_dags/tutorial_dag.py for tasks to queue
[2024-12-13T17:35:04.754+0000] {logging_mixin.py:190} INFO - [2024-12-13T17:35:04.754+0000] {dagbag.py:588} INFO - Filling up the DagBag from /home/airflow/.local/lib/python3.12/site-packages/airflow/example_dags/tutorial_dag.py
[2024-12-13T17:35:04.760+0000] {processor.py:925} INFO - DAG(s) 'tutorial_dag' retrieved from /home/airflow/.local/lib/python3.12/site-packages/airflow/example_dags/tutorial_dag.py
[2024-12-13T17:35:04.777+0000] {logging_mixin.py:190} INFO - [2024-12-13T17:35:04.776+0000] {dag.py:3239} INFO - Sync 1 DAGs
[2024-12-13T17:35:04.790+0000] {logging_mixin.py:190} INFO - [2024-12-13T17:35:04.790+0000] {dag.py:4180} INFO - Setting next_dagrun for tutorial_dag to None, run_after=None
[2024-12-13T17:35:04.806+0000] {processor.py:208} INFO - Processing /home/airflow/.local/lib/python3.12/site-packages/airflow/example_dags/tutorial_dag.py took 0.064 seconds
[2024-12-13T17:35:35.317+0000] {processor.py:186} INFO - Started process (PID=735) to work on /home/airflow/.local/lib/python3.12/site-packages/airflow/example_dags/tutorial_dag.py
[2024-12-13T17:35:35.318+0000] {processor.py:914} INFO - Processing file /home/airflow/.local/lib/python3.12/site-packages/airflow/example_dags/tutorial_dag.py for tasks to queue
[2024-12-13T17:35:35.321+0000] {logging_mixin.py:190} INFO - [2024-12-13T17:35:35.321+0000] {dagbag.py:588} INFO - Filling up the DagBag from /home/airflow/.local/lib/python3.12/site-packages/airflow/example_dags/tutorial_dag.py
[2024-12-13T17:35:35.328+0000] {processor.py:925} INFO - DAG(s) 'tutorial_dag' retrieved from /home/airflow/.local/lib/python3.12/site-packages/airflow/example_dags/tutorial_dag.py
[2024-12-13T17:35:35.347+0000] {logging_mixin.py:190} INFO - [2024-12-13T17:35:35.347+0000] {dag.py:3239} INFO - Sync 1 DAGs
[2024-12-13T17:35:35.363+0000] {logging_mixin.py:190} INFO - [2024-12-13T17:35:35.363+0000] {dag.py:4180} INFO - Setting next_dagrun for tutorial_dag to None, run_after=None
[2024-12-13T17:35:35.382+0000] {processor.py:208} INFO - Processing /home/airflow/.local/lib/python3.12/site-packages/airflow/example_dags/tutorial_dag.py took 0.076 seconds
[2024-12-13T17:36:05.696+0000] {processor.py:186} INFO - Started process (PID=799) to work on /home/airflow/.local/lib/python3.12/site-packages/airflow/example_dags/tutorial_dag.py
[2024-12-13T17:36:05.697+0000] {processor.py:914} INFO - Processing file /home/airflow/.local/lib/python3.12/site-packages/airflow/example_dags/tutorial_dag.py for tasks to queue
[2024-12-13T17:36:05.699+0000] {logging_mixin.py:190} INFO - [2024-12-13T17:36:05.699+0000] {dagbag.py:588} INFO - Filling up the DagBag from /home/airflow/.local/lib/python3.12/site-packages/airflow/example_dags/tutorial_dag.py
[2024-12-13T17:36:05.706+0000] {processor.py:925} INFO - DAG(s) 'tutorial_dag' retrieved from /home/airflow/.local/lib/python3.12/site-packages/airflow/example_dags/tutorial_dag.py
[2024-12-13T17:36:05.723+0000] {logging_mixin.py:190} INFO - [2024-12-13T17:36:05.723+0000] {dag.py:3239} INFO - Sync 1 DAGs
[2024-12-13T17:36:05.736+0000] {logging_mixin.py:190} INFO - [2024-12-13T17:36:05.735+0000] {dag.py:4180} INFO - Setting next_dagrun for tutorial_dag to None, run_after=None
[2024-12-13T17:36:05.751+0000] {processor.py:208} INFO - Processing /home/airflow/.local/lib/python3.12/site-packages/airflow/example_dags/tutorial_dag.py took 0.065 seconds
[2024-12-13T17:36:36.286+0000] {processor.py:186} INFO - Started process (PID=874) to work on /home/airflow/.local/lib/python3.12/site-packages/airflow/example_dags/tutorial_dag.py
[2024-12-13T17:36:36.287+0000] {processor.py:914} INFO - Processing file /home/airflow/.local/lib/python3.12/site-packages/airflow/example_dags/tutorial_dag.py for tasks to queue
[2024-12-13T17:36:36.290+0000] {logging_mixin.py:190} INFO - [2024-12-13T17:36:36.289+0000] {dagbag.py:588} INFO - Filling up the DagBag from /home/airflow/.local/lib/python3.12/site-packages/airflow/example_dags/tutorial_dag.py
[2024-12-13T17:36:36.299+0000] {processor.py:925} INFO - DAG(s) 'tutorial_dag' retrieved from /home/airflow/.local/lib/python3.12/site-packages/airflow/example_dags/tutorial_dag.py
[2024-12-13T17:36:36.320+0000] {logging_mixin.py:190} INFO - [2024-12-13T17:36:36.320+0000] {dag.py:3239} INFO - Sync 1 DAGs
[2024-12-13T17:36:36.339+0000] {logging_mixin.py:190} INFO - [2024-12-13T17:36:36.339+0000] {dag.py:4180} INFO - Setting next_dagrun for tutorial_dag to None, run_after=None
[2024-12-13T17:36:36.358+0000] {processor.py:208} INFO - Processing /home/airflow/.local/lib/python3.12/site-packages/airflow/example_dags/tutorial_dag.py took 0.084 seconds
[2024-12-13T17:37:06.748+0000] {processor.py:186} INFO - Started process (PID=949) to work on /home/airflow/.local/lib/python3.12/site-packages/airflow/example_dags/tutorial_dag.py
[2024-12-13T17:37:06.749+0000] {processor.py:914} INFO - Processing file /home/airflow/.local/lib/python3.12/site-packages/airflow/example_dags/tutorial_dag.py for tasks to queue
[2024-12-13T17:37:06.752+0000] {logging_mixin.py:190} INFO - [2024-12-13T17:37:06.751+0000] {dagbag.py:588} INFO - Filling up the DagBag from /home/airflow/.local/lib/python3.12/site-packages/airflow/example_dags/tutorial_dag.py
[2024-12-13T17:37:06.758+0000] {processor.py:925} INFO - DAG(s) 'tutorial_dag' retrieved from /home/airflow/.local/lib/python3.12/site-packages/airflow/example_dags/tutorial_dag.py
[2024-12-13T17:37:06.775+0000] {logging_mixin.py:190} INFO - [2024-12-13T17:37:06.775+0000] {dag.py:3239} INFO - Sync 1 DAGs
[2024-12-13T17:37:06.789+0000] {logging_mixin.py:190} INFO - [2024-12-13T17:37:06.789+0000] {dag.py:4180} INFO - Setting next_dagrun for tutorial_dag to None, run_after=None
[2024-12-13T17:37:06.805+0000] {processor.py:208} INFO - Processing /home/airflow/.local/lib/python3.12/site-packages/airflow/example_dags/tutorial_dag.py took 0.065 seconds
