[2024-12-10T14:01:07.935+0000] {local_task_job_runner.py:123} INFO - ::group::Pre task execution logs
[2024-12-10T14:01:07.951+0000] {taskinstance.py:2613} INFO - Dependencies all met for dep_context=non-requeueable deps ti=<TaskInstance: car_price_prediction.pipeline manual__2024-12-10T14:01:04.349921+00:00 [queued]>
[2024-12-10T14:01:07.958+0000] {taskinstance.py:2613} INFO - Dependencies all met for dep_context=requeueable deps ti=<TaskInstance: car_price_prediction.pipeline manual__2024-12-10T14:01:04.349921+00:00 [queued]>
[2024-12-10T14:01:07.959+0000] {taskinstance.py:2866} INFO - Starting attempt 1 of 2
[2024-12-10T14:01:07.973+0000] {taskinstance.py:2889} INFO - Executing <Task(PythonOperator): pipeline> on 2024-12-10 14:01:04.349921+00:00
[2024-12-10T14:01:07.980+0000] {warnings.py:112} WARNING - /home/***/.local/lib/python3.12/site-packages/***/task/task_runner/standard_task_runner.py:70: DeprecationWarning: This process (pid=78) is multi-threaded, use of fork() may lead to deadlocks in the child.
  pid = os.fork()

[2024-12-10T14:01:07.982+0000] {standard_task_runner.py:72} INFO - Started process 91 to run task
[2024-12-10T14:01:07.982+0000] {standard_task_runner.py:104} INFO - Running: ['***', 'tasks', 'run', 'car_price_prediction', 'pipeline', 'manual__2024-12-10T14:01:04.349921+00:00', '--job-id', '1888', '--raw', '--subdir', 'DAGS_FOLDER/hw_dag.py', '--cfg-path', '/tmp/tmpvxctys9j']
[2024-12-10T14:01:07.983+0000] {standard_task_runner.py:105} INFO - Job 1888: Subtask pipeline
[2024-12-10T14:01:08.028+0000] {task_command.py:467} INFO - Running <TaskInstance: car_price_prediction.pipeline manual__2024-12-10T14:01:04.349921+00:00 [running]> on host 4b38f6471eac
[2024-12-10T14:01:08.103+0000] {taskinstance.py:3132} INFO - Exporting env vars: AIRFLOW_CTX_DAG_OWNER='***' AIRFLOW_CTX_DAG_ID='car_price_prediction' AIRFLOW_CTX_TASK_ID='pipeline' AIRFLOW_CTX_EXECUTION_DATE='2024-12-10T14:01:04.349921+00:00' AIRFLOW_CTX_TRY_NUMBER='1' AIRFLOW_CTX_DAG_RUN_ID='manual__2024-12-10T14:01:04.349921+00:00'
[2024-12-10T14:01:08.104+0000] {logging_mixin.py:190} INFO - Task instance is in running state
[2024-12-10T14:01:08.105+0000] {logging_mixin.py:190} INFO -  Previous state of the Task instance: queued
[2024-12-10T14:01:08.105+0000] {logging_mixin.py:190} INFO - Current task name:pipeline state:running start_date:2024-12-10 14:01:07.952624+00:00
[2024-12-10T14:01:08.106+0000] {logging_mixin.py:190} INFO - Dag name:car_price_prediction and current dag run status:running
[2024-12-10T14:01:08.107+0000] {taskinstance.py:731} INFO - ::endgroup::
[2024-12-10T14:01:09.772+0000] {pipeline.py:116} INFO - model: LogisticRegression, acc_mean: 0.7591, acc_std: 0.0075
[2024-12-10T14:01:41.926+0000] {pipeline.py:116} INFO - model: RandomForestClassifier, acc_mean: 0.7780, acc_std: 0.0058
[2024-12-10T14:01:52.746+0000] {pipeline.py:116} INFO - model: SVC, acc_mean: 0.7871, acc_std: 0.0042
[2024-12-10T14:01:52.747+0000] {pipeline.py:121} INFO - best model: SVC, accuracy: 0.7871
[2024-12-10T14:01:56.891+0000] {pipeline.py:129} INFO - Model is saved as /opt/***/plugins/data/models/cars_pipe_202412101401.pkl
[2024-12-10T14:01:56.894+0000] {python.py:240} INFO - Done. Returned value was: None
[2024-12-10T14:01:56.905+0000] {taskinstance.py:340} INFO - ::group::Post task execution logs
[2024-12-10T14:01:56.906+0000] {taskinstance.py:352} INFO - Marking task as SUCCESS. dag_id=car_price_prediction, task_id=pipeline, run_id=manual__2024-12-10T14:01:04.349921+00:00, execution_date=20241210T140104, start_date=20241210T140107, end_date=20241210T140156
[2024-12-10T14:01:56.916+0000] {logging_mixin.py:190} INFO - Task instance in success state
[2024-12-10T14:01:56.917+0000] {logging_mixin.py:190} INFO -  Previous state of the Task instance: running
[2024-12-10T14:01:56.918+0000] {logging_mixin.py:190} INFO - Dag name:car_price_prediction queued_at:2024-12-10 14:01:04.368970+00:00
[2024-12-10T14:01:56.918+0000] {logging_mixin.py:190} INFO - Task hostname:4b38f6471eac operator:PythonOperator
[2024-12-10T14:01:56.954+0000] {local_task_job_runner.py:266} INFO - Task exited with return code 0
[2024-12-10T14:01:56.975+0000] {taskinstance.py:3895} INFO - 1 downstream tasks scheduled from follow-on schedule check
[2024-12-10T14:01:56.977+0000] {local_task_job_runner.py:245} INFO - ::endgroup::
